mode: atomic
fb_apu04/handlers/admin.go:20.33,22.2 1 16
fb_apu04/handlers/admin.go:34.59,35.54 1 4
fb_apu04/handlers/admin.go:35.54,38.36 2 5
fb_apu04/handlers/admin.go:38.36,41.4 2 2
fb_apu04/handlers/admin.go:44.3,45.92 2 3
fb_apu04/handlers/admin.go:45.92,48.4 2 1
fb_apu04/handlers/admin.go:50.3,50.26 1 2
fb_apu04/handlers/admin.go:50.26,53.4 2 1
fb_apu04/handlers/admin.go:55.3,56.10 2 1
fb_apu04/handlers/admin.go:56.10,59.4 2 1
fb_apu04/handlers/admin.go:60.3,66.44 5 0
fb_apu04/handlers/admin.go:66.44,75.4 3 0
fb_apu04/handlers/admin.go:78.3,78.27 1 0
fb_apu04/handlers/admin.go:78.27,81.4 2 0
fb_apu04/handlers/admin.go:82.3,82.32 1 0
fb_apu04/handlers/admin.go:82.32,83.31 1 0
fb_apu04/handlers/admin.go:83.31,86.5 2 0
fb_apu04/handlers/admin.go:90.3,92.32 3 0
fb_apu04/handlers/admin.go:92.32,95.4 2 0
fb_apu04/handlers/admin.go:98.3,98.22 1 0
fb_apu04/handlers/admin.go:98.22,107.29 3 0
fb_apu04/handlers/admin.go:107.29,115.5 3 0
fb_apu04/handlers/admin.go:119.3,119.32 1 0
fb_apu04/handlers/admin.go:119.32,120.19 1 0
fb_apu04/handlers/admin.go:120.19,124.19 2 0
fb_apu04/handlers/admin.go:124.19,125.22 1 0
fb_apu04/handlers/admin.go:125.22,127.50 2 0
fb_apu04/handlers/admin.go:127.50,129.88 2 0
fb_apu04/handlers/admin.go:129.88,131.9 1 0
fb_apu04/handlers/admin.go:134.6,134.18 1 0
fb_apu04/handlers/admin.go:136.5,136.10 1 0
fb_apu04/handlers/admin.go:141.3,143.26 3 0
fb_apu04/handlers/admin.go:143.26,145.23 1 0
fb_apu04/handlers/admin.go:145.23,147.28 2 0
fb_apu04/handlers/admin.go:147.28,149.6 1 0
fb_apu04/handlers/admin.go:150.5,151.71 2 0
fb_apu04/handlers/admin.go:151.71,154.6 2 0
fb_apu04/handlers/admin.go:155.5,155.13 1 0
fb_apu04/handlers/admin.go:157.4,158.27 2 0
fb_apu04/handlers/admin.go:158.27,160.5 1 0
fb_apu04/handlers/admin.go:161.4,162.85 2 0
fb_apu04/handlers/admin.go:162.85,164.5 1 0
fb_apu04/handlers/admin.go:166.4,169.45 2 0
fb_apu04/handlers/admin.go:169.45,171.5 1 0
fb_apu04/handlers/admin.go:175.3,176.17 2 0
fb_apu04/handlers/admin.go:176.17,179.4 2 0
fb_apu04/handlers/admin.go:180.3,183.26 3 0
fb_apu04/handlers/admin.go:183.26,186.23 3 0
fb_apu04/handlers/admin.go:186.23,189.28 2 0
fb_apu04/handlers/admin.go:189.28,191.6 1 0
fb_apu04/handlers/admin.go:192.10,194.28 2 0
fb_apu04/handlers/admin.go:194.28,196.6 1 0
fb_apu04/handlers/admin.go:197.5,197.39 1 0
fb_apu04/handlers/admin.go:199.4,200.18 2 0
fb_apu04/handlers/admin.go:200.18,209.5 3 0
fb_apu04/handlers/admin.go:210.4,211.33 2 0
fb_apu04/handlers/admin.go:214.3,214.37 1 0
fb_apu04/handlers/admin.go:214.37,217.4 2 0
fb_apu04/handlers/admin.go:220.3,238.5 4 0
fb_apu04/handlers/admin.go:243.55,244.54 1 1
fb_apu04/handlers/admin.go:244.54,245.34 1 1
fb_apu04/handlers/admin.go:245.34,248.4 2 1
fb_apu04/handlers/admin.go:251.3,252.10 2 0
fb_apu04/handlers/admin.go:252.10,255.4 2 0
fb_apu04/handlers/admin.go:256.3,265.17 5 0
fb_apu04/handlers/admin.go:265.17,268.18 3 0
fb_apu04/handlers/admin.go:268.18,272.5 3 0
fb_apu04/handlers/admin.go:276.3,277.17 2 0
fb_apu04/handlers/admin.go:277.17,280.18 3 0
fb_apu04/handlers/admin.go:280.18,284.5 3 0
fb_apu04/handlers/admin.go:288.3,289.17 2 0
fb_apu04/handlers/admin.go:289.17,292.18 3 0
fb_apu04/handlers/admin.go:292.18,296.5 3 0
fb_apu04/handlers/admin.go:299.3,306.5 4 0
fb_apu04/handlers/admin.go:312.56,313.54 1 1
fb_apu04/handlers/admin.go:313.54,316.36 2 1
fb_apu04/handlers/admin.go:316.36,319.4 2 1
fb_apu04/handlers/admin.go:322.3,323.10 2 0
fb_apu04/handlers/admin.go:323.10,326.4 2 0
fb_apu04/handlers/admin.go:327.3,333.67 5 0
fb_apu04/handlers/admin.go:333.67,344.4 2 0
fb_apu04/handlers/admin.go:349.3,349.22 1 0
fb_apu04/handlers/admin.go:349.22,353.4 2 0
fb_apu04/handlers/admin.go:356.3,359.93 2 0
fb_apu04/handlers/admin.go:359.93,363.4 2 0
fb_apu04/handlers/admin.go:364.3,364.45 1 0
fb_apu04/handlers/admin.go:364.45,368.4 2 0
fb_apu04/handlers/admin.go:371.3,371.40 1 0
fb_apu04/handlers/admin.go:371.40,384.4 3 0
fb_apu04/handlers/admin.go:388.3,389.15 2 0
fb_apu04/handlers/admin.go:389.15,396.4 3 0
fb_apu04/handlers/admin.go:399.3,404.17 3 0
fb_apu04/handlers/admin.go:404.17,419.4 3 0
fb_apu04/handlers/admin.go:422.3,425.17 3 0
fb_apu04/handlers/admin.go:425.17,440.4 3 0
fb_apu04/handlers/admin.go:441.3,454.33 3 0
fb_apu04/handlers/admin.go:454.33,455.39 1 0
fb_apu04/handlers/admin.go:455.39,470.5 3 0
fb_apu04/handlers/admin.go:473.3,473.37 1 0
fb_apu04/handlers/admin.go:473.37,488.4 3 0
fb_apu04/handlers/admin.go:491.3,515.5 5 0
fb_apu04/handlers/admin.go:520.39,521.108 1 0
fb_apu04/handlers/admin.go:521.108,522.71 1 0
fb_apu04/handlers/admin.go:522.71,524.4 1 0
fb_apu04/handlers/admin.go:524.9,526.4 1 0
fb_apu04/handlers/admin.go:543.53,544.54 1 2
fb_apu04/handlers/admin.go:544.54,546.62 2 2
fb_apu04/handlers/admin.go:546.62,549.4 2 1
fb_apu04/handlers/admin.go:551.3,551.66 1 1
fb_apu04/handlers/admin.go:551.66,554.4 2 1
fb_apu04/handlers/admin.go:557.3,558.17 2 0
fb_apu04/handlers/admin.go:558.17,561.4 2 0
fb_apu04/handlers/admin.go:564.3,564.21 1 0
fb_apu04/handlers/admin.go:564.21,566.4 1 0
fb_apu04/handlers/admin.go:569.3,577.17 4 0
fb_apu04/handlers/admin.go:577.17,581.4 3 0
fb_apu04/handlers/admin.go:583.3,583.30 1 0
fb_apu04/handlers/admin.go:583.30,586.18 2 0
fb_apu04/handlers/admin.go:586.18,588.5 1 0
fb_apu04/handlers/admin.go:591.4,591.27 1 0
fb_apu04/handlers/admin.go:591.27,593.19 2 0
fb_apu04/handlers/admin.go:593.19,595.6 1 0
fb_apu04/handlers/admin.go:597.9,601.18 3 0
fb_apu04/handlers/admin.go:601.18,605.22 4 0
fb_apu04/handlers/admin.go:605.22,607.6 1 0
fb_apu04/handlers/admin.go:611.3,612.101 2 0
fb_apu04/handlers/admin.go:634.52,635.54 1 0
fb_apu04/handlers/admin.go:635.54,649.17 2 0
fb_apu04/handlers/admin.go:649.17,653.4 3 0
fb_apu04/handlers/admin.go:654.3,657.19 3 0
fb_apu04/handlers/admin.go:657.19,662.47 2 0
fb_apu04/handlers/admin.go:662.47,664.13 2 0
fb_apu04/handlers/admin.go:666.4,666.28 1 0
fb_apu04/handlers/admin.go:669.3,669.19 1 0
fb_apu04/handlers/admin.go:669.19,671.4 1 0
fb_apu04/handlers/admin.go:673.3,674.35 2 0
fb_apu04/handlers/admin.go:687.54,688.54 1 4
fb_apu04/handlers/admin.go:688.54,690.43 2 4
fb_apu04/handlers/admin.go:690.43,693.4 2 2
fb_apu04/handlers/admin.go:695.3,696.62 2 2
fb_apu04/handlers/admin.go:696.62,699.4 2 1
fb_apu04/handlers/admin.go:702.3,702.64 1 1
fb_apu04/handlers/admin.go:702.64,703.24 1 0
fb_apu04/handlers/admin.go:703.24,706.5 2 0
fb_apu04/handlers/admin.go:707.4,708.18 2 0
fb_apu04/handlers/admin.go:708.18,711.5 2 0
fb_apu04/handlers/admin.go:715.3,715.21 1 1
fb_apu04/handlers/admin.go:715.21,717.18 2 1
fb_apu04/handlers/admin.go:717.18,720.5 2 0
fb_apu04/handlers/admin.go:723.3,723.21 1 0
fb_apu04/handlers/admin.go:723.21,727.18 3 0
fb_apu04/handlers/admin.go:727.18,730.5 2 0
fb_apu04/handlers/admin.go:731.9,731.32 1 0
fb_apu04/handlers/admin.go:731.32,735.18 3 0
fb_apu04/handlers/admin.go:735.18,738.5 2 0
fb_apu04/handlers/admin.go:741.4,741.37 1 0
fb_apu04/handlers/admin.go:741.37,743.5 1 0
fb_apu04/handlers/admin.go:744.4,747.18 3 0
fb_apu04/handlers/admin.go:747.18,750.5 2 0
fb_apu04/handlers/admin.go:753.3,754.87 2 0
fb_apu04/handlers/admin.go:767.55,768.54 1 3
fb_apu04/handlers/admin.go:768.54,769.34 1 3
fb_apu04/handlers/admin.go:769.34,772.4 2 1
fb_apu04/handlers/admin.go:774.3,775.62 2 2
fb_apu04/handlers/admin.go:775.62,778.4 2 1
fb_apu04/handlers/admin.go:780.3,780.50 1 1
fb_apu04/handlers/admin.go:780.50,783.4 2 1
fb_apu04/handlers/admin.go:785.3,786.17 2 0
fb_apu04/handlers/admin.go:786.17,789.4 2 0
fb_apu04/handlers/admin.go:790.3,797.17 3 0
fb_apu04/handlers/admin.go:797.17,799.4 1 0
fb_apu04/handlers/admin.go:802.3,803.17 2 0
fb_apu04/handlers/admin.go:803.17,807.4 3 0
fb_apu04/handlers/admin.go:810.3,810.26 1 0
fb_apu04/handlers/admin.go:810.26,815.4 1 0
fb_apu04/handlers/admin.go:815.9,817.4 1 0
fb_apu04/handlers/admin.go:818.3,818.17 1 0
fb_apu04/handlers/admin.go:818.17,822.4 3 0
fb_apu04/handlers/admin.go:824.3,824.37 1 0
fb_apu04/handlers/admin.go:824.37,827.4 2 0
fb_apu04/handlers/admin.go:829.3,832.90 3 0
fb_apu04/handlers/admin.go:837.53,838.54 1 2
fb_apu04/handlers/admin.go:838.54,840.43 2 2
fb_apu04/handlers/admin.go:840.43,843.4 2 2
fb_apu04/handlers/admin.go:845.3,846.17 2 0
fb_apu04/handlers/admin.go:846.17,849.4 2 0
fb_apu04/handlers/admin.go:851.3,852.87 2 0
fb_apu04/handlers/admin_reset_helpers.go:92.41,93.39 1 8
fb_apu04/handlers/admin_reset_helpers.go:93.39,94.13 1 30
fb_apu04/handlers/admin_reset_helpers.go:94.13,96.4 1 4
fb_apu04/handlers/admin_reset_helpers.go:98.2,98.14 1 4
fb_apu04/handlers/admin_reset_helpers.go:103.25,104.47 1 3
fb_apu04/handlers/admin_reset_helpers.go:104.47,106.3 1 0
fb_apu04/handlers/admin_reset_helpers.go:107.2,107.20 1 3
fb_apu04/handlers/admin_reset_helpers.go:111.71,115.2 3 0
fb_apu04/handlers/admin_reset_helpers.go:119.76,121.16 2 0
fb_apu04/handlers/admin_reset_helpers.go:121.16,123.3 1 0
fb_apu04/handlers/admin_reset_helpers.go:124.2,125.15 2 0
fb_apu04/handlers/admin_reset_helpers.go:125.15,127.3 1 0
fb_apu04/handlers/admin_reset_helpers.go:128.2,129.23 2 0
fb_apu04/handlers/admin_reset_helpers.go:129.23,131.3 1 0
fb_apu04/handlers/admin_reset_helpers.go:132.2,132.26 1 0
fb_apu04/handlers/admin_reset_helpers.go:132.26,133.18 1 0
fb_apu04/handlers/admin_reset_helpers.go:133.18,135.4 1 0
fb_apu04/handlers/admin_reset_helpers.go:137.2,137.29 1 0
fb_apu04/handlers/admin_reset_helpers.go:141.93,143.27 2 1
fb_apu04/handlers/admin_reset_helpers.go:143.27,146.85 2 0
fb_apu04/handlers/admin_reset_helpers.go:146.85,149.12 2 0
fb_apu04/handlers/admin_reset_helpers.go:151.3,151.16 1 0
fb_apu04/handlers/admin_reset_helpers.go:153.2,153.20 1 1
fb_apu04/handlers/admin_reset_helpers.go:158.76,160.15 2 5
fb_apu04/handlers/admin_reset_helpers.go:160.15,162.3 1 1
fb_apu04/handlers/admin_reset_helpers.go:163.2,164.16 2 4
fb_apu04/handlers/admin_reset_helpers.go:164.16,166.3 1 1
fb_apu04/handlers/admin_reset_helpers.go:167.2,169.16 3 3
fb_apu04/handlers/admin_reset_helpers.go:169.16,171.3 1 3
fb_apu04/handlers/admin_reset_helpers.go:172.2,175.18 4 3
fb_apu04/handlers/admin_reset_helpers.go:175.18,177.3 1 1
fb_apu04/handlers/admin_reset_helpers.go:179.2,180.48 2 2
fb_apu04/handlers/admin_reset_helpers.go:180.48,182.3 1 0
fb_apu04/handlers/admin_reset_helpers.go:183.2,194.27 4 2
fb_apu04/handlers/admin_reset_helpers.go:194.27,196.3 1 2
fb_apu04/handlers/admin_reset_helpers.go:198.2,203.34 5 2
fb_apu04/handlers/admin_reset_helpers.go:203.34,207.3 2 2
fb_apu04/handlers/admin_reset_helpers.go:209.2,210.16 2 0
fb_apu04/handlers/admin_reset_helpers.go:210.16,212.3 1 0
fb_apu04/handlers/admin_reset_helpers.go:213.2,213.20 1 0
fb_apu04/handlers/admin_reset_helpers.go:213.20,216.3 2 0
fb_apu04/handlers/admin_reset_helpers.go:217.2,217.21 1 0
fb_apu04/handlers/admin_reset_helpers.go:236.69,239.50 3 0
fb_apu04/handlers/admin_reset_helpers.go:239.50,241.3 1 0
fb_apu04/handlers/admin_reset_helpers.go:242.2,248.16 2 0
fb_apu04/handlers/admin_reset_helpers.go:248.16,250.3 1 0
fb_apu04/handlers/admin_reset_helpers.go:254.40,255.18 1 9
fb_apu04/handlers/admin_reset_helpers.go:255.18,257.3 1 1
fb_apu04/handlers/admin_reset_helpers.go:258.2,259.23 2 8
fb_apu04/handlers/admin_reset_helpers.go:259.23,264.3 3 11
fb_apu04/handlers/admin_reset_helpers.go:265.2,265.46 1 8
fb_apu04/handlers/admin_reset_helpers.go:269.57,270.42 1 2
fb_apu04/handlers/admin_reset_helpers.go:270.42,272.3 1 2
fb_apu04/handlers/admin_reset_helpers.go:273.2,275.14 3 0
fb_apu04/handlers/ai_query.go:29.47,30.37 1 18
fb_apu04/handlers/ai_query.go:30.37,31.29 1 104
fb_apu04/handlers/ai_query.go:31.29,33.4 1 14
fb_apu04/handlers/ai_query.go:35.2,35.12 1 4
fb_apu04/handlers/ai_query.go:55.89,59.26 4 127
fb_apu04/handlers/ai_query.go:59.26,60.23 1 1
fb_apu04/handlers/ai_query.go:60.23,62.4 1 1
fb_apu04/handlers/ai_query.go:64.2,64.32 1 127
fb_apu04/handlers/ai_query.go:69.50,70.54 1 3
fb_apu04/handlers/ai_query.go:70.54,73.34 2 3
fb_apu04/handlers/ai_query.go:73.34,76.4 2 1
fb_apu04/handlers/ai_query.go:78.3,79.10 2 2
fb_apu04/handlers/ai_query.go:79.10,82.4 2 1
fb_apu04/handlers/ai_query.go:83.3,86.17 3 1
fb_apu04/handlers/ai_query.go:86.17,89.4 2 0
fb_apu04/handlers/ai_query.go:91.3,92.103 2 0
fb_apu04/handlers/ai_query.go:92.103,95.4 2 0
fb_apu04/handlers/ai_query.go:97.3,98.30 2 0
fb_apu04/handlers/ai_query.go:98.30,101.4 2 0
fb_apu04/handlers/ai_query.go:104.3,106.17 3 0
fb_apu04/handlers/ai_query.go:106.17,109.4 2 0
fb_apu04/handlers/ai_query.go:112.3,113.17 2 0
fb_apu04/handlers/ai_query.go:113.17,119.4 3 0
fb_apu04/handlers/ai_query.go:122.3,122.59 1 0
fb_apu04/handlers/ai_query.go:122.59,126.4 3 0
fb_apu04/handlers/ai_query.go:130.3,133.46 2 0
fb_apu04/handlers/ai_query.go:133.46,139.4 2 0
fb_apu04/handlers/ai_query.go:142.3,142.60 1 0
fb_apu04/handlers/ai_query.go:142.60,144.4 1 0
fb_apu04/handlers/ai_query.go:147.3,148.17 2 0
fb_apu04/handlers/ai_query.go:148.17,152.4 3 0
fb_apu04/handlers/ai_query.go:153.3,158.19 4 0
fb_apu04/handlers/ai_query.go:158.19,161.24 3 0
fb_apu04/handlers/ai_query.go:161.24,163.5 1 0
fb_apu04/handlers/ai_query.go:164.4,164.45 1 0
fb_apu04/handlers/ai_query.go:164.45,165.13 1 0
fb_apu04/handlers/ai_query.go:167.4,168.29 2 0
fb_apu04/handlers/ai_query.go:168.29,171.38 1 0
fb_apu04/handlers/ai_query.go:171.38,173.6 1 0
fb_apu04/handlers/ai_query.go:173.11,175.6 1 0
fb_apu04/handlers/ai_query.go:177.4,177.40 1 0
fb_apu04/handlers/ai_query.go:180.3,180.24 1 0
fb_apu04/handlers/ai_query.go:180.24,182.4 1 0
fb_apu04/handlers/ai_query.go:184.3,191.5 1 0
fb_apu04/handlers/ai_reports.go:89.79,90.23 1 4
fb_apu04/handlers/ai_reports.go:90.23,92.3 1 2
fb_apu04/handlers/ai_reports.go:93.2,95.28 3 2
fb_apu04/handlers/ai_reports.go:95.28,98.3 2 4
fb_apu04/handlers/ai_reports.go:99.2,99.79 1 2
fb_apu04/handlers/ai_reports.go:104.106,112.40 3 0
fb_apu04/handlers/ai_reports.go:112.40,114.3 1 0
fb_apu04/handlers/ai_reports.go:117.2,129.16 4 0
fb_apu04/handlers/ai_reports.go:129.16,131.3 1 0
fb_apu04/handlers/ai_reports.go:132.2,134.18 2 0
fb_apu04/handlers/ai_reports.go:134.18,136.84 2 0
fb_apu04/handlers/ai_reports.go:136.84,138.4 1 0
fb_apu04/handlers/ai_reports.go:139.3,140.27 2 0
fb_apu04/handlers/ai_reports.go:140.27,143.4 2 0
fb_apu04/handlers/ai_reports.go:143.9,146.4 2 0
fb_apu04/handlers/ai_reports.go:148.2,150.27 3 0
fb_apu04/handlers/ai_reports.go:150.27,152.3 1 0
fb_apu04/handlers/ai_reports.go:155.2,178.16 10 0
fb_apu04/handlers/ai_reports.go:178.16,180.23 2 0
fb_apu04/handlers/ai_reports.go:180.23,183.62 3 0
fb_apu04/handlers/ai_reports.go:183.62,184.26 1 0
fb_apu04/handlers/ai_reports.go:184.26,187.6 2 0
fb_apu04/handlers/ai_reports.go:187.11,190.6 2 0
fb_apu04/handlers/ai_reports.go:194.2,196.35 3 0
fb_apu04/handlers/ai_reports.go:196.35,198.3 1 0
fb_apu04/handlers/ai_reports.go:199.2,220.16 6 0
fb_apu04/handlers/ai_reports.go:220.16,226.21 4 0
fb_apu04/handlers/ai_reports.go:226.21,232.4 4 0
fb_apu04/handlers/ai_reports.go:233.3,236.25 4 0
fb_apu04/handlers/ai_reports.go:236.25,239.68 3 0
fb_apu04/handlers/ai_reports.go:239.68,240.13 1 0
fb_apu04/handlers/ai_reports.go:242.4,244.23 3 0
fb_apu04/handlers/ai_reports.go:244.23,247.5 2 0
fb_apu04/handlers/ai_reports.go:247.10,250.5 2 0
fb_apu04/handlers/ai_reports.go:252.3,254.30 3 0
fb_apu04/handlers/ai_reports.go:254.30,256.4 1 0
fb_apu04/handlers/ai_reports.go:257.3,257.30 1 0
fb_apu04/handlers/ai_reports.go:257.30,259.4 1 0
fb_apu04/handlers/ai_reports.go:263.2,263.33 1 0
fb_apu04/handlers/ai_reports.go:263.33,268.3 4 0
fb_apu04/handlers/ai_reports.go:269.2,269.36 1 0
fb_apu04/handlers/ai_reports.go:269.36,271.3 1 0
fb_apu04/handlers/ai_reports.go:273.2,273.20 1 0
fb_apu04/handlers/ai_reports.go:276.48,279.21 2 8
fb_apu04/handlers/ai_reports.go:279.21,281.3 1 2
fb_apu04/handlers/ai_reports.go:282.2,286.15 5 6
fb_apu04/handlers/ai_reports.go:286.15,289.3 2 2
fb_apu04/handlers/ai_reports.go:290.2,290.46 1 6
fb_apu04/handlers/ai_reports.go:293.65,311.33 16 4
fb_apu04/handlers/ai_reports.go:311.33,317.45 6 4
fb_apu04/handlers/ai_reports.go:317.45,320.4 2 1
fb_apu04/handlers/ai_reports.go:323.2,323.36 1 4
fb_apu04/handlers/ai_reports.go:323.36,326.36 3 2
fb_apu04/handlers/ai_reports.go:326.36,328.4 1 1
fb_apu04/handlers/ai_reports.go:329.3,331.126 3 2
fb_apu04/handlers/ai_reports.go:334.2,334.31 1 4
fb_apu04/handlers/ai_reports.go:334.31,336.39 2 1
fb_apu04/handlers/ai_reports.go:336.39,338.4 1 2
fb_apu04/handlers/ai_reports.go:341.2,345.20 4 4
fb_apu04/handlers/ai_reports.go:394.62,397.54 2 2
fb_apu04/handlers/ai_reports.go:397.54,402.10 4 2
fb_apu04/handlers/ai_reports.go:402.10,405.4 2 1
fb_apu04/handlers/ai_reports.go:406.3,409.17 3 1
fb_apu04/handlers/ai_reports.go:409.17,412.4 2 0
fb_apu04/handlers/ai_reports.go:414.3,415.20 2 0
fb_apu04/handlers/ai_reports.go:415.20,419.4 2 0
fb_apu04/handlers/ai_reports.go:422.3,426.51 3 0
fb_apu04/handlers/ai_reports.go:426.51,427.45 1 0
fb_apu04/handlers/ai_reports.go:427.45,428.43 1 0
fb_apu04/handlers/ai_reports.go:428.43,430.6 1 0
fb_apu04/handlers/ai_reports.go:435.3,439.18 4 0
fb_apu04/handlers/ai_reports.go:439.18,447.4 1 0
fb_apu04/handlers/ai_reports.go:450.3,450.42 1 0
fb_apu04/handlers/ai_reports.go:450.42,452.18 2 0
fb_apu04/handlers/ai_reports.go:452.18,455.5 2 0
fb_apu04/handlers/ai_reports.go:457.4,465.10 3 0
fb_apu04/handlers/ai_reports.go:470.3,471.17 2 0
fb_apu04/handlers/ai_reports.go:471.17,474.4 2 0
fb_apu04/handlers/ai_reports.go:476.3,483.64 2 0
fb_apu04/handlers/ai_reports.go:483.64,487.4 3 0
fb_apu04/handlers/ai_reports.go:491.3,491.43 1 0
fb_apu04/handlers/ai_reports.go:491.43,492.38 1 0
fb_apu04/handlers/ai_reports.go:492.38,494.5 1 0
fb_apu04/handlers/ai_reports.go:495.4,495.14 1 0
fb_apu04/handlers/ai_reports.go:495.14,502.23 4 0
fb_apu04/handlers/ai_reports.go:502.23,504.6 1 0
fb_apu04/handlers/ai_reports.go:506.5,508.22 3 0
fb_apu04/handlers/ai_reports.go:508.22,510.22 2 0
fb_apu04/handlers/ai_reports.go:510.22,512.37 2 0
fb_apu04/handlers/ai_reports.go:512.37,514.8 1 0
fb_apu04/handlers/ai_reports.go:517.5,517.27 1 0
fb_apu04/handlers/ai_reports.go:517.27,520.6 2 0
fb_apu04/handlers/ai_reports.go:521.5,522.32 2 0
fb_apu04/handlers/ai_reports.go:522.32,524.6 1 0
fb_apu04/handlers/ai_reports.go:526.5,528.21 3 0
fb_apu04/handlers/ai_reports.go:528.21,528.39 1 0
fb_apu04/handlers/ai_reports.go:529.5,529.21 1 0
fb_apu04/handlers/ai_reports.go:529.21,529.38 1 0
fb_apu04/handlers/ai_reports.go:530.5,562.24 10 0
fb_apu04/handlers/ai_reports.go:562.24,564.6 1 0
fb_apu04/handlers/ai_reports.go:564.11,566.6 1 0
fb_apu04/handlers/ai_reports.go:571.3,571.49 1 0
fb_apu04/handlers/ai_reports.go:571.49,577.4 5 0
fb_apu04/handlers/ai_reports.go:579.3,582.17 3 0
fb_apu04/handlers/ai_reports.go:582.17,591.50 4 0
fb_apu04/handlers/ai_reports.go:591.50,595.5 3 0
fb_apu04/handlers/ai_reports.go:595.10,597.5 1 0
fb_apu04/handlers/ai_reports.go:598.4,600.10 3 0
fb_apu04/handlers/ai_reports.go:603.3,606.38 4 0
fb_apu04/handlers/ai_reports.go:611.53,630.2 3 2
fb_apu04/handlers/ai_reports.go:633.58,636.54 2 2
fb_apu04/handlers/ai_reports.go:636.54,641.10 4 2
fb_apu04/handlers/ai_reports.go:641.10,644.4 2 1
fb_apu04/handlers/ai_reports.go:645.3,648.17 3 1
fb_apu04/handlers/ai_reports.go:648.17,651.4 2 0
fb_apu04/handlers/ai_reports.go:654.3,655.90 2 0
fb_apu04/handlers/ai_reports.go:655.90,661.4 5 0
fb_apu04/handlers/ai_reports.go:662.3,673.34 4 0
fb_apu04/handlers/ai_reports.go:673.34,681.4 2 0
fb_apu04/handlers/ai_reports.go:683.3,684.17 2 0
fb_apu04/handlers/ai_reports.go:684.17,687.4 2 0
fb_apu04/handlers/ai_reports.go:690.3,690.49 1 0
fb_apu04/handlers/ai_reports.go:690.49,697.4 6 0
fb_apu04/handlers/ai_reports.go:699.3,701.17 3 0
fb_apu04/handlers/ai_reports.go:701.17,709.4 7 0
fb_apu04/handlers/ai_reports.go:712.3,715.21 4 0
fb_apu04/handlers/ai_reports.go:715.21,717.55 2 0
fb_apu04/handlers/ai_reports.go:717.55,719.5 1 0
fb_apu04/handlers/ai_reports.go:722.3,727.34 5 0
fb_apu04/handlers/ai_reports.go:732.55,747.31 12 4
fb_apu04/handlers/ai_reports.go:747.31,750.17 3 3
fb_apu04/handlers/ai_reports.go:750.17,752.4 1 1
fb_apu04/handlers/ai_reports.go:753.3,753.136 1 3
fb_apu04/handlers/ai_reports.go:756.2,757.20 2 4
fb_apu04/handlers/ai_reports.go:761.62,763.31 1 5
fb_apu04/handlers/ai_reports.go:763.31,765.28 2 3
fb_apu04/handlers/ai_reports.go:765.28,768.18 3 2
fb_apu04/handlers/ai_reports.go:768.18,771.5 2 1
fb_apu04/handlers/ai_reports.go:771.10,773.5 1 1
fb_apu04/handlers/ai_reports.go:774.4,778.5 1 2
fb_apu04/handlers/ai_reports.go:783.2,783.22 1 3
fb_apu04/handlers/ai_reports.go:783.22,789.3 1 1
fb_apu04/handlers/ai_reports.go:792.2,795.3 1 2
fb_apu04/handlers/ai_reports.go:798.38,800.16 1 44
fb_apu04/handlers/ai_reports.go:800.16,802.3 1 20
fb_apu04/handlers/ai_reports.go:803.2,804.14 2 24
fb_apu04/handlers/ai_reports.go:804.14,806.3 1 2
fb_apu04/handlers/ai_reports.go:807.2,813.38 5 24
fb_apu04/handlers/ai_reports.go:813.38,815.16 2 47
fb_apu04/handlers/ai_reports.go:815.16,817.4 1 22
fb_apu04/handlers/ai_reports.go:818.3,818.54 1 47
fb_apu04/handlers/ai_reports.go:820.2,821.14 2 24
fb_apu04/handlers/ai_reports.go:821.14,823.3 1 2
fb_apu04/handlers/ai_reports.go:824.2,824.15 1 22
fb_apu04/handlers/ai_reports.go:828.62,829.54 1 2
fb_apu04/handlers/ai_reports.go:829.54,834.10 4 2
fb_apu04/handlers/ai_reports.go:834.10,837.4 2 1
fb_apu04/handlers/ai_reports.go:838.3,841.17 3 1
fb_apu04/handlers/ai_reports.go:841.17,844.4 2 0
fb_apu04/handlers/ai_reports.go:846.3,852.17 2 0
fb_apu04/handlers/ai_reports.go:852.17,855.4 2 0
fb_apu04/handlers/ai_reports.go:856.3,859.19 3 0
fb_apu04/handlers/ai_reports.go:859.19,861.40 2 0
fb_apu04/handlers/ai_reports.go:861.40,863.5 1 0
fb_apu04/handlers/ai_reports.go:866.3,868.29 1 0
fb_apu04/handlers/ai_reports.go:868.29,868.51 1 0
fb_apu04/handlers/ai_reports.go:868.51,868.72 1 0
fb_apu04/handlers/ai_reports.go:868.74,868.83 1 0
fb_apu04/handlers/ai_reports.go:886.61,887.54 1 2
fb_apu04/handlers/ai_reports.go:887.54,892.10 4 2
fb_apu04/handlers/ai_reports.go:892.10,895.4 2 1
fb_apu04/handlers/ai_reports.go:896.3,899.17 3 1
fb_apu04/handlers/ai_reports.go:899.17,902.4 2 0
fb_apu04/handlers/ai_reports.go:904.3,911.17 2 0
fb_apu04/handlers/ai_reports.go:911.17,914.4 2 0
fb_apu04/handlers/ai_reports.go:915.3,918.19 3 0
fb_apu04/handlers/ai_reports.go:918.19,920.141 2 0
fb_apu04/handlers/ai_reports.go:920.141,923.5 2 0
fb_apu04/handlers/ai_reports.go:924.4,924.32 1 0
fb_apu04/handlers/ai_reports.go:927.3,930.5 1 0
fb_apu04/handlers/ai_reports.go:935.59,936.54 1 2
fb_apu04/handlers/ai_reports.go:936.54,941.10 4 2
fb_apu04/handlers/ai_reports.go:941.10,944.4 2 1
fb_apu04/handlers/ai_reports.go:945.3,948.17 3 1
fb_apu04/handlers/ai_reports.go:948.17,951.4 2 0
fb_apu04/handlers/ai_reports.go:954.3,956.39 3 0
fb_apu04/handlers/ai_reports.go:956.39,958.4 1 0
fb_apu04/handlers/ai_reports.go:959.3,959.21 1 0
fb_apu04/handlers/ai_reports.go:959.21,962.4 2 0
fb_apu04/handlers/ai_reports.go:965.3,971.27 3 0
fb_apu04/handlers/ai_reports.go:971.27,974.4 2 0
fb_apu04/handlers/ai_reports.go:975.3,975.17 1 0
fb_apu04/handlers/ai_reports.go:975.17,978.4 2 0
fb_apu04/handlers/ai_reports.go:980.3,980.36 1 0
fb_apu04/handlers/apuracao_painel.go:52.57,53.54 1 3
fb_apu04/handlers/apuracao_painel.go:53.54,56.33 2 3
fb_apu04/handlers/apuracao_painel.go:56.33,59.4 2 1
fb_apu04/handlers/apuracao_painel.go:61.3,62.10 2 2
fb_apu04/handlers/apuracao_painel.go:62.10,65.4 2 1
fb_apu04/handlers/apuracao_painel.go:66.3,69.17 3 1
fb_apu04/handlers/apuracao_painel.go:69.17,72.4 2 0
fb_apu04/handlers/apuracao_painel.go:75.3,84.17 2 0
fb_apu04/handlers/apuracao_painel.go:84.17,87.4 2 0
fb_apu04/handlers/apuracao_painel.go:88.3,91.19 3 0
fb_apu04/handlers/apuracao_painel.go:91.19,93.40 2 0
fb_apu04/handlers/apuracao_painel.go:93.40,95.5 1 0
fb_apu04/handlers/apuracao_painel.go:97.3,97.19 1 0
fb_apu04/handlers/apuracao_painel.go:97.19,99.4 1 0
fb_apu04/handlers/apuracao_painel.go:102.3,103.37 2 0
fb_apu04/handlers/apuracao_painel.go:103.37,105.4 1 0
fb_apu04/handlers/apuracao_painel.go:107.3,111.19 4 0
fb_apu04/handlers/apuracao_painel.go:111.19,116.4 3 0
fb_apu04/handlers/apuracao_painel.go:119.3,131.41 4 0
fb_apu04/handlers/apuracao_painel.go:131.41,134.4 2 0
fb_apu04/handlers/apuracao_painel.go:137.3,149.41 4 0
fb_apu04/handlers/apuracao_painel.go:149.41,152.4 2 0
fb_apu04/handlers/apuracao_painel.go:155.3,165.41 4 0
fb_apu04/handlers/apuracao_painel.go:165.41,168.4 2 0
fb_apu04/handlers/apuracao_painel.go:171.3,197.34 4 0
fb_apu04/handlers/auth.go:64.28,66.18 2 110
fb_apu04/handlers/auth.go:66.18,68.3 1 109
fb_apu04/handlers/auth.go:69.2,69.23 1 1
fb_apu04/handlers/auth.go:73.26,74.35 1 1
fb_apu04/handlers/auth.go:74.35,75.38 1 1
fb_apu04/handlers/auth.go:75.38,77.4 1 0
fb_apu04/handlers/auth.go:78.3,78.97 1 1
fb_apu04/handlers/auth.go:95.13,97.12 1 1
fb_apu04/handlers/auth.go:97.12,99.22 2 1
fb_apu04/handlers/auth.go:99.22,101.56 2 0
fb_apu04/handlers/auth.go:101.56,102.68 1 0
fb_apu04/handlers/auth.go:102.68,104.6 1 0
fb_apu04/handlers/auth.go:105.5,105.16 1 0
fb_apu04/handlers/auth.go:107.4,107.53 1 0
fb_apu04/handlers/auth.go:107.53,108.55 1 0
fb_apu04/handlers/auth.go:108.55,110.6 1 0
fb_apu04/handlers/auth.go:111.5,111.16 1 0
fb_apu04/handlers/auth.go:119.42,120.40 1 2
fb_apu04/handlers/auth.go:120.40,122.3 1 1
fb_apu04/handlers/auth.go:123.2,123.17 1 1
fb_apu04/handlers/auth.go:126.52,129.2 2 2
fb_apu04/handlers/auth.go:131.52,134.2 2 2
fb_apu04/handlers/auth.go:136.57,144.2 3 1
fb_apu04/handlers/auth.go:146.42,150.2 3 3
fb_apu04/handlers/auth.go:152.43,155.2 1 6
fb_apu04/handlers/auth.go:157.77,167.2 1 1
fb_apu04/handlers/auth.go:169.65,179.2 1 2
fb_apu04/handlers/auth.go:184.48,185.54 1 2
fb_apu04/handlers/auth.go:185.54,187.10 2 2
fb_apu04/handlers/auth.go:187.10,190.4 2 1
fb_apu04/handlers/auth.go:191.3,199.17 4 1
fb_apu04/handlers/auth.go:199.17,202.4 2 0
fb_apu04/handlers/auth.go:204.3,205.34 2 0
fb_apu04/handlers/auth.go:209.82,210.54 1 60
fb_apu04/handlers/auth.go:210.54,214.57 3 60
fb_apu04/handlers/auth.go:214.57,216.4 1 55
fb_apu04/handlers/auth.go:216.9,216.56 1 5
fb_apu04/handlers/auth.go:216.56,218.4 1 0
fb_apu04/handlers/auth.go:218.9,221.4 2 5
fb_apu04/handlers/auth.go:224.3,224.62 1 55
fb_apu04/handlers/auth.go:224.62,227.4 2 1
fb_apu04/handlers/auth.go:229.3,229.84 1 54
fb_apu04/handlers/auth.go:229.84,231.4 1 53
fb_apu04/handlers/auth.go:233.3,233.33 1 54
fb_apu04/handlers/auth.go:233.33,236.4 2 1
fb_apu04/handlers/auth.go:238.3,239.26 2 53
fb_apu04/handlers/auth.go:239.26,242.4 2 0
fb_apu04/handlers/auth.go:245.3,246.10 2 53
fb_apu04/handlers/auth.go:246.10,249.4 2 0
fb_apu04/handlers/auth.go:251.3,251.76 1 53
fb_apu04/handlers/auth.go:251.76,254.4 2 1
fb_apu04/handlers/auth.go:256.3,257.30 2 52
fb_apu04/handlers/auth.go:261.51,263.9 2 11
fb_apu04/handlers/auth.go:263.9,265.3 1 7
fb_apu04/handlers/auth.go:266.2,267.9 2 4
fb_apu04/handlers/auth.go:267.9,269.3 1 1
fb_apu04/handlers/auth.go:270.2,270.15 1 3
fb_apu04/handlers/auth.go:274.91,278.30 3 41
fb_apu04/handlers/auth.go:278.30,296.27 3 0
fb_apu04/handlers/auth.go:296.27,298.4 1 0
fb_apu04/handlers/auth.go:299.3,299.120 1 0
fb_apu04/handlers/auth.go:302.2,312.16 3 41
fb_apu04/handlers/auth.go:312.16,314.3 1 0
fb_apu04/handlers/auth.go:316.2,316.26 1 0
fb_apu04/handlers/auth.go:316.26,318.3 1 0
fb_apu04/handlers/auth.go:320.2,332.16 2 0
fb_apu04/handlers/auth.go:332.16,334.3 1 0
fb_apu04/handlers/auth.go:336.2,336.23 1 0
fb_apu04/handlers/auth.go:340.66,342.2 1 3
fb_apu04/handlers/auth.go:354.59,355.54 1 2
fb_apu04/handlers/auth.go:355.54,357.19 2 2
fb_apu04/handlers/auth.go:357.19,360.4 2 1
fb_apu04/handlers/auth.go:362.3,377.17 2 1
fb_apu04/handlers/auth.go:377.17,381.4 3 0
fb_apu04/handlers/auth.go:382.3,385.19 3 0
fb_apu04/handlers/auth.go:385.19,387.104 2 0
fb_apu04/handlers/auth.go:387.104,388.13 1 0
fb_apu04/handlers/auth.go:390.4,390.36 1 0
fb_apu04/handlers/auth.go:393.3,394.39 2 0
fb_apu04/handlers/auth.go:398.51,399.54 1 5
fb_apu04/handlers/auth.go:399.54,401.40 1 5
fb_apu04/handlers/auth.go:401.40,406.4 4 1
fb_apu04/handlers/auth.go:408.3,409.62 2 4
fb_apu04/handlers/auth.go:409.62,412.4 2 1
fb_apu04/handlers/auth.go:414.3,414.91 1 3
fb_apu04/handlers/auth.go:414.91,417.4 2 1
fb_apu04/handlers/auth.go:419.3,419.28 1 2
fb_apu04/handlers/auth.go:419.28,422.4 2 1
fb_apu04/handlers/auth.go:425.3,426.17 2 1
fb_apu04/handlers/auth.go:426.17,430.4 3 0
fb_apu04/handlers/auth.go:433.3,434.17 2 1
fb_apu04/handlers/auth.go:434.17,438.4 3 0
fb_apu04/handlers/auth.go:439.3,451.17 6 0
fb_apu04/handlers/auth.go:451.17,458.4 6 0
fb_apu04/handlers/auth.go:461.3,465.17 4 0
fb_apu04/handlers/auth.go:465.17,470.4 4 0
fb_apu04/handlers/auth.go:472.3,474.17 3 0
fb_apu04/handlers/auth.go:474.17,479.4 4 0
fb_apu04/handlers/auth.go:482.3,483.17 2 0
fb_apu04/handlers/auth.go:483.17,487.4 3 0
fb_apu04/handlers/auth.go:490.3,496.17 3 0
fb_apu04/handlers/auth.go:496.17,500.4 3 0
fb_apu04/handlers/auth.go:502.3,502.37 1 0
fb_apu04/handlers/auth.go:502.37,506.4 3 0
fb_apu04/handlers/auth.go:509.3,536.5 6 0
fb_apu04/handlers/auth.go:540.48,541.54 1 3
fb_apu04/handlers/auth.go:541.54,544.62 3 3
fb_apu04/handlers/auth.go:544.62,547.4 2 1
fb_apu04/handlers/auth.go:549.3,552.28 2 2
fb_apu04/handlers/auth.go:552.28,557.4 4 1
fb_apu04/handlers/auth.go:559.3,569.27 5 1
fb_apu04/handlers/auth.go:569.27,576.4 6 0
fb_apu04/handlers/auth.go:576.9,576.24 1 0
fb_apu04/handlers/auth.go:576.24,582.4 5 0
fb_apu04/handlers/auth.go:584.3,584.45 1 0
fb_apu04/handlers/auth.go:584.45,591.4 6 0
fb_apu04/handlers/auth.go:593.3,593.66 1 0
fb_apu04/handlers/auth.go:593.66,599.4 5 0
fb_apu04/handlers/auth.go:602.3,606.17 3 0
fb_apu04/handlers/auth.go:606.17,610.4 3 0
fb_apu04/handlers/auth.go:613.3,638.27 8 0
fb_apu04/handlers/auth.go:638.27,653.4 2 0
fb_apu04/handlers/auth.go:655.3,655.27 1 0
fb_apu04/handlers/auth.go:655.27,660.31 4 0
fb_apu04/handlers/auth.go:660.31,662.5 1 0
fb_apu04/handlers/auth.go:664.4,664.21 1 0
fb_apu04/handlers/auth.go:664.21,670.5 5 0
fb_apu04/handlers/auth.go:670.10,673.34 3 0
fb_apu04/handlers/auth.go:673.34,675.6 1 0
fb_apu04/handlers/auth.go:677.5,677.24 1 0
fb_apu04/handlers/auth.go:677.24,682.6 4 0
fb_apu04/handlers/auth.go:682.11,686.29 3 0
fb_apu04/handlers/auth.go:686.29,688.7 1 0
fb_apu04/handlers/auth.go:690.6,696.24 2 0
fb_apu04/handlers/auth.go:696.24,700.7 3 0
fb_apu04/handlers/auth.go:700.12,702.7 1 0
fb_apu04/handlers/auth.go:705.4,705.13 1 0
fb_apu04/handlers/auth.go:707.9,707.24 1 0
fb_apu04/handlers/auth.go:707.24,713.4 5 0
fb_apu04/handlers/auth.go:715.3,726.5 3 0
fb_apu04/handlers/auth.go:734.57,735.54 1 4
fb_apu04/handlers/auth.go:735.54,737.62 2 4
fb_apu04/handlers/auth.go:737.62,742.4 4 1
fb_apu04/handlers/auth.go:745.3,745.41 1 3
fb_apu04/handlers/auth.go:745.41,750.4 4 1
fb_apu04/handlers/auth.go:752.3,754.27 3 2
fb_apu04/handlers/auth.go:754.27,761.4 3 0
fb_apu04/handlers/auth.go:761.9,761.24 1 0
fb_apu04/handlers/auth.go:761.24,766.4 4 0
fb_apu04/handlers/auth.go:769.3,776.17 6 0
fb_apu04/handlers/auth.go:776.17,781.4 4 0
fb_apu04/handlers/auth.go:783.3,784.17 2 0
fb_apu04/handlers/auth.go:784.17,790.4 5 0
fb_apu04/handlers/auth.go:792.3,795.5 2 0
fb_apu04/handlers/auth.go:805.56,806.54 1 4
fb_apu04/handlers/auth.go:806.54,808.62 2 4
fb_apu04/handlers/auth.go:808.62,813.4 4 1
fb_apu04/handlers/auth.go:815.3,815.42 1 3
fb_apu04/handlers/auth.go:815.42,820.4 4 1
fb_apu04/handlers/auth.go:822.3,822.28 1 2
fb_apu04/handlers/auth.go:822.28,827.4 4 1
fb_apu04/handlers/auth.go:829.3,839.27 5 1
fb_apu04/handlers/auth.go:839.27,844.4 4 0
fb_apu04/handlers/auth.go:844.9,844.24 1 0
fb_apu04/handlers/auth.go:844.24,850.4 5 0
fb_apu04/handlers/auth.go:852.3,852.36 1 0
fb_apu04/handlers/auth.go:852.36,857.4 4 0
fb_apu04/handlers/auth.go:859.3,859.34 1 0
fb_apu04/handlers/auth.go:859.34,864.4 4 0
fb_apu04/handlers/auth.go:866.3,867.17 2 0
fb_apu04/handlers/auth.go:867.17,873.4 5 0
fb_apu04/handlers/auth.go:875.3,876.17 2 0
fb_apu04/handlers/auth.go:876.17,882.4 5 0
fb_apu04/handlers/auth.go:883.3,886.17 3 0
fb_apu04/handlers/auth.go:886.17,892.4 5 0
fb_apu04/handlers/auth.go:894.3,895.17 2 0
fb_apu04/handlers/auth.go:895.17,897.4 1 0
fb_apu04/handlers/auth.go:899.3,899.37 1 0
fb_apu04/handlers/auth.go:899.37,905.4 5 0
fb_apu04/handlers/auth.go:907.3,912.5 3 0
fb_apu04/handlers/auth.go:917.57,918.54 1 4
fb_apu04/handlers/auth.go:918.54,922.10 3 4
fb_apu04/handlers/auth.go:922.10,926.4 3 1
fb_apu04/handlers/auth.go:927.3,933.62 3 3
fb_apu04/handlers/auth.go:933.62,937.4 3 1
fb_apu04/handlers/auth.go:939.3,939.31 1 2
fb_apu04/handlers/auth.go:939.31,943.4 3 1
fb_apu04/handlers/auth.go:945.3,947.17 3 1
fb_apu04/handlers/auth.go:947.17,951.4 3 0
fb_apu04/handlers/auth.go:953.3,953.52 1 0
fb_apu04/handlers/auth.go:953.52,957.4 3 0
fb_apu04/handlers/auth.go:959.3,960.17 2 0
fb_apu04/handlers/auth.go:960.17,964.4 3 0
fb_apu04/handlers/auth.go:966.3,967.17 2 0
fb_apu04/handlers/auth.go:967.17,971.4 3 0
fb_apu04/handlers/auth.go:973.3,974.88 2 0
fb_apu04/handlers/auth.go:979.50,980.54 1 2
fb_apu04/handlers/auth.go:980.54,981.34 1 2
fb_apu04/handlers/auth.go:981.34,984.4 2 1
fb_apu04/handlers/auth.go:986.3,987.17 2 1
fb_apu04/handlers/auth.go:987.17,990.4 2 1
fb_apu04/handlers/auth.go:992.3,993.10 2 0
fb_apu04/handlers/auth.go:993.10,996.4 2 0
fb_apu04/handlers/auth.go:998.3,999.39 2 0
fb_apu04/handlers/auth.go:999.39,1004.4 4 0
fb_apu04/handlers/auth.go:1007.3,1018.17 6 0
fb_apu04/handlers/auth.go:1018.17,1021.4 2 0
fb_apu04/handlers/auth.go:1023.3,1024.69 2 0
fb_apu04/handlers/auth.go:1029.49,1030.54 1 2
fb_apu04/handlers/auth.go:1030.54,1031.34 1 2
fb_apu04/handlers/auth.go:1031.34,1034.4 2 1
fb_apu04/handlers/auth.go:1037.3,1038.57 2 1
fb_apu04/handlers/auth.go:1038.57,1040.77 2 0
fb_apu04/handlers/auth.go:1040.77,1042.5 1 0
fb_apu04/handlers/auth.go:1043.4,1043.18 1 0
fb_apu04/handlers/auth.go:1043.18,1044.53 1 0
fb_apu04/handlers/auth.go:1044.53,1045.48 1 0
fb_apu04/handlers/auth.go:1045.48,1047.7 1 0
fb_apu04/handlers/auth.go:1053.3,1053.59 1 1
fb_apu04/handlers/auth.go:1053.59,1055.4 1 0
fb_apu04/handlers/auth.go:1057.3,1059.91 3 1
fb_apu04/handlers/cest_ncm_expand.go:47.31,51.35 4 16
fb_apu04/handlers/cest_ncm_expand.go:51.35,53.10 2 34
fb_apu04/handlers/cest_ncm_expand.go:53.10,55.4 1 1
fb_apu04/handlers/cest_ncm_expand.go:56.3,56.15 1 33
fb_apu04/handlers/cest_ncm_expand.go:56.15,58.4 1 2
fb_apu04/handlers/cest_ncm_expand.go:58.9,61.4 2 31
fb_apu04/handlers/cest_ncm_expand.go:63.2,63.14 1 15
fb_apu04/handlers/cest_ncm_expand.go:69.41,71.14 2 7
fb_apu04/handlers/cest_ncm_expand.go:71.14,73.3 1 1
fb_apu04/handlers/cest_ncm_expand.go:74.2,75.11 2 6
fb_apu04/handlers/cest_ncm_expand.go:75.11,77.3 1 1
fb_apu04/handlers/cest_ncm_expand.go:78.2,78.45 1 5
fb_apu04/handlers/cest_ncm_expand.go:78.45,80.3 1 1
fb_apu04/handlers/cest_ncm_expand.go:81.2,81.33 1 4
fb_apu04/handlers/cest_ncm_expand.go:88.124,94.16 2 0
fb_apu04/handlers/cest_ncm_expand.go:94.16,97.3 2 0
fb_apu04/handlers/cest_ncm_expand.go:98.2,101.18 3 0
fb_apu04/handlers/cest_ncm_expand.go:101.18,103.56 2 0
fb_apu04/handlers/cest_ncm_expand.go:103.56,104.12 1 0
fb_apu04/handlers/cest_ncm_expand.go:106.3,107.35 2 0
fb_apu04/handlers/cest_ncm_expand.go:107.35,108.12 1 0
fb_apu04/handlers/cest_ncm_expand.go:110.3,114.50 4 0
fb_apu04/handlers/cest_ncm_expand.go:114.50,118.4 3 0
fb_apu04/handlers/cest_ncm_expand.go:119.3,120.17 2 0
fb_apu04/handlers/cest_ncm_expand.go:120.17,122.4 1 0
fb_apu04/handlers/cest_ncm_expand.go:123.3,132.5 1 0
fb_apu04/handlers/cest_ncm_expand.go:134.2,134.12 1 0
fb_apu04/handlers/cest_ncm_expand.go:141.130,144.30 3 0
fb_apu04/handlers/cest_ncm_expand.go:144.30,147.44 2 0
fb_apu04/handlers/cest_ncm_expand.go:147.44,149.4 1 0
fb_apu04/handlers/cest_ncm_expand.go:150.3,150.45 1 0
fb_apu04/handlers/cest_ncm_expand.go:150.45,152.4 1 0
fb_apu04/handlers/cest_ncm_expand.go:153.3,154.16 2 0
fb_apu04/handlers/cest_ncm_expand.go:154.16,156.12 2 0
fb_apu04/handlers/cest_ncm_expand.go:158.3,159.23 2 0
fb_apu04/handlers/cest_ncm_expand.go:159.23,161.12 2 0
fb_apu04/handlers/cest_ncm_expand.go:163.3,164.129 2 0
fb_apu04/handlers/cest_ncm_expand.go:166.2,166.42 1 0
fb_apu04/handlers/cest_ncm_kb.go:27.37,29.2 1 2
fb_apu04/handlers/cest_ncm_kb.go:38.68,63.16 3 0
fb_apu04/handlers/cest_ncm_kb.go:63.16,65.3 1 0
fb_apu04/handlers/cest_ncm_kb.go:66.2,90.16 4 0
fb_apu04/handlers/cest_ncm_kb.go:90.16,92.3 1 0
fb_apu04/handlers/cest_ncm_kb.go:93.2,96.19 3 0
fb_apu04/handlers/cest_ncm_kb.go:108.52,109.54 1 0
fb_apu04/handlers/cest_ncm_kb.go:109.54,112.10 3 0
fb_apu04/handlers/cest_ncm_kb.go:112.10,115.4 2 0
fb_apu04/handlers/cest_ncm_kb.go:116.3,118.17 3 0
fb_apu04/handlers/cest_ncm_kb.go:118.17,121.4 2 0
fb_apu04/handlers/cest_ncm_kb.go:124.3,124.34 1 0
fb_apu04/handlers/cest_ncm_kb.go:124.34,126.18 2 0
fb_apu04/handlers/cest_ncm_kb.go:126.18,130.5 3 0
fb_apu04/handlers/cest_ncm_kb.go:131.4,132.10 2 0
fb_apu04/handlers/cest_ncm_kb.go:135.3,135.33 1 0
fb_apu04/handlers/cest_ncm_kb.go:135.33,138.4 2 0
fb_apu04/handlers/cest_ncm_kb.go:141.3,149.10 5 0
fb_apu04/handlers/cest_ncm_kb.go:150.19,152.29 2 0
fb_apu04/handlers/cest_ncm_kb.go:153.23,155.37 2 0
fb_apu04/handlers/cest_ncm_kb.go:157.3,160.17 3 0
fb_apu04/handlers/cest_ncm_kb.go:160.17,164.4 3 0
fb_apu04/handlers/cest_ncm_kb.go:165.3,168.19 3 0
fb_apu04/handlers/cest_ncm_kb.go:168.19,170.103 2 0
fb_apu04/handlers/cest_ncm_kb.go:170.103,171.13 1 0
fb_apu04/handlers/cest_ncm_kb.go:173.4,173.32 1 0
fb_apu04/handlers/cest_ncm_kb.go:175.3,178.5 1 0
fb_apu04/handlers/cfop.go:18.52,19.54 1 1
fb_apu04/handlers/cfop.go:19.54,24.17 4 0
fb_apu04/handlers/cfop.go:24.17,27.4 2 0
fb_apu04/handlers/cfop.go:28.3,31.19 3 0
fb_apu04/handlers/cfop.go:31.19,33.72 2 0
fb_apu04/handlers/cfop.go:33.72,36.5 2 0
fb_apu04/handlers/cfop.go:37.4,37.28 1 0
fb_apu04/handlers/cfop.go:40.3,40.19 1 0
fb_apu04/handlers/cfop.go:40.19,42.4 1 0
fb_apu04/handlers/cfop.go:44.3,44.35 1 0
fb_apu04/handlers/cfop.go:48.54,49.54 1 3
fb_apu04/handlers/cfop.go:49.54,52.28 2 3
fb_apu04/handlers/cfop.go:52.28,55.4 2 1
fb_apu04/handlers/cfop.go:57.3,57.25 1 2
fb_apu04/handlers/cfop.go:57.25,60.4 2 1
fb_apu04/handlers/cfop.go:62.3,63.17 2 1
fb_apu04/handlers/cfop.go:63.17,66.4 2 1
fb_apu04/handlers/cfop.go:67.3,74.36 4 0
fb_apu04/handlers/cfop.go:74.36,75.42 1 0
fb_apu04/handlers/cfop.go:75.42,77.5 1 0
fb_apu04/handlers/cfop.go:78.4,85.76 5 0
fb_apu04/handlers/cfop.go:85.76,86.43 1 0
fb_apu04/handlers/cfop.go:86.43,88.6 1 0
fb_apu04/handlers/cfop.go:89.5,92.10 4 0
fb_apu04/handlers/cfop.go:97.3,97.20 1 0
fb_apu04/handlers/cfop.go:97.20,98.42 1 0
fb_apu04/handlers/cfop.go:98.42,100.5 1 0
fb_apu04/handlers/cfop.go:101.4,103.28 3 0
fb_apu04/handlers/cfop.go:106.3,107.17 2 0
fb_apu04/handlers/cfop.go:107.17,110.4 2 0
fb_apu04/handlers/cfop.go:113.3,118.17 2 0
fb_apu04/handlers/cfop.go:118.17,122.4 3 0
fb_apu04/handlers/cfop.go:124.3,125.17 2 0
fb_apu04/handlers/cfop.go:125.17,129.4 3 0
fb_apu04/handlers/cfop.go:130.3,132.7 2 0
fb_apu04/handlers/cfop.go:132.7,134.21 2 0
fb_apu04/handlers/cfop.go:134.21,135.10 1 0
fb_apu04/handlers/cfop.go:137.4,137.18 1 0
fb_apu04/handlers/cfop.go:137.18,141.5 3 0
fb_apu04/handlers/cfop.go:143.4,143.23 1 0
fb_apu04/handlers/cfop.go:143.23,144.13 1 0
fb_apu04/handlers/cfop.go:148.4,148.44 1 0
fb_apu04/handlers/cfop.go:148.44,149.13 1 0
fb_apu04/handlers/cfop.go:152.4,162.24 7 0
fb_apu04/handlers/cfop.go:162.24,164.5 1 0
fb_apu04/handlers/cfop.go:167.4,167.21 1 0
fb_apu04/handlers/cfop.go:167.21,171.5 3 0
fb_apu04/handlers/cfop.go:173.4,174.18 2 0
fb_apu04/handlers/cfop.go:174.18,178.5 3 0
fb_apu04/handlers/cfop.go:181.3,181.37 1 0
fb_apu04/handlers/cfop.go:181.37,184.4 2 0
fb_apu04/handlers/cfop.go:186.3,187.79 2 0
fb_apu04/handlers/config.go:18.54,19.54 1 1
fb_apu04/handlers/config.go:19.54,30.17 5 0
fb_apu04/handlers/config.go:30.17,33.4 2 0
fb_apu04/handlers/config.go:34.3,37.19 3 0
fb_apu04/handlers/config.go:37.19,39.128 2 0
fb_apu04/handlers/config.go:39.128,42.5 2 0
fb_apu04/handlers/config.go:43.4,43.28 1 0
fb_apu04/handlers/config.go:46.3,46.35 1 0
fb_apu04/handlers/creditos_perdidos.go:93.59,94.54 1 2
fb_apu04/handlers/creditos_perdidos.go:94.54,97.33 2 2
fb_apu04/handlers/creditos_perdidos.go:97.33,100.4 2 1
fb_apu04/handlers/creditos_perdidos.go:102.3,103.10 2 1
fb_apu04/handlers/creditos_perdidos.go:103.10,106.4 2 1
fb_apu04/handlers/creditos_perdidos.go:107.3,110.17 3 0
fb_apu04/handlers/creditos_perdidos.go:110.17,113.4 2 0
fb_apu04/handlers/creditos_perdidos.go:116.3,121.17 3 0
fb_apu04/handlers/creditos_perdidos.go:121.17,124.4 2 0
fb_apu04/handlers/creditos_perdidos.go:126.3,159.17 5 0
fb_apu04/handlers/creditos_perdidos.go:159.17,163.4 3 0
fb_apu04/handlers/creditos_perdidos.go:164.3,170.19 5 0
fb_apu04/handlers/creditos_perdidos.go:170.19,172.90 2 0
fb_apu04/handlers/creditos_perdidos.go:172.90,173.13 1 0
fb_apu04/handlers/creditos_perdidos.go:175.4,180.33 6 0
fb_apu04/handlers/creditos_perdidos.go:183.3,183.25 1 0
fb_apu04/handlers/creditos_perdidos.go:183.25,185.4 1 0
fb_apu04/handlers/creditos_perdidos.go:187.3,188.24 2 0
fb_apu04/handlers/creditos_perdidos.go:188.24,190.4 1 0
fb_apu04/handlers/creditos_perdidos.go:191.3,217.17 5 0
fb_apu04/handlers/creditos_perdidos.go:217.17,220.4 1 0
fb_apu04/handlers/creditos_perdidos.go:222.3,225.25 3 0
fb_apu04/handlers/creditos_perdidos.go:225.25,227.27 2 0
fb_apu04/handlers/creditos_perdidos.go:227.27,229.85 2 0
fb_apu04/handlers/creditos_perdidos.go:229.85,230.14 1 0
fb_apu04/handlers/creditos_perdidos.go:232.5,238.31 7 0
fb_apu04/handlers/creditos_perdidos.go:241.3,241.29 1 0
fb_apu04/handlers/creditos_perdidos.go:241.29,243.4 1 0
fb_apu04/handlers/creditos_perdidos.go:245.3,272.17 5 0
fb_apu04/handlers/creditos_perdidos.go:272.17,274.4 1 0
fb_apu04/handlers/creditos_perdidos.go:276.3,280.21 4 0
fb_apu04/handlers/creditos_perdidos.go:280.21,282.23 2 0
fb_apu04/handlers/creditos_perdidos.go:282.23,284.93 2 0
fb_apu04/handlers/creditos_perdidos.go:284.93,285.14 1 0
fb_apu04/handlers/creditos_perdidos.go:287.5,292.34 6 0
fb_apu04/handlers/creditos_perdidos.go:295.3,295.27 1 0
fb_apu04/handlers/creditos_perdidos.go:295.27,297.4 1 0
fb_apu04/handlers/creditos_perdidos.go:299.3,300.27 2 0
fb_apu04/handlers/creditos_perdidos.go:300.27,302.4 1 0
fb_apu04/handlers/creditos_perdidos.go:303.3,322.34 5 0
fb_apu04/handlers/crypto.go:16.32,18.15 2 13
fb_apu04/handlers/crypto.go:18.15,19.38 1 13
fb_apu04/handlers/crypto.go:19.38,22.61 1 2
fb_apu04/handlers/crypto.go:22.61,25.5 1 1
fb_apu04/handlers/crypto.go:25.10,27.5 1 1
fb_apu04/handlers/crypto.go:28.9,30.4 1 11
fb_apu04/handlers/crypto.go:32.2,33.13 2 13
fb_apu04/handlers/crypto.go:37.30,38.74 1 3
fb_apu04/handlers/crypto.go:38.74,42.3 1 1
fb_apu04/handlers/crypto.go:47.53,50.16 3 5
fb_apu04/handlers/crypto.go:50.16,52.3 1 0
fb_apu04/handlers/crypto.go:53.2,54.16 2 5
fb_apu04/handlers/crypto.go:54.16,56.3 1 0
fb_apu04/handlers/crypto.go:57.2,58.59 2 5
fb_apu04/handlers/crypto.go:58.59,60.3 1 0
fb_apu04/handlers/crypto.go:61.2,62.59 2 5
fb_apu04/handlers/crypto.go:66.51,69.16 3 6
fb_apu04/handlers/crypto.go:69.16,71.3 1 2
fb_apu04/handlers/crypto.go:72.2,73.16 2 4
fb_apu04/handlers/crypto.go:73.16,75.3 1 0
fb_apu04/handlers/crypto.go:76.2,77.16 2 4
fb_apu04/handlers/crypto.go:77.16,79.3 1 0
fb_apu04/handlers/crypto.go:80.2,81.27 2 4
fb_apu04/handlers/crypto.go:81.27,83.3 1 1
fb_apu04/handlers/crypto.go:84.2,86.16 3 3
fb_apu04/handlers/crypto.go:86.16,88.3 1 1
fb_apu04/handlers/crypto.go:89.2,89.31 1 2
fb_apu04/handlers/crypto.go:94.54,96.16 2 2
fb_apu04/handlers/crypto.go:96.16,98.3 1 1
fb_apu04/handlers/crypto.go:99.2,99.18 1 1
fb_apu04/handlers/cte_entradas.go:158.49,169.42 6 10
fb_apu04/handlers/cte_entradas.go:169.42,171.3 1 3
fb_apu04/handlers/cte_entradas.go:172.2,172.19 1 7
fb_apu04/handlers/cte_entradas.go:176.44,179.19 2 3
fb_apu04/handlers/cte_entradas.go:179.19,181.3 1 1
fb_apu04/handlers/cte_entradas.go:183.2,184.51 2 2
fb_apu04/handlers/cte_entradas.go:184.51,186.3 1 1
fb_apu04/handlers/cte_entradas.go:187.2,187.11 1 1
fb_apu04/handlers/cte_entradas.go:191.58,192.89 1 7
fb_apu04/handlers/cte_entradas.go:192.89,193.35 1 21
fb_apu04/handlers/cte_entradas.go:193.35,195.4 1 6
fb_apu04/handlers/cte_entradas.go:197.2,197.13 1 1
fb_apu04/handlers/cte_entradas.go:203.85,204.23 1 0
fb_apu04/handlers/cte_entradas.go:204.23,206.3 1 0
fb_apu04/handlers/cte_entradas.go:207.2,212.16 3 0
fb_apu04/handlers/cte_entradas.go:212.16,215.3 2 0
fb_apu04/handlers/cte_entradas.go:216.2,216.33 1 0
fb_apu04/handlers/cte_entradas.go:216.33,218.23 2 0
fb_apu04/handlers/cte_entradas.go:218.23,219.12 1 0
fb_apu04/handlers/cte_entradas.go:221.3,225.28 1 0
fb_apu04/handlers/cte_entradas.go:283.60,284.54 1 3
fb_apu04/handlers/cte_entradas.go:284.54,288.37 3 3
fb_apu04/handlers/cte_entradas.go:288.37,291.4 2 1
fb_apu04/handlers/cte_entradas.go:293.3,293.34 1 2
fb_apu04/handlers/cte_entradas.go:293.34,296.4 2 1
fb_apu04/handlers/cte_entradas.go:298.3,299.10 2 1
fb_apu04/handlers/cte_entradas.go:299.10,302.4 2 1
fb_apu04/handlers/cte_entradas.go:303.3,306.17 3 0
fb_apu04/handlers/cte_entradas.go:306.17,309.4 2 0
fb_apu04/handlers/cte_entradas.go:311.3,311.57 1 0
fb_apu04/handlers/cte_entradas.go:311.57,314.4 2 0
fb_apu04/handlers/cte_entradas.go:316.3,317.22 2 0
fb_apu04/handlers/cte_entradas.go:317.22,320.4 2 0
fb_apu04/handlers/cte_entradas.go:322.3,324.28 2 0
fb_apu04/handlers/cte_entradas.go:324.28,328.18 3 0
fb_apu04/handlers/cte_entradas.go:328.18,330.13 2 0
fb_apu04/handlers/cte_entradas.go:333.4,335.18 3 0
fb_apu04/handlers/cte_entradas.go:335.18,337.13 2 0
fb_apu04/handlers/cte_entradas.go:340.4,341.18 2 0
fb_apu04/handlers/cte_entradas.go:341.18,343.13 2 0
fb_apu04/handlers/cte_entradas.go:346.4,350.19 3 0
fb_apu04/handlers/cte_entradas.go:350.19,352.13 2 0
fb_apu04/handlers/cte_entradas.go:356.4,357.24 2 0
fb_apu04/handlers/cte_entradas.go:357.24,359.13 2 0
fb_apu04/handlers/cte_entradas.go:363.4,364.18 2 0
fb_apu04/handlers/cte_entradas.go:364.18,366.13 2 0
fb_apu04/handlers/cte_entradas.go:370.4,371.24 2 0
fb_apu04/handlers/cte_entradas.go:371.24,373.5 1 0
fb_apu04/handlers/cte_entradas.go:376.4,377.25 2 0
fb_apu04/handlers/cte_entradas.go:377.25,379.5 1 0
fb_apu04/handlers/cte_entradas.go:382.4,395.61 8 0
fb_apu04/handlers/cte_entradas.go:395.61,398.24 3 0
fb_apu04/handlers/cte_entradas.go:398.24,400.6 1 0
fb_apu04/handlers/cte_entradas.go:403.4,441.18 3 0
fb_apu04/handlers/cte_entradas.go:441.18,444.13 3 0
fb_apu04/handlers/cte_entradas.go:448.4,450.23 2 0
fb_apu04/handlers/cte_entradas.go:453.3,454.27 2 0
fb_apu04/handlers/cte_entradas.go:454.27,456.4 1 0
fb_apu04/handlers/cte_entradas.go:458.3,459.36 2 0
fb_apu04/handlers/cte_entradas.go:467.58,468.54 1 3
fb_apu04/handlers/cte_entradas.go:468.54,472.37 3 3
fb_apu04/handlers/cte_entradas.go:472.37,475.4 2 1
fb_apu04/handlers/cte_entradas.go:477.3,477.33 1 2
fb_apu04/handlers/cte_entradas.go:477.33,480.4 2 1
fb_apu04/handlers/cte_entradas.go:482.3,483.10 2 1
fb_apu04/handlers/cte_entradas.go:483.10,486.4 2 1
fb_apu04/handlers/cte_entradas.go:487.3,490.17 3 0
fb_apu04/handlers/cte_entradas.go:490.17,493.4 2 0
fb_apu04/handlers/cte_entradas.go:495.3,515.19 7 0
fb_apu04/handlers/cte_entradas.go:515.19,519.4 3 0
fb_apu04/handlers/cte_entradas.go:520.3,520.21 1 0
fb_apu04/handlers/cte_entradas.go:520.21,524.4 3 0
fb_apu04/handlers/cte_entradas.go:526.3,529.17 3 0
fb_apu04/handlers/cte_entradas.go:529.17,533.4 3 0
fb_apu04/handlers/cte_entradas.go:534.3,537.19 3 0
fb_apu04/handlers/cte_entradas.go:537.19,548.18 3 0
fb_apu04/handlers/cte_entradas.go:548.18,550.13 2 0
fb_apu04/handlers/cte_entradas.go:552.4,552.28 1 0
fb_apu04/handlers/cte_entradas.go:555.3,558.5 1 0
fb_apu04/handlers/dashboard.go:23.65,24.54 1 1
fb_apu04/handlers/dashboard.go:24.54,30.10 4 1
fb_apu04/handlers/dashboard.go:30.10,33.4 2 1
fb_apu04/handlers/dashboard.go:34.3,37.17 3 0
fb_apu04/handlers/dashboard.go:37.17,40.4 2 0
fb_apu04/handlers/dashboard.go:42.3,50.19 5 0
fb_apu04/handlers/dashboard.go:50.19,61.4 2 0
fb_apu04/handlers/dashboard.go:61.9,72.4 2 0
fb_apu04/handlers/dashboard.go:75.3,75.25 1 0
fb_apu04/handlers/dashboard.go:75.25,77.55 2 0
fb_apu04/handlers/dashboard.go:77.55,78.43 1 0
fb_apu04/handlers/dashboard.go:78.43,80.6 1 0
fb_apu04/handlers/dashboard.go:82.4,82.22 1 0
fb_apu04/handlers/dashboard.go:82.22,84.29 2 0
fb_apu04/handlers/dashboard.go:84.29,87.6 2 0
fb_apu04/handlers/dashboard.go:88.5,88.91 1 0
fb_apu04/handlers/dashboard.go:91.3,94.17 3 0
fb_apu04/handlers/dashboard.go:94.17,97.4 2 0
fb_apu04/handlers/dashboard.go:98.3,107.23 3 0
fb_apu04/handlers/dashboard.go:107.23,110.79 3 0
fb_apu04/handlers/dashboard.go:110.79,111.13 1 0
fb_apu04/handlers/dashboard.go:113.4,113.23 1 0
fb_apu04/handlers/dashboard.go:113.23,118.5 4 0
fb_apu04/handlers/dashboard.go:118.10,118.32 1 0
fb_apu04/handlers/dashboard.go:118.32,123.5 4 0
fb_apu04/handlers/dashboard.go:127.3,133.17 2 0
fb_apu04/handlers/dashboard.go:133.17,136.4 2 0
fb_apu04/handlers/dashboard.go:137.3,140.19 3 0
fb_apu04/handlers/dashboard.go:140.19,144.77 3 0
fb_apu04/handlers/dashboard.go:144.77,145.13 1 0
fb_apu04/handlers/dashboard.go:151.4,182.6 13 0
fb_apu04/handlers/dashboard.go:185.3,185.36 1 0
fb_apu04/handlers/diagnostic.go:36.57,37.54 1 0
fb_apu04/handlers/diagnostic.go:37.54,40.33 2 0
fb_apu04/handlers/diagnostic.go:40.33,43.4 2 0
fb_apu04/handlers/diagnostic.go:45.3,46.10 2 0
fb_apu04/handlers/diagnostic.go:46.10,49.4 2 0
fb_apu04/handlers/diagnostic.go:50.3,59.17 4 0
fb_apu04/handlers/diagnostic.go:59.17,61.4 1 0
fb_apu04/handlers/diagnostic.go:61.9,77.29 3 0
fb_apu04/handlers/diagnostic.go:77.29,79.68 2 0
fb_apu04/handlers/diagnostic.go:79.68,82.6 2 0
fb_apu04/handlers/diagnostic.go:82.11,84.6 1 0
fb_apu04/handlers/diagnostic.go:90.3,99.17 2 0
fb_apu04/handlers/diagnostic.go:99.17,101.20 2 0
fb_apu04/handlers/diagnostic.go:101.20,103.131 2 0
fb_apu04/handlers/diagnostic.go:103.131,104.88 1 0
fb_apu04/handlers/diagnostic.go:104.88,106.7 1 0
fb_apu04/handlers/diagnostic.go:111.3,111.34 1 0
fb_apu04/handlers/empresa_parametros.go:27.63,28.54 1 0
fb_apu04/handlers/empresa_parametros.go:28.54,30.33 2 0
fb_apu04/handlers/empresa_parametros.go:30.33,33.4 2 0
fb_apu04/handlers/empresa_parametros.go:34.3,35.10 2 0
fb_apu04/handlers/empresa_parametros.go:35.10,38.4 2 0
fb_apu04/handlers/empresa_parametros.go:39.3,41.17 3 0
fb_apu04/handlers/empresa_parametros.go:41.17,44.4 2 0
fb_apu04/handlers/empresa_parametros.go:46.3,52.41 4 0
fb_apu04/handlers/empresa_parametros.go:52.41,55.4 2 0
fb_apu04/handlers/empresa_parametros.go:56.3,58.34 2 0
fb_apu04/handlers/empresa_parametros.go:64.59,65.54 1 0
fb_apu04/handlers/empresa_parametros.go:65.54,66.33 1 0
fb_apu04/handlers/empresa_parametros.go:66.33,69.4 2 0
fb_apu04/handlers/empresa_parametros.go:70.3,71.10 2 0
fb_apu04/handlers/empresa_parametros.go:71.10,74.4 2 0
fb_apu04/handlers/empresa_parametros.go:75.3,77.17 3 0
fb_apu04/handlers/empresa_parametros.go:77.17,80.4 2 0
fb_apu04/handlers/empresa_parametros.go:82.3,86.39 4 0
fb_apu04/handlers/empresa_parametros.go:86.39,89.4 2 0
fb_apu04/handlers/empresa_parametros.go:90.3,92.20 3 0
fb_apu04/handlers/empresa_parametros.go:97.60,98.54 1 0
fb_apu04/handlers/empresa_parametros.go:98.54,100.34 2 0
fb_apu04/handlers/empresa_parametros.go:100.34,103.4 2 0
fb_apu04/handlers/empresa_parametros.go:104.3,105.10 2 0
fb_apu04/handlers/empresa_parametros.go:105.10,108.4 2 0
fb_apu04/handlers/empresa_parametros.go:109.3,111.17 3 0
fb_apu04/handlers/empresa_parametros.go:111.17,114.4 2 0
fb_apu04/handlers/empresa_parametros.go:116.3,117.59 2 0
fb_apu04/handlers/empresa_parametros.go:117.59,120.4 2 0
fb_apu04/handlers/empresa_parametros.go:121.3,122.17 2 0
fb_apu04/handlers/empresa_parametros.go:122.17,125.4 2 0
fb_apu04/handlers/empresa_parametros.go:126.3,129.17 3 0
fb_apu04/handlers/empresa_parametros.go:129.17,132.4 2 0
fb_apu04/handlers/empresa_parametros.go:134.3,135.17 2 0
fb_apu04/handlers/empresa_parametros.go:135.17,137.4 1 0
fb_apu04/handlers/empresa_parametros.go:139.3,141.17 2 0
fb_apu04/handlers/empresa_parametros.go:141.17,145.4 3 0
fb_apu04/handlers/empresa_parametros.go:147.3,149.5 1 0
fb_apu04/handlers/environment.go:48.58,49.54 1 1
fb_apu04/handlers/environment.go:49.54,52.10 3 1
fb_apu04/handlers/environment.go:52.10,55.4 2 1
fb_apu04/handlers/environment.go:56.3,58.19 3 0
fb_apu04/handlers/environment.go:58.19,61.4 2 0
fb_apu04/handlers/environment.go:63.3,68.22 4 0
fb_apu04/handlers/environment.go:68.22,71.4 1 0
fb_apu04/handlers/environment.go:71.9,80.4 1 0
fb_apu04/handlers/environment.go:82.3,82.17 1 0
fb_apu04/handlers/environment.go:82.17,85.4 2 0
fb_apu04/handlers/environment.go:86.3,89.19 3 0
fb_apu04/handlers/environment.go:89.19,91.82 2 0
fb_apu04/handlers/environment.go:91.82,94.5 2 0
fb_apu04/handlers/environment.go:95.4,95.26 1 0
fb_apu04/handlers/environment.go:97.3,97.36 1 0
fb_apu04/handlers/environment.go:97.36,100.4 2 0
fb_apu04/handlers/environment.go:102.3,102.18 1 0
fb_apu04/handlers/environment.go:102.18,104.4 1 0
fb_apu04/handlers/environment.go:105.3,105.34 1 0
fb_apu04/handlers/environment.go:109.60,110.54 1 2
fb_apu04/handlers/environment.go:110.54,113.60 3 2
fb_apu04/handlers/environment.go:113.60,116.4 2 1
fb_apu04/handlers/environment.go:118.3,123.17 2 1
fb_apu04/handlers/environment.go:123.17,126.4 2 0
fb_apu04/handlers/environment.go:128.3,128.31 1 0
fb_apu04/handlers/environment.go:132.60,133.54 1 2
fb_apu04/handlers/environment.go:133.54,137.60 3 2
fb_apu04/handlers/environment.go:137.60,140.4 2 1
fb_apu04/handlers/environment.go:142.3,147.17 2 1
fb_apu04/handlers/environment.go:147.17,150.4 2 0
fb_apu04/handlers/environment.go:152.3,153.31 2 0
fb_apu04/handlers/environment.go:157.60,158.54 1 1
fb_apu04/handlers/environment.go:158.54,160.15 2 1
fb_apu04/handlers/environment.go:160.15,163.4 2 1
fb_apu04/handlers/environment.go:165.3,166.10 2 0
fb_apu04/handlers/environment.go:166.10,169.4 2 0
fb_apu04/handlers/environment.go:170.3,174.22 3 0
fb_apu04/handlers/environment.go:174.22,180.32 3 0
fb_apu04/handlers/environment.go:180.32,183.5 2 0
fb_apu04/handlers/environment.go:186.3,187.17 2 0
fb_apu04/handlers/environment.go:187.17,190.4 2 0
fb_apu04/handlers/environment.go:191.3,191.31 1 0
fb_apu04/handlers/environment.go:197.52,198.54 1 0
fb_apu04/handlers/environment.go:198.54,204.18 5 0
fb_apu04/handlers/environment.go:204.18,207.4 2 0
fb_apu04/handlers/environment.go:208.3,211.17 3 0
fb_apu04/handlers/environment.go:211.17,214.4 2 0
fb_apu04/handlers/environment.go:215.3,218.19 3 0
fb_apu04/handlers/environment.go:218.19,220.100 2 0
fb_apu04/handlers/environment.go:220.100,223.5 2 0
fb_apu04/handlers/environment.go:224.4,224.30 1 0
fb_apu04/handlers/environment.go:226.3,226.36 1 0
fb_apu04/handlers/environment.go:226.36,229.4 2 0
fb_apu04/handlers/environment.go:231.3,231.20 1 0
fb_apu04/handlers/environment.go:231.20,233.4 1 0
fb_apu04/handlers/environment.go:234.3,234.36 1 0
fb_apu04/handlers/environment.go:238.54,239.54 1 2
fb_apu04/handlers/environment.go:239.54,242.60 3 2
fb_apu04/handlers/environment.go:242.60,245.4 2 1
fb_apu04/handlers/environment.go:247.3,252.17 2 1
fb_apu04/handlers/environment.go:252.17,255.4 2 0
fb_apu04/handlers/environment.go:257.3,257.31 1 0
fb_apu04/handlers/environment.go:261.54,262.54 1 0
fb_apu04/handlers/environment.go:262.54,265.15 3 0
fb_apu04/handlers/environment.go:265.15,268.4 2 0
fb_apu04/handlers/environment.go:269.3,273.63 2 0
fb_apu04/handlers/environment.go:273.63,276.4 2 0
fb_apu04/handlers/environment.go:277.3,277.22 1 0
fb_apu04/handlers/environment.go:277.22,280.4 2 0
fb_apu04/handlers/environment.go:281.3,285.17 2 0
fb_apu04/handlers/environment.go:285.17,288.4 2 0
fb_apu04/handlers/environment.go:289.3,289.31 1 0
fb_apu04/handlers/environment.go:293.54,294.54 1 2
fb_apu04/handlers/environment.go:294.54,296.15 2 2
fb_apu04/handlers/environment.go:296.15,299.4 2 1
fb_apu04/handlers/environment.go:301.3,302.10 2 1
fb_apu04/handlers/environment.go:302.10,305.4 2 1
fb_apu04/handlers/environment.go:306.3,310.22 3 0
fb_apu04/handlers/environment.go:310.22,317.32 3 0
fb_apu04/handlers/environment.go:317.32,320.5 2 0
fb_apu04/handlers/environment.go:323.3,324.17 2 0
fb_apu04/handlers/environment.go:324.17,327.4 2 0
fb_apu04/handlers/environment.go:328.3,328.31 1 0
fb_apu04/handlers/environment.go:334.55,335.54 1 0
fb_apu04/handlers/environment.go:335.54,352.20 5 0
fb_apu04/handlers/environment.go:352.20,355.4 2 0
fb_apu04/handlers/environment.go:356.3,359.17 3 0
fb_apu04/handlers/environment.go:359.17,362.4 2 0
fb_apu04/handlers/environment.go:363.3,366.19 3 0
fb_apu04/handlers/environment.go:366.19,376.18 3 0
fb_apu04/handlers/environment.go:376.18,379.5 2 0
fb_apu04/handlers/environment.go:380.4,380.37 1 0
fb_apu04/handlers/environment.go:380.37,383.5 2 0
fb_apu04/handlers/environment.go:384.4,384.36 1 0
fb_apu04/handlers/environment.go:386.3,386.36 1 0
fb_apu04/handlers/environment.go:386.36,389.4 2 0
fb_apu04/handlers/environment.go:391.3,391.23 1 0
fb_apu04/handlers/environment.go:391.23,393.4 1 0
fb_apu04/handlers/environment.go:394.3,394.39 1 0
fb_apu04/handlers/environment.go:398.56,399.54 1 3
fb_apu04/handlers/environment.go:399.54,414.66 3 3
fb_apu04/handlers/environment.go:414.66,417.4 2 1
fb_apu04/handlers/environment.go:420.3,420.50 1 2
fb_apu04/handlers/environment.go:420.50,423.4 2 1
fb_apu04/handlers/environment.go:426.3,426.25 1 1
fb_apu04/handlers/environment.go:426.25,428.37 2 0
fb_apu04/handlers/environment.go:428.37,431.5 2 0
fb_apu04/handlers/environment.go:435.3,444.17 3 1
fb_apu04/handlers/environment.go:444.17,446.4 1 0
fb_apu04/handlers/environment.go:448.3,449.19 2 0
fb_apu04/handlers/environment.go:449.19,451.4 1 0
fb_apu04/handlers/environment.go:453.3,470.17 3 0
fb_apu04/handlers/environment.go:470.17,473.4 2 0
fb_apu04/handlers/environment.go:475.3,487.31 12 0
fb_apu04/handlers/environment.go:491.56,492.54 1 4
fb_apu04/handlers/environment.go:492.54,494.65 2 4
fb_apu04/handlers/environment.go:494.65,497.4 2 2
fb_apu04/handlers/environment.go:499.3,500.15 2 2
fb_apu04/handlers/environment.go:500.15,503.4 2 1
fb_apu04/handlers/environment.go:505.3,515.66 2 1
fb_apu04/handlers/environment.go:515.66,518.4 2 1
fb_apu04/handlers/environment.go:520.3,524.41 2 0
fb_apu04/handlers/environment.go:524.41,527.4 2 0
fb_apu04/handlers/environment.go:530.3,530.25 1 0
fb_apu04/handlers/environment.go:530.25,532.37 2 0
fb_apu04/handlers/environment.go:532.37,535.5 2 0
fb_apu04/handlers/environment.go:541.3,542.10 2 0
fb_apu04/handlers/environment.go:542.10,545.4 2 0
fb_apu04/handlers/environment.go:546.3,548.22 3 0
fb_apu04/handlers/environment.go:548.22,559.32 3 0
fb_apu04/handlers/environment.go:559.32,562.5 2 0
fb_apu04/handlers/environment.go:565.3,587.17 2 0
fb_apu04/handlers/environment.go:587.17,591.4 3 0
fb_apu04/handlers/environment.go:592.3,593.27 2 0
fb_apu04/handlers/environment.go:593.27,596.4 2 0
fb_apu04/handlers/environment.go:598.3,598.31 1 0
fb_apu04/handlers/environment.go:602.56,603.54 1 2
fb_apu04/handlers/environment.go:603.54,605.15 2 2
fb_apu04/handlers/environment.go:605.15,608.4 2 1
fb_apu04/handlers/environment.go:610.3,611.10 2 1
fb_apu04/handlers/environment.go:611.10,614.4 2 1
fb_apu04/handlers/environment.go:615.3,619.22 3 0
fb_apu04/handlers/environment.go:619.22,627.32 3 0
fb_apu04/handlers/environment.go:627.32,630.5 2 0
fb_apu04/handlers/environment.go:633.3,634.17 2 0
fb_apu04/handlers/environment.go:634.17,637.4 2 0
fb_apu04/handlers/environment.go:638.3,638.31 1 0
fb_apu04/handlers/erp_bridge.go:68.71,70.9 2 9
fb_apu04/handlers/erp_bridge.go:70.9,72.3 1 9
fb_apu04/handlers/erp_bridge.go:73.2,74.72 2 0
fb_apu04/handlers/erp_bridge.go:79.58,80.54 1 1
fb_apu04/handlers/erp_bridge.go:80.54,84.17 3 1
fb_apu04/handlers/erp_bridge.go:84.17,87.4 2 1
fb_apu04/handlers/erp_bridge.go:89.3,89.19 1 0
fb_apu04/handlers/erp_bridge.go:90.23,105.28 5 0
fb_apu04/handlers/erp_bridge.go:105.28,115.5 1 0
fb_apu04/handlers/erp_bridge.go:115.10,115.25 1 0
fb_apu04/handlers/erp_bridge.go:115.25,118.5 2 0
fb_apu04/handlers/erp_bridge.go:118.10,120.22 2 0
fb_apu04/handlers/erp_bridge.go:120.22,122.6 1 0
fb_apu04/handlers/erp_bridge.go:122.11,124.6 1 0
fb_apu04/handlers/erp_bridge.go:125.5,125.25 1 0
fb_apu04/handlers/erp_bridge.go:125.25,127.6 1 0
fb_apu04/handlers/erp_bridge.go:128.5,129.24 2 0
fb_apu04/handlers/erp_bridge.go:129.24,131.6 1 0
fb_apu04/handlers/erp_bridge.go:132.5,132.28 1 0
fb_apu04/handlers/erp_bridge.go:132.28,134.6 1 0
fb_apu04/handlers/erp_bridge.go:135.5,136.44 2 0
fb_apu04/handlers/erp_bridge.go:136.44,138.6 1 0
fb_apu04/handlers/erp_bridge.go:140.5,140.34 1 0
fb_apu04/handlers/erp_bridge.go:140.34,142.6 1 0
fb_apu04/handlers/erp_bridge.go:144.4,144.34 1 0
fb_apu04/handlers/erp_bridge.go:146.25,159.63 2 0
fb_apu04/handlers/erp_bridge.go:159.63,162.5 2 0
fb_apu04/handlers/erp_bridge.go:163.4,173.18 2 0
fb_apu04/handlers/erp_bridge.go:173.18,176.5 2 0
fb_apu04/handlers/erp_bridge.go:178.4,178.29 1 0
fb_apu04/handlers/erp_bridge.go:178.29,180.5 1 0
fb_apu04/handlers/erp_bridge.go:181.4,181.60 1 0
fb_apu04/handlers/erp_bridge.go:181.60,182.71 1 0
fb_apu04/handlers/erp_bridge.go:182.71,184.6 1 0
fb_apu04/handlers/erp_bridge.go:186.4,186.32 1 0
fb_apu04/handlers/erp_bridge.go:186.32,187.71 1 0
fb_apu04/handlers/erp_bridge.go:187.71,189.6 1 0
fb_apu04/handlers/erp_bridge.go:191.4,191.56 1 0
fb_apu04/handlers/erp_bridge.go:191.56,192.69 1 0
fb_apu04/handlers/erp_bridge.go:192.69,194.6 1 0
fb_apu04/handlers/erp_bridge.go:196.4,196.26 1 0
fb_apu04/handlers/erp_bridge.go:196.26,198.5 1 0
fb_apu04/handlers/erp_bridge.go:199.4,199.28 1 0
fb_apu04/handlers/erp_bridge.go:199.28,201.5 1 0
fb_apu04/handlers/erp_bridge.go:202.4,202.39 1 0
fb_apu04/handlers/erp_bridge.go:204.11,205.68 1 0
fb_apu04/handlers/erp_bridge.go:213.56,214.54 1 1
fb_apu04/handlers/erp_bridge.go:214.54,218.17 3 1
fb_apu04/handlers/erp_bridge.go:218.17,221.4 2 1
fb_apu04/handlers/erp_bridge.go:223.3,223.19 1 0
fb_apu04/handlers/erp_bridge.go:224.23,233.18 2 0
fb_apu04/handlers/erp_bridge.go:233.18,236.5 2 0
fb_apu04/handlers/erp_bridge.go:237.4,239.20 3 0
fb_apu04/handlers/erp_bridge.go:239.20,245.49 3 0
fb_apu04/handlers/erp_bridge.go:245.49,246.14 1 0
fb_apu04/handlers/erp_bridge.go:248.5,248.29 1 0
fb_apu04/handlers/erp_bridge.go:250.4,250.19 1 0
fb_apu04/handlers/erp_bridge.go:250.19,252.5 1 0
fb_apu04/handlers/erp_bridge.go:253.4,253.88 1 0
fb_apu04/handlers/erp_bridge.go:255.24,261.63 2 0
fb_apu04/handlers/erp_bridge.go:261.63,264.5 2 0
fb_apu04/handlers/erp_bridge.go:265.4,266.20 2 0
fb_apu04/handlers/erp_bridge.go:266.20,268.5 1 0
fb_apu04/handlers/erp_bridge.go:269.4,275.18 3 0
fb_apu04/handlers/erp_bridge.go:275.18,278.5 2 0
fb_apu04/handlers/erp_bridge.go:280.4,286.58 3 0
fb_apu04/handlers/erp_bridge.go:288.26,294.39 2 0
fb_apu04/handlers/erp_bridge.go:296.11,297.68 1 0
fb_apu04/handlers/erp_bridge.go:306.55,307.54 1 1
fb_apu04/handlers/erp_bridge.go:307.54,311.17 3 1
fb_apu04/handlers/erp_bridge.go:311.17,314.4 2 1
fb_apu04/handlers/erp_bridge.go:317.3,321.21 5 0
fb_apu04/handlers/erp_bridge.go:321.21,323.4 1 0
fb_apu04/handlers/erp_bridge.go:325.3,325.18 1 0
fb_apu04/handlers/erp_bridge.go:325.18,328.4 2 0
fb_apu04/handlers/erp_bridge.go:331.3,334.14 3 0
fb_apu04/handlers/erp_bridge.go:334.14,337.4 2 0
fb_apu04/handlers/erp_bridge.go:339.3,339.10 1 0
fb_apu04/handlers/erp_bridge.go:342.58,344.65 2 0
fb_apu04/handlers/erp_bridge.go:344.65,347.5 2 0
fb_apu04/handlers/erp_bridge.go:348.4,348.31 1 0
fb_apu04/handlers/erp_bridge.go:348.31,350.21 2 0
fb_apu04/handlers/erp_bridge.go:350.21,352.6 1 0
fb_apu04/handlers/erp_bridge.go:353.5,358.55 1 0
fb_apu04/handlers/erp_bridge.go:360.4,360.37 1 0
fb_apu04/handlers/erp_bridge.go:363.54,371.63 2 0
fb_apu04/handlers/erp_bridge.go:371.63,374.5 2 0
fb_apu04/handlers/erp_bridge.go:375.4,376.31 2 0
fb_apu04/handlers/erp_bridge.go:376.31,381.5 1 0
fb_apu04/handlers/erp_bridge.go:381.10,381.40 1 0
fb_apu04/handlers/erp_bridge.go:381.40,387.5 1 0
fb_apu04/handlers/erp_bridge.go:387.10,388.25 1 0
fb_apu04/handlers/erp_bridge.go:388.25,390.6 1 0
fb_apu04/handlers/erp_bridge.go:391.5,401.34 1 0
fb_apu04/handlers/erp_bridge.go:403.4,403.22 1 0
fb_apu04/handlers/erp_bridge.go:403.22,406.5 2 0
fb_apu04/handlers/erp_bridge.go:408.4,408.29 1 0
fb_apu04/handlers/erp_bridge.go:408.29,410.5 1 0
fb_apu04/handlers/erp_bridge.go:411.4,411.39 1 0
fb_apu04/handlers/erp_bridge.go:414.52,424.18 4 0
fb_apu04/handlers/erp_bridge.go:424.18,427.5 2 0
fb_apu04/handlers/erp_bridge.go:428.4,434.20 2 0
fb_apu04/handlers/erp_bridge.go:434.20,436.22 2 0
fb_apu04/handlers/erp_bridge.go:436.22,443.6 4 0
fb_apu04/handlers/erp_bridge.go:445.4,445.24 1 0
fb_apu04/handlers/erp_bridge.go:445.24,447.5 1 0
fb_apu04/handlers/erp_bridge.go:448.4,448.34 1 0
fb_apu04/handlers/erp_bridge.go:450.11,451.68 1 0
fb_apu04/handlers/erp_bridge.go:459.62,460.54 1 1
fb_apu04/handlers/erp_bridge.go:460.54,463.17 3 1
fb_apu04/handlers/erp_bridge.go:463.17,466.4 2 1
fb_apu04/handlers/erp_bridge.go:467.3,481.17 2 0
fb_apu04/handlers/erp_bridge.go:481.17,484.4 2 0
fb_apu04/handlers/erp_bridge.go:485.3,487.19 3 0
fb_apu04/handlers/erp_bridge.go:487.19,489.28 2 0
fb_apu04/handlers/erp_bridge.go:489.28,491.5 1 0
fb_apu04/handlers/erp_bridge.go:493.3,493.24 1 0
fb_apu04/handlers/erp_bridge.go:493.24,495.4 1 0
fb_apu04/handlers/erp_bridge.go:496.3,496.73 1 0
fb_apu04/handlers/erp_bridge.go:504.71,505.54 1 2
fb_apu04/handlers/erp_bridge.go:505.54,506.34 1 2
fb_apu04/handlers/erp_bridge.go:506.34,509.4 2 1
fb_apu04/handlers/erp_bridge.go:510.3,511.17 2 1
fb_apu04/handlers/erp_bridge.go:511.17,514.4 2 1
fb_apu04/handlers/erp_bridge.go:515.3,518.87 2 0
fb_apu04/handlers/erp_bridge.go:518.87,521.4 2 0
fb_apu04/handlers/erp_bridge.go:522.3,522.35 1 0
fb_apu04/handlers/erp_bridge.go:522.35,528.4 1 0
fb_apu04/handlers/erp_bridge.go:529.3,529.38 1 0
fb_apu04/handlers/erp_bridge.go:537.66,538.54 1 2
fb_apu04/handlers/erp_bridge.go:538.54,539.34 1 2
fb_apu04/handlers/erp_bridge.go:539.34,542.4 2 1
fb_apu04/handlers/erp_bridge.go:543.3,545.17 3 1
fb_apu04/handlers/erp_bridge.go:545.17,548.4 2 1
fb_apu04/handlers/erp_bridge.go:550.3,551.43 2 0
fb_apu04/handlers/erp_bridge.go:551.43,554.4 2 0
fb_apu04/handlers/erp_bridge.go:555.3,559.20 5 0
fb_apu04/handlers/erp_bridge.go:559.20,562.4 2 0
fb_apu04/handlers/erp_bridge.go:563.3,568.63 2 0
fb_apu04/handlers/erp_bridge.go:576.59,577.71 1 2
fb_apu04/handlers/erp_bridge.go:577.71,578.33 1 2
fb_apu04/handlers/erp_bridge.go:578.33,581.4 2 1
fb_apu04/handlers/erp_bridge.go:582.3,584.19 3 1
fb_apu04/handlers/erp_bridge.go:584.19,587.4 2 1
fb_apu04/handlers/erp_bridge.go:588.3,596.27 5 0
fb_apu04/handlers/erp_bridge.go:596.27,599.4 2 0
fb_apu04/handlers/erp_bridge.go:600.3,600.17 1 0
fb_apu04/handlers/erp_bridge.go:600.17,603.4 2 0
fb_apu04/handlers/erp_bridge.go:604.3,612.23 2 0
fb_apu04/handlers/erp_bridge.go:612.23,614.4 1 0
fb_apu04/handlers/erp_bridge.go:615.3,615.56 1 0
fb_apu04/handlers/erp_bridge.go:615.56,617.4 1 0
fb_apu04/handlers/erp_bridge.go:618.3,618.56 1 0
fb_apu04/handlers/erp_bridge.go:618.56,620.4 1 0
fb_apu04/handlers/erp_bridge.go:621.3,621.52 1 0
fb_apu04/handlers/erp_bridge.go:621.52,623.4 1 0
fb_apu04/handlers/erp_bridge.go:624.3,624.20 1 0
fb_apu04/handlers/erp_bridge.go:624.20,626.4 1 0
fb_apu04/handlers/erp_bridge.go:627.3,627.48 1 0
fb_apu04/handlers/erp_bridge.go:627.48,629.4 1 0
fb_apu04/handlers/erp_bridge.go:630.3,630.36 1 0
fb_apu04/handlers/erp_bridge.go:638.59,639.54 1 2
fb_apu04/handlers/erp_bridge.go:639.54,641.34 2 2
fb_apu04/handlers/erp_bridge.go:641.34,644.4 2 1
fb_apu04/handlers/erp_bridge.go:645.3,646.17 2 1
fb_apu04/handlers/erp_bridge.go:646.17,649.4 2 1
fb_apu04/handlers/erp_bridge.go:650.3,657.104 2 0
fb_apu04/handlers/erp_bridge.go:657.104,660.4 2 0
fb_apu04/handlers/erp_bridge.go:661.3,668.14 3 0
fb_apu04/handlers/erp_bridge.go:668.14,671.4 2 0
fb_apu04/handlers/erp_bridge.go:672.3,673.33 2 0
fb_apu04/handlers/erp_bridge.go:673.33,677.4 3 0
fb_apu04/handlers/erp_bridge.go:678.3,685.17 3 0
fb_apu04/handlers/erp_bridge.go:685.17,689.4 3 0
fb_apu04/handlers/erp_bridge.go:690.3,691.78 2 0
fb_apu04/handlers/erp_bridge.go:698.59,699.54 1 2
fb_apu04/handlers/erp_bridge.go:699.54,702.17 3 2
fb_apu04/handlers/erp_bridge.go:702.17,705.4 2 2
fb_apu04/handlers/erp_bridge.go:706.3,714.17 2 0
fb_apu04/handlers/erp_bridge.go:714.17,717.4 2 0
fb_apu04/handlers/erp_bridge.go:718.3,728.19 4 0
fb_apu04/handlers/erp_bridge.go:728.19,730.111 2 0
fb_apu04/handlers/erp_bridge.go:730.111,732.5 1 0
fb_apu04/handlers/erp_bridge.go:734.3,734.19 1 0
fb_apu04/handlers/erp_bridge.go:734.19,736.4 1 0
fb_apu04/handlers/erp_bridge.go:737.3,737.68 1 0
fb_apu04/handlers/erp_bridge.go:745.57,746.71 1 2
fb_apu04/handlers/erp_bridge.go:746.71,748.34 2 2
fb_apu04/handlers/erp_bridge.go:748.34,751.4 2 1
fb_apu04/handlers/erp_bridge.go:754.3,755.19 2 1
fb_apu04/handlers/erp_bridge.go:755.19,758.4 2 1
fb_apu04/handlers/erp_bridge.go:759.3,766.27 5 0
fb_apu04/handlers/erp_bridge.go:766.27,769.4 2 0
fb_apu04/handlers/erp_bridge.go:770.3,770.17 1 0
fb_apu04/handlers/erp_bridge.go:770.17,773.4 2 0
fb_apu04/handlers/erp_bridge.go:776.3,791.63 3 0
fb_apu04/handlers/erp_bridge_batch.go:77.63,78.54 1 2
fb_apu04/handlers/erp_bridge_batch.go:78.54,81.37 2 2
fb_apu04/handlers/erp_bridge_batch.go:81.37,84.4 2 0
fb_apu04/handlers/erp_bridge_batch.go:86.3,86.34 1 2
fb_apu04/handlers/erp_bridge_batch.go:86.34,89.4 2 1
fb_apu04/handlers/erp_bridge_batch.go:92.3,93.19 2 1
fb_apu04/handlers/erp_bridge_batch.go:93.19,96.4 2 1
fb_apu04/handlers/erp_bridge_batch.go:97.3,104.27 5 0
fb_apu04/handlers/erp_bridge_batch.go:104.27,107.4 2 0
fb_apu04/handlers/erp_bridge_batch.go:108.3,108.17 1 0
fb_apu04/handlers/erp_bridge_batch.go:108.17,112.4 3 0
fb_apu04/handlers/erp_bridge_batch.go:115.3,116.62 2 0
fb_apu04/handlers/erp_bridge_batch.go:116.62,119.4 2 0
fb_apu04/handlers/erp_bridge_batch.go:121.3,121.30 1 0
fb_apu04/handlers/erp_bridge_batch.go:121.30,124.4 2 0
fb_apu04/handlers/erp_bridge_batch.go:126.3,128.37 2 0
fb_apu04/handlers/erp_bridge_batch.go:128.37,129.28 1 0
fb_apu04/handlers/erp_bridge_batch.go:129.28,133.13 3 0
fb_apu04/handlers/erp_bridge_batch.go:136.4,142.11 5 0
fb_apu04/handlers/erp_bridge_batch.go:143.23,144.28 1 0
fb_apu04/handlers/erp_bridge_batch.go:144.28,146.14 2 0
fb_apu04/handlers/erp_bridge_batch.go:149.5,149.74 1 0
fb_apu04/handlers/erp_bridge_batch.go:151.52,153.90 1 0
fb_apu04/handlers/erp_bridge_batch.go:153.90,155.14 2 0
fb_apu04/handlers/erp_bridge_batch.go:158.5,158.76 1 0
fb_apu04/handlers/erp_bridge_batch.go:160.52,162.76 1 0
fb_apu04/handlers/erp_bridge_batch.go:164.12,168.13 3 0
fb_apu04/handlers/erp_bridge_batch.go:171.4,171.24 1 0
fb_apu04/handlers/erp_bridge_batch.go:171.24,176.5 3 0
fb_apu04/handlers/erp_bridge_batch.go:176.10,177.17 1 0
fb_apu04/handlers/erp_bridge_batch.go:177.17,179.6 1 0
fb_apu04/handlers/erp_bridge_batch.go:179.11,181.6 1 0
fb_apu04/handlers/erp_bridge_batch.go:183.5,183.31 1 0
fb_apu04/handlers/erp_bridge_batch.go:183.31,184.23 1 0
fb_apu04/handlers/erp_bridge_batch.go:184.23,186.7 1 0
fb_apu04/handlers/erp_bridge_batch.go:186.12,188.7 1 0
fb_apu04/handlers/erp_bridge_batch.go:193.3,195.36 2 0
fb_apu04/handlers/erp_bridge_batch.go:199.99,202.22 3 0
fb_apu04/handlers/erp_bridge_batch.go:202.22,202.41 1 0
fb_apu04/handlers/erp_bridge_batch.go:203.2,271.16 4 0
fb_apu04/handlers/erp_bridge_batch.go:271.16,273.3 1 0
fb_apu04/handlers/erp_bridge_batch.go:274.2,275.19 2 0
fb_apu04/handlers/erp_bridge_batch.go:278.101,281.22 3 0
fb_apu04/handlers/erp_bridge_batch.go:281.22,281.41 1 0
fb_apu04/handlers/erp_bridge_batch.go:283.2,351.16 4 0
fb_apu04/handlers/erp_bridge_batch.go:351.16,353.3 1 0
fb_apu04/handlers/erp_bridge_batch.go:354.2,355.19 2 0
fb_apu04/handlers/erp_bridge_batch.go:358.101,361.22 3 0
fb_apu04/handlers/erp_bridge_batch.go:361.22,361.41 1 0
fb_apu04/handlers/erp_bridge_batch.go:362.2,387.16 2 0
fb_apu04/handlers/erp_bridge_batch.go:387.16,389.3 1 0
fb_apu04/handlers/erp_bridge_batch.go:390.2,391.19 2 0
fb_apu04/handlers/erp_bridge_batch.go:395.63,396.68 1 0
fb_apu04/handlers/erp_bridge_batch.go:396.68,398.3 1 0
fb_apu04/handlers/erp_bridge_batch.go:399.2,404.65 1 0
fb_apu04/handlers/erp_bridge_batch.go:408.37,410.13 2 4
fb_apu04/handlers/erp_bridge_batch.go:410.13,412.3 1 2
fb_apu04/handlers/erp_bridge_batch.go:413.2,413.10 1 2
fb_apu04/handlers/erp_bridge_batch.go:417.36,419.13 2 5
fb_apu04/handlers/erp_bridge_batch.go:419.13,421.3 1 3
fb_apu04/handlers/erp_bridge_batch.go:422.2,422.10 1 2
fb_apu04/handlers/erp_bridge_parceiros.go:34.65,35.54 1 3
fb_apu04/handlers/erp_bridge_parceiros.go:35.54,38.37 2 3
fb_apu04/handlers/erp_bridge_parceiros.go:38.37,41.4 2 1
fb_apu04/handlers/erp_bridge_parceiros.go:42.3,42.34 1 2
fb_apu04/handlers/erp_bridge_parceiros.go:42.34,45.4 2 1
fb_apu04/handlers/erp_bridge_parceiros.go:48.3,49.19 2 1
fb_apu04/handlers/erp_bridge_parceiros.go:49.19,52.4 2 1
fb_apu04/handlers/erp_bridge_parceiros.go:53.3,60.27 5 0
fb_apu04/handlers/erp_bridge_parceiros.go:60.27,63.4 2 0
fb_apu04/handlers/erp_bridge_parceiros.go:64.3,64.17 1 0
fb_apu04/handlers/erp_bridge_parceiros.go:64.17,68.4 3 0
fb_apu04/handlers/erp_bridge_parceiros.go:71.3,72.62 2 0
fb_apu04/handlers/erp_bridge_parceiros.go:72.62,75.4 2 0
fb_apu04/handlers/erp_bridge_parceiros.go:77.3,78.35 2 0
fb_apu04/handlers/erp_bridge_parceiros.go:78.35,81.18 3 0
fb_apu04/handlers/erp_bridge_parceiros.go:81.18,82.13 1 0
fb_apu04/handlers/erp_bridge_parceiros.go:84.4,88.18 2 0
fb_apu04/handlers/erp_bridge_parceiros.go:88.18,90.13 2 0
fb_apu04/handlers/erp_bridge_parceiros.go:92.4,92.14 1 0
fb_apu04/handlers/erp_bridge_parceiros.go:95.3,96.69 2 0
fb_apu04/handlers/filiais.go:20.53,21.54 1 2
fb_apu04/handlers/filiais.go:21.54,26.10 4 2
fb_apu04/handlers/filiais.go:26.10,29.4 2 1
fb_apu04/handlers/filiais.go:30.3,33.17 3 1
fb_apu04/handlers/filiais.go:33.17,36.4 2 0
fb_apu04/handlers/filiais.go:38.3,47.17 2 0
fb_apu04/handlers/filiais.go:47.17,50.4 2 0
fb_apu04/handlers/filiais.go:51.3,54.19 3 0
fb_apu04/handlers/filiais.go:54.19,56.66 2 0
fb_apu04/handlers/filiais.go:56.66,57.13 1 0
fb_apu04/handlers/filiais.go:59.4,59.32 1 0
fb_apu04/handlers/filiais.go:62.3,62.37 1 0
fb_apu04/handlers/filial_apelidos.go:22.57,23.54 1 1
fb_apu04/handlers/filial_apelidos.go:23.54,28.10 4 1
fb_apu04/handlers/filial_apelidos.go:28.10,31.4 2 1
fb_apu04/handlers/filial_apelidos.go:32.3,35.17 3 0
fb_apu04/handlers/filial_apelidos.go:35.17,38.4 2 0
fb_apu04/handlers/filial_apelidos.go:40.3,40.19 1 0
fb_apu04/handlers/filial_apelidos.go:41.23,46.18 2 0
fb_apu04/handlers/filial_apelidos.go:46.18,50.5 3 0
fb_apu04/handlers/filial_apelidos.go:51.4,54.20 3 0
fb_apu04/handlers/filial_apelidos.go:54.20,56.60 2 0
fb_apu04/handlers/filial_apelidos.go:56.60,58.14 2 0
fb_apu04/handlers/filial_apelidos.go:60.5,60.28 1 0
fb_apu04/handlers/filial_apelidos.go:63.4,63.35 1 0
fb_apu04/handlers/filial_apelidos.go:65.26,67.18 2 0
fb_apu04/handlers/filial_apelidos.go:67.18,71.5 3 0
fb_apu04/handlers/filial_apelidos.go:72.4,72.93 1 0
fb_apu04/handlers/filial_apelidos.go:74.11,75.68 1 0
fb_apu04/handlers/filial_apelidos.go:82.63,83.54 1 3
fb_apu04/handlers/filial_apelidos.go:83.54,87.34 3 3
fb_apu04/handlers/filial_apelidos.go:87.34,90.4 2 1
fb_apu04/handlers/filial_apelidos.go:92.3,93.10 2 2
fb_apu04/handlers/filial_apelidos.go:93.10,96.4 2 1
fb_apu04/handlers/filial_apelidos.go:97.3,100.17 3 1
fb_apu04/handlers/filial_apelidos.go:100.17,103.4 2 0
fb_apu04/handlers/filial_apelidos.go:105.3,106.17 2 0
fb_apu04/handlers/filial_apelidos.go:106.17,109.4 2 0
fb_apu04/handlers/filial_apelidos.go:110.3,114.17 3 0
fb_apu04/handlers/filial_apelidos.go:114.17,117.4 2 0
fb_apu04/handlers/filial_apelidos.go:120.3,129.30 7 0
fb_apu04/handlers/filial_apelidos.go:129.30,131.18 2 0
fb_apu04/handlers/filial_apelidos.go:131.18,132.13 1 0
fb_apu04/handlers/filial_apelidos.go:135.4,136.22 2 0
fb_apu04/handlers/filial_apelidos.go:136.22,139.13 3 0
fb_apu04/handlers/filial_apelidos.go:142.4,146.42 3 0
fb_apu04/handlers/filial_apelidos.go:146.42,147.13 1 0
fb_apu04/handlers/filial_apelidos.go:151.4,151.42 1 0
fb_apu04/handlers/filial_apelidos.go:151.42,152.27 1 0
fb_apu04/handlers/filial_apelidos.go:152.27,154.6 1 0
fb_apu04/handlers/filial_apelidos.go:155.5,155.14 1 0
fb_apu04/handlers/filial_apelidos.go:158.4,158.23 1 0
fb_apu04/handlers/filial_apelidos.go:158.23,161.13 3 0
fb_apu04/handlers/filial_apelidos.go:164.4,165.45 2 0
fb_apu04/handlers/filial_apelidos.go:165.45,168.13 3 0
fb_apu04/handlers/filial_apelidos.go:171.4,177.18 2 0
fb_apu04/handlers/filial_apelidos.go:177.18,180.13 3 0
fb_apu04/handlers/filial_apelidos.go:182.4,182.14 1 0
fb_apu04/handlers/filial_apelidos.go:185.3,190.5 2 0
fb_apu04/handlers/forn_simples.go:16.58,17.54 1 1
fb_apu04/handlers/forn_simples.go:17.54,22.17 4 0
fb_apu04/handlers/forn_simples.go:22.17,25.4 2 0
fb_apu04/handlers/forn_simples.go:26.3,29.19 3 0
fb_apu04/handlers/forn_simples.go:29.19,31.45 2 0
fb_apu04/handlers/forn_simples.go:31.45,34.5 2 0
fb_apu04/handlers/forn_simples.go:35.4,35.26 1 0
fb_apu04/handlers/forn_simples.go:38.3,38.18 1 0
fb_apu04/handlers/forn_simples.go:38.18,40.4 1 0
fb_apu04/handlers/forn_simples.go:42.3,42.34 1 0
fb_apu04/handlers/forn_simples.go:46.60,47.54 1 3
fb_apu04/handlers/forn_simples.go:47.54,51.25 3 3
fb_apu04/handlers/forn_simples.go:51.25,54.4 2 1
fb_apu04/handlers/forn_simples.go:56.3,57.60 2 2
fb_apu04/handlers/forn_simples.go:57.60,60.4 2 1
fb_apu04/handlers/forn_simples.go:63.3,63.41 1 1
fb_apu04/handlers/forn_simples.go:63.41,64.28 1 5
fb_apu04/handlers/forn_simples.go:64.28,66.5 1 5
fb_apu04/handlers/forn_simples.go:67.4,67.13 1 0
fb_apu04/handlers/forn_simples.go:70.3,70.22 1 1
fb_apu04/handlers/forn_simples.go:70.22,73.4 2 1
fb_apu04/handlers/forn_simples.go:75.3,76.17 2 0
fb_apu04/handlers/forn_simples.go:76.17,79.4 2 0
fb_apu04/handlers/forn_simples.go:81.3,82.99 2 0
fb_apu04/handlers/forn_simples.go:86.60,87.54 1 2
fb_apu04/handlers/forn_simples.go:87.54,91.27 3 2
fb_apu04/handlers/forn_simples.go:91.27,94.4 2 1
fb_apu04/handlers/forn_simples.go:96.3,97.17 2 1
fb_apu04/handlers/forn_simples.go:97.17,100.4 2 1
fb_apu04/handlers/forn_simples.go:103.3,103.40 1 0
fb_apu04/handlers/forn_simples.go:103.40,104.28 1 0
fb_apu04/handlers/forn_simples.go:104.28,106.5 1 0
fb_apu04/handlers/forn_simples.go:107.4,107.13 1 0
fb_apu04/handlers/forn_simples.go:110.3,111.17 2 0
fb_apu04/handlers/forn_simples.go:111.17,114.4 2 0
fb_apu04/handlers/forn_simples.go:116.3,117.24 2 0
fb_apu04/handlers/forn_simples.go:117.24,120.4 2 0
fb_apu04/handlers/forn_simples.go:122.3,123.87 2 0
fb_apu04/handlers/forn_simples.go:127.60,128.54 1 2
fb_apu04/handlers/forn_simples.go:128.54,132.25 3 2
fb_apu04/handlers/forn_simples.go:132.25,135.4 2 1
fb_apu04/handlers/forn_simples.go:137.3,138.17 2 1
fb_apu04/handlers/forn_simples.go:138.17,141.4 2 1
fb_apu04/handlers/forn_simples.go:142.3,149.17 6 0
fb_apu04/handlers/forn_simples.go:149.17,152.4 2 0
fb_apu04/handlers/forn_simples.go:154.3,155.17 2 0
fb_apu04/handlers/forn_simples.go:155.17,159.4 3 0
fb_apu04/handlers/forn_simples.go:160.3,163.7 3 0
fb_apu04/handlers/forn_simples.go:163.7,165.21 2 0
fb_apu04/handlers/forn_simples.go:165.21,166.10 1 0
fb_apu04/handlers/forn_simples.go:168.4,168.18 1 0
fb_apu04/handlers/forn_simples.go:168.18,172.5 3 0
fb_apu04/handlers/forn_simples.go:174.4,174.23 1 0
fb_apu04/handlers/forn_simples.go:174.23,175.13 1 0
fb_apu04/handlers/forn_simples.go:178.4,180.42 2 0
fb_apu04/handlers/forn_simples.go:180.42,181.13 1 0
fb_apu04/handlers/forn_simples.go:185.4,185.42 1 0
fb_apu04/handlers/forn_simples.go:185.42,186.29 1 0
fb_apu04/handlers/forn_simples.go:186.29,188.6 1 0
fb_apu04/handlers/forn_simples.go:189.5,189.14 1 0
fb_apu04/handlers/forn_simples.go:192.4,192.23 1 0
fb_apu04/handlers/forn_simples.go:192.23,194.13 1 0
fb_apu04/handlers/forn_simples.go:197.4,198.18 2 0
fb_apu04/handlers/forn_simples.go:198.18,202.5 3 0
fb_apu04/handlers/forn_simples.go:203.4,203.11 1 0
fb_apu04/handlers/forn_simples.go:206.3,206.37 1 0
fb_apu04/handlers/forn_simples.go:206.37,209.4 2 0
fb_apu04/handlers/forn_simples.go:211.3,215.5 2 0
fb_apu04/handlers/hierarchy.go:26.59,27.54 1 2
fb_apu04/handlers/hierarchy.go:27.54,29.19 2 2
fb_apu04/handlers/hierarchy.go:29.19,32.4 2 1
[...]
fb_apu04/handlers/xml_notas.go:145.3,149.23 4 0
fb_apu04/handlers/xml_notas.go:149.23,153.4 3 0
fb_apu04/handlers/xml_notas.go:154.3,154.20 1 0
fb_apu04/handlers/xml_notas.go:154.20,158.4 3 0
fb_apu04/handlers/xml_notas.go:159.3,159.17 1 0
fb_apu04/handlers/xml_notas.go:159.17,163.4 3 0
fb_apu04/handlers/xml_notas.go:164.3,164.19 1 0
fb_apu04/handlers/xml_notas.go:164.19,168.4 3 0
fb_apu04/handlers/xml_notas.go:169.3,169.23 1 0
fb_apu04/handlers/xml_notas.go:169.23,171.16 2 0
fb_apu04/handlers/xml_notas.go:172.28,173.32 1 0
fb_apu04/handlers/xml_notas.go:174.18,175.28 1 0
fb_apu04/handlers/xml_notas.go:177.4,177.23 1 0
fb_apu04/handlers/xml_notas.go:177.23,181.5 3 0
fb_apu04/handlers/xml_notas.go:184.3,193.17 6 0
fb_apu04/handlers/xml_notas.go:193.17,197.4 3 0
fb_apu04/handlers/xml_notas.go:198.3,201.19 3 0
fb_apu04/handlers/xml_notas.go:201.19,211.18 2 0
fb_apu04/handlers/xml_notas.go:211.18,213.13 2 0
fb_apu04/handlers/xml_notas.go:215.4,215.28 1 0
fb_apu04/handlers/xml_notas.go:218.3,230.5 3 0
fb_apu04/handlers/xml_painel.go:19.66,20.54 1 2
fb_apu04/handlers/xml_painel.go:20.54,23.33 2 2
fb_apu04/handlers/xml_painel.go:23.33,26.4 2 1
fb_apu04/handlers/xml_painel.go:28.3,29.10 2 1
fb_apu04/handlers/xml_painel.go:29.10,32.4 2 1
fb_apu04/handlers/xml_painel.go:33.3,36.17 3 0
fb_apu04/handlers/xml_painel.go:36.17,39.4 2 0
fb_apu04/handlers/xml_painel.go:41.3,48.17 2 0
fb_apu04/handlers/xml_painel.go:48.17,52.4 3 0
fb_apu04/handlers/xml_painel.go:53.3,64.19 4 0
fb_apu04/handlers/xml_painel.go:64.19,68.18 2 0
fb_apu04/handlers/xml_painel.go:68.18,70.13 2 0
fb_apu04/handlers/xml_painel.go:72.4,72.28 1 0
fb_apu04/handlers/xml_painel.go:75.3,75.18 1 0
fb_apu04/handlers/xml_painel.go:75.18,77.4 1 0
fb_apu04/handlers/xml_painel.go:79.3,82.5 1 0
fb_apu04/handlers/xml_painel.go:144.52,145.54 1 7
fb_apu04/handlers/xml_painel.go:145.54,148.33 2 7
fb_apu04/handlers/xml_painel.go:148.33,151.4 2 3
fb_apu04/handlers/xml_painel.go:153.3,154.10 2 4
fb_apu04/handlers/xml_painel.go:154.10,157.4 2 3
fb_apu04/handlers/xml_painel.go:158.3,161.17 3 1
fb_apu04/handlers/xml_painel.go:161.17,164.4 2 0
fb_apu04/handlers/xml_painel.go:166.3,170.10 4 0
fb_apu04/handlers/xml_painel.go:170.10,173.4 2 0
fb_apu04/handlers/xml_painel.go:175.3,182.78 7 0
fb_apu04/handlers/xml_painel.go:182.78,184.4 1 0
fb_apu04/handlers/xml_painel.go:185.3,185.68 1 0
fb_apu04/handlers/xml_painel.go:185.68,187.4 1 0
fb_apu04/handlers/xml_painel.go:189.3,193.25 4 0
fb_apu04/handlers/xml_painel.go:193.25,197.4 3 0
fb_apu04/handlers/xml_painel.go:198.3,198.19 1 0
fb_apu04/handlers/xml_painel.go:198.19,202.4 3 0
fb_apu04/handlers/xml_painel.go:203.3,203.23 1 0
fb_apu04/handlers/xml_painel.go:203.23,207.4 3 0
fb_apu04/handlers/xml_painel.go:209.3,220.17 7 0
fb_apu04/handlers/xml_painel.go:220.17,224.4 3 0
fb_apu04/handlers/xml_painel.go:225.3,244.19 4 0
fb_apu04/handlers/xml_painel.go:244.19,250.18 2 0
fb_apu04/handlers/xml_painel.go:250.18,252.13 2 0
fb_apu04/handlers/xml_painel.go:254.4,254.28 1 0
fb_apu04/handlers/xml_painel.go:257.3,266.5 3 0
fb_apu04/handlers/xml_reports.go:21.63,22.54 1 2
fb_apu04/handlers/xml_reports.go:22.54,25.33 2 2
fb_apu04/handlers/xml_reports.go:25.33,28.4 2 1
fb_apu04/handlers/xml_reports.go:30.3,31.10 2 1
fb_apu04/handlers/xml_reports.go:31.10,34.4 2 1
fb_apu04/handlers/xml_reports.go:35.3,38.17 3 0
fb_apu04/handlers/xml_reports.go:38.17,41.4 2 0
fb_apu04/handlers/xml_reports.go:43.3,52.52 7 0
fb_apu04/handlers/xml_reports.go:52.52,56.4 3 0
fb_apu04/handlers/xml_reports.go:57.3,86.17 3 0
fb_apu04/handlers/xml_reports.go:86.17,90.4 3 0
fb_apu04/handlers/xml_reports.go:91.3,112.19 4 0
fb_apu04/handlers/xml_reports.go:112.19,120.18 2 0
fb_apu04/handlers/xml_reports.go:120.18,122.13 2 0
fb_apu04/handlers/xml_reports.go:124.4,124.28 1 0
fb_apu04/handlers/xml_reports.go:127.3,127.18 1 0
fb_apu04/handlers/xml_reports.go:127.18,129.4 1 0
fb_apu04/handlers/xml_reports.go:131.3,131.34 1 0
fb_apu04/handlers/xml_reports.go:170.45,171.16 1 7
fb_apu04/handlers/xml_reports.go:171.16,173.3 1 1
fb_apu04/handlers/xml_reports.go:174.2,175.25 2 6
fb_apu04/handlers/xml_reports.go:176.14,177.10 1 4
fb_apu04/handlers/xml_reports.go:178.14,179.18 1 1
fb_apu04/handlers/xml_reports.go:180.10,181.20 1 1
fb_apu04/handlers/xml_reports.go:183.2,185.15 3 5
fb_apu04/handlers/xml_reports.go:185.15,187.3 1 2
fb_apu04/handlers/xml_reports.go:188.2,188.32 1 3
fb_apu04/handlers/xml_reports.go:194.92,199.18 4 0
fb_apu04/handlers/xml_reports.go:199.18,205.3 2 0
fb_apu04/handlers/xml_reports.go:211.2,256.16 3 0
fb_apu04/handlers/xml_reports.go:256.16,258.3 1 0
fb_apu04/handlers/xml_reports.go:259.2,262.18 3 0
fb_apu04/handlers/xml_reports.go:262.18,281.17 4 0
fb_apu04/handlers/xml_reports.go:281.17,283.12 2 0
fb_apu04/handlers/xml_reports.go:285.3,287.31 3 0
fb_apu04/handlers/xml_reports.go:289.2,289.35 1 0
fb_apu04/handlers/xml_reports.go:289.35,291.3 1 0
fb_apu04/handlers/xml_reports.go:292.2,292.20 1 0
fb_apu04/handlers/xml_reports.go:299.66,300.54 1 5
fb_apu04/handlers/xml_reports.go:300.54,303.33 2 5
fb_apu04/handlers/xml_reports.go:303.33,306.4 2 2
fb_apu04/handlers/xml_reports.go:308.3,309.10 2 3
fb_apu04/handlers/xml_reports.go:309.10,312.4 2 3
fb_apu04/handlers/xml_reports.go:313.3,316.17 3 0
fb_apu04/handlers/xml_reports.go:316.17,319.4 2 0
fb_apu04/handlers/xml_reports.go:321.3,324.17 3 0
fb_apu04/handlers/xml_reports.go:324.17,328.4 3 0
fb_apu04/handlers/xml_reports.go:331.3,331.18 1 0
fb_apu04/handlers/xml_reports.go:331.18,333.4 1 0
fb_apu04/handlers/xml_reports.go:335.3,335.63 1 0
fb_apu04/handlers/xml_reports.go:335.63,337.4 1 0
fb_apu04/handlers/xml_reports.go:346.59,347.54 1 4
fb_apu04/handlers/xml_reports.go:347.54,348.33 1 4
fb_apu04/handlers/xml_reports.go:348.33,351.4 2 2
fb_apu04/handlers/xml_reports.go:353.3,354.10 2 2
fb_apu04/handlers/xml_reports.go:354.10,357.4 2 2
fb_apu04/handlers/xml_reports.go:358.3,361.17 3 0
fb_apu04/handlers/xml_reports.go:361.17,364.4 2 0
fb_apu04/handlers/xml_reports.go:366.3,369.17 3 0
fb_apu04/handlers/xml_reports.go:369.17,373.4 3 0
fb_apu04/handlers/xml_reports.go:375.3,396.42 5 0
fb_apu04/handlers/xml_reports.go:396.42,399.4 2 0
fb_apu04/handlers/xml_reports.go:401.3,401.28 1 0
fb_apu04/handlers/xml_reports.go:401.28,403.36 2 0
fb_apu04/handlers/xml_reports.go:403.36,405.5 1 0
fb_apu04/handlers/xml_reports.go:406.4,407.35 2 0
fb_apu04/handlers/xml_reports.go:407.35,409.5 1 0
fb_apu04/handlers/xml_reports.go:410.4,411.32 2 0
fb_apu04/handlers/xml_reports.go:411.32,413.5 1 0
fb_apu04/handlers/xml_reports.go:414.4,415.32 2 0
fb_apu04/handlers/xml_reports.go:415.32,417.5 1 0
fb_apu04/handlers/xml_reports.go:418.4,419.31 2 0
fb_apu04/handlers/xml_reports.go:419.31,421.5 1 0
fb_apu04/handlers/xml_reports.go:422.4,438.43 2 0
fb_apu04/handlers/xml_reports.go:438.43,441.5 2 0
fb_apu04/handlers/xml_reports.go:444.3,445.36 2 0
fb_apu04/handlers/xml_reports.go:445.36,447.4 1 0
fb_apu04/handlers/xml_reports.go:456.68,457.54 1 4
fb_apu04/handlers/xml_reports.go:457.54,460.33 2 4
fb_apu04/handlers/xml_reports.go:460.33,463.4 2 2
fb_apu04/handlers/xml_reports.go:465.3,466.10 2 2
fb_apu04/handlers/xml_reports.go:466.10,469.4 2 2
fb_apu04/handlers/xml_reports.go:470.3,473.17 3 0
fb_apu04/handlers/xml_reports.go:473.17,476.4 2 0
fb_apu04/handlers/xml_reports.go:478.3,483.19 5 0
fb_apu04/handlers/xml_reports.go:483.19,486.4 2 0
fb_apu04/handlers/xml_reports.go:488.3,505.17 3 0
fb_apu04/handlers/xml_reports.go:505.17,509.4 3 0
fb_apu04/handlers/xml_reports.go:510.3,521.19 4 0
fb_apu04/handlers/xml_reports.go:521.19,529.18 2 0
fb_apu04/handlers/xml_reports.go:529.18,531.13 2 0
fb_apu04/handlers/xml_reports.go:533.4,533.28 1 0
fb_apu04/handlers/xml_reports.go:535.3,535.36 1 0
fb_apu04/handlers/xml_reports.go:535.36,539.4 3 0
fb_apu04/handlers/xml_reports.go:541.3,541.18 1 0
fb_apu04/handlers/xml_reports.go:541.18,543.4 1 0
fb_apu04/handlers/xml_reports.go:545.3,545.63 1 0
fb_apu04/handlers/xml_reports.go:545.63,547.4 1 0
fb_apu04/handlers/xml_upload.go:42.58,44.16 2 5
fb_apu04/handlers/xml_upload.go:44.16,46.3 1 1
fb_apu04/handlers/xml_upload.go:47.2,47.40 1 4
fb_apu04/handlers/xml_upload.go:52.62,54.16 2 2
fb_apu04/handlers/xml_upload.go:54.16,56.3 1 1
fb_apu04/handlers/xml_upload.go:57.2,58.40 2 1
fb_apu04/handlers/xml_upload.go:63.69,67.26 3 5
fb_apu04/handlers/xml_upload.go:67.26,68.27 1 4
fb_apu04/handlers/xml_upload.go:68.27,69.12 1 0
fb_apu04/handlers/xml_upload.go:72.3,72.37 1 4
fb_apu04/handlers/xml_upload.go:72.37,73.12 1 1
fb_apu04/handlers/xml_upload.go:75.3,76.57 2 3
fb_apu04/handlers/xml_upload.go:76.57,77.12 1 1
fb_apu04/handlers/xml_upload.go:81.3,82.47 2 2
fb_apu04/handlers/xml_upload.go:82.47,84.4 1 0
fb_apu04/handlers/xml_upload.go:86.3,87.17 2 2
fb_apu04/handlers/xml_upload.go:87.17,89.4 1 0
fb_apu04/handlers/xml_upload.go:90.3,92.17 3 2
fb_apu04/handlers/xml_upload.go:92.17,94.4 1 0
fb_apu04/handlers/xml_upload.go:95.3,95.46 1 2
fb_apu04/handlers/xml_upload.go:95.46,97.4 1 0
fb_apu04/handlers/xml_upload.go:99.3,99.71 1 2
fb_apu04/handlers/xml_upload.go:102.2,102.22 1 5
fb_apu04/handlers/xml_upload.go:111.62,113.16 2 2
fb_apu04/handlers/xml_upload.go:113.16,115.3 1 1
fb_apu04/handlers/xml_upload.go:116.2,121.6 4 1
fb_apu04/handlers/xml_upload.go:121.6,123.20 2 2
fb_apu04/handlers/xml_upload.go:123.20,124.9 1 1
fb_apu04/handlers/xml_upload.go:126.3,126.17 1 1
fb_apu04/handlers/xml_upload.go:126.17,128.4 1 0
fb_apu04/handlers/xml_upload.go:129.3,129.16 1 1
fb_apu04/handlers/xml_upload.go:129.16,130.12 1 0
fb_apu04/handlers/xml_upload.go:133.3,133.39 1 1
fb_apu04/handlers/xml_upload.go:133.39,134.12 1 0
fb_apu04/handlers/xml_upload.go:136.3,137.57 2 1
fb_apu04/handlers/xml_upload.go:137.57,138.12 1 1
fb_apu04/handlers/xml_upload.go:142.3,143.47 2 0
fb_apu04/handlers/xml_upload.go:143.47,145.4 1 0
fb_apu04/handlers/xml_upload.go:147.3,148.17 2 0
fb_apu04/handlers/xml_upload.go:148.17,150.4 1 0
fb_apu04/handlers/xml_upload.go:151.3,151.43 1 0
fb_apu04/handlers/xml_upload.go:151.43,153.4 1 0
fb_apu04/handlers/xml_upload.go:155.3,155.68 1 0
fb_apu04/handlers/xml_upload.go:158.2,158.22 1 1
fb_apu04/handlers/xml_upload.go:172.122,174.2 1 6
fb_apu04/handlers/xml_upload.go:176.122,181.30 4 6
fb_apu04/handlers/xml_upload.go:181.30,183.25 1 16
fb_apu04/handlers/xml_upload.go:183.25,188.4 1 1
fb_apu04/handlers/xml_upload.go:190.3,190.80 1 15
fb_apu04/handlers/xml_upload.go:190.80,197.4 3 14
fb_apu04/handlers/xml_upload.go:197.9,199.4 1 0
fb_apu04/handlers/xml_upload.go:203.2,217.18 3 4
fb_apu04/handlers/xml_upload.go:217.18,219.3 1 0
fb_apu04/handlers/xml_upload.go:220.2,224.40 2 0
fb_apu04/handlers/xml_upload.go:224.40,225.13 1 0
fb_apu04/handlers/xml_upload.go:225.13,226.100 1 0
fb_apu04/handlers/xml_upload.go:226.100,227.87 1 0
fb_apu04/handlers/xml_upload.go:227.87,229.6 1 0
fb_apu04/handlers/xml_upload.go:233.3,233.60 1 0
fb_apu04/handlers/xml_upload.go:233.60,235.4 1 0
fb_apu04/handlers/xml_upload.go:235.9,237.4 1 0
fb_apu04/handlers/xml_upload.go:242.105,247.23 3 15
fb_apu04/handlers/xml_upload.go:247.23,249.3 1 0
fb_apu04/handlers/xml_upload.go:250.2,251.29 2 15
fb_apu04/handlers/xml_upload.go:251.29,253.3 1 15
fb_apu04/handlers/xml_upload.go:254.2,255.96 2 15
fb_apu04/handlers/xml_upload.go:255.96,257.3 1 0
fb_apu04/handlers/xml_upload.go:260.2,260.20 1 15
fb_apu04/handlers/xml_upload.go:260.20,262.3 1 0
fb_apu04/handlers/xml_upload.go:265.2,266.16 2 15
fb_apu04/handlers/xml_upload.go:266.16,268.3 1 11
fb_apu04/handlers/xml_upload.go:270.2,274.32 3 4
fb_apu04/handlers/xml_upload.go:274.32,276.3 1 1
fb_apu04/handlers/xml_upload.go:278.2,279.22 2 3
fb_apu04/handlers/xml_upload.go:279.22,281.3 1 1
fb_apu04/handlers/xml_upload.go:283.2,284.16 2 2
fb_apu04/handlers/xml_upload.go:284.16,286.3 1 1
fb_apu04/handlers/xml_upload.go:287.2,287.23 1 1
fb_apu04/handlers/xml_upload.go:287.23,289.3 1 0
fb_apu04/handlers/xml_upload.go:291.2,292.23 2 1
fb_apu04/handlers/xml_upload.go:292.23,294.3 1 0
fb_apu04/handlers/xml_upload.go:296.2,301.16 5 1
fb_apu04/handlers/xml_upload.go:301.16,303.3 1 0
fb_apu04/handlers/xml_upload.go:304.2,308.14 3 0
fb_apu04/handlers/xml_upload.go:309.18,375.17 2 0
fb_apu04/handlers/xml_upload.go:375.17,377.4 1 0
fb_apu04/handlers/xml_upload.go:378.3,378.23 1 0
fb_apu04/handlers/xml_upload.go:378.23,380.4 1 0
fb_apu04/handlers/xml_upload.go:382.16,384.45 1 0
fb_apu04/handlers/xml_upload.go:384.45,386.4 1 0
fb_apu04/handlers/xml_upload.go:387.3,447.17 2 0
fb_apu04/handlers/xml_upload.go:447.17,449.4 1 0
fb_apu04/handlers/xml_upload.go:450.3,450.23 1 0
fb_apu04/handlers/xml_upload.go:450.23,452.4 1 0
fb_apu04/handlers/xml_upload.go:454.10,455.51 1 0
fb_apu04/handlers/xml_upload.go:459.2,459.44 1 0
fb_apu04/handlers/xml_upload.go:459.44,461.21 2 0
fb_apu04/handlers/xml_upload.go:461.21,463.4 1 0
fb_apu04/handlers/xml_upload.go:466.2,466.36 1 0
fb_apu04/handlers/xml_upload.go:466.36,468.3 1 0
fb_apu04/handlers/xml_upload.go:473.2,473.22 1 0
fb_apu04/handlers/xml_upload.go:473.22,475.3 1 0
fb_apu04/handlers/xml_upload.go:477.2,477.12 1 0
fb_apu04/handlers/xml_upload.go:481.92,483.16 2 0
fb_apu04/handlers/xml_upload.go:483.16,485.3 1 0
fb_apu04/handlers/xml_upload.go:487.2,489.17 3 0
fb_apu04/handlers/xml_upload.go:489.17,491.3 1 0
fb_apu04/handlers/xml_upload.go:493.2,494.22 2 0
fb_apu04/handlers/xml_upload.go:494.22,496.3 1 0
fb_apu04/handlers/xml_upload.go:498.2,499.16 2 0
fb_apu04/handlers/xml_upload.go:499.16,501.3 1 0
fb_apu04/handlers/xml_upload.go:502.2,502.23 1 0
fb_apu04/handlers/xml_upload.go:502.23,504.3 1 0
fb_apu04/handlers/xml_upload.go:506.2,507.22 2 0
fb_apu04/handlers/xml_upload.go:507.22,509.3 1 0
fb_apu04/handlers/xml_upload.go:510.2,511.23 2 0
fb_apu04/handlers/xml_upload.go:511.23,513.3 1 0
fb_apu04/handlers/xml_upload.go:515.2,524.59 6 0
fb_apu04/handlers/xml_upload.go:524.59,527.22 3 0
fb_apu04/handlers/xml_upload.go:527.22,529.4 1 0
fb_apu04/handlers/xml_upload.go:532.2,580.16 2 0
fb_apu04/handlers/xml_upload.go:580.16,582.3 1 0
fb_apu04/handlers/xml_upload.go:586.2,587.12 2 0
fb_apu04/handlers/xml_upload.go:596.52,597.54 1 2
fb_apu04/handlers/xml_upload.go:597.54,600.34 2 2
fb_apu04/handlers/xml_upload.go:600.34,603.4 2 1
fb_apu04/handlers/xml_upload.go:606.3,607.10 2 1
fb_apu04/handlers/xml_upload.go:607.10,610.4 2 1
fb_apu04/handlers/xml_upload.go:611.3,614.17 3 0
fb_apu04/handlers/xml_upload.go:614.17,617.4 2 0
fb_apu04/handlers/xml_upload.go:620.3,620.43 1 0
fb_apu04/handlers/xml_upload.go:620.43,623.4 2 0
fb_apu04/handlers/xml_upload.go:626.3,626.56 1 0
fb_apu04/handlers/xml_upload.go:626.56,629.4 2 0
fb_apu04/handlers/xml_upload.go:632.3,633.63 2 0
fb_apu04/handlers/xml_upload.go:633.63,637.4 3 0
fb_apu04/handlers/xml_upload.go:640.3,641.24 2 0
fb_apu04/handlers/xml_upload.go:641.24,646.23 5 0
fb_apu04/handlers/xml_upload.go:646.23,648.5 1 0
fb_apu04/handlers/xml_upload.go:649.4,649.124 1 0
fb_apu04/handlers/xml_upload.go:649.124,652.5 2 0
fb_apu04/handlers/xml_upload.go:656.3,657.28 2 0
fb_apu04/handlers/xml_upload.go:657.28,660.4 2 0
fb_apu04/handlers/xml_upload.go:662.3,665.36 3 0
fb_apu04/handlers/xml_upload.go:665.36,667.18 2 0
fb_apu04/handlers/xml_upload.go:667.18,670.5 2 0
fb_apu04/handlers/xml_upload.go:672.4,673.38 2 0
fb_apu04/handlers/xml_upload.go:673.38,676.22 2 0
fb_apu04/handlers/xml_upload.go:676.22,680.6 3 0
fb_apu04/handlers/xml_upload.go:681.5,685.23 5 0
fb_apu04/handlers/xml_upload.go:685.23,689.6 3 0
fb_apu04/handlers/xml_upload.go:690.5,690.37 1 0
fb_apu04/handlers/xml_upload.go:690.37,694.6 3 0
fb_apu04/handlers/xml_upload.go:695.5,697.22 3 0
fb_apu04/handlers/xml_upload.go:697.22,699.6 1 0
fb_apu04/handlers/xml_upload.go:699.11,701.6 1 0
fb_apu04/handlers/xml_upload.go:702.5,703.23 2 0
fb_apu04/handlers/xml_upload.go:703.23,707.6 3 0
fb_apu04/handlers/xml_upload.go:708.5,709.46 2 0
fb_apu04/handlers/xml_upload.go:710.10,710.28 1 0
fb_apu04/handlers/xml_upload.go:710.28,713.23 3 0
fb_apu04/handlers/xml_upload.go:713.23,716.6 2 0
fb_apu04/handlers/xml_upload.go:717.5,717.48 1 0
fb_apu04/handlers/xml_upload.go:717.48,720.6 2 0
fb_apu04/handlers/xml_upload.go:721.5,721.78 1 0
fb_apu04/handlers/xml_upload.go:722.10,727.5 4 0
fb_apu04/handlers/xml_upload.go:730.3,730.25 1 0
fb_apu04/handlers/xml_upload.go:730.25,734.4 3 0
fb_apu04/handlers/xml_upload.go:736.3,742.32 4 0
fb_apu04/handlers/xml_upload.go:742.32,744.23 2 0
fb_apu04/handlers/xml_upload.go:744.23,746.5 1 0
fb_apu04/handlers/xml_upload.go:748.4,755.18 3 0
fb_apu04/handlers/xml_upload.go:755.18,759.5 3 0
fb_apu04/handlers/xml_upload.go:760.4,760.14 1 0
fb_apu04/handlers/xml_upload.go:760.14,762.5 1 0
fb_apu04/handlers/xml_upload.go:765.4,765.71 1 0
fb_apu04/handlers/xml_upload.go:765.71,772.21 6 0
fb_apu04/handlers/xml_upload.go:772.21,774.6 1 0
fb_apu04/handlers/xml_upload.go:775.5,783.11 3 0
fb_apu04/handlers/xml_upload.go:787.4,789.29 3 0
fb_apu04/handlers/xml_upload.go:789.29,791.20 2 0
fb_apu04/handlers/xml_upload.go:791.20,792.14 1 0
fb_apu04/handlers/xml_upload.go:794.5,794.22 1 0
fb_apu04/handlers/xml_upload.go:796.4,798.26 2 0
fb_apu04/handlers/xml_upload.go:801.3,807.5 2 0
fb_apu04/handlers/xml_upload.go:825.74,828.33 3 9
fb_apu04/handlers/xml_upload.go:828.33,830.3 1 3
fb_apu04/handlers/xml_upload.go:831.2,831.13 1 6
fb_apu04/handlers/xml_upload.go:832.16,833.30 1 3
fb_apu04/handlers/xml_upload.go:834.11,835.24 1 1
fb_apu04/handlers/xml_upload.go:836.10,837.16 1 2
fb_apu04/handlers/xml_upload.go:839.2,847.20 2 4
fb_apu04/handlers/xml_upload.go:857.78,859.17 2 2
fb_apu04/handlers/xml_upload.go:859.17,861.3 1 2
fb_apu04/handlers/xml_upload.go:862.2,863.16 2 0
fb_apu04/handlers/xml_upload.go:863.16,866.3 2 0
fb_apu04/handlers/xml_upload.go:867.2,867.64 1 0
fb_apu04/handlers/xml_upload.go:867.64,869.3 1 0
fb_apu04/handlers/xml_upload.go:872.61,873.37 1 2
fb_apu04/handlers/xml_upload.go:873.37,875.3 1 1
fb_apu04/handlers/xml_upload.go:876.2,877.40 2 1
fb_apu04/handlers/xml_upload.go:877.40,879.23 2 3
fb_apu04/handlers/xml_upload.go:879.23,881.4 1 1
fb_apu04/handlers/xml_upload.go:882.3,882.40 1 3
fb_apu04/handlers/xml_upload.go:884.2,884.15 1 1
fb_apu04/handlers/xml_upload.go:891.63,892.54 1 2
fb_apu04/handlers/xml_upload.go:892.54,895.33 2 2
fb_apu04/handlers/xml_upload.go:895.33,898.4 2 1
fb_apu04/handlers/xml_upload.go:900.3,901.10 2 1
fb_apu04/handlers/xml_upload.go:901.10,904.4 2 1
fb_apu04/handlers/xml_upload.go:905.3,908.17 3 0
fb_apu04/handlers/xml_upload.go:908.17,911.4 2 0
fb_apu04/handlers/xml_upload.go:914.3,917.20 4 0
fb_apu04/handlers/xml_upload.go:917.20,920.4 2 0
fb_apu04/handlers/xml_upload.go:922.3,943.27 3 0
fb_apu04/handlers/xml_upload.go:943.27,946.4 2 0
fb_apu04/handlers/xml_upload.go:947.3,947.17 1 0
fb_apu04/handlers/xml_upload.go:947.17,951.4 3 0
fb_apu04/handlers/xml_upload.go:953.3,964.24 2 0
fb_apu04/handlers/xml_upload.go:964.24,966.4 1 0
fb_apu04/handlers/xml_upload.go:968.3,968.56 1 0
fb_apu04/handlers/xml_upload.go:968.56,970.4 1 0
fb_apu04/handlers/xml_upload.go:972.3,972.34 1 0
fb_apu04/handlers/xml_upload.go:981.59,982.54 1 2
fb_apu04/handlers/xml_upload.go:982.54,985.33 2 2
fb_apu04/handlers/xml_upload.go:985.33,988.4 2 1
fb_apu04/handlers/xml_upload.go:990.3,991.10 2 1
fb_apu04/handlers/xml_upload.go:991.10,994.4 2 1
fb_apu04/handlers/xml_upload.go:995.3,998.17 3 0
fb_apu04/handlers/xml_upload.go:998.17,1001.4 2 0
fb_apu04/handlers/xml_upload.go:1003.3,1007.78 5 0
fb_apu04/handlers/xml_upload.go:1007.78,1009.4 1 0
fb_apu04/handlers/xml_upload.go:1010.3,1010.68 1 0
fb_apu04/handlers/xml_upload.go:1010.68,1012.4 1 0
fb_apu04/handlers/xml_upload.go:1014.3,1018.103 4 0
fb_apu04/handlers/xml_upload.go:1018.103,1022.4 3 0
fb_apu04/handlers/xml_upload.go:1024.3,1039.17 3 0
fb_apu04/handlers/xml_upload.go:1039.17,1043.4 3 0
fb_apu04/handlers/xml_upload.go:1044.3,1062.19 4 0
fb_apu04/handlers/xml_upload.go:1062.19,1070.18 4 0
fb_apu04/handlers/xml_upload.go:1070.18,1072.13 2 0
fb_apu04/handlers/xml_upload.go:1074.4,1075.25 2 0
fb_apu04/handlers/xml_upload.go:1075.25,1078.5 2 0
fb_apu04/handlers/xml_upload.go:1079.4,1079.26 1 0
fb_apu04/handlers/xml_upload.go:1083.3,1093.5 3 0
