mode: set
fb_apu04/handlers/admin.go:20.33,22.2 1 1
fb_apu04/handlers/admin.go:34.59,35.54 1 1
fb_apu04/handlers/admin.go:35.54,38.36 2 1
fb_apu04/handlers/admin.go:38.36,41.4 2 1
fb_apu04/handlers/admin.go:44.3,45.92 2 1
fb_apu04/handlers/admin.go:45.92,48.4 2 1
fb_apu04/handlers/admin.go:50.3,50.26 1 1
fb_apu04/handlers/admin.go:50.26,53.4 2 1
fb_apu04/handlers/admin.go:55.3,56.10 2 1
fb_apu04/handlers/admin.go:56.10,59.4 2 1
fb_apu04/handlers/admin.go:60.3,66.44 5 0
fb_apu04/handlers/admin.go:66.44,75.4 3 0
fb_apu04/handlers/admin.go:78.3,78.27 1 0
fb_apu04/handlers/admin.go:78.27,81.4 2 0
fb_apu04/handlers/admin.go:82.3,82.32 1 0
fb_apu04/handlers/admin.go:82.32,83.31 1 0
fb_apu04/handlers/admin.go:83.31,86.5 2 0
fb_apu04/handlers/admin.go:90.3,92.32 3 0
fb_apu04/handlers/admin.go:92.32,95.4 2 0
fb_apu04/handlers/admin.go:98.3,98.22 1 0
fb_apu04/handlers/admin.go:98.22,107.29 3 0
fb_apu04/handlers/admin.go:107.29,115.5 3 0
fb_apu04/handlers/admin.go:119.3,119.32 1 0
fb_apu04/handlers/admin.go:119.32,120.19 1 0
fb_apu04/handlers/admin.go:120.19,124.19 2 0
fb_apu04/handlers/admin.go:124.19,125.22 1 0
fb_apu04/handlers/admin.go:125.22,127.50 2 0
fb_apu04/handlers/admin.go:127.50,129.88 2 0
fb_apu04/handlers/admin.go:129.88,131.9 1 0
fb_apu04/handlers/admin.go:134.6,134.18 1 0
fb_apu04/handlers/admin.go:136.5,136.10 1 0
fb_apu04/handlers/admin.go:141.3,143.26 3 0
fb_apu04/handlers/admin.go:143.26,145.27 2 0
fb_apu04/handlers/admin.go:145.27,147.5 1 0
fb_apu04/handlers/admin.go:148.4,149.85 2 0
fb_apu04/handlers/admin.go:149.85,151.5 1 0
fb_apu04/handlers/admin.go:153.4,156.45 2 0
fb_apu04/handlers/admin.go:156.45,158.5 1 0
fb_apu04/handlers/admin.go:162.3,163.17 2 0
fb_apu04/handlers/admin.go:163.17,166.4 2 0
fb_apu04/handlers/admin.go:167.3,170.26 3 0
fb_apu04/handlers/admin.go:170.26,172.27 2 0
fb_apu04/handlers/admin.go:172.27,174.5 1 0
fb_apu04/handlers/admin.go:175.4,176.18 2 0
fb_apu04/handlers/admin.go:176.18,185.5 3 0
fb_apu04/handlers/admin.go:186.4,187.33 2 0
fb_apu04/handlers/admin.go:190.3,190.37 1 0
fb_apu04/handlers/admin.go:190.37,193.4 2 0
fb_apu04/handlers/admin.go:196.3,214.5 4 0
fb_apu04/handlers/admin.go:219.55,220.54 1 1
fb_apu04/handlers/admin.go:220.54,221.34 1 1
fb_apu04/handlers/admin.go:221.34,224.4 2 1
fb_apu04/handlers/admin.go:227.3,228.10 2 0
fb_apu04/handlers/admin.go:228.10,231.4 2 0
fb_apu04/handlers/admin.go:232.3,241.17 5 0
fb_apu04/handlers/admin.go:241.17,244.18 3 0
fb_apu04/handlers/admin.go:244.18,248.5 3 0
fb_apu04/handlers/admin.go:252.3,253.17 2 0
fb_apu04/handlers/admin.go:253.17,256.18 3 0
fb_apu04/handlers/admin.go:256.18,260.5 3 0
fb_apu04/handlers/admin.go:264.3,265.17 2 0
fb_apu04/handlers/admin.go:265.17,268.18 3 0
fb_apu04/handlers/admin.go:268.18,272.5 3 0
fb_apu04/handlers/admin.go:275.3,282.5 4 0
fb_apu04/handlers/admin.go:288.56,289.54 1 1
fb_apu04/handlers/admin.go:289.54,292.36 2 1
fb_apu04/handlers/admin.go:292.36,295.4 2 1
fb_apu04/handlers/admin.go:298.3,299.10 2 0
fb_apu04/handlers/admin.go:299.10,302.4 2 0
fb_apu04/handlers/admin.go:303.3,309.67 5 0
fb_apu04/handlers/admin.go:309.67,320.4 2 0
fb_apu04/handlers/admin.go:325.3,325.22 1 0
fb_apu04/handlers/admin.go:325.22,329.4 2 0
fb_apu04/handlers/admin.go:332.3,335.93 2 0
fb_apu04/handlers/admin.go:335.93,339.4 2 0
fb_apu04/handlers/admin.go:340.3,340.45 1 0
fb_apu04/handlers/admin.go:340.45,344.4 2 0
fb_apu04/handlers/admin.go:347.3,347.40 1 0
fb_apu04/handlers/admin.go:347.40,360.4 3 0
fb_apu04/handlers/admin.go:364.3,365.15 2 0
fb_apu04/handlers/admin.go:365.15,372.4 3 0
fb_apu04/handlers/admin.go:375.3,380.17 3 0
fb_apu04/handlers/admin.go:380.17,395.4 3 0
fb_apu04/handlers/admin.go:398.3,401.17 3 0
fb_apu04/handlers/admin.go:401.17,416.4 3 0
fb_apu04/handlers/admin.go:417.3,430.33 3 0
fb_apu04/handlers/admin.go:430.33,431.39 1 0
fb_apu04/handlers/admin.go:431.39,446.5 3 0
fb_apu04/handlers/admin.go:449.3,449.37 1 0
fb_apu04/handlers/admin.go:449.37,464.4 3 0
fb_apu04/handlers/admin.go:467.3,491.5 5 0
fb_apu04/handlers/admin.go:496.39,497.108 1 0
fb_apu04/handlers/admin.go:497.108,498.71 1 0
fb_apu04/handlers/admin.go:498.71,500.4 1 0
fb_apu04/handlers/admin.go:500.9,502.4 1 0
fb_apu04/handlers/admin.go:519.53,520.54 1 1
fb_apu04/handlers/admin.go:520.54,522.62 2 1
fb_apu04/handlers/admin.go:522.62,525.4 2 1
fb_apu04/handlers/admin.go:527.3,527.66 1 1
fb_apu04/handlers/admin.go:527.66,530.4 2 1
fb_apu04/handlers/admin.go:533.3,534.17 2 0
fb_apu04/handlers/admin.go:534.17,537.4 2 0
fb_apu04/handlers/admin.go:540.3,540.21 1 0
fb_apu04/handlers/admin.go:540.21,542.4 1 0
fb_apu04/handlers/admin.go:545.3,553.17 4 0
fb_apu04/handlers/admin.go:553.17,557.4 3 0
fb_apu04/handlers/admin.go:559.3,559.30 1 0
fb_apu04/handlers/admin.go:559.30,562.18 2 0
fb_apu04/handlers/admin.go:562.18,564.5 1 0
fb_apu04/handlers/admin.go:567.4,567.27 1 0
fb_apu04/handlers/admin.go:567.27,569.19 2 0
fb_apu04/handlers/admin.go:569.19,571.6 1 0
fb_apu04/handlers/admin.go:573.9,577.18 3 0
fb_apu04/handlers/admin.go:577.18,581.22 4 0
fb_apu04/handlers/admin.go:581.22,583.6 1 0
fb_apu04/handlers/admin.go:587.3,588.101 2 0
fb_apu04/handlers/admin.go:610.52,611.54 1 0
fb_apu04/handlers/admin.go:611.54,625.17 2 0
fb_apu04/handlers/admin.go:625.17,629.4 3 0
fb_apu04/handlers/admin.go:630.3,633.19 3 0
fb_apu04/handlers/admin.go:633.19,638.47 2 0
fb_apu04/handlers/admin.go:638.47,640.13 2 0
fb_apu04/handlers/admin.go:642.4,642.28 1 0
fb_apu04/handlers/admin.go:645.3,645.19 1 0
fb_apu04/handlers/admin.go:645.19,647.4 1 0
fb_apu04/handlers/admin.go:649.3,650.35 2 0
fb_apu04/handlers/admin.go:663.54,664.54 1 1
fb_apu04/handlers/admin.go:664.54,666.43 2 1
fb_apu04/handlers/admin.go:666.43,669.4 2 1
fb_apu04/handlers/admin.go:671.3,672.62 2 1
fb_apu04/handlers/admin.go:672.62,675.4 2 1
fb_apu04/handlers/admin.go:678.3,678.64 1 1
fb_apu04/handlers/admin.go:678.64,679.24 1 0
fb_apu04/handlers/admin.go:679.24,682.5 2 0
fb_apu04/handlers/admin.go:683.4,684.18 2 0
fb_apu04/handlers/admin.go:684.18,687.5 2 0
fb_apu04/handlers/admin.go:691.3,691.21 1 1
fb_apu04/handlers/admin.go:691.21,693.18 2 1
fb_apu04/handlers/admin.go:693.18,696.5 2 0
fb_apu04/handlers/admin.go:699.3,699.21 1 0
fb_apu04/handlers/admin.go:699.21,703.18 3 0
fb_apu04/handlers/admin.go:703.18,706.5 2 0
fb_apu04/handlers/admin.go:707.9,707.32 1 0
fb_apu04/handlers/admin.go:707.32,711.18 3 0
fb_apu04/handlers/admin.go:711.18,714.5 2 0
fb_apu04/handlers/admin.go:717.4,717.37 1 0
fb_apu04/handlers/admin.go:717.37,719.5 1 0
fb_apu04/handlers/admin.go:720.4,723.18 3 0
fb_apu04/handlers/admin.go:723.18,726.5 2 0
fb_apu04/handlers/admin.go:729.3,730.87 2 0
fb_apu04/handlers/admin.go:743.55,744.54 1 1
fb_apu04/handlers/admin.go:744.54,745.34 1 1
fb_apu04/handlers/admin.go:745.34,748.4 2 1
fb_apu04/handlers/admin.go:750.3,751.62 2 1
fb_apu04/handlers/admin.go:751.62,754.4 2 1
fb_apu04/handlers/admin.go:756.3,756.50 1 1
fb_apu04/handlers/admin.go:756.50,759.4 2 1
fb_apu04/handlers/admin.go:761.3,762.17 2 0
fb_apu04/handlers/admin.go:762.17,765.4 2 0
fb_apu04/handlers/admin.go:766.3,773.17 3 0
fb_apu04/handlers/admin.go:773.17,775.4 1 0
fb_apu04/handlers/admin.go:778.3,779.17 2 0
fb_apu04/handlers/admin.go:779.17,783.4 3 0
fb_apu04/handlers/admin.go:786.3,786.26 1 0
fb_apu04/handlers/admin.go:786.26,791.4 1 0
fb_apu04/handlers/admin.go:791.9,793.4 1 0
fb_apu04/handlers/admin.go:794.3,794.17 1 0
fb_apu04/handlers/admin.go:794.17,798.4 3 0
fb_apu04/handlers/admin.go:800.3,800.37 1 0
fb_apu04/handlers/admin.go:800.37,803.4 2 0
fb_apu04/handlers/admin.go:805.3,808.90 3 0
fb_apu04/handlers/admin.go:813.53,814.54 1 1
fb_apu04/handlers/admin.go:814.54,816.43 2 1
fb_apu04/handlers/admin.go:816.43,819.4 2 1
fb_apu04/handlers/admin.go:821.3,822.17 2 0
fb_apu04/handlers/admin.go:822.17,825.4 2 0
fb_apu04/handlers/admin.go:827.3,828.87 2 0
fb_apu04/handlers/admin_reset_helpers.go:82.41,83.39 1 1
fb_apu04/handlers/admin_reset_helpers.go:83.39,84.13 1 1
fb_apu04/handlers/admin_reset_helpers.go:84.13,86.4 1 1
fb_apu04/handlers/admin_reset_helpers.go:88.2,88.14 1 1
fb_apu04/handlers/admin_reset_helpers.go:93.25,94.47 1 1
fb_apu04/handlers/admin_reset_helpers.go:94.47,96.3 1 0
fb_apu04/handlers/admin_reset_helpers.go:97.2,97.20 1 1
fb_apu04/handlers/admin_reset_helpers.go:101.71,105.2 3 0
fb_apu04/handlers/admin_reset_helpers.go:109.76,111.16 2 0
fb_apu04/handlers/admin_reset_helpers.go:111.16,113.3 1 0
fb_apu04/handlers/admin_reset_helpers.go:114.2,115.15 2 0
fb_apu04/handlers/admin_reset_helpers.go:115.15,117.3 1 0
fb_apu04/handlers/admin_reset_helpers.go:118.2,119.23 2 0
fb_apu04/handlers/admin_reset_helpers.go:119.23,121.3 1 0
fb_apu04/handlers/admin_reset_helpers.go:122.2,122.26 1 0
fb_apu04/handlers/admin_reset_helpers.go:122.26,123.18 1 0
fb_apu04/handlers/admin_reset_helpers.go:123.18,125.4 1 0
fb_apu04/handlers/admin_reset_helpers.go:127.2,127.29 1 0
fb_apu04/handlers/admin_reset_helpers.go:131.93,133.27 2 1
fb_apu04/handlers/admin_reset_helpers.go:133.27,136.85 2 0
fb_apu04/handlers/admin_reset_helpers.go:136.85,139.12 2 0
fb_apu04/handlers/admin_reset_helpers.go:141.3,141.16 1 0
fb_apu04/handlers/admin_reset_helpers.go:143.2,143.20 1 1
fb_apu04/handlers/admin_reset_helpers.go:148.76,150.15 2 1
fb_apu04/handlers/admin_reset_helpers.go:150.15,152.3 1 1
fb_apu04/handlers/admin_reset_helpers.go:153.2,154.16 2 1
fb_apu04/handlers/admin_reset_helpers.go:154.16,156.3 1 1
fb_apu04/handlers/admin_reset_helpers.go:157.2,159.16 3 1
fb_apu04/handlers/admin_reset_helpers.go:159.16,161.3 1 1
fb_apu04/handlers/admin_reset_helpers.go:162.2,165.18 4 1
fb_apu04/handlers/admin_reset_helpers.go:165.18,167.3 1 1
fb_apu04/handlers/admin_reset_helpers.go:169.2,170.48 2 1
fb_apu04/handlers/admin_reset_helpers.go:170.48,172.3 1 0
fb_apu04/handlers/admin_reset_helpers.go:173.2,184.27 4 1
fb_apu04/handlers/admin_reset_helpers.go:184.27,186.3 1 1
fb_apu04/handlers/admin_reset_helpers.go:188.2,193.34 5 1
fb_apu04/handlers/admin_reset_helpers.go:193.34,197.3 2 1
fb_apu04/handlers/admin_reset_helpers.go:199.2,200.16 2 0
fb_apu04/handlers/admin_reset_helpers.go:200.16,202.3 1 0
fb_apu04/handlers/admin_reset_helpers.go:203.2,203.20 1 0
fb_apu04/handlers/admin_reset_helpers.go:203.20,206.3 2 0
fb_apu04/handlers/admin_reset_helpers.go:207.2,207.21 1 0
fb_apu04/handlers/admin_reset_helpers.go:226.69,229.50 3 0
fb_apu04/handlers/admin_reset_helpers.go:229.50,231.3 1 0
fb_apu04/handlers/admin_reset_helpers.go:232.2,238.16 2 0
fb_apu04/handlers/admin_reset_helpers.go:238.16,240.3 1 0
fb_apu04/handlers/admin_reset_helpers.go:244.40,245.18 1 1
fb_apu04/handlers/admin_reset_helpers.go:245.18,247.3 1 1
fb_apu04/handlers/admin_reset_helpers.go:248.2,249.23 2 1
fb_apu04/handlers/admin_reset_helpers.go:249.23,254.3 3 1
fb_apu04/handlers/admin_reset_helpers.go:255.2,255.46 1 1
fb_apu04/handlers/admin_reset_helpers.go:259.57,260.42 1 1
fb_apu04/handlers/admin_reset_helpers.go:260.42,262.3 1 1
fb_apu04/handlers/admin_reset_helpers.go:263.2,265.14 3 0
fb_apu04/handlers/ai_query.go:29.47,30.37 1 1
fb_apu04/handlers/ai_query.go:30.37,31.29 1 1
fb_apu04/handlers/ai_query.go:31.29,33.4 1 1
fb_apu04/handlers/ai_query.go:35.2,35.12 1 1
fb_apu04/handlers/ai_query.go:55.89,59.26 4 1
fb_apu04/handlers/ai_query.go:59.26,60.23 1 1
fb_apu04/handlers/ai_query.go:60.23,62.4 1 1
fb_apu04/handlers/ai_query.go:64.2,64.32 1 1
fb_apu04/handlers/ai_query.go:69.50,70.54 1 1
fb_apu04/handlers/ai_query.go:70.54,73.34 2 1
fb_apu04/handlers/ai_query.go:73.34,76.4 2 1
fb_apu04/handlers/ai_query.go:78.3,79.10 2 1
fb_apu04/handlers/ai_query.go:79.10,82.4 2 1
fb_apu04/handlers/ai_query.go:83.3,86.17 3 1
fb_apu04/handlers/ai_query.go:86.17,89.4 2 0
fb_apu04/handlers/ai_query.go:91.3,92.103 2 0
fb_apu04/handlers/ai_query.go:92.103,95.4 2 0
fb_apu04/handlers/ai_query.go:97.3,98.30 2 0
fb_apu04/handlers/ai_query.go:98.30,101.4 2 0
fb_apu04/handlers/ai_query.go:104.3,106.17 3 0
fb_apu04/handlers/ai_query.go:106.17,109.4 2 0
fb_apu04/handlers/ai_query.go:112.3,113.17 2 0
fb_apu04/handlers/ai_query.go:113.17,119.4 3 0
fb_apu04/handlers/ai_query.go:122.3,122.59 1 0
fb_apu04/handlers/ai_query.go:122.59,126.4 3 0
fb_apu04/handlers/ai_query.go:130.3,133.46 2 0
fb_apu04/handlers/ai_query.go:133.46,139.4 2 0
fb_apu04/handlers/ai_query.go:142.3,142.60 1 0
fb_apu04/handlers/ai_query.go:142.60,144.4 1 0
fb_apu04/handlers/ai_query.go:147.3,148.17 2 0
fb_apu04/handlers/ai_query.go:148.17,152.4 3 0
fb_apu04/handlers/ai_query.go:153.3,158.19 4 0
fb_apu04/handlers/ai_query.go:158.19,161.24 3 0
fb_apu04/handlers/ai_query.go:161.24,163.5 1 0
fb_apu04/handlers/ai_query.go:164.4,164.45 1 0
fb_apu04/handlers/ai_query.go:164.45,165.13 1 0
fb_apu04/handlers/ai_query.go:167.4,168.29 2 0
fb_apu04/handlers/ai_query.go:168.29,171.38 1 0
fb_apu04/handlers/ai_query.go:171.38,173.6 1 0
fb_apu04/handlers/ai_query.go:173.11,175.6 1 0
fb_apu04/handlers/ai_query.go:177.4,177.40 1 0
fb_apu04/handlers/ai_query.go:180.3,180.24 1 0
fb_apu04/handlers/ai_query.go:180.24,182.4 1 0
fb_apu04/handlers/ai_query.go:184.3,191.5 1 0
fb_apu04/handlers/ai_reports.go:89.79,90.23 1 1
fb_apu04/handlers/ai_reports.go:90.23,92.3 1 1
fb_apu04/handlers/ai_reports.go:93.2,95.28 3 1
fb_apu04/handlers/ai_reports.go:95.28,98.3 2 1
fb_apu04/handlers/ai_reports.go:99.2,99.79 1 1
fb_apu04/handlers/ai_reports.go:104.106,112.40 3 0
fb_apu04/handlers/ai_reports.go:112.40,114.3 1 0
fb_apu04/handlers/ai_reports.go:117.2,129.16 4 0
fb_apu04/handlers/ai_reports.go:129.16,131.3 1 0
fb_apu04/handlers/ai_reports.go:132.2,134.18 2 0
fb_apu04/handlers/ai_reports.go:134.18,136.84 2 0
fb_apu04/handlers/ai_reports.go:136.84,138.4 1 0
fb_apu04/handlers/ai_reports.go:139.3,140.27 2 0
fb_apu04/handlers/ai_reports.go:140.27,143.4 2 0
fb_apu04/handlers/ai_reports.go:143.9,146.4 2 0
fb_apu04/handlers/ai_reports.go:148.2,150.27 3 0
fb_apu04/handlers/ai_reports.go:150.27,152.3 1 0
fb_apu04/handlers/ai_reports.go:155.2,178.16 10 0
fb_apu04/handlers/ai_reports.go:178.16,180.23 2 0
fb_apu04/handlers/ai_reports.go:180.23,183.62 3 0
fb_apu04/handlers/ai_reports.go:183.62,184.26 1 0
fb_apu04/handlers/ai_reports.go:184.26,187.6 2 0
fb_apu04/handlers/ai_reports.go:187.11,190.6 2 0
fb_apu04/handlers/ai_reports.go:194.2,196.35 3 0
fb_apu04/handlers/ai_reports.go:196.35,198.3 1 0
fb_apu04/handlers/ai_reports.go:199.2,220.16 6 0
fb_apu04/handlers/ai_reports.go:220.16,226.21 4 0
fb_apu04/handlers/ai_reports.go:226.21,232.4 4 0
fb_apu04/handlers/ai_reports.go:233.3,236.25 4 0
fb_apu04/handlers/ai_reports.go:236.25,239.68 3 0
fb_apu04/handlers/ai_reports.go:239.68,240.13 1 0
fb_apu04/handlers/ai_reports.go:242.4,244.23 3 0
fb_apu04/handlers/ai_reports.go:244.23,247.5 2 0
fb_apu04/handlers/ai_reports.go:247.10,250.5 2 0
fb_apu04/handlers/ai_reports.go:252.3,254.30 3 0
fb_apu04/handlers/ai_reports.go:254.30,256.4 1 0
fb_apu04/handlers/ai_reports.go:257.3,257.30 1 0
fb_apu04/handlers/ai_reports.go:257.30,259.4 1 0
fb_apu04/handlers/ai_reports.go:263.2,263.33 1 0
fb_apu04/handlers/ai_reports.go:263.33,268.3 4 0
fb_apu04/handlers/ai_reports.go:269.2,269.36 1 0
fb_apu04/handlers/ai_reports.go:269.36,271.3 1 0
fb_apu04/handlers/ai_reports.go:273.2,273.20 1 0
fb_apu04/handlers/ai_reports.go:276.48,279.21 2 1
fb_apu04/handlers/ai_reports.go:279.21,281.3 1 1
fb_apu04/handlers/ai_reports.go:282.2,286.15 5 1
fb_apu04/handlers/ai_reports.go:286.15,289.3 2 1
fb_apu04/handlers/ai_reports.go:290.2,290.46 1 1
fb_apu04/handlers/ai_reports.go:293.65,311.33 16 1
fb_apu04/handlers/ai_reports.go:311.33,317.45 6 1
fb_apu04/handlers/ai_reports.go:317.45,320.4 2 1
fb_apu04/handlers/ai_reports.go:323.2,323.36 1 1
fb_apu04/handlers/ai_reports.go:323.36,326.36 3 1
fb_apu04/handlers/ai_reports.go:326.36,328.4 1 1
fb_apu04/handlers/ai_reports.go:329.3,331.126 3 1
fb_apu04/handlers/ai_reports.go:334.2,334.31 1 1
fb_apu04/handlers/ai_reports.go:334.31,336.39 2 1
fb_apu04/handlers/ai_reports.go:336.39,338.4 1 1
fb_apu04/handlers/ai_reports.go:341.2,345.20 4 1
fb_apu04/handlers/ai_reports.go:394.62,397.54 2 1
fb_apu04/handlers/ai_reports.go:397.54,402.10 4 1
fb_apu04/handlers/ai_reports.go:402.10,405.4 2 1
fb_apu04/handlers/ai_reports.go:406.3,409.17 3 1
fb_apu04/handlers/ai_reports.go:409.17,412.4 2 0
fb_apu04/handlers/ai_reports.go:414.3,415.20 2 0
fb_apu04/handlers/ai_reports.go:415.20,419.4 2 0
fb_apu04/handlers/ai_reports.go:422.3,426.51 3 0
fb_apu04/handlers/ai_reports.go:426.51,427.45 1 0
fb_apu04/handlers/ai_reports.go:427.45,428.43 1 0
fb_apu04/handlers/ai_reports.go:428.43,430.6 1 0
fb_apu04/handlers/ai_reports.go:435.3,439.18 4 0
fb_apu04/handlers/ai_reports.go:439.18,447.4 1 0
fb_apu04/handlers/ai_reports.go:450.3,450.42 1 0
fb_apu04/handlers/ai_reports.go:450.42,452.18 2 0
fb_apu04/handlers/ai_reports.go:452.18,455.5 2 0
fb_apu04/handlers/ai_reports.go:457.4,465.10 3 0
fb_apu04/handlers/ai_reports.go:470.3,471.17 2 0
fb_apu04/handlers/ai_reports.go:471.17,474.4 2 0
fb_apu04/handlers/ai_reports.go:476.3,483.64 2 0
fb_apu04/handlers/ai_reports.go:483.64,487.4 3 0
fb_apu04/handlers/ai_reports.go:491.3,491.43 1 0
fb_apu04/handlers/ai_reports.go:491.43,492.38 1 0
fb_apu04/handlers/ai_reports.go:492.38,494.5 1 0
fb_apu04/handlers/ai_reports.go:495.4,495.14 1 0
fb_apu04/handlers/ai_reports.go:495.14,502.23 4 0
fb_apu04/handlers/ai_reports.go:502.23,504.6 1 0
fb_apu04/handlers/ai_reports.go:506.5,508.22 3 0
fb_apu04/handlers/ai_reports.go:508.22,510.22 2 0
fb_apu04/handlers/ai_reports.go:510.22,512.37 2 0
fb_apu04/handlers/ai_reports.go:512.37,514.8 1 0
fb_apu04/handlers/ai_reports.go:517.5,517.27 1 0
fb_apu04/handlers/ai_reports.go:517.27,520.6 2 0
fb_apu04/handlers/ai_reports.go:521.5,522.32 2 0
fb_apu04/handlers/ai_reports.go:522.32,524.6 1 0
fb_apu04/handlers/ai_reports.go:526.5,528.21 3 0
fb_apu04/handlers/ai_reports.go:528.21,528.39 1 0
fb_apu04/handlers/ai_reports.go:529.5,529.21 1 0
fb_apu04/handlers/ai_reports.go:529.21,529.38 1 0
fb_apu04/handlers/ai_reports.go:530.5,562.24 10 0
fb_apu04/handlers/ai_reports.go:562.24,564.6 1 0
fb_apu04/handlers/ai_reports.go:564.11,566.6 1 0
fb_apu04/handlers/ai_reports.go:571.3,571.49 1 0
fb_apu04/handlers/ai_reports.go:571.49,577.4 5 0
fb_apu04/handlers/ai_reports.go:579.3,582.17 3 0
fb_apu04/handlers/ai_reports.go:582.17,591.50 4 0
fb_apu04/handlers/ai_reports.go:591.50,595.5 3 0
fb_apu04/handlers/ai_reports.go:595.10,597.5 1 0
fb_apu04/handlers/ai_reports.go:598.4,600.10 3 0
fb_apu04/handlers/ai_reports.go:603.3,606.38 4 0
fb_apu04/handlers/ai_reports.go:611.53,630.2 3 1
fb_apu04/handlers/ai_reports.go:633.58,636.54 2 1
fb_apu04/handlers/ai_reports.go:636.54,641.10 4 1
fb_apu04/handlers/ai_reports.go:641.10,644.4 2 1
fb_apu04/handlers/ai_reports.go:645.3,648.17 3 1
fb_apu04/handlers/ai_reports.go:648.17,651.4 2 0
fb_apu04/handlers/ai_reports.go:654.3,655.90 2 0
fb_apu04/handlers/ai_reports.go:655.90,661.4 5 0
fb_apu04/handlers/ai_reports.go:662.3,673.34 4 0
fb_apu04/handlers/ai_reports.go:673.34,681.4 2 0
fb_apu04/handlers/ai_reports.go:683.3,684.17 2 0
fb_apu04/handlers/ai_reports.go:684.17,687.4 2 0
fb_apu04/handlers/ai_reports.go:690.3,690.49 1 0
fb_apu04/handlers/ai_reports.go:690.49,697.4 6 0
fb_apu04/handlers/ai_reports.go:699.3,701.17 3 0
fb_apu04/handlers/ai_reports.go:701.17,709.4 7 0
fb_apu04/handlers/ai_reports.go:712.3,715.21 4 0
fb_apu04/handlers/ai_reports.go:715.21,717.55 2 0
fb_apu04/handlers/ai_reports.go:717.55,719.5 1 0
fb_apu04/handlers/ai_reports.go:722.3,727.34 5 0
fb_apu04/handlers/ai_reports.go:732.55,747.31 12 1
fb_apu04/handlers/ai_reports.go:747.31,750.17 3 1
fb_apu04/handlers/ai_reports.go:750.17,752.4 1 1
fb_apu04/handlers/ai_reports.go:753.3,753.136 1 1
fb_apu04/handlers/ai_reports.go:756.2,757.20 2 1
fb_apu04/handlers/ai_reports.go:761.62,763.31 1 1
fb_apu04/handlers/ai_reports.go:763.31,765.28 2 1
fb_apu04/handlers/ai_reports.go:765.28,768.18 3 1
fb_apu04/handlers/ai_reports.go:768.18,771.5 2 1
fb_apu04/handlers/ai_reports.go:771.10,773.5 1 1
fb_apu04/handlers/ai_reports.go:774.4,778.5 1 1
fb_apu04/handlers/ai_reports.go:783.2,783.22 1 1
fb_apu04/handlers/ai_reports.go:783.22,789.3 1 1
fb_apu04/handlers/ai_reports.go:792.2,795.3 1 1
fb_apu04/handlers/ai_reports.go:798.38,800.16 1 1
fb_apu04/handlers/ai_reports.go:800.16,802.3 1 1
fb_apu04/handlers/ai_reports.go:803.2,804.14 2 1
fb_apu04/handlers/ai_reports.go:804.14,806.3 1 1
fb_apu04/handlers/ai_reports.go:807.2,813.38 5 1
fb_apu04/handlers/ai_reports.go:813.38,815.16 2 1
fb_apu04/handlers/ai_reports.go:815.16,817.4 1 1
fb_apu04/handlers/ai_reports.go:818.3,818.54 1 1
fb_apu04/handlers/ai_reports.go:820.2,821.14 2 1
fb_apu04/handlers/ai_reports.go:821.14,823.3 1 1
fb_apu04/handlers/ai_reports.go:824.2,824.15 1 1
fb_apu04/handlers/ai_reports.go:828.62,829.54 1 1
fb_apu04/handlers/ai_reports.go:829.54,834.10 4 1
fb_apu04/handlers/ai_reports.go:834.10,837.4 2 1
fb_apu04/handlers/ai_reports.go:838.3,841.17 3 1
fb_apu04/handlers/ai_reports.go:841.17,844.4 2 0
fb_apu04/handlers/ai_reports.go:846.3,852.17 2 0
fb_apu04/handlers/ai_reports.go:852.17,855.4 2 0
fb_apu04/handlers/ai_reports.go:856.3,859.19 3 0
fb_apu04/handlers/ai_reports.go:859.19,861.40 2 0
fb_apu04/handlers/ai_reports.go:861.40,863.5 1 0
fb_apu04/handlers/ai_reports.go:866.3,868.29 1 0
fb_apu04/handlers/ai_reports.go:868.29,868.51 1 0
fb_apu04/handlers/ai_reports.go:868.51,868.72 1 0
fb_apu04/handlers/ai_reports.go:868.74,868.83 1 0
fb_apu04/handlers/ai_reports.go:886.61,887.54 1 1
fb_apu04/handlers/ai_reports.go:887.54,892.10 4 1
fb_apu04/handlers/ai_reports.go:892.10,895.4 2 1
fb_apu04/handlers/ai_reports.go:896.3,899.17 3 1
fb_apu04/handlers/ai_reports.go:899.17,902.4 2 0
fb_apu04/handlers/ai_reports.go:904.3,911.17 2 0
fb_apu04/handlers/ai_reports.go:911.17,914.4 2 0
fb_apu04/handlers/ai_reports.go:915.3,918.19 3 0
fb_apu04/handlers/ai_reports.go:918.19,920.141 2 0
fb_apu04/handlers/ai_reports.go:920.141,923.5 2 0
fb_apu04/handlers/ai_reports.go:924.4,924.32 1 0
fb_apu04/handlers/ai_reports.go:927.3,930.5 1 0
fb_apu04/handlers/ai_reports.go:935.59,936.54 1 1
fb_apu04/handlers/ai_reports.go:936.54,941.10 4 1
fb_apu04/handlers/ai_reports.go:941.10,944.4 2 1
fb_apu04/handlers/ai_reports.go:945.3,948.17 3 1
fb_apu04/handlers/ai_reports.go:948.17,951.4 2 0
fb_apu04/handlers/ai_reports.go:954.3,956.39 3 0
fb_apu04/handlers/ai_reports.go:956.39,958.4 1 0
fb_apu04/handlers/ai_reports.go:959.3,959.21 1 0
fb_apu04/handlers/ai_reports.go:959.21,962.4 2 0
fb_apu04/handlers/ai_reports.go:965.3,971.27 3 0
fb_apu04/handlers/ai_reports.go:971.27,974.4 2 0
fb_apu04/handlers/ai_reports.go:975.3,975.17 1 0
fb_apu04/handlers/ai_reports.go:975.17,978.4 2 0
fb_apu04/handlers/ai_reports.go:980.3,980.36 1 0
fb_apu04/handlers/apuracao_painel.go:52.57,53.54 1 1
fb_apu04/handlers/apuracao_painel.go:53.54,56.33 2 1
fb_apu04/handlers/apuracao_painel.go:56.33,59.4 2 1
fb_apu04/handlers/apuracao_painel.go:61.3,62.10 2 1
fb_apu04/handlers/apuracao_painel.go:62.10,65.4 2 1
fb_apu04/handlers/apuracao_painel.go:66.3,69.17 3 1
fb_apu04/handlers/apuracao_painel.go:69.17,72.4 2 0
fb_apu04/handlers/apuracao_painel.go:75.3,84.17 2 0
fb_apu04/handlers/apuracao_painel.go:84.17,87.4 2 0
fb_apu04/handlers/apuracao_painel.go:88.3,91.19 3 0
fb_apu04/handlers/apuracao_painel.go:91.19,93.40 2 0
fb_apu04/handlers/apuracao_painel.go:93.40,95.5 1 0
fb_apu04/handlers/apuracao_painel.go:97.3,97.19 1 0
fb_apu04/handlers/apuracao_painel.go:97.19,99.4 1 0
fb_apu04/handlers/apuracao_painel.go:102.3,103.37 2 0
fb_apu04/handlers/apuracao_painel.go:103.37,105.4 1 0
fb_apu04/handlers/apuracao_painel.go:107.3,111.19 4 0
fb_apu04/handlers/apuracao_painel.go:111.19,116.4 3 0
fb_apu04/handlers/apuracao_painel.go:119.3,131.41 4 0
fb_apu04/handlers/apuracao_painel.go:131.41,134.4 2 0
fb_apu04/handlers/apuracao_painel.go:137.3,149.41 4 0
fb_apu04/handlers/apuracao_painel.go:149.41,152.4 2 0
fb_apu04/handlers/apuracao_painel.go:155.3,165.41 4 0
fb_apu04/handlers/apuracao_painel.go:165.41,168.4 2 0
fb_apu04/handlers/apuracao_painel.go:171.3,197.34 4 0
fb_apu04/handlers/auth.go:64.28,66.18 2 1
fb_apu04/handlers/auth.go:66.18,68.3 1 1
fb_apu04/handlers/auth.go:69.2,69.23 1 1
fb_apu04/handlers/auth.go:73.26,74.35 1 1
fb_apu04/handlers/auth.go:74.35,75.38 1 1
fb_apu04/handlers/auth.go:75.38,77.4 1 0
fb_apu04/handlers/auth.go:78.3,78.97 1 1
fb_apu04/handlers/auth.go:95.13,97.12 1 1
fb_apu04/handlers/auth.go:97.12,99.22 2 1
fb_apu04/handlers/auth.go:99.22,101.56 2 0
fb_apu04/handlers/auth.go:101.56,102.68 1 0
fb_apu04/handlers/auth.go:102.68,104.6 1 0
fb_apu04/handlers/auth.go:105.5,105.16 1 0
fb_apu04/handlers/auth.go:107.4,107.53 1 0
fb_apu04/handlers/auth.go:107.53,108.55 1 0
fb_apu04/handlers/auth.go:108.55,110.6 1 0
fb_apu04/handlers/auth.go:111.5,111.16 1 0
fb_apu04/handlers/auth.go:119.42,120.40 1 1
fb_apu04/handlers/auth.go:120.40,122.3 1 1
fb_apu04/handlers/auth.go:123.2,123.17 1 1
fb_apu04/handlers/auth.go:126.52,129.2 2 1
fb_apu04/handlers/auth.go:131.52,134.2 2 1
fb_apu04/handlers/auth.go:136.57,144.2 3 1
fb_apu04/handlers/auth.go:146.42,150.2 3 1
fb_apu04/handlers/auth.go:152.43,155.2 1 1
fb_apu04/handlers/auth.go:157.77,167.2 1 1
fb_apu04/handlers/auth.go:169.65,179.2 1 1
fb_apu04/handlers/auth.go:184.48,185.54 1 1
fb_apu04/handlers/auth.go:185.54,187.10 2 1
fb_apu04/handlers/auth.go:187.10,190.4 2 1
fb_apu04/handlers/auth.go:191.3,199.17 4 1
fb_apu04/handlers/auth.go:199.17,202.4 2 0
fb_apu04/handlers/auth.go:204.3,205.34 2 0
fb_apu04/handlers/auth.go:209.82,210.54 1 1
fb_apu04/handlers/auth.go:210.54,212.23 2 1
fb_apu04/handlers/auth.go:212.23,215.4 2 1
fb_apu04/handlers/auth.go:217.3,218.57 2 1
fb_apu04/handlers/auth.go:218.57,220.4 1 1
fb_apu04/handlers/auth.go:220.9,223.4 2 1
fb_apu04/handlers/auth.go:226.3,226.62 1 1
fb_apu04/handlers/auth.go:226.62,229.4 2 1
fb_apu04/handlers/auth.go:231.3,231.84 1 1
fb_apu04/handlers/auth.go:231.84,233.4 1 1
fb_apu04/handlers/auth.go:235.3,235.33 1 1
fb_apu04/handlers/auth.go:235.33,238.4 2 1
fb_apu04/handlers/auth.go:240.3,241.26 2 1
fb_apu04/handlers/auth.go:241.26,244.4 2 0
fb_apu04/handlers/auth.go:247.3,248.10 2 1
fb_apu04/handlers/auth.go:248.10,251.4 2 0
fb_apu04/handlers/auth.go:253.3,253.76 1 1
fb_apu04/handlers/auth.go:253.76,256.4 2 1
fb_apu04/handlers/auth.go:258.3,259.30 2 1
fb_apu04/handlers/auth.go:263.51,265.9 2 1
fb_apu04/handlers/auth.go:265.9,267.3 1 1
fb_apu04/handlers/auth.go:268.2,269.9 2 1
fb_apu04/handlers/auth.go:269.9,271.3 1 1
fb_apu04/handlers/auth.go:272.2,272.15 1 1
fb_apu04/handlers/auth.go:276.91,280.30 3 1
fb_apu04/handlers/auth.go:280.30,293.27 3 0
fb_apu04/handlers/auth.go:293.27,295.4 1 0
fb_apu04/handlers/auth.go:296.3,296.120 1 0
fb_apu04/handlers/auth.go:299.2,309.16 3 1
fb_apu04/handlers/auth.go:309.16,311.3 1 0
fb_apu04/handlers/auth.go:313.2,313.26 1 0
fb_apu04/handlers/auth.go:313.26,315.3 1 0
fb_apu04/handlers/auth.go:317.2,329.16 2 0
fb_apu04/handlers/auth.go:329.16,331.3 1 0
fb_apu04/handlers/auth.go:333.2,333.23 1 0
fb_apu04/handlers/auth.go:337.66,339.2 1 1
fb_apu04/handlers/auth.go:351.59,352.54 1 1
fb_apu04/handlers/auth.go:352.54,354.19 2 1
fb_apu04/handlers/auth.go:354.19,357.4 2 1
fb_apu04/handlers/auth.go:359.3,374.17 2 1
fb_apu04/handlers/auth.go:374.17,378.4 3 0
fb_apu04/handlers/auth.go:379.3,382.19 3 0
fb_apu04/handlers/auth.go:382.19,384.104 2 0
fb_apu04/handlers/auth.go:384.104,385.13 1 0
fb_apu04/handlers/auth.go:387.4,387.36 1 0
fb_apu04/handlers/auth.go:390.3,391.39 2 0
fb_apu04/handlers/auth.go:395.51,396.54 1 1
fb_apu04/handlers/auth.go:396.54,398.40 1 1
fb_apu04/handlers/auth.go:398.40,403.4 4 1
fb_apu04/handlers/auth.go:405.3,406.62 2 1
fb_apu04/handlers/auth.go:406.62,409.4 2 1
fb_apu04/handlers/auth.go:411.3,411.91 1 1
fb_apu04/handlers/auth.go:411.91,414.4 2 1
fb_apu04/handlers/auth.go:416.3,416.28 1 1
fb_apu04/handlers/auth.go:416.28,419.4 2 1
fb_apu04/handlers/auth.go:422.3,423.17 2 1
fb_apu04/handlers/auth.go:423.17,427.4 3 0
fb_apu04/handlers/auth.go:430.3,431.17 2 1
fb_apu04/handlers/auth.go:431.17,435.4 3 0
fb_apu04/handlers/auth.go:436.3,448.17 6 0
fb_apu04/handlers/auth.go:448.17,455.4 6 0
fb_apu04/handlers/auth.go:458.3,462.17 4 0
fb_apu04/handlers/auth.go:462.17,467.4 4 0
fb_apu04/handlers/auth.go:469.3,471.17 3 0
fb_apu04/handlers/auth.go:471.17,476.4 4 0
fb_apu04/handlers/auth.go:479.3,480.17 2 0
fb_apu04/handlers/auth.go:480.17,484.4 3 0
fb_apu04/handlers/auth.go:487.3,493.17 3 0
fb_apu04/handlers/auth.go:493.17,497.4 3 0
fb_apu04/handlers/auth.go:499.3,499.37 1 0
fb_apu04/handlers/auth.go:499.37,503.4 3 0
fb_apu04/handlers/auth.go:506.3,533.5 6 0
fb_apu04/handlers/auth.go:537.48,538.54 1 1
fb_apu04/handlers/auth.go:538.54,541.62 3 1
fb_apu04/handlers/auth.go:541.62,544.4 2 1
fb_apu04/handlers/auth.go:546.3,549.28 2 1
fb_apu04/handlers/auth.go:549.28,554.4 4 1
fb_apu04/handlers/auth.go:556.3,566.27 5 1
fb_apu04/handlers/auth.go:566.27,573.4 6 0
fb_apu04/handlers/auth.go:573.9,573.24 1 0
fb_apu04/handlers/auth.go:573.24,579.4 5 0
fb_apu04/handlers/auth.go:581.3,581.45 1 0
fb_apu04/handlers/auth.go:581.45,588.4 6 0
fb_apu04/handlers/auth.go:590.3,590.66 1 0
fb_apu04/handlers/auth.go:590.66,596.4 5 0
fb_apu04/handlers/auth.go:599.3,603.17 3 0
fb_apu04/handlers/auth.go:603.17,607.4 3 0
fb_apu04/handlers/auth.go:610.3,635.27 8 0
fb_apu04/handlers/auth.go:635.27,650.4 2 0
fb_apu04/handlers/auth.go:652.3,652.27 1 0
fb_apu04/handlers/auth.go:652.27,657.31 4 0
fb_apu04/handlers/auth.go:657.31,659.5 1 0
fb_apu04/handlers/auth.go:661.4,661.21 1 0
fb_apu04/handlers/auth.go:661.21,667.5 5 0
fb_apu04/handlers/auth.go:667.10,670.34 3 0
fb_apu04/handlers/auth.go:670.34,672.6 1 0
fb_apu04/handlers/auth.go:674.5,674.24 1 0
fb_apu04/handlers/auth.go:674.24,679.6 4 0
fb_apu04/handlers/auth.go:679.11,683.29 3 0
fb_apu04/handlers/auth.go:683.29,685.7 1 0
fb_apu04/handlers/auth.go:687.6,693.24 2 0
fb_apu04/handlers/auth.go:693.24,697.7 3 0
fb_apu04/handlers/auth.go:697.12,699.7 1 0
fb_apu04/handlers/auth.go:702.4,702.13 1 0
fb_apu04/handlers/auth.go:704.9,704.24 1 0
fb_apu04/handlers/auth.go:704.24,710.4 5 0
fb_apu04/handlers/auth.go:712.3,723.5 3 0
fb_apu04/handlers/auth.go:731.57,732.54 1 1
fb_apu04/handlers/auth.go:732.54,734.62 2 1
fb_apu04/handlers/auth.go:734.62,739.4 4 1
fb_apu04/handlers/auth.go:742.3,742.41 1 1
fb_apu04/handlers/auth.go:742.41,747.4 4 1
fb_apu04/handlers/auth.go:749.3,751.27 3 1
fb_apu04/handlers/auth.go:751.27,758.4 3 0
fb_apu04/handlers/auth.go:758.9,758.24 1 0
fb_apu04/handlers/auth.go:758.24,763.4 4 0
fb_apu04/handlers/auth.go:766.3,773.17 6 0
fb_apu04/handlers/auth.go:773.17,778.4 4 0
fb_apu04/handlers/auth.go:780.3,781.17 2 0
fb_apu04/handlers/auth.go:781.17,787.4 5 0
fb_apu04/handlers/auth.go:789.3,792.5 2 0
fb_apu04/handlers/auth.go:802.56,803.54 1 1
fb_apu04/handlers/auth.go:803.54,805.62 2 1
fb_apu04/handlers/auth.go:805.62,810.4 4 1
fb_apu04/handlers/auth.go:812.3,812.42 1 1
fb_apu04/handlers/auth.go:812.42,817.4 4 1
fb_apu04/handlers/auth.go:819.3,819.28 1 1
fb_apu04/handlers/auth.go:819.28,824.4 4 1
fb_apu04/handlers/auth.go:826.3,836.27 5 1
fb_apu04/handlers/auth.go:836.27,841.4 4 0
fb_apu04/handlers/auth.go:841.9,841.24 1 0
fb_apu04/handlers/auth.go:841.24,847.4 5 0
fb_apu04/handlers/auth.go:849.3,849.36 1 0
fb_apu04/handlers/auth.go:849.36,854.4 4 0
fb_apu04/handlers/auth.go:856.3,856.34 1 0
fb_apu04/handlers/auth.go:856.34,861.4 4 0
fb_apu04/handlers/auth.go:863.3,864.17 2 0
fb_apu04/handlers/auth.go:864.17,870.4 5 0
fb_apu04/handlers/auth.go:872.3,873.17 2 0
fb_apu04/handlers/auth.go:873.17,879.4 5 0
fb_apu04/handlers/auth.go:880.3,883.17 3 0
fb_apu04/handlers/auth.go:883.17,889.4 5 0
fb_apu04/handlers/auth.go:891.3,892.17 2 0
fb_apu04/handlers/auth.go:892.17,894.4 1 0
fb_apu04/handlers/auth.go:896.3,896.37 1 0
fb_apu04/handlers/auth.go:896.37,902.4 5 0
fb_apu04/handlers/auth.go:904.3,909.5 3 0
fb_apu04/handlers/auth.go:914.57,915.54 1 1
fb_apu04/handlers/auth.go:915.54,919.10 3 1
fb_apu04/handlers/auth.go:919.10,923.4 3 1
fb_apu04/handlers/auth.go:924.3,930.62 3 1
fb_apu04/handlers/auth.go:930.62,934.4 3 1
fb_apu04/handlers/auth.go:936.3,936.31 1 1
fb_apu04/handlers/auth.go:936.31,940.4 3 1
fb_apu04/handlers/auth.go:942.3,944.17 3 1
fb_apu04/handlers/auth.go:944.17,948.4 3 0
fb_apu04/handlers/auth.go:950.3,950.52 1 0
fb_apu04/handlers/auth.go:950.52,954.4 3 0
fb_apu04/handlers/auth.go:956.3,957.17 2 0
fb_apu04/handlers/auth.go:957.17,961.4 3 0
fb_apu04/handlers/auth.go:963.3,964.17 2 0
fb_apu04/handlers/auth.go:964.17,968.4 3 0
fb_apu04/handlers/auth.go:970.3,971.88 2 0
fb_apu04/handlers/auth.go:976.50,977.54 1 1
fb_apu04/handlers/auth.go:977.54,978.34 1 1
fb_apu04/handlers/auth.go:978.34,981.4 2 1
fb_apu04/handlers/auth.go:983.3,984.17 2 1
fb_apu04/handlers/auth.go:984.17,987.4 2 1
fb_apu04/handlers/auth.go:989.3,990.10 2 0
fb_apu04/handlers/auth.go:990.10,993.4 2 0
fb_apu04/handlers/auth.go:995.3,996.39 2 0
fb_apu04/handlers/auth.go:996.39,1001.4 4 0
fb_apu04/handlers/auth.go:1004.3,1015.17 6 0
fb_apu04/handlers/auth.go:1015.17,1018.4 2 0
fb_apu04/handlers/auth.go:1020.3,1021.69 2 0
fb_apu04/handlers/auth.go:1026.49,1027.54 1 1
fb_apu04/handlers/auth.go:1027.54,1028.34 1 1
fb_apu04/handlers/auth.go:1028.34,1031.4 2 1
fb_apu04/handlers/auth.go:1034.3,1035.57 2 1
fb_apu04/handlers/auth.go:1035.57,1037.77 2 0
fb_apu04/handlers/auth.go:1037.77,1039.5 1 0
fb_apu04/handlers/auth.go:1040.4,1040.18 1 0
fb_apu04/handlers/auth.go:1040.18,1041.53 1 0
fb_apu04/handlers/auth.go:1041.53,1042.48 1 0
fb_apu04/handlers/auth.go:1042.48,1044.7 1 0
fb_apu04/handlers/auth.go:1050.3,1050.59 1 1
fb_apu04/handlers/auth.go:1050.59,1052.4 1 0
fb_apu04/handlers/auth.go:1054.3,1056.91 3 1
fb_apu04/handlers/cfop.go:18.52,19.54 1 1
fb_apu04/handlers/cfop.go:19.54,24.17 4 0
fb_apu04/handlers/cfop.go:24.17,27.4 2 0
fb_apu04/handlers/cfop.go:28.3,31.19 3 0
fb_apu04/handlers/cfop.go:31.19,33.72 2 0
fb_apu04/handlers/cfop.go:33.72,36.5 2 0
fb_apu04/handlers/cfop.go:37.4,37.28 1 0
fb_apu04/handlers/cfop.go:40.3,40.19 1 0
fb_apu04/handlers/cfop.go:40.19,42.4 1 0
fb_apu04/handlers/cfop.go:44.3,44.35 1 0
fb_apu04/handlers/cfop.go:48.54,49.54 1 1
fb_apu04/handlers/cfop.go:49.54,52.28 2 1
fb_apu04/handlers/cfop.go:52.28,55.4 2 1
fb_apu04/handlers/cfop.go:57.3,57.25 1 1
fb_apu04/handlers/cfop.go:57.25,60.4 2 1
fb_apu04/handlers/cfop.go:62.3,63.17 2 1
fb_apu04/handlers/cfop.go:63.17,66.4 2 1
fb_apu04/handlers/cfop.go:67.3,74.36 4 0
fb_apu04/handlers/cfop.go:74.36,75.42 1 0
fb_apu04/handlers/cfop.go:75.42,77.5 1 0
fb_apu04/handlers/cfop.go:78.4,85.76 5 0
fb_apu04/handlers/cfop.go:85.76,86.43 1 0
fb_apu04/handlers/cfop.go:86.43,88.6 1 0
fb_apu04/handlers/cfop.go:89.5,92.10 4 0
fb_apu04/handlers/cfop.go:97.3,97.20 1 0
fb_apu04/handlers/cfop.go:97.20,98.42 1 0
fb_apu04/handlers/cfop.go:98.42,100.5 1 0
fb_apu04/handlers/cfop.go:101.4,103.28 3 0
fb_apu04/handlers/cfop.go:106.3,107.17 2 0
fb_apu04/handlers/cfop.go:107.17,110.4 2 0
fb_apu04/handlers/cfop.go:113.3,118.17 2 0
fb_apu04/handlers/cfop.go:118.17,122.4 3 0
fb_apu04/handlers/cfop.go:124.3,125.17 2 0
fb_apu04/handlers/cfop.go:125.17,129.4 3 0
fb_apu04/handlers/cfop.go:130.3,132.7 2 0
fb_apu04/handlers/cfop.go:132.7,134.21 2 0
fb_apu04/handlers/cfop.go:134.21,135.10 1 0
fb_apu04/handlers/cfop.go:137.4,137.18 1 0
fb_apu04/handlers/cfop.go:137.18,141.5 3 0
fb_apu04/handlers/cfop.go:143.4,143.23 1 0
fb_apu04/handlers/cfop.go:143.23,144.13 1 0
fb_apu04/handlers/cfop.go:148.4,148.44 1 0
fb_apu04/handlers/cfop.go:148.44,149.13 1 0
fb_apu04/handlers/cfop.go:152.4,162.24 7 0
fb_apu04/handlers/cfop.go:162.24,164.5 1 0
fb_apu04/handlers/cfop.go:167.4,167.21 1 0
fb_apu04/handlers/cfop.go:167.21,171.5 3 0
fb_apu04/handlers/cfop.go:173.4,174.18 2 0
fb_apu04/handlers/cfop.go:174.18,178.5 3 0
fb_apu04/handlers/cfop.go:181.3,181.37 1 0
fb_apu04/handlers/cfop.go:181.37,184.4 2 0
fb_apu04/handlers/cfop.go:186.3,187.79 2 0
fb_apu04/handlers/config.go:18.54,19.54 1 1
fb_apu04/handlers/config.go:19.54,30.17 5 0
fb_apu04/handlers/config.go:30.17,33.4 2 0
fb_apu04/handlers/config.go:34.3,37.19 3 0
fb_apu04/handlers/config.go:37.19,39.128 2 0
fb_apu04/handlers/config.go:39.128,42.5 2 0
fb_apu04/handlers/config.go:43.4,43.28 1 0
fb_apu04/handlers/config.go:46.3,46.35 1 0
fb_apu04/handlers/creditos_perdidos.go:93.59,94.54 1 1
fb_apu04/handlers/creditos_perdidos.go:94.54,97.33 2 1
fb_apu04/handlers/creditos_perdidos.go:97.33,100.4 2 1
fb_apu04/handlers/creditos_perdidos.go:102.3,103.10 2 1
fb_apu04/handlers/creditos_perdidos.go:103.10,106.4 2 1
fb_apu04/handlers/creditos_perdidos.go:107.3,110.17 3 0
fb_apu04/handlers/creditos_perdidos.go:110.17,113.4 2 0
fb_apu04/handlers/creditos_perdidos.go:116.3,121.17 3 0
fb_apu04/handlers/creditos_perdidos.go:121.17,124.4 2 0
fb_apu04/handlers/creditos_perdidos.go:126.3,159.17 5 0
fb_apu04/handlers/creditos_perdidos.go:159.17,163.4 3 0
fb_apu04/handlers/creditos_perdidos.go:164.3,170.19 5 0
fb_apu04/handlers/creditos_perdidos.go:170.19,172.90 2 0
fb_apu04/handlers/creditos_perdidos.go:172.90,173.13 1 0
fb_apu04/handlers/creditos_perdidos.go:175.4,180.33 6 0
fb_apu04/handlers/creditos_perdidos.go:183.3,183.25 1 0
fb_apu04/handlers/creditos_perdidos.go:183.25,185.4 1 0
fb_apu04/handlers/creditos_perdidos.go:187.3,188.24 2 0
fb_apu04/handlers/creditos_perdidos.go:188.24,190.4 1 0
fb_apu04/handlers/creditos_perdidos.go:191.3,217.17 5 0
fb_apu04/handlers/creditos_perdidos.go:217.17,220.4 1 0
fb_apu04/handlers/creditos_perdidos.go:222.3,225.25 3 0
fb_apu04/handlers/creditos_perdidos.go:225.25,227.27 2 0
fb_apu04/handlers/creditos_perdidos.go:227.27,229.85 2 0
fb_apu04/handlers/creditos_perdidos.go:229.85,230.14 1 0
fb_apu04/handlers/creditos_perdidos.go:232.5,238.31 7 0
fb_apu04/handlers/creditos_perdidos.go:241.3,241.29 1 0
fb_apu04/handlers/creditos_perdidos.go:241.29,243.4 1 0
fb_apu04/handlers/creditos_perdidos.go:245.3,272.17 5 0
fb_apu04/handlers/creditos_perdidos.go:272.17,274.4 1 0
fb_apu04/handlers/creditos_perdidos.go:276.3,280.21 4 0
fb_apu04/handlers/creditos_perdidos.go:280.21,282.23 2 0
fb_apu04/handlers/creditos_perdidos.go:282.23,284.93 2 0
fb_apu04/handlers/creditos_perdidos.go:284.93,285.14 1 0
fb_apu04/handlers/creditos_perdidos.go:287.5,292.34 6 0
fb_apu04/handlers/creditos_perdidos.go:295.3,295.27 1 0
fb_apu04/handlers/creditos_perdidos.go:295.27,297.4 1 0
fb_apu04/handlers/creditos_perdidos.go:299.3,300.27 2 0
fb_apu04/handlers/creditos_perdidos.go:300.27,302.4 1 0
fb_apu04/handlers/creditos_perdidos.go:303.3,322.34 5 0
fb_apu04/handlers/crypto.go:16.32,18.15 2 1
fb_apu04/handlers/crypto.go:18.15,19.38 1 1
fb_apu04/handlers/crypto.go:19.38,22.61 1 1
fb_apu04/handlers/crypto.go:22.61,25.5 1 1
fb_apu04/handlers/crypto.go:25.10,27.5 1 1
fb_apu04/handlers/crypto.go:28.9,30.4 1 1
fb_apu04/handlers/crypto.go:32.2,33.13 2 1
fb_apu04/handlers/crypto.go:37.30,38.74 1 1
fb_apu04/handlers/crypto.go:38.74,42.3 1 1
fb_apu04/handlers/crypto.go:47.53,50.16 3 1
fb_apu04/handlers/crypto.go:50.16,52.3 1 0
fb_apu04/handlers/crypto.go:53.2,54.16 2 1
fb_apu04/handlers/crypto.go:54.16,56.3 1 0
fb_apu04/handlers/crypto.go:57.2,58.59 2 1
fb_apu04/handlers/crypto.go:58.59,60.3 1 0
fb_apu04/handlers/crypto.go:61.2,62.59 2 1
fb_apu04/handlers/crypto.go:66.51,69.16 3 1
fb_apu04/handlers/crypto.go:69.16,71.3 1 1
fb_apu04/handlers/crypto.go:72.2,73.16 2 1
fb_apu04/handlers/crypto.go:73.16,75.3 1 0
fb_apu04/handlers/crypto.go:76.2,77.16 2 1
fb_apu04/handlers/crypto.go:77.16,79.3 1 0
fb_apu04/handlers/crypto.go:80.2,81.27 2 1
fb_apu04/handlers/crypto.go:81.27,83.3 1 1
fb_apu04/handlers/crypto.go:84.2,86.16 3 1
fb_apu04/handlers/crypto.go:86.16,88.3 1 1
fb_apu04/handlers/crypto.go:89.2,89.31 1 1
fb_apu04/handlers/crypto.go:94.54,96.16 2 1
fb_apu04/handlers/crypto.go:96.16,98.3 1 1
fb_apu04/handlers/crypto.go:99.2,99.18 1 1
fb_apu04/handlers/cte_entradas.go:137.49,148.42 6 1
fb_apu04/handlers/cte_entradas.go:148.42,150.3 1 1
fb_apu04/handlers/cte_entradas.go:151.2,151.19 1 1
fb_apu04/handlers/cte_entradas.go:155.44,158.19 2 1
fb_apu04/handlers/cte_entradas.go:158.19,160.3 1 1
fb_apu04/handlers/cte_entradas.go:162.2,163.51 2 1
fb_apu04/handlers/cte_entradas.go:163.51,165.3 1 1
fb_apu04/handlers/cte_entradas.go:166.2,166.11 1 1
fb_apu04/handlers/cte_entradas.go:170.58,171.89 1 1
fb_apu04/handlers/cte_entradas.go:171.89,172.35 1 1
fb_apu04/handlers/cte_entradas.go:172.35,174.4 1 1
fb_apu04/handlers/cte_entradas.go:176.2,176.13 1 1
fb_apu04/handlers/cte_entradas.go:233.60,234.54 1 1
fb_apu04/handlers/cte_entradas.go:234.54,238.37 3 1
fb_apu04/handlers/cte_entradas.go:238.37,241.4 2 1
fb_apu04/handlers/cte_entradas.go:243.3,243.34 1 1
fb_apu04/handlers/cte_entradas.go:243.34,246.4 2 1
fb_apu04/handlers/cte_entradas.go:248.3,249.10 2 1
fb_apu04/handlers/cte_entradas.go:249.10,252.4 2 1
fb_apu04/handlers/cte_entradas.go:253.3,256.17 3 0
fb_apu04/handlers/cte_entradas.go:256.17,259.4 2 0
fb_apu04/handlers/cte_entradas.go:261.3,261.57 1 0
fb_apu04/handlers/cte_entradas.go:261.57,264.4 2 0
fb_apu04/handlers/cte_entradas.go:266.3,267.22 2 0
fb_apu04/handlers/cte_entradas.go:267.22,270.4 2 0
fb_apu04/handlers/cte_entradas.go:272.3,274.28 2 0
fb_apu04/handlers/cte_entradas.go:274.28,278.18 3 0
fb_apu04/handlers/cte_entradas.go:278.18,280.13 2 0
fb_apu04/handlers/cte_entradas.go:283.4,285.18 3 0
fb_apu04/handlers/cte_entradas.go:285.18,287.13 2 0
fb_apu04/handlers/cte_entradas.go:290.4,291.18 2 0
fb_apu04/handlers/cte_entradas.go:291.18,293.13 2 0
fb_apu04/handlers/cte_entradas.go:296.4,300.19 3 0
fb_apu04/handlers/cte_entradas.go:300.19,302.13 2 0
fb_apu04/handlers/cte_entradas.go:306.4,307.24 2 0
fb_apu04/handlers/cte_entradas.go:307.24,309.13 2 0
fb_apu04/handlers/cte_entradas.go:313.4,314.18 2 0
fb_apu04/handlers/cte_entradas.go:314.18,316.13 2 0
fb_apu04/handlers/cte_entradas.go:320.4,321.24 2 0
fb_apu04/handlers/cte_entradas.go:321.24,323.5 1 0
fb_apu04/handlers/cte_entradas.go:326.4,327.25 2 0
fb_apu04/handlers/cte_entradas.go:327.25,329.5 1 0
fb_apu04/handlers/cte_entradas.go:332.4,373.18 7 0
fb_apu04/handlers/cte_entradas.go:373.18,376.13 3 0
fb_apu04/handlers/cte_entradas.go:379.4,379.23 1 0
fb_apu04/handlers/cte_entradas.go:382.3,383.27 2 0
fb_apu04/handlers/cte_entradas.go:383.27,385.4 1 0
fb_apu04/handlers/cte_entradas.go:387.3,388.36 2 0
fb_apu04/handlers/cte_entradas.go:396.58,397.54 1 1
fb_apu04/handlers/cte_entradas.go:397.54,401.37 3 1
fb_apu04/handlers/cte_entradas.go:401.37,404.4 2 1
fb_apu04/handlers/cte_entradas.go:406.3,406.33 1 1
fb_apu04/handlers/cte_entradas.go:406.33,409.4 2 1
fb_apu04/handlers/cte_entradas.go:411.3,412.10 2 1
fb_apu04/handlers/cte_entradas.go:412.10,415.4 2 1
fb_apu04/handlers/cte_entradas.go:416.3,419.17 3 0
fb_apu04/handlers/cte_entradas.go:419.17,422.4 2 0
fb_apu04/handlers/cte_entradas.go:424.3,444.19 7 0
fb_apu04/handlers/cte_entradas.go:444.19,448.4 3 0
fb_apu04/handlers/cte_entradas.go:449.3,449.21 1 0
fb_apu04/handlers/cte_entradas.go:449.21,453.4 3 0
fb_apu04/handlers/cte_entradas.go:455.3,458.17 3 0
fb_apu04/handlers/cte_entradas.go:458.17,462.4 3 0
fb_apu04/handlers/cte_entradas.go:463.3,466.19 3 0
fb_apu04/handlers/cte_entradas.go:466.19,477.18 3 0
fb_apu04/handlers/cte_entradas.go:477.18,479.13 2 0
fb_apu04/handlers/cte_entradas.go:481.4,481.28 1 0
fb_apu04/handlers/cte_entradas.go:484.3,487.5 1 0
fb_apu04/handlers/dashboard.go:23.65,24.54 1 1
fb_apu04/handlers/dashboard.go:24.54,30.10 4 1
fb_apu04/handlers/dashboard.go:30.10,33.4 2 1
fb_apu04/handlers/dashboard.go:34.3,37.17 3 0
fb_apu04/handlers/dashboard.go:37.17,40.4 2 0
fb_apu04/handlers/dashboard.go:42.3,50.19 5 0
fb_apu04/handlers/dashboard.go:50.19,61.4 2 0
fb_apu04/handlers/dashboard.go:61.9,72.4 2 0
fb_apu04/handlers/dashboard.go:75.3,75.25 1 0
fb_apu04/handlers/dashboard.go:75.25,77.55 2 0
fb_apu04/handlers/dashboard.go:77.55,78.43 1 0
fb_apu04/handlers/dashboard.go:78.43,80.6 1 0
fb_apu04/handlers/dashboard.go:82.4,82.22 1 0
fb_apu04/handlers/dashboard.go:82.22,84.29 2 0
fb_apu04/handlers/dashboard.go:84.29,87.6 2 0
fb_apu04/handlers/dashboard.go:88.5,88.91 1 0
fb_apu04/handlers/dashboard.go:91.3,94.17 3 0
fb_apu04/handlers/dashboard.go:94.17,97.4 2 0
fb_apu04/handlers/dashboard.go:98.3,107.23 3 0
fb_apu04/handlers/dashboard.go:107.23,110.79 3 0
fb_apu04/handlers/dashboard.go:110.79,111.13 1 0
fb_apu04/handlers/dashboard.go:113.4,113.23 1 0
fb_apu04/handlers/dashboard.go:113.23,118.5 4 0
fb_apu04/handlers/dashboard.go:118.10,118.32 1 0
fb_apu04/handlers/dashboard.go:118.32,123.5 4 0
fb_apu04/handlers/dashboard.go:127.3,133.17 2 0
fb_apu04/handlers/dashboard.go:133.17,136.4 2 0
fb_apu04/handlers/dashboard.go:137.3,140.19 3 0
fb_apu04/handlers/dashboard.go:140.19,144.77 3 0
fb_apu04/handlers/dashboard.go:144.77,145.13 1 0
fb_apu04/handlers/dashboard.go:151.4,182.6 13 0
fb_apu04/handlers/dashboard.go:185.3,185.36 1 0
fb_apu04/handlers/diagnostic.go:36.57,37.54 1 0
fb_apu04/handlers/diagnostic.go:37.54,40.33 2 0
fb_apu04/handlers/diagnostic.go:40.33,43.4 2 0
fb_apu04/handlers/diagnostic.go:45.3,46.10 2 0
fb_apu04/handlers/diagnostic.go:46.10,49.4 2 0
fb_apu04/handlers/diagnostic.go:50.3,59.17 4 0
fb_apu04/handlers/diagnostic.go:59.17,61.4 1 0
fb_apu04/handlers/diagnostic.go:61.9,77.29 3 0
fb_apu04/handlers/diagnostic.go:77.29,79.68 2 0
fb_apu04/handlers/diagnostic.go:79.68,82.6 2 0
fb_apu04/handlers/diagnostic.go:82.11,84.6 1 0
fb_apu04/handlers/diagnostic.go:90.3,99.17 2 0
fb_apu04/handlers/diagnostic.go:99.17,101.20 2 0
fb_apu04/handlers/diagnostic.go:101.20,103.131 2 0
fb_apu04/handlers/diagnostic.go:103.131,104.88 1 0
fb_apu04/handlers/diagnostic.go:104.88,106.7 1 0
fb_apu04/handlers/diagnostic.go:111.3,111.34 1 0
fb_apu04/handlers/environment.go:48.58,49.54 1 1
fb_apu04/handlers/environment.go:49.54,52.10 3 1
fb_apu04/handlers/environment.go:52.10,55.4 2 1
fb_apu04/handlers/environment.go:56.3,58.19 3 0
fb_apu04/handlers/environment.go:58.19,61.4 2 0
fb_apu04/handlers/environment.go:63.3,68.22 4 0
fb_apu04/handlers/environment.go:68.22,71.4 1 0
fb_apu04/handlers/environment.go:71.9,80.4 1 0
fb_apu04/handlers/environment.go:82.3,82.17 1 0
fb_apu04/handlers/environment.go:82.17,85.4 2 0
fb_apu04/handlers/environment.go:86.3,89.19 3 0
fb_apu04/handlers/environment.go:89.19,91.82 2 0
fb_apu04/handlers/environment.go:91.82,94.5 2 0
fb_apu04/handlers/environment.go:95.4,95.26 1 0
fb_apu04/handlers/environment.go:97.3,97.36 1 0
fb_apu04/handlers/environment.go:97.36,100.4 2 0
fb_apu04/handlers/environment.go:102.3,102.18 1 0
fb_apu04/handlers/environment.go:102.18,104.4 1 0
fb_apu04/handlers/environment.go:105.3,105.34 1 0
fb_apu04/handlers/environment.go:109.60,110.54 1 1
fb_apu04/handlers/environment.go:110.54,113.60 3 1
fb_apu04/handlers/environment.go:113.60,116.4 2 1
fb_apu04/handlers/environment.go:118.3,123.17 2 1
fb_apu04/handlers/environment.go:123.17,126.4 2 0
fb_apu04/handlers/environment.go:128.3,128.31 1 0
fb_apu04/handlers/environment.go:132.60,133.54 1 1
fb_apu04/handlers/environment.go:133.54,137.60 3 1
fb_apu04/handlers/environment.go:137.60,140.4 2 1
fb_apu04/handlers/environment.go:142.3,147.17 2 1
fb_apu04/handlers/environment.go:147.17,150.4 2 0
fb_apu04/handlers/environment.go:152.3,153.31 2 0
fb_apu04/handlers/environment.go:157.60,158.54 1 1
fb_apu04/handlers/environment.go:158.54,160.15 2 1
fb_apu04/handlers/environment.go:160.15,163.4 2 1
fb_apu04/handlers/environment.go:165.3,166.10 2 0
fb_apu04/handlers/environment.go:166.10,169.4 2 0
fb_apu04/handlers/environment.go:170.3,174.22 3 0
fb_apu04/handlers/environment.go:174.22,180.32 3 0
fb_apu04/handlers/environment.go:180.32,183.5 2 0
fb_apu04/handlers/environment.go:186.3,187.17 2 0
fb_apu04/handlers/environment.go:187.17,190.4 2 0
fb_apu04/handlers/environment.go:191.3,191.31 1 0
fb_apu04/handlers/environment.go:197.52,198.54 1 0
fb_apu04/handlers/environment.go:198.54,204.18 5 0
fb_apu04/handlers/environment.go:204.18,207.4 2 0
fb_apu04/handlers/environment.go:208.3,211.17 3 0
fb_apu04/handlers/environment.go:211.17,214.4 2 0
fb_apu04/handlers/environment.go:215.3,218.19 3 0
fb_apu04/handlers/environment.go:218.19,220.100 2 0
fb_apu04/handlers/environment.go:220.100,223.5 2 0
fb_apu04/handlers/environment.go:224.4,224.30 1 0
fb_apu04/handlers/environment.go:226.3,226.36 1 0
fb_apu04/handlers/environment.go:226.36,229.4 2 0
fb_apu04/handlers/environment.go:231.3,231.20 1 0
fb_apu04/handlers/environment.go:231.20,233.4 1 0
fb_apu04/handlers/environment.go:234.3,234.36 1 0
fb_apu04/handlers/environment.go:238.54,239.54 1 1
fb_apu04/handlers/environment.go:239.54,242.60 3 1
fb_apu04/handlers/environment.go:242.60,245.4 2 1
fb_apu04/handlers/environment.go:247.3,252.17 2 1
fb_apu04/handlers/environment.go:252.17,255.4 2 0
fb_apu04/handlers/environment.go:257.3,257.31 1 0
fb_apu04/handlers/environment.go:261.54,262.54 1 1
fb_apu04/handlers/environment.go:262.54,264.15 2 1
fb_apu04/handlers/environment.go:264.15,267.4 2 1
fb_apu04/handlers/environment.go:269.3,270.10 2 1
fb_apu04/handlers/environment.go:270.10,273.4 2 1
fb_apu04/handlers/environment.go:274.3,278.22 3 0
fb_apu04/handlers/environment.go:278.22,285.32 3 0
fb_apu04/handlers/environment.go:285.32,288.5 2 0
fb_apu04/handlers/environment.go:291.3,292.17 2 0
fb_apu04/handlers/environment.go:292.17,295.4 2 0
fb_apu04/handlers/environment.go:296.3,296.31 1 0
fb_apu04/handlers/environment.go:302.55,303.54 1 0
fb_apu04/handlers/environment.go:303.54,320.20 5 0
fb_apu04/handlers/environment.go:320.20,323.4 2 0
fb_apu04/handlers/environment.go:324.3,327.17 3 0
fb_apu04/handlers/environment.go:327.17,330.4 2 0
fb_apu04/handlers/environment.go:331.3,334.19 3 0
fb_apu04/handlers/environment.go:334.19,344.18 3 0
fb_apu04/handlers/environment.go:344.18,347.5 2 0
fb_apu04/handlers/environment.go:348.4,348.37 1 0
fb_apu04/handlers/environment.go:348.37,351.5 2 0
fb_apu04/handlers/environment.go:352.4,352.36 1 0
fb_apu04/handlers/environment.go:354.3,354.36 1 0
fb_apu04/handlers/environment.go:354.36,357.4 2 0
fb_apu04/handlers/environment.go:359.3,359.23 1 0
fb_apu04/handlers/environment.go:359.23,361.4 1 0
fb_apu04/handlers/environment.go:362.3,362.39 1 0
fb_apu04/handlers/environment.go:366.56,367.54 1 1
fb_apu04/handlers/environment.go:367.54,382.66 3 1
fb_apu04/handlers/environment.go:382.66,385.4 2 1
fb_apu04/handlers/environment.go:388.3,388.50 1 1
fb_apu04/handlers/environment.go:388.50,391.4 2 1
fb_apu04/handlers/environment.go:394.3,394.25 1 1
fb_apu04/handlers/environment.go:394.25,396.37 2 0
fb_apu04/handlers/environment.go:396.37,399.5 2 0
fb_apu04/handlers/environment.go:403.3,412.17 3 1
fb_apu04/handlers/environment.go:412.17,414.4 1 0
fb_apu04/handlers/environment.go:416.3,417.19 2 0
fb_apu04/handlers/environment.go:417.19,419.4 1 0
fb_apu04/handlers/environment.go:421.3,438.17 3 0
fb_apu04/handlers/environment.go:438.17,441.4 2 0
fb_apu04/handlers/environment.go:443.3,455.31 12 0
fb_apu04/handlers/environment.go:459.56,460.54 1 1
fb_apu04/handlers/environment.go:460.54,462.65 2 1
fb_apu04/handlers/environment.go:462.65,465.4 2 1
fb_apu04/handlers/environment.go:467.3,468.15 2 1
fb_apu04/handlers/environment.go:468.15,471.4 2 1
fb_apu04/handlers/environment.go:473.3,483.66 2 1
fb_apu04/handlers/environment.go:483.66,486.4 2 1
fb_apu04/handlers/environment.go:488.3,492.41 2 0
fb_apu04/handlers/environment.go:492.41,495.4 2 0
fb_apu04/handlers/environment.go:498.3,498.25 1 0
fb_apu04/handlers/environment.go:498.25,500.37 2 0
fb_apu04/handlers/environment.go:500.37,503.5 2 0
fb_apu04/handlers/environment.go:506.3,528.17 2 0
fb_apu04/handlers/environment.go:528.17,532.4 3 0
fb_apu04/handlers/environment.go:533.3,534.27 2 0
fb_apu04/handlers/environment.go:534.27,537.4 2 0
fb_apu04/handlers/environment.go:539.3,539.31 1 0
fb_apu04/handlers/environment.go:543.56,544.54 1 1
fb_apu04/handlers/environment.go:544.54,546.15 2 1
fb_apu04/handlers/environment.go:546.15,549.4 2 1
fb_apu04/handlers/environment.go:551.3,552.10 2 1
fb_apu04/handlers/environment.go:552.10,555.4 2 1
fb_apu04/handlers/environment.go:556.3,560.22 3 0
fb_apu04/handlers/environment.go:560.22,568.32 3 0
fb_apu04/handlers/environment.go:568.32,571.5 2 0
fb_apu04/handlers/environment.go:574.3,575.17 2 0
fb_apu04/handlers/environment.go:575.17,578.4 2 0
fb_apu04/handlers/environment.go:579.3,579.31 1 0
fb_apu04/handlers/erp_bridge.go:68.71,70.9 2 1
fb_apu04/handlers/erp_bridge.go:70.9,72.3 1 1
fb_apu04/handlers/erp_bridge.go:73.2,74.72 2 0
fb_apu04/handlers/erp_bridge.go:79.58,80.54 1 1
fb_apu04/handlers/erp_bridge.go:80.54,84.17 3 1
fb_apu04/handlers/erp_bridge.go:84.17,87.4 2 1
fb_apu04/handlers/erp_bridge.go:89.3,89.19 1 0
fb_apu04/handlers/erp_bridge.go:90.23,105.28 5 0
fb_apu04/handlers/erp_bridge.go:105.28,115.5 1 0
fb_apu04/handlers/erp_bridge.go:115.10,115.25 1 0
fb_apu04/handlers/erp_bridge.go:115.25,118.5 2 0
fb_apu04/handlers/erp_bridge.go:118.10,120.22 2 0
fb_apu04/handlers/erp_bridge.go:120.22,122.6 1 0
fb_apu04/handlers/erp_bridge.go:122.11,124.6 1 0
fb_apu04/handlers/erp_bridge.go:125.5,125.25 1 0
fb_apu04/handlers/erp_bridge.go:125.25,127.6 1 0
fb_apu04/handlers/erp_bridge.go:128.5,129.24 2 0
fb_apu04/handlers/erp_bridge.go:129.24,131.6 1 0
fb_apu04/handlers/erp_bridge.go:132.5,132.28 1 0
fb_apu04/handlers/erp_bridge.go:132.28,134.6 1 0
fb_apu04/handlers/erp_bridge.go:135.5,136.44 2 0
fb_apu04/handlers/erp_bridge.go:136.44,138.6 1 0
fb_apu04/handlers/erp_bridge.go:140.5,140.34 1 0
fb_apu04/handlers/erp_bridge.go:140.34,142.6 1 0
fb_apu04/handlers/erp_bridge.go:144.4,144.34 1 0
fb_apu04/handlers/erp_bridge.go:146.25,159.63 2 0
fb_apu04/handlers/erp_bridge.go:159.63,162.5 2 0
fb_apu04/handlers/erp_bridge.go:163.4,173.18 2 0
fb_apu04/handlers/erp_bridge.go:173.18,176.5 2 0
fb_apu04/handlers/erp_bridge.go:178.4,178.29 1 0
fb_apu04/handlers/erp_bridge.go:178.29,180.5 1 0
fb_apu04/handlers/erp_bridge.go:181.4,181.60 1 0
fb_apu04/handlers/erp_bridge.go:181.60,182.71 1 0
fb_apu04/handlers/erp_bridge.go:182.71,184.6 1 0
fb_apu04/handlers/erp_bridge.go:186.4,186.32 1 0
fb_apu04/handlers/erp_bridge.go:186.32,187.71 1 0
fb_apu04/handlers/erp_bridge.go:187.71,189.6 1 0
fb_apu04/handlers/erp_bridge.go:191.4,191.56 1 0
fb_apu04/handlers/erp_bridge.go:191.56,192.69 1 0
fb_apu04/handlers/erp_bridge.go:192.69,194.6 1 0
fb_apu04/handlers/erp_bridge.go:196.4,196.26 1 0
fb_apu04/handlers/erp_bridge.go:196.26,198.5 1 0
fb_apu04/handlers/erp_bridge.go:199.4,199.28 1 0
fb_apu04/handlers/erp_bridge.go:199.28,201.5 1 0
fb_apu04/handlers/erp_bridge.go:202.4,202.39 1 0
fb_apu04/handlers/erp_bridge.go:204.11,205.68 1 0
fb_apu04/handlers/erp_bridge.go:213.56,214.54 1 1
fb_apu04/handlers/erp_bridge.go:214.54,218.17 3 1
fb_apu04/handlers/erp_bridge.go:218.17,221.4 2 1
fb_apu04/handlers/erp_bridge.go:223.3,223.19 1 0
fb_apu04/handlers/erp_bridge.go:224.23,233.18 2 0
fb_apu04/handlers/erp_bridge.go:233.18,236.5 2 0
fb_apu04/handlers/erp_bridge.go:237.4,239.20 3 0
fb_apu04/handlers/erp_bridge.go:239.20,245.49 3 0
fb_apu04/handlers/erp_bridge.go:245.49,246.14 1 0
fb_apu04/handlers/erp_bridge.go:248.5,248.29 1 0
fb_apu04/handlers/erp_bridge.go:250.4,250.19 1 0
fb_apu04/handlers/erp_bridge.go:250.19,252.5 1 0
fb_apu04/handlers/erp_bridge.go:253.4,253.88 1 0
fb_apu04/handlers/erp_bridge.go:255.24,261.63 2 0
fb_apu04/handlers/erp_bridge.go:261.63,264.5 2 0
fb_apu04/handlers/erp_bridge.go:265.4,266.20 2 0
fb_apu04/handlers/erp_bridge.go:266.20,268.5 1 0
fb_apu04/handlers/erp_bridge.go:269.4,275.18 3 0
fb_apu04/handlers/erp_bridge.go:275.18,278.5 2 0
fb_apu04/handlers/erp_bridge.go:280.4,286.58 3 0
fb_apu04/handlers/erp_bridge.go:288.26,294.39 2 0
fb_apu04/handlers/erp_bridge.go:296.11,297.68 1 0
fb_apu04/handlers/erp_bridge.go:306.55,307.54 1 1
fb_apu04/handlers/erp_bridge.go:307.54,311.17 3 1
fb_apu04/handlers/erp_bridge.go:311.17,314.4 2 1
fb_apu04/handlers/erp_bridge.go:317.3,321.21 5 0
fb_apu04/handlers/erp_bridge.go:321.21,323.4 1 0
fb_apu04/handlers/erp_bridge.go:325.3,325.18 1 0
fb_apu04/handlers/erp_bridge.go:325.18,328.4 2 0
fb_apu04/handlers/erp_bridge.go:331.3,334.14 3 0
fb_apu04/handlers/erp_bridge.go:334.14,337.4 2 0
fb_apu04/handlers/erp_bridge.go:339.3,339.10 1 0
fb_apu04/handlers/erp_bridge.go:342.58,344.65 2 0
fb_apu04/handlers/erp_bridge.go:344.65,347.5 2 0
fb_apu04/handlers/erp_bridge.go:348.4,348.31 1 0
fb_apu04/handlers/erp_bridge.go:348.31,350.21 2 0
fb_apu04/handlers/erp_bridge.go:350.21,352.6 1 0
fb_apu04/handlers/erp_bridge.go:353.5,358.55 1 0
fb_apu04/handlers/erp_bridge.go:360.4,360.37 1 0
fb_apu04/handlers/erp_bridge.go:363.54,371.63 2 0
fb_apu04/handlers/erp_bridge.go:371.63,374.5 2 0
fb_apu04/handlers/erp_bridge.go:375.4,376.31 2 0
fb_apu04/handlers/erp_bridge.go:376.31,381.5 1 0
fb_apu04/handlers/erp_bridge.go:381.10,381.40 1 0
fb_apu04/handlers/erp_bridge.go:381.40,387.5 1 0
fb_apu04/handlers/erp_bridge.go:387.10,388.25 1 0
fb_apu04/handlers/erp_bridge.go:388.25,390.6 1 0
fb_apu04/handlers/erp_bridge.go:391.5,401.34 1 0
fb_apu04/handlers/erp_bridge.go:403.4,403.22 1 0
fb_apu04/handlers/erp_bridge.go:403.22,406.5 2 0
fb_apu04/handlers/erp_bridge.go:408.4,408.29 1 0
fb_apu04/handlers/erp_bridge.go:408.29,410.5 1 0
fb_apu04/handlers/erp_bridge.go:411.4,411.39 1 0
fb_apu04/handlers/erp_bridge.go:414.52,424.18 4 0
fb_apu04/handlers/erp_bridge.go:424.18,427.5 2 0
fb_apu04/handlers/erp_bridge.go:428.4,434.20 2 0
fb_apu04/handlers/erp_bridge.go:434.20,436.22 2 0
fb_apu04/handlers/erp_bridge.go:436.22,443.6 4 0
fb_apu04/handlers/erp_bridge.go:445.4,445.24 1 0
fb_apu04/handlers/erp_bridge.go:445.24,447.5 1 0
fb_apu04/handlers/erp_bridge.go:448.4,448.34 1 0
fb_apu04/handlers/erp_bridge.go:450.11,451.68 1 0
fb_apu04/handlers/erp_bridge.go:459.62,460.54 1 1
fb_apu04/handlers/erp_bridge.go:460.54,463.17 3 1
fb_apu04/handlers/erp_bridge.go:463.17,466.4 2 1
fb_apu04/handlers/erp_bridge.go:467.3,481.17 2 0
fb_apu04/handlers/erp_bridge.go:481.17,484.4 2 0
fb_apu04/handlers/erp_bridge.go:485.3,487.19 3 0
fb_apu04/handlers/erp_bridge.go:487.19,489.28 2 0
fb_apu04/handlers/erp_bridge.go:489.28,491.5 1 0
fb_apu04/handlers/erp_bridge.go:493.3,493.24 1 0
fb_apu04/handlers/erp_bridge.go:493.24,495.4 1 0
fb_apu04/handlers/erp_bridge.go:496.3,496.73 1 0
fb_apu04/handlers/erp_bridge.go:504.71,505.54 1 1
fb_apu04/handlers/erp_bridge.go:505.54,506.34 1 1
fb_apu04/handlers/erp_bridge.go:506.34,509.4 2 1
fb_apu04/handlers/erp_bridge.go:510.3,511.17 2 1
fb_apu04/handlers/erp_bridge.go:511.17,514.4 2 1
fb_apu04/handlers/erp_bridge.go:515.3,518.87 2 0
fb_apu04/handlers/erp_bridge.go:518.87,521.4 2 0
fb_apu04/handlers/erp_bridge.go:522.3,522.35 1 0
fb_apu04/handlers/erp_bridge.go:522.35,528.4 1 0
fb_apu04/handlers/erp_bridge.go:529.3,529.38 1 0
fb_apu04/handlers/erp_bridge.go:537.66,538.54 1 1
fb_apu04/handlers/erp_bridge.go:538.54,539.34 1 1
fb_apu04/handlers/erp_bridge.go:539.34,542.4 2 1
fb_apu04/handlers/erp_bridge.go:543.3,545.17 3 1
fb_apu04/handlers/erp_bridge.go:545.17,548.4 2 1
fb_apu04/handlers/erp_bridge.go:550.3,551.43 2 0
fb_apu04/handlers/erp_bridge.go:551.43,554.4 2 0
fb_apu04/handlers/erp_bridge.go:555.3,559.20 5 0
fb_apu04/handlers/erp_bridge.go:559.20,562.4 2 0
fb_apu04/handlers/erp_bridge.go:563.3,568.63 2 0
fb_apu04/handlers/erp_bridge.go:576.59,577.71 1 1
fb_apu04/handlers/erp_bridge.go:577.71,578.33 1 1
fb_apu04/handlers/erp_bridge.go:578.33,581.4 2 1
fb_apu04/handlers/erp_bridge.go:582.3,584.19 3 1
fb_apu04/handlers/erp_bridge.go:584.19,587.4 2 1
fb_apu04/handlers/erp_bridge.go:588.3,596.27 5 0
fb_apu04/handlers/erp_bridge.go:596.27,599.4 2 0
fb_apu04/handlers/erp_bridge.go:600.3,600.17 1 0
fb_apu04/handlers/erp_bridge.go:600.17,603.4 2 0
fb_apu04/handlers/erp_bridge.go:604.3,612.23 2 0
fb_apu04/handlers/erp_bridge.go:612.23,614.4 1 0
fb_apu04/handlers/erp_bridge.go:615.3,615.56 1 0
fb_apu04/handlers/erp_bridge.go:615.56,617.4 1 0
fb_apu04/handlers/erp_bridge.go:618.3,618.56 1 0
fb_apu04/handlers/erp_bridge.go:618.56,620.4 1 0
fb_apu04/handlers/erp_bridge.go:621.3,621.52 1 0
fb_apu04/handlers/erp_bridge.go:621.52,623.4 1 0
fb_apu04/handlers/erp_bridge.go:624.3,624.20 1 0
fb_apu04/handlers/erp_bridge.go:624.20,626.4 1 0
fb_apu04/handlers/erp_bridge.go:627.3,627.48 1 0
fb_apu04/handlers/erp_bridge.go:627.48,629.4 1 0
fb_apu04/handlers/erp_bridge.go:630.3,630.36 1 0
fb_apu04/handlers/erp_bridge.go:638.59,639.54 1 1
fb_apu04/handlers/erp_bridge.go:639.54,641.34 2 1
fb_apu04/handlers/erp_bridge.go:641.34,644.4 2 1
fb_apu04/handlers/erp_bridge.go:645.3,646.17 2 1
fb_apu04/handlers/erp_bridge.go:646.17,649.4 2 1
fb_apu04/handlers/erp_bridge.go:650.3,657.104 2 0
fb_apu04/handlers/erp_bridge.go:657.104,660.4 2 0
fb_apu04/handlers/erp_bridge.go:661.3,668.14 3 0
fb_apu04/handlers/erp_bridge.go:668.14,671.4 2 0
fb_apu04/handlers/erp_bridge.go:672.3,673.33 2 0
fb_apu04/handlers/erp_bridge.go:673.33,677.4 3 0
fb_apu04/handlers/erp_bridge.go:678.3,685.17 3 0
fb_apu04/handlers/erp_bridge.go:685.17,689.4 3 0
fb_apu04/handlers/erp_bridge.go:690.3,691.78 2 0
fb_apu04/handlers/erp_bridge.go:698.59,699.54 1 1
fb_apu04/handlers/erp_bridge.go:699.54,702.17 3 1
fb_apu04/handlers/erp_bridge.go:702.17,705.4 2 1
fb_apu04/handlers/erp_bridge.go:706.3,714.17 2 0
fb_apu04/handlers/erp_bridge.go:714.17,717.4 2 0
fb_apu04/handlers/erp_bridge.go:718.3,728.19 4 0
fb_apu04/handlers/erp_bridge.go:728.19,730.111 2 0
fb_apu04/handlers/erp_bridge.go:730.111,732.5 1 0
fb_apu04/handlers/erp_bridge.go:734.3,734.19 1 0
fb_apu04/handlers/erp_bridge.go:734.19,736.4 1 0
fb_apu04/handlers/erp_bridge.go:737.3,737.68 1 0
fb_apu04/handlers/erp_bridge.go:745.57,746.71 1 1
fb_apu04/handlers/erp_bridge.go:746.71,748.34 2 1
fb_apu04/handlers/erp_bridge.go:748.34,751.4 2 1
fb_apu04/handlers/erp_bridge.go:754.3,755.19 2 1
fb_apu04/handlers/erp_bridge.go:755.19,758.4 2 1
fb_apu04/handlers/erp_bridge.go:759.3,766.27 5 0
fb_apu04/handlers/erp_bridge.go:766.27,769.4 2 0
fb_apu04/handlers/erp_bridge.go:770.3,770.17 1 0
fb_apu04/handlers/erp_bridge.go:770.17,773.4 2 0
fb_apu04/handlers/erp_bridge.go:776.3,791.63 3 0
fb_apu04/handlers/erp_bridge_batch.go:77.63,78.54 1 1
fb_apu04/handlers/erp_bridge_batch.go:78.54,81.37 2 1
fb_apu04/handlers/erp_bridge_batch.go:81.37,84.4 2 0
fb_apu04/handlers/erp_bridge_batch.go:86.3,86.34 1 1
fb_apu04/handlers/erp_bridge_batch.go:86.34,89.4 2 1
fb_apu04/handlers/erp_bridge_batch.go:92.3,93.19 2 1
fb_apu04/handlers/erp_bridge_batch.go:93.19,96.4 2 1
fb_apu04/handlers/erp_bridge_batch.go:97.3,104.27 5 0
fb_apu04/handlers/erp_bridge_batch.go:104.27,107.4 2 0
fb_apu04/handlers/erp_bridge_batch.go:108.3,108.17 1 0
fb_apu04/handlers/erp_bridge_batch.go:108.17,112.4 3 0
fb_apu04/handlers/erp_bridge_batch.go:115.3,116.62 2 0
fb_apu04/handlers/erp_bridge_batch.go:116.62,119.4 2 0
fb_apu04/handlers/erp_bridge_batch.go:121.3,121.30 1 0
fb_apu04/handlers/erp_bridge_batch.go:121.30,124.4 2 0
fb_apu04/handlers/erp_bridge_batch.go:126.3,128.37 2 0
fb_apu04/handlers/erp_bridge_batch.go:128.37,129.28 1 0
fb_apu04/handlers/erp_bridge_batch.go:129.28,133.13 3 0
fb_apu04/handlers/erp_bridge_batch.go:136.4,142.11 5 0
fb_apu04/handlers/erp_bridge_batch.go:143.23,144.28 1 0
fb_apu04/handlers/erp_bridge_batch.go:144.28,146.14 2 0
fb_apu04/handlers/erp_bridge_batch.go:149.5,149.74 1 0
fb_apu04/handlers/erp_bridge_batch.go:151.52,153.90 1 0
fb_apu04/handlers/erp_bridge_batch.go:153.90,155.14 2 0
fb_apu04/handlers/erp_bridge_batch.go:158.5,158.76 1 0
fb_apu04/handlers/erp_bridge_batch.go:160.52,162.76 1 0
fb_apu04/handlers/erp_bridge_batch.go:164.12,168.13 3 0
fb_apu04/handlers/erp_bridge_batch.go:171.4,171.24 1 0
fb_apu04/handlers/erp_bridge_batch.go:171.24,176.5 3 0
fb_apu04/handlers/erp_bridge_batch.go:176.10,177.17 1 0
fb_apu04/handlers/erp_bridge_batch.go:177.17,179.6 1 0
fb_apu04/handlers/erp_bridge_batch.go:179.11,181.6 1 0
fb_apu04/handlers/erp_bridge_batch.go:183.5,183.31 1 0
fb_apu04/handlers/erp_bridge_batch.go:183.31,184.23 1 0
fb_apu04/handlers/erp_bridge_batch.go:184.23,186.7 1 0
fb_apu04/handlers/erp_bridge_batch.go:186.12,188.7 1 0
fb_apu04/handlers/erp_bridge_batch.go:193.3,195.36 2 0
fb_apu04/handlers/erp_bridge_batch.go:199.99,202.22 3 0
fb_apu04/handlers/erp_bridge_batch.go:202.22,202.41 1 0
fb_apu04/handlers/erp_bridge_batch.go:203.2,271.16 4 0
fb_apu04/handlers/erp_bridge_batch.go:271.16,273.3 1 0
fb_apu04/handlers/erp_bridge_batch.go:274.2,275.19 2 0
fb_apu04/handlers/erp_bridge_batch.go:278.101,281.22 3 0
fb_apu04/handlers/erp_bridge_batch.go:281.22,281.41 1 0
fb_apu04/handlers/erp_bridge_batch.go:283.2,351.16 4 0
fb_apu04/handlers/erp_bridge_batch.go:351.16,353.3 1 0
fb_apu04/handlers/erp_bridge_batch.go:354.2,355.19 2 0
fb_apu04/handlers/erp_bridge_batch.go:358.101,361.22 3 0
fb_apu04/handlers/erp_bridge_batch.go:361.22,361.41 1 0
fb_apu04/handlers/erp_bridge_batch.go:362.2,387.16 2 0
fb_apu04/handlers/erp_bridge_batch.go:387.16,389.3 1 0
fb_apu04/handlers/erp_bridge_batch.go:390.2,391.19 2 0
fb_apu04/handlers/erp_bridge_batch.go:395.63,396.68 1 0
fb_apu04/handlers/erp_bridge_batch.go:396.68,398.3 1 0
fb_apu04/handlers/erp_bridge_batch.go:399.2,404.65 1 0
fb_apu04/handlers/erp_bridge_batch.go:408.37,410.13 2 1
fb_apu04/handlers/erp_bridge_batch.go:410.13,412.3 1 1
fb_apu04/handlers/erp_bridge_batch.go:413.2,413.10 1 1
fb_apu04/handlers/erp_bridge_batch.go:417.36,419.13 2 1
fb_apu04/handlers/erp_bridge_batch.go:419.13,421.3 1 1
fb_apu04/handlers/erp_bridge_batch.go:422.2,422.10 1 1
fb_apu04/handlers/erp_bridge_parceiros.go:34.65,35.54 1 1
fb_apu04/handlers/erp_bridge_parceiros.go:35.54,38.37 2 1
fb_apu04/handlers/erp_bridge_parceiros.go:38.37,41.4 2 1
fb_apu04/handlers/erp_bridge_parceiros.go:42.3,42.34 1 1
fb_apu04/handlers/erp_bridge_parceiros.go:42.34,45.4 2 1
fb_apu04/handlers/erp_bridge_parceiros.go:48.3,49.19 2 1
fb_apu04/handlers/erp_bridge_parceiros.go:49.19,52.4 2 1
fb_apu04/handlers/erp_bridge_parceiros.go:53.3,60.27 5 0
fb_apu04/handlers/erp_bridge_parceiros.go:60.27,63.4 2 0
fb_apu04/handlers/erp_bridge_parceiros.go:64.3,64.17 1 0
fb_apu04/handlers/erp_bridge_parceiros.go:64.17,68.4 3 0
fb_apu04/handlers/erp_bridge_parceiros.go:71.3,72.62 2 0
fb_apu04/handlers/erp_bridge_parceiros.go:72.62,75.4 2 0
fb_apu04/handlers/erp_bridge_parceiros.go:77.3,78.35 2 0
fb_apu04/handlers/erp_bridge_parceiros.go:78.35,81.18 3 0
fb_apu04/handlers/erp_bridge_parceiros.go:81.18,82.13 1 0
fb_apu04/handlers/erp_bridge_parceiros.go:84.4,88.18 2 0
fb_apu04/handlers/erp_bridge_parceiros.go:88.18,90.13 2 0
fb_apu04/handlers/erp_bridge_parceiros.go:92.4,92.14 1 0
fb_apu04/handlers/erp_bridge_parceiros.go:95.3,96.69 2 0
fb_apu04/handlers/filiais.go:20.53,21.54 1 1
fb_apu04/handlers/filiais.go:21.54,26.10 4 1
fb_apu04/handlers/filiais.go:26.10,29.4 2 1
fb_apu04/handlers/filiais.go:30.3,33.17 3 1
fb_apu04/handlers/filiais.go:33.17,36.4 2 0
fb_apu04/handlers/filiais.go:38.3,47.17 2 0
fb_apu04/handlers/filiais.go:47.17,50.4 2 0
fb_apu04/handlers/filiais.go:51.3,54.19 3 0
fb_apu04/handlers/filiais.go:54.19,56.66 2 0
fb_apu04/handlers/filiais.go:56.66,57.13 1 0
fb_apu04/handlers/filiais.go:59.4,59.32 1 0
fb_apu04/handlers/filiais.go:62.3,62.37 1 0
fb_apu04/handlers/filial_apelidos.go:22.57,23.54 1 1
fb_apu04/handlers/filial_apelidos.go:23.54,28.10 4 1
fb_apu04/handlers/filial_apelidos.go:28.10,31.4 2 1
fb_apu04/handlers/filial_apelidos.go:32.3,35.17 3 0
fb_apu04/handlers/filial_apelidos.go:35.17,38.4 2 0
fb_apu04/handlers/filial_apelidos.go:40.3,40.19 1 0
fb_apu04/handlers/filial_apelidos.go:41.23,46.18 2 0
fb_apu04/handlers/filial_apelidos.go:46.18,50.5 3 0
fb_apu04/handlers/filial_apelidos.go:51.4,54.20 3 0
fb_apu04/handlers/filial_apelidos.go:54.20,56.60 2 0
fb_apu04/handlers/filial_apelidos.go:56.60,58.14 2 0
fb_apu04/handlers/filial_apelidos.go:60.5,60.28 1 0
fb_apu04/handlers/filial_apelidos.go:63.4,63.35 1 0
fb_apu04/handlers/filial_apelidos.go:65.26,67.18 2 0
fb_apu04/handlers/filial_apelidos.go:67.18,71.5 3 0
fb_apu04/handlers/filial_apelidos.go:72.4,72.93 1 0
fb_apu04/handlers/filial_apelidos.go:74.11,75.68 1 0
fb_apu04/handlers/filial_apelidos.go:82.63,83.54 1 1
fb_apu04/handlers/filial_apelidos.go:83.54,87.34 3 1
fb_apu04/handlers/filial_apelidos.go:87.34,90.4 2 1
fb_apu04/handlers/filial_apelidos.go:92.3,93.10 2 1
fb_apu04/handlers/filial_apelidos.go:93.10,96.4 2 1
fb_apu04/handlers/filial_apelidos.go:97.3,100.17 3 1
fb_apu04/handlers/filial_apelidos.go:100.17,103.4 2 0
fb_apu04/handlers/filial_apelidos.go:105.3,106.17 2 0
fb_apu04/handlers/filial_apelidos.go:106.17,109.4 2 0
fb_apu04/handlers/filial_apelidos.go:110.3,114.17 3 0
fb_apu04/handlers/filial_apelidos.go:114.17,117.4 2 0
fb_apu04/handlers/filial_apelidos.go:120.3,129.30 7 0
fb_apu04/handlers/filial_apelidos.go:129.30,131.18 2 0
fb_apu04/handlers/filial_apelidos.go:131.18,132.13 1 0
fb_apu04/handlers/filial_apelidos.go:135.4,136.22 2 0
fb_apu04/handlers/filial_apelidos.go:136.22,139.13 3 0
fb_apu04/handlers/filial_apelidos.go:142.4,146.42 3 0
fb_apu04/handlers/filial_apelidos.go:146.42,147.13 1 0
fb_apu04/handlers/filial_apelidos.go:151.4,151.42 1 0
fb_apu04/handlers/filial_apelidos.go:151.42,152.27 1 0
fb_apu04/handlers/filial_apelidos.go:152.27,154.6 1 0
fb_apu04/handlers/filial_apelidos.go:155.5,155.14 1 0
fb_apu04/handlers/filial_apelidos.go:158.4,158.23 1 0
fb_apu04/handlers/filial_apelidos.go:158.23,161.13 3 0
fb_apu04/handlers/filial_apelidos.go:164.4,165.45 2 0
fb_apu04/handlers/filial_apelidos.go:165.45,168.13 3 0
fb_apu04/handlers/filial_apelidos.go:171.4,177.18 2 0
fb_apu04/handlers/filial_apelidos.go:177.18,180.13 3 0
fb_apu04/handlers/filial_apelidos.go:182.4,182.14 1 0
fb_apu04/handlers/filial_apelidos.go:185.3,190.5 2 0
fb_apu04/handlers/forn_simples.go:16.58,17.54 1 1
fb_apu04/handlers/forn_simples.go:17.54,22.17 4 0
fb_apu04/handlers/forn_simples.go:22.17,25.4 2 0
fb_apu04/handlers/forn_simples.go:26.3,29.19 3 0
fb_apu04/handlers/forn_simples.go:29.19,31.45 2 0
fb_apu04/handlers/forn_simples.go:31.45,34.5 2 0
fb_apu04/handlers/forn_simples.go:35.4,35.26 1 0
fb_apu04/handlers/forn_simples.go:38.3,38.18 1 0
fb_apu04/handlers/forn_simples.go:38.18,40.4 1 0
fb_apu04/handlers/forn_simples.go:42.3,42.34 1 0
fb_apu04/handlers/forn_simples.go:46.60,47.54 1 1
fb_apu04/handlers/forn_simples.go:47.54,51.25 3 1
fb_apu04/handlers/forn_simples.go:51.25,54.4 2 1
fb_apu04/handlers/forn_simples.go:56.3,57.60 2 1
fb_apu04/handlers/forn_simples.go:57.60,60.4 2 1
fb_apu04/handlers/forn_simples.go:63.3,63.41 1 1
fb_apu04/handlers/forn_simples.go:63.41,64.28 1 1
fb_apu04/handlers/forn_simples.go:64.28,66.5 1 1
fb_apu04/handlers/forn_simples.go:67.4,67.13 1 0
fb_apu04/handlers/forn_simples.go:70.3,70.22 1 1
fb_apu04/handlers/forn_simples.go:70.22,73.4 2 1
fb_apu04/handlers/forn_simples.go:75.3,76.17 2 0
fb_apu04/handlers/forn_simples.go:76.17,79.4 2 0
fb_apu04/handlers/forn_simples.go:81.3,82.99 2 0
fb_apu04/handlers/forn_simples.go:86.60,87.54 1 1
fb_apu04/handlers/forn_simples.go:87.54,91.27 3 1
fb_apu04/handlers/forn_simples.go:91.27,94.4 2 1
fb_apu04/handlers/forn_simples.go:96.3,97.17 2 1
fb_apu04/handlers/forn_simples.go:97.17,100.4 2 1
fb_apu04/handlers/forn_simples.go:103.3,103.40 1 0
fb_apu04/handlers/forn_simples.go:103.40,104.28 1 0
fb_apu04/handlers/forn_simples.go:104.28,106.5 1 0
fb_apu04/handlers/forn_simples.go:107.4,107.13 1 0
fb_apu04/handlers/forn_simples.go:110.3,111.17 2 0
fb_apu04/handlers/forn_simples.go:111.17,114.4 2 0
fb_apu04/handlers/forn_simples.go:116.3,117.24 2 0
fb_apu04/handlers/forn_simples.go:117.24,120.4 2 0
fb_apu04/handlers/forn_simples.go:122.3,123.87 2 0
fb_apu04/handlers/forn_simples.go:127.60,128.54 1 1
fb_apu04/handlers/forn_simples.go:128.54,132.25 3 1
fb_apu04/handlers/forn_simples.go:132.25,135.4 2 1
fb_apu04/handlers/forn_simples.go:137.3,138.17 2 1
fb_apu04/handlers/forn_simples.go:138.17,141.4 2 1
fb_apu04/handlers/forn_simples.go:142.3,149.17 6 0
fb_apu04/handlers/forn_simples.go:149.17,152.4 2 0
fb_apu04/handlers/forn_simples.go:154.3,155.17 2 0
fb_apu04/handlers/forn_simples.go:155.17,159.4 3 0
fb_apu04/handlers/forn_simples.go:160.3,163.7 3 0
fb_apu04/handlers/forn_simples.go:163.7,165.21 2 0
fb_apu04/handlers/forn_simples.go:165.21,166.10 1 0
fb_apu04/handlers/forn_simples.go:168.4,168.18 1 0
fb_apu04/handlers/forn_simples.go:168.18,172.5 3 0
fb_apu04/handlers/forn_simples.go:174.4,174.23 1 0
fb_apu04/handlers/forn_simples.go:174.23,175.13 1 0
fb_apu04/handlers/forn_simples.go:178.4,180.42 2 0
fb_apu04/handlers/forn_simples.go:180.42,181.13 1 0
fb_apu04/handlers/forn_simples.go:185.4,185.42 1 0
fb_apu04/handlers/forn_simples.go:185.42,186.29 1 0
fb_apu04/handlers/forn_simples.go:186.29,188.6 1 0
fb_apu04/handlers/forn_simples.go:189.5,189.14 1 0
fb_apu04/handlers/forn_simples.go:192.4,192.23 1 0
fb_apu04/handlers/forn_simples.go:192.23,194.13 1 0
fb_apu04/handlers/forn_simples.go:197.4,198.18 2 0
fb_apu04/handlers/forn_simples.go:198.18,202.5 3 0
fb_apu04/handlers/forn_simples.go:203.4,203.11 1 0
fb_apu04/handlers/forn_simples.go:206.3,206.37 1 0
fb_apu04/handlers/forn_simples.go:206.37,209.4 2 0
fb_apu04/handlers/forn_simples.go:211.3,215.5 2 0
fb_apu04/handlers/hierarchy.go:21.59,22.54 1 1
fb_apu04/handlers/hierarchy.go:22.54,24.19 2 1
fb_apu04/handlers/hierarchy.go:24.19,27.4 2 1
fb_apu04/handlers/hierarchy.go:30.3,32.17 3 1
fb_apu04/handlers/hierarchy.go:32.17,33.28 1 0
fb_apu04/handlers/hierarchy.go:33.28,36.5 2 0
fb_apu04/handlers/hierarchy.go:37.4,38.10 2 0
fb_apu04/handlers/hierarchy.go:42.3,44.17 3 0
fb_apu04/handlers/hierarchy.go:44.17,47.4 2 0
fb_apu04/handlers/hierarchy.go:50.3,52.41 3 0
fb_apu04/handlers/hierarchy.go:52.42,54.4 0 0
fb_apu04/handlers/hierarchy.go:57.3,59.21 2 0
fb_apu04/handlers/hierarchy.go:59.21,70.42 2 0
fb_apu04/handlers/hierarchy.go:70.43,72.5 0 0
fb_apu04/handlers/hierarchy.go:76.3,77.23 2 0
fb_apu04/handlers/hierarchy.go:77.23,86.18 2 0
fb_apu04/handlers/hierarchy.go:86.18,88.21 2 0
fb_apu04/handlers/hierarchy.go:88.21,92.54 4 0
fb_apu04/handlers/hierarchy.go:92.54,93.22 1 0
fb_apu04/handlers/hierarchy.go:93.22,97.8 3 0
fb_apu04/handlers/hierarchy.go:103.3,109.27 2 0
fb_apu04/handlers/hierarchy.go:109.27,111.4 1 0
fb_apu04/handlers/hierarchy.go:113.3,114.34 2 0
fb_apu04/handlers/icms_fronteira.go:41.52,42.17 1 1
fb_apu04/handlers/icms_fronteira.go:43.36,44.13 1 1
fb_apu04/handlers/icms_fronteira.go:46.2,46.58 1 1
fb_apu04/handlers/icms_fronteira.go:46.58,48.3 1 1
fb_apu04/handlers/icms_fronteira.go:49.2,49.13 1 1
fb_apu04/handlers/icms_fronteira.go:235.62,236.54 1 1
fb_apu04/handlers/icms_fronteira.go:236.54,239.33 2 1
fb_apu04/handlers/icms_fronteira.go:239.33,242.4 2 1
fb_apu04/handlers/icms_fronteira.go:244.3,245.10 2 1
fb_apu04/handlers/icms_fronteira.go:245.10,248.4 2 1
fb_apu04/handlers/icms_fronteira.go:249.3,252.17 3 0
fb_apu04/handlers/icms_fronteira.go:252.17,255.4 2 0
fb_apu04/handlers/icms_fronteira.go:257.3,272.17 4 0
fb_apu04/handlers/icms_fronteira.go:272.17,276.4 3 0
fb_apu04/handlers/icms_fronteira.go:277.3,282.19 4 0
fb_apu04/handlers/icms_fronteira.go:282.19,286.18 2 0
fb_apu04/handlers/icms_fronteira.go:286.18,288.13 2 0
fb_apu04/handlers/icms_fronteira.go:290.4,292.32 3 0
fb_apu04/handlers/icms_fronteira.go:295.3,299.5 1 0
fb_apu04/handlers/icms_fronteira.go:308.95,310.9 2 1
fb_apu04/handlers/icms_fronteira.go:310.9,313.3 2 1
fb_apu04/handlers/icms_fronteira.go:314.2,317.16 3 0
fb_apu04/handlers/icms_fronteira.go:317.16,320.3 2 0
fb_apu04/handlers/icms_fronteira.go:322.2,340.16 4 0
fb_apu04/handlers/icms_fronteira.go:340.16,344.3 3 0
fb_apu04/handlers/icms_fronteira.go:345.2,353.18 7 0
fb_apu04/handlers/icms_fronteira.go:353.18,364.17 4 0
fb_apu04/handlers/icms_fronteira.go:364.17,366.12 2 0
fb_apu04/handlers/icms_fronteira.go:368.3,369.25 2 0
fb_apu04/handlers/icms_fronteira.go:369.25,371.4 1 0
fb_apu04/handlers/icms_fronteira.go:372.3,372.31 1 0
fb_apu04/handlers/icms_fronteira.go:372.31,375.4 2 0
fb_apu04/handlers/icms_fronteira.go:375.9,378.4 2 0
fb_apu04/handlers/icms_fronteira.go:379.3,379.31 1 0
fb_apu04/handlers/icms_fronteira.go:382.2,390.4 1 0
fb_apu04/handlers/icms_fronteira.go:397.67,398.54 1 1
fb_apu04/handlers/icms_fronteira.go:398.54,400.33 2 1
fb_apu04/handlers/icms_fronteira.go:400.33,403.4 2 1
fb_apu04/handlers/icms_fronteira.go:404.3,404.49 1 1
fb_apu04/handlers/icms_fronteira.go:412.58,413.54 1 1
fb_apu04/handlers/icms_fronteira.go:413.54,415.33 2 1
fb_apu04/handlers/icms_fronteira.go:415.33,418.4 2 1
fb_apu04/handlers/icms_fronteira.go:419.3,419.40 1 1
fb_apu04/handlers/icms_fronteira.go:427.61,428.54 1 1
fb_apu04/handlers/icms_fronteira.go:428.54,430.33 2 1
fb_apu04/handlers/icms_fronteira.go:430.33,433.4 2 1
fb_apu04/handlers/icms_fronteira.go:434.3,434.43 1 1
fb_apu04/handlers/icms_fronteira_classificacao.go:38.69,39.54 1 0
fb_apu04/handlers/icms_fronteira_classificacao.go:39.54,42.67 2 0
fb_apu04/handlers/icms_fronteira_classificacao.go:42.67,45.4 2 0
fb_apu04/handlers/icms_fronteira_classificacao.go:46.3,47.10 2 0
fb_apu04/handlers/icms_fronteira_classificacao.go:47.10,50.4 2 0
fb_apu04/handlers/icms_fronteira_classificacao.go:51.3,52.19 2 0
fb_apu04/handlers/icms_fronteira_classificacao.go:52.19,55.4 2 0
fb_apu04/handlers/icms_fronteira_classificacao.go:56.3,57.17 2 0
fb_apu04/handlers/icms_fronteira_classificacao.go:57.17,60.4 2 0
fb_apu04/handlers/icms_fronteira_classificacao.go:62.3,62.36 1 0
fb_apu04/handlers/icms_fronteira_classificacao.go:62.36,64.19 2 0
fb_apu04/handlers/icms_fronteira_classificacao.go:64.19,67.5 2 0
fb_apu04/handlers/icms_fronteira_classificacao.go:68.4,71.18 2 0
fb_apu04/handlers/icms_fronteira_classificacao.go:71.18,75.5 3 0
fb_apu04/handlers/icms_fronteira_classificacao.go:76.4,78.10 3 0
fb_apu04/handlers/icms_fronteira_classificacao.go:82.3,83.92 2 0
fb_apu04/handlers/icms_fronteira_classificacao.go:83.92,86.4 2 0
fb_apu04/handlers/icms_fronteira_classificacao.go:87.3,90.23 4 0
fb_apu04/handlers/icms_fronteira_classificacao.go:90.23,92.4 1 0
fb_apu04/handlers/icms_fronteira_classificacao.go:93.3,93.51 1 0
fb_apu04/handlers/icms_fronteira_classificacao.go:93.51,96.4 2 0
fb_apu04/handlers/icms_fronteira_classificacao.go:97.3,97.37 1 0
fb_apu04/handlers/icms_fronteira_classificacao.go:97.37,100.4 2 0
fb_apu04/handlers/icms_fronteira_classificacao.go:101.3,101.57 1 0
fb_apu04/handlers/icms_fronteira_classificacao.go:101.57,104.4 2 0
fb_apu04/handlers/icms_fronteira_classificacao.go:106.3,107.41 2 0
fb_apu04/handlers/icms_fronteira_classificacao.go:107.41,109.4 1 0
fb_apu04/handlers/icms_fronteira_classificacao.go:110.3,122.17 2 0
fb_apu04/handlers/icms_fronteira_classificacao.go:122.17,126.4 3 0
fb_apu04/handlers/icms_fronteira_classificacao.go:127.3,131.5 1 0
fb_apu04/handlers/icms_fronteira_contestacoes.go:52.71,53.54 1 1
fb_apu04/handlers/icms_fronteira_contestacoes.go:53.54,56.33 2 1
fb_apu04/handlers/icms_fronteira_contestacoes.go:56.33,59.4 2 1
fb_apu04/handlers/icms_fronteira_contestacoes.go:61.3,62.10 2 1
fb_apu04/handlers/icms_fronteira_contestacoes.go:62.10,65.4 2 1
fb_apu04/handlers/icms_fronteira_contestacoes.go:66.3,69.17 3 1
fb_apu04/handlers/icms_fronteira_contestacoes.go:69.17,72.4 2 0
fb_apu04/handlers/icms_fronteira_contestacoes.go:74.3,81.19 5 0
fb_apu04/handlers/icms_fronteira_contestacoes.go:81.19,84.4 2 0
fb_apu04/handlers/icms_fronteira_contestacoes.go:85.3,85.20 1 0
fb_apu04/handlers/icms_fronteira_contestacoes.go:85.20,88.4 2 0
fb_apu04/handlers/icms_fronteira_contestacoes.go:90.3,110.17 3 0
fb_apu04/handlers/icms_fronteira_contestacoes.go:110.17,114.4 3 0
fb_apu04/handlers/icms_fronteira_contestacoes.go:115.3,118.19 3 0
fb_apu04/handlers/icms_fronteira_contestacoes.go:118.19,135.18 4 0
fb_apu04/handlers/icms_fronteira_contestacoes.go:135.18,137.13 2 0
fb_apu04/handlers/icms_fronteira_contestacoes.go:139.4,139.27 1 0
fb_apu04/handlers/icms_fronteira_contestacoes.go:139.27,141.5 1 0
fb_apu04/handlers/icms_fronteira_contestacoes.go:142.4,142.26 1 0
fb_apu04/handlers/icms_fronteira_contestacoes.go:142.26,144.5 1 0
fb_apu04/handlers/icms_fronteira_contestacoes.go:145.4,145.32 1 0
fb_apu04/handlers/icms_fronteira_contestacoes.go:148.3,151.5 1 0
fb_apu04/handlers/icms_fronteira_contestacoes.go:159.73,160.54 1 1
fb_apu04/handlers/icms_fronteira_contestacoes.go:160.54,163.34 2 1
fb_apu04/handlers/icms_fronteira_contestacoes.go:163.34,166.4 2 1
fb_apu04/handlers/icms_fronteira_contestacoes.go:168.3,169.10 2 1
fb_apu04/handlers/icms_fronteira_contestacoes.go:169.10,172.4 2 1
fb_apu04/handlers/icms_fronteira_contestacoes.go:173.3,176.17 3 1
fb_apu04/handlers/icms_fronteira_contestacoes.go:176.17,179.4 2 0
fb_apu04/handlers/icms_fronteira_contestacoes.go:181.3,182.63 2 0
[...]
fb_apu04/handlers/xml_conciliacao.go:381.3,382.36 2 0
fb_apu04/handlers/xml_conciliacao.go:382.36,384.4 1 0
fb_apu04/handlers/xml_notas.go:52.51,53.54 1 1
fb_apu04/handlers/xml_notas.go:53.54,56.33 2 1
fb_apu04/handlers/xml_notas.go:56.33,59.4 2 1
fb_apu04/handlers/xml_notas.go:61.3,62.10 2 1
fb_apu04/handlers/xml_notas.go:62.10,65.4 2 1
fb_apu04/handlers/xml_notas.go:66.3,69.17 3 1
fb_apu04/handlers/xml_notas.go:69.17,72.4 2 0
fb_apu04/handlers/xml_notas.go:74.3,83.78 9 0
fb_apu04/handlers/xml_notas.go:83.78,85.4 1 0
fb_apu04/handlers/xml_notas.go:86.3,86.68 1 0
fb_apu04/handlers/xml_notas.go:86.68,88.4 1 0
fb_apu04/handlers/xml_notas.go:90.3,92.15 2 0
fb_apu04/handlers/xml_notas.go:93.19,106.50 4 0
fb_apu04/handlers/xml_notas.go:108.17,121.50 4 0
fb_apu04/handlers/xml_notas.go:123.15,136.50 4 0
fb_apu04/handlers/xml_notas.go:138.11,140.10 2 0
fb_apu04/handlers/xml_notas.go:143.3,147.23 4 0
fb_apu04/handlers/xml_notas.go:147.23,151.4 3 0
fb_apu04/handlers/xml_notas.go:152.3,152.20 1 0
fb_apu04/handlers/xml_notas.go:152.20,156.4 3 0
fb_apu04/handlers/xml_notas.go:157.3,157.17 1 0
fb_apu04/handlers/xml_notas.go:157.17,161.4 3 0
fb_apu04/handlers/xml_notas.go:163.3,172.17 6 0
fb_apu04/handlers/xml_notas.go:172.17,176.4 3 0
fb_apu04/handlers/xml_notas.go:177.3,180.19 3 0
fb_apu04/handlers/xml_notas.go:180.19,190.18 2 0
fb_apu04/handlers/xml_notas.go:190.18,192.13 2 0
fb_apu04/handlers/xml_notas.go:194.4,194.28 1 0
fb_apu04/handlers/xml_notas.go:197.3,209.5 3 0
fb_apu04/handlers/xml_painel.go:21.66,22.54 1 1
fb_apu04/handlers/xml_painel.go:22.54,25.33 2 1
fb_apu04/handlers/xml_painel.go:25.33,28.4 2 1
fb_apu04/handlers/xml_painel.go:30.3,31.10 2 1
fb_apu04/handlers/xml_painel.go:31.10,34.4 2 1
fb_apu04/handlers/xml_painel.go:35.3,38.17 3 0
fb_apu04/handlers/xml_painel.go:38.17,41.4 2 0
fb_apu04/handlers/xml_painel.go:43.3,50.17 2 0
fb_apu04/handlers/xml_painel.go:50.17,54.4 3 0
fb_apu04/handlers/xml_painel.go:55.3,66.19 4 0
fb_apu04/handlers/xml_painel.go:66.19,70.18 2 0
fb_apu04/handlers/xml_painel.go:70.18,72.13 2 0
fb_apu04/handlers/xml_painel.go:74.4,74.28 1 0
fb_apu04/handlers/xml_painel.go:77.3,77.18 1 0
fb_apu04/handlers/xml_painel.go:77.18,79.4 1 0
fb_apu04/handlers/xml_painel.go:81.3,84.5 1 0
fb_apu04/handlers/xml_painel.go:96.52,97.54 1 1
fb_apu04/handlers/xml_painel.go:97.54,100.33 2 1
fb_apu04/handlers/xml_painel.go:100.33,103.4 2 1
fb_apu04/handlers/xml_painel.go:105.3,106.10 2 1
fb_apu04/handlers/xml_painel.go:106.10,109.4 2 1
fb_apu04/handlers/xml_painel.go:110.3,113.17 3 1
fb_apu04/handlers/xml_painel.go:113.17,116.4 2 0
fb_apu04/handlers/xml_painel.go:119.3,128.10 5 0
fb_apu04/handlers/xml_painel.go:128.10,131.4 2 0
fb_apu04/handlers/xml_painel.go:134.3,138.78 5 0
fb_apu04/handlers/xml_painel.go:138.78,140.4 1 0
fb_apu04/handlers/xml_painel.go:141.3,141.68 1 0
fb_apu04/handlers/xml_painel.go:141.68,143.4 1 0
fb_apu04/handlers/xml_painel.go:145.3,149.25 4 0
fb_apu04/handlers/xml_painel.go:149.25,153.4 3 0
fb_apu04/handlers/xml_painel.go:155.3,169.17 4 0
fb_apu04/handlers/xml_painel.go:169.17,173.4 3 0
fb_apu04/handlers/xml_painel.go:174.3,193.19 4 0
fb_apu04/handlers/xml_painel.go:193.19,199.18 2 0
fb_apu04/handlers/xml_painel.go:199.18,201.13 2 0
fb_apu04/handlers/xml_painel.go:203.4,203.28 1 0
fb_apu04/handlers/xml_painel.go:207.3,217.5 4 0
fb_apu04/handlers/xml_reports.go:21.63,22.54 1 1
fb_apu04/handlers/xml_reports.go:22.54,25.33 2 1
fb_apu04/handlers/xml_reports.go:25.33,28.4 2 1
fb_apu04/handlers/xml_reports.go:30.3,31.10 2 1
fb_apu04/handlers/xml_reports.go:31.10,34.4 2 1
fb_apu04/handlers/xml_reports.go:35.3,38.17 3 0
fb_apu04/handlers/xml_reports.go:38.17,41.4 2 0
fb_apu04/handlers/xml_reports.go:43.3,52.52 7 0
fb_apu04/handlers/xml_reports.go:52.52,56.4 3 0
fb_apu04/handlers/xml_reports.go:57.3,86.17 3 0
fb_apu04/handlers/xml_reports.go:86.17,90.4 3 0
fb_apu04/handlers/xml_reports.go:91.3,112.19 4 0
fb_apu04/handlers/xml_reports.go:112.19,120.18 2 0
fb_apu04/handlers/xml_reports.go:120.18,122.13 2 0
fb_apu04/handlers/xml_reports.go:124.4,124.28 1 0
fb_apu04/handlers/xml_reports.go:127.3,127.18 1 0
fb_apu04/handlers/xml_reports.go:127.18,129.4 1 0
fb_apu04/handlers/xml_reports.go:131.3,131.34 1 0
fb_apu04/handlers/xml_reports.go:170.45,171.16 1 1
fb_apu04/handlers/xml_reports.go:171.16,173.3 1 1
fb_apu04/handlers/xml_reports.go:174.2,175.25 2 1
fb_apu04/handlers/xml_reports.go:176.14,177.10 1 1
fb_apu04/handlers/xml_reports.go:178.14,179.18 1 1
fb_apu04/handlers/xml_reports.go:180.10,181.20 1 1
fb_apu04/handlers/xml_reports.go:183.2,185.15 3 1
fb_apu04/handlers/xml_reports.go:185.15,187.3 1 1
fb_apu04/handlers/xml_reports.go:188.2,188.32 1 1
fb_apu04/handlers/xml_reports.go:194.92,199.18 4 0
fb_apu04/handlers/xml_reports.go:199.18,205.3 2 0
fb_apu04/handlers/xml_reports.go:211.2,256.16 3 0
fb_apu04/handlers/xml_reports.go:256.16,258.3 1 0
fb_apu04/handlers/xml_reports.go:259.2,262.18 3 0
fb_apu04/handlers/xml_reports.go:262.18,281.17 4 0
fb_apu04/handlers/xml_reports.go:281.17,283.12 2 0
fb_apu04/handlers/xml_reports.go:285.3,287.31 3 0
fb_apu04/handlers/xml_reports.go:289.2,289.35 1 0
fb_apu04/handlers/xml_reports.go:289.35,291.3 1 0
fb_apu04/handlers/xml_reports.go:292.2,292.20 1 0
fb_apu04/handlers/xml_reports.go:299.66,300.54 1 1
fb_apu04/handlers/xml_reports.go:300.54,303.33 2 1
fb_apu04/handlers/xml_reports.go:303.33,306.4 2 1
fb_apu04/handlers/xml_reports.go:308.3,309.10 2 1
fb_apu04/handlers/xml_reports.go:309.10,312.4 2 1
fb_apu04/handlers/xml_reports.go:313.3,316.17 3 0
fb_apu04/handlers/xml_reports.go:316.17,319.4 2 0
fb_apu04/handlers/xml_reports.go:321.3,324.17 3 0
fb_apu04/handlers/xml_reports.go:324.17,328.4 3 0
fb_apu04/handlers/xml_reports.go:331.3,331.18 1 0
fb_apu04/handlers/xml_reports.go:331.18,333.4 1 0
fb_apu04/handlers/xml_reports.go:335.3,335.63 1 0
fb_apu04/handlers/xml_reports.go:335.63,337.4 1 0
fb_apu04/handlers/xml_reports.go:346.59,347.54 1 1
fb_apu04/handlers/xml_reports.go:347.54,348.33 1 1
fb_apu04/handlers/xml_reports.go:348.33,351.4 2 1
fb_apu04/handlers/xml_reports.go:353.3,354.10 2 1
fb_apu04/handlers/xml_reports.go:354.10,357.4 2 1
fb_apu04/handlers/xml_reports.go:358.3,361.17 3 0
fb_apu04/handlers/xml_reports.go:361.17,364.4 2 0
fb_apu04/handlers/xml_reports.go:366.3,369.17 3 0
fb_apu04/handlers/xml_reports.go:369.17,373.4 3 0
fb_apu04/handlers/xml_reports.go:375.3,396.42 5 0
fb_apu04/handlers/xml_reports.go:396.42,399.4 2 0
fb_apu04/handlers/xml_reports.go:401.3,401.28 1 0
fb_apu04/handlers/xml_reports.go:401.28,403.36 2 0
fb_apu04/handlers/xml_reports.go:403.36,405.5 1 0
fb_apu04/handlers/xml_reports.go:406.4,407.35 2 0
fb_apu04/handlers/xml_reports.go:407.35,409.5 1 0
fb_apu04/handlers/xml_reports.go:410.4,411.32 2 0
fb_apu04/handlers/xml_reports.go:411.32,413.5 1 0
fb_apu04/handlers/xml_reports.go:414.4,415.32 2 0
fb_apu04/handlers/xml_reports.go:415.32,417.5 1 0
fb_apu04/handlers/xml_reports.go:418.4,419.31 2 0
fb_apu04/handlers/xml_reports.go:419.31,421.5 1 0
fb_apu04/handlers/xml_reports.go:422.4,438.43 2 0
fb_apu04/handlers/xml_reports.go:438.43,441.5 2 0
fb_apu04/handlers/xml_reports.go:444.3,445.36 2 0
fb_apu04/handlers/xml_reports.go:445.36,447.4 1 0
fb_apu04/handlers/xml_reports.go:456.68,457.54 1 1
fb_apu04/handlers/xml_reports.go:457.54,460.33 2 1
fb_apu04/handlers/xml_reports.go:460.33,463.4 2 1
fb_apu04/handlers/xml_reports.go:465.3,466.10 2 1
fb_apu04/handlers/xml_reports.go:466.10,469.4 2 1
fb_apu04/handlers/xml_reports.go:470.3,473.17 3 0
fb_apu04/handlers/xml_reports.go:473.17,476.4 2 0
fb_apu04/handlers/xml_reports.go:478.3,483.19 5 0
fb_apu04/handlers/xml_reports.go:483.19,486.4 2 0
fb_apu04/handlers/xml_reports.go:488.3,505.17 3 0
fb_apu04/handlers/xml_reports.go:505.17,509.4 3 0
fb_apu04/handlers/xml_reports.go:510.3,521.19 4 0
fb_apu04/handlers/xml_reports.go:521.19,529.18 2 0
fb_apu04/handlers/xml_reports.go:529.18,531.13 2 0
fb_apu04/handlers/xml_reports.go:533.4,533.28 1 0
fb_apu04/handlers/xml_reports.go:535.3,535.36 1 0
fb_apu04/handlers/xml_reports.go:535.36,539.4 3 0
fb_apu04/handlers/xml_reports.go:541.3,541.18 1 0
fb_apu04/handlers/xml_reports.go:541.18,543.4 1 0
fb_apu04/handlers/xml_reports.go:545.3,545.63 1 0
fb_apu04/handlers/xml_reports.go:545.63,547.4 1 0
fb_apu04/handlers/xml_upload.go:42.58,44.16 2 1
fb_apu04/handlers/xml_upload.go:44.16,46.3 1 1
fb_apu04/handlers/xml_upload.go:47.2,47.40 1 1
fb_apu04/handlers/xml_upload.go:52.62,54.16 2 1
fb_apu04/handlers/xml_upload.go:54.16,56.3 1 1
fb_apu04/handlers/xml_upload.go:57.2,58.40 2 1
fb_apu04/handlers/xml_upload.go:63.69,67.26 3 1
fb_apu04/handlers/xml_upload.go:67.26,68.27 1 1
fb_apu04/handlers/xml_upload.go:68.27,69.12 1 0
fb_apu04/handlers/xml_upload.go:72.3,72.37 1 1
fb_apu04/handlers/xml_upload.go:72.37,73.12 1 1
fb_apu04/handlers/xml_upload.go:75.3,76.57 2 1
fb_apu04/handlers/xml_upload.go:76.57,77.12 1 1
fb_apu04/handlers/xml_upload.go:81.3,82.47 2 1
fb_apu04/handlers/xml_upload.go:82.47,84.4 1 0
fb_apu04/handlers/xml_upload.go:86.3,87.17 2 1
fb_apu04/handlers/xml_upload.go:87.17,89.4 1 0
fb_apu04/handlers/xml_upload.go:90.3,92.17 3 1
fb_apu04/handlers/xml_upload.go:92.17,94.4 1 0
fb_apu04/handlers/xml_upload.go:95.3,95.46 1 1
fb_apu04/handlers/xml_upload.go:95.46,97.4 1 0
fb_apu04/handlers/xml_upload.go:99.3,99.71 1 1
fb_apu04/handlers/xml_upload.go:102.2,102.22 1 1
fb_apu04/handlers/xml_upload.go:111.62,113.16 2 1
fb_apu04/handlers/xml_upload.go:113.16,115.3 1 1
fb_apu04/handlers/xml_upload.go:116.2,121.6 4 1
fb_apu04/handlers/xml_upload.go:121.6,123.20 2 1
fb_apu04/handlers/xml_upload.go:123.20,124.9 1 1
fb_apu04/handlers/xml_upload.go:126.3,126.17 1 1
fb_apu04/handlers/xml_upload.go:126.17,128.4 1 0
fb_apu04/handlers/xml_upload.go:129.3,129.16 1 1
fb_apu04/handlers/xml_upload.go:129.16,130.12 1 0
fb_apu04/handlers/xml_upload.go:133.3,133.39 1 1
fb_apu04/handlers/xml_upload.go:133.39,134.12 1 0
fb_apu04/handlers/xml_upload.go:136.3,137.57 2 1
fb_apu04/handlers/xml_upload.go:137.57,138.12 1 1
fb_apu04/handlers/xml_upload.go:142.3,143.47 2 0
fb_apu04/handlers/xml_upload.go:143.47,145.4 1 0
fb_apu04/handlers/xml_upload.go:147.3,148.17 2 0
fb_apu04/handlers/xml_upload.go:148.17,150.4 1 0
fb_apu04/handlers/xml_upload.go:151.3,151.43 1 0
fb_apu04/handlers/xml_upload.go:151.43,153.4 1 0
fb_apu04/handlers/xml_upload.go:155.3,155.68 1 0
fb_apu04/handlers/xml_upload.go:158.2,158.22 1 1
fb_apu04/handlers/xml_upload.go:172.122,174.2 1 1
fb_apu04/handlers/xml_upload.go:176.122,181.30 4 1
fb_apu04/handlers/xml_upload.go:181.30,183.25 1 1
fb_apu04/handlers/xml_upload.go:183.25,188.4 1 1
fb_apu04/handlers/xml_upload.go:190.3,190.80 1 1
fb_apu04/handlers/xml_upload.go:190.80,197.4 3 1
fb_apu04/handlers/xml_upload.go:197.9,199.4 1 0
fb_apu04/handlers/xml_upload.go:203.2,217.18 3 1
fb_apu04/handlers/xml_upload.go:217.18,219.3 1 0
fb_apu04/handlers/xml_upload.go:220.2,224.40 2 0
fb_apu04/handlers/xml_upload.go:224.40,225.13 1 0
fb_apu04/handlers/xml_upload.go:225.13,226.100 1 0
fb_apu04/handlers/xml_upload.go:226.100,227.87 1 0
fb_apu04/handlers/xml_upload.go:227.87,229.6 1 0
fb_apu04/handlers/xml_upload.go:236.105,241.23 3 1
fb_apu04/handlers/xml_upload.go:241.23,243.3 1 0
fb_apu04/handlers/xml_upload.go:244.2,245.29 2 1
fb_apu04/handlers/xml_upload.go:245.29,247.3 1 1
fb_apu04/handlers/xml_upload.go:248.2,249.96 2 1
fb_apu04/handlers/xml_upload.go:249.96,251.3 1 0
fb_apu04/handlers/xml_upload.go:254.2,254.20 1 1
fb_apu04/handlers/xml_upload.go:254.20,256.3 1 0
fb_apu04/handlers/xml_upload.go:259.2,260.16 2 1
fb_apu04/handlers/xml_upload.go:260.16,262.3 1 1
fb_apu04/handlers/xml_upload.go:264.2,268.32 3 1
fb_apu04/handlers/xml_upload.go:268.32,270.3 1 1
fb_apu04/handlers/xml_upload.go:272.2,273.22 2 1
fb_apu04/handlers/xml_upload.go:273.22,275.3 1 1
fb_apu04/handlers/xml_upload.go:277.2,278.16 2 1
fb_apu04/handlers/xml_upload.go:278.16,280.3 1 1
fb_apu04/handlers/xml_upload.go:281.2,281.23 1 1
fb_apu04/handlers/xml_upload.go:281.23,283.3 1 0
fb_apu04/handlers/xml_upload.go:285.2,286.23 2 1
fb_apu04/handlers/xml_upload.go:286.23,288.3 1 0
fb_apu04/handlers/xml_upload.go:290.2,295.16 5 1
fb_apu04/handlers/xml_upload.go:295.16,297.3 1 0
fb_apu04/handlers/xml_upload.go:298.2,302.14 3 0
fb_apu04/handlers/xml_upload.go:303.18,369.17 2 0
fb_apu04/handlers/xml_upload.go:369.17,371.4 1 0
fb_apu04/handlers/xml_upload.go:372.3,372.23 1 0
fb_apu04/handlers/xml_upload.go:372.23,374.4 1 0
fb_apu04/handlers/xml_upload.go:376.16,378.45 1 0
fb_apu04/handlers/xml_upload.go:378.45,380.4 1 0
fb_apu04/handlers/xml_upload.go:381.3,441.17 2 0
fb_apu04/handlers/xml_upload.go:441.17,443.4 1 0
fb_apu04/handlers/xml_upload.go:444.3,444.23 1 0
fb_apu04/handlers/xml_upload.go:444.23,446.4 1 0
fb_apu04/handlers/xml_upload.go:448.10,449.51 1 0
fb_apu04/handlers/xml_upload.go:453.2,453.44 1 0
fb_apu04/handlers/xml_upload.go:453.44,455.21 2 0
fb_apu04/handlers/xml_upload.go:455.21,457.4 1 0
fb_apu04/handlers/xml_upload.go:460.2,460.36 1 0
fb_apu04/handlers/xml_upload.go:460.36,462.3 1 0
fb_apu04/handlers/xml_upload.go:467.2,467.22 1 0
fb_apu04/handlers/xml_upload.go:467.22,469.3 1 0
fb_apu04/handlers/xml_upload.go:471.2,471.12 1 0
fb_apu04/handlers/xml_upload.go:475.92,477.16 2 0
fb_apu04/handlers/xml_upload.go:477.16,479.3 1 0
fb_apu04/handlers/xml_upload.go:481.2,483.17 3 0
fb_apu04/handlers/xml_upload.go:483.17,485.3 1 0
fb_apu04/handlers/xml_upload.go:487.2,488.22 2 0
fb_apu04/handlers/xml_upload.go:488.22,490.3 1 0
fb_apu04/handlers/xml_upload.go:492.2,493.16 2 0
fb_apu04/handlers/xml_upload.go:493.16,495.3 1 0
fb_apu04/handlers/xml_upload.go:496.2,496.23 1 0
fb_apu04/handlers/xml_upload.go:496.23,498.3 1 0
fb_apu04/handlers/xml_upload.go:500.2,501.22 2 0
fb_apu04/handlers/xml_upload.go:501.22,503.3 1 0
fb_apu04/handlers/xml_upload.go:504.2,505.23 2 0
fb_apu04/handlers/xml_upload.go:505.23,507.3 1 0
fb_apu04/handlers/xml_upload.go:509.2,557.16 5 0
fb_apu04/handlers/xml_upload.go:557.16,559.3 1 0
fb_apu04/handlers/xml_upload.go:560.2,560.12 1 0
fb_apu04/handlers/xml_upload.go:569.52,570.54 1 1
fb_apu04/handlers/xml_upload.go:570.54,573.34 2 1
fb_apu04/handlers/xml_upload.go:573.34,576.4 2 1
fb_apu04/handlers/xml_upload.go:579.3,580.10 2 1
fb_apu04/handlers/xml_upload.go:580.10,583.4 2 1
fb_apu04/handlers/xml_upload.go:584.3,587.17 3 0
fb_apu04/handlers/xml_upload.go:587.17,590.4 2 0
fb_apu04/handlers/xml_upload.go:593.3,593.43 1 0
fb_apu04/handlers/xml_upload.go:593.43,596.4 2 0
fb_apu04/handlers/xml_upload.go:599.3,599.56 1 0
fb_apu04/handlers/xml_upload.go:599.56,602.4 2 0
fb_apu04/handlers/xml_upload.go:605.3,606.63 2 0
fb_apu04/handlers/xml_upload.go:606.63,610.4 3 0
fb_apu04/handlers/xml_upload.go:613.3,614.24 2 0
fb_apu04/handlers/xml_upload.go:614.24,619.23 5 0
fb_apu04/handlers/xml_upload.go:619.23,621.5 1 0
fb_apu04/handlers/xml_upload.go:622.4,622.124 1 0
fb_apu04/handlers/xml_upload.go:622.124,625.5 2 0
fb_apu04/handlers/xml_upload.go:629.3,630.28 2 0
fb_apu04/handlers/xml_upload.go:630.28,633.4 2 0
fb_apu04/handlers/xml_upload.go:635.3,638.36 3 0
fb_apu04/handlers/xml_upload.go:638.36,640.18 2 0
fb_apu04/handlers/xml_upload.go:640.18,643.5 2 0
fb_apu04/handlers/xml_upload.go:645.4,646.38 2 0
fb_apu04/handlers/xml_upload.go:646.38,649.22 2 0
fb_apu04/handlers/xml_upload.go:649.22,653.6 3 0
fb_apu04/handlers/xml_upload.go:654.5,658.23 5 0
fb_apu04/handlers/xml_upload.go:658.23,662.6 3 0
fb_apu04/handlers/xml_upload.go:663.5,663.37 1 0
fb_apu04/handlers/xml_upload.go:663.37,667.6 3 0
fb_apu04/handlers/xml_upload.go:668.5,670.22 3 0
fb_apu04/handlers/xml_upload.go:670.22,672.6 1 0
fb_apu04/handlers/xml_upload.go:672.11,674.6 1 0
fb_apu04/handlers/xml_upload.go:675.5,676.23 2 0
fb_apu04/handlers/xml_upload.go:676.23,680.6 3 0
fb_apu04/handlers/xml_upload.go:681.5,682.46 2 0
fb_apu04/handlers/xml_upload.go:683.10,683.28 1 0
fb_apu04/handlers/xml_upload.go:683.28,686.23 3 0
fb_apu04/handlers/xml_upload.go:686.23,689.6 2 0
fb_apu04/handlers/xml_upload.go:690.5,690.48 1 0
fb_apu04/handlers/xml_upload.go:690.48,693.6 2 0
fb_apu04/handlers/xml_upload.go:694.5,694.78 1 0
fb_apu04/handlers/xml_upload.go:695.10,700.5 4 0
fb_apu04/handlers/xml_upload.go:703.3,703.25 1 0
fb_apu04/handlers/xml_upload.go:703.25,707.4 3 0
fb_apu04/handlers/xml_upload.go:709.3,715.32 4 0
fb_apu04/handlers/xml_upload.go:715.32,717.23 2 0
fb_apu04/handlers/xml_upload.go:717.23,719.5 1 0
fb_apu04/handlers/xml_upload.go:721.4,728.18 3 0
fb_apu04/handlers/xml_upload.go:728.18,732.5 3 0
fb_apu04/handlers/xml_upload.go:733.4,733.14 1 0
fb_apu04/handlers/xml_upload.go:733.14,735.5 1 0
fb_apu04/handlers/xml_upload.go:738.4,738.71 1 0
fb_apu04/handlers/xml_upload.go:738.71,745.21 6 0
fb_apu04/handlers/xml_upload.go:745.21,747.6 1 0
fb_apu04/handlers/xml_upload.go:748.5,756.11 3 0
fb_apu04/handlers/xml_upload.go:760.4,762.29 3 0
fb_apu04/handlers/xml_upload.go:762.29,764.20 2 0
fb_apu04/handlers/xml_upload.go:764.20,765.14 1 0
fb_apu04/handlers/xml_upload.go:767.5,767.22 1 0
fb_apu04/handlers/xml_upload.go:769.4,771.26 2 0
fb_apu04/handlers/xml_upload.go:774.3,780.5 2 0
fb_apu04/handlers/xml_upload.go:798.74,801.33 3 1
fb_apu04/handlers/xml_upload.go:801.33,803.3 1 1
fb_apu04/handlers/xml_upload.go:804.2,804.13 1 1
fb_apu04/handlers/xml_upload.go:805.16,806.30 1 1
fb_apu04/handlers/xml_upload.go:807.11,808.24 1 1
fb_apu04/handlers/xml_upload.go:809.10,810.16 1 1
fb_apu04/handlers/xml_upload.go:812.2,820.20 2 1
fb_apu04/handlers/xml_upload.go:830.78,832.17 2 1
fb_apu04/handlers/xml_upload.go:832.17,834.3 1 1
fb_apu04/handlers/xml_upload.go:835.2,836.16 2 0
fb_apu04/handlers/xml_upload.go:836.16,839.3 2 0
fb_apu04/handlers/xml_upload.go:840.2,840.64 1 0
fb_apu04/handlers/xml_upload.go:840.64,842.3 1 0
fb_apu04/handlers/xml_upload.go:845.61,846.37 1 1
fb_apu04/handlers/xml_upload.go:846.37,848.3 1 1
fb_apu04/handlers/xml_upload.go:849.2,850.40 2 1
fb_apu04/handlers/xml_upload.go:850.40,852.23 2 1
fb_apu04/handlers/xml_upload.go:852.23,854.4 1 1
fb_apu04/handlers/xml_upload.go:855.3,855.40 1 1
fb_apu04/handlers/xml_upload.go:857.2,857.15 1 1
fb_apu04/handlers/xml_upload.go:864.63,865.54 1 1
fb_apu04/handlers/xml_upload.go:865.54,868.33 2 1
fb_apu04/handlers/xml_upload.go:868.33,871.4 2 1
fb_apu04/handlers/xml_upload.go:873.3,874.10 2 1
fb_apu04/handlers/xml_upload.go:874.10,877.4 2 1
fb_apu04/handlers/xml_upload.go:878.3,881.17 3 0
fb_apu04/handlers/xml_upload.go:881.17,884.4 2 0
fb_apu04/handlers/xml_upload.go:887.3,890.20 4 0
fb_apu04/handlers/xml_upload.go:890.20,893.4 2 0
fb_apu04/handlers/xml_upload.go:895.3,916.27 3 0
fb_apu04/handlers/xml_upload.go:916.27,919.4 2 0
fb_apu04/handlers/xml_upload.go:920.3,920.17 1 0
fb_apu04/handlers/xml_upload.go:920.17,924.4 3 0
fb_apu04/handlers/xml_upload.go:926.3,937.24 2 0
fb_apu04/handlers/xml_upload.go:937.24,939.4 1 0
fb_apu04/handlers/xml_upload.go:941.3,941.56 1 0
fb_apu04/handlers/xml_upload.go:941.56,943.4 1 0
fb_apu04/handlers/xml_upload.go:945.3,945.34 1 0
fb_apu04/handlers/xml_upload.go:954.59,955.54 1 1
fb_apu04/handlers/xml_upload.go:955.54,958.33 2 1
fb_apu04/handlers/xml_upload.go:958.33,961.4 2 1
fb_apu04/handlers/xml_upload.go:963.3,964.10 2 1
fb_apu04/handlers/xml_upload.go:964.10,967.4 2 1
fb_apu04/handlers/xml_upload.go:968.3,971.17 3 0
fb_apu04/handlers/xml_upload.go:971.17,974.4 2 0
fb_apu04/handlers/xml_upload.go:976.3,980.78 5 0
fb_apu04/handlers/xml_upload.go:980.78,982.4 1 0
fb_apu04/handlers/xml_upload.go:983.3,983.68 1 0
fb_apu04/handlers/xml_upload.go:983.68,985.4 1 0
fb_apu04/handlers/xml_upload.go:987.3,991.103 4 0
fb_apu04/handlers/xml_upload.go:991.103,995.4 3 0
fb_apu04/handlers/xml_upload.go:997.3,1012.17 3 0
fb_apu04/handlers/xml_upload.go:1012.17,1016.4 3 0
fb_apu04/handlers/xml_upload.go:1017.3,1035.19 4 0
fb_apu04/handlers/xml_upload.go:1035.19,1043.18 4 0
fb_apu04/handlers/xml_upload.go:1043.18,1045.13 2 0
fb_apu04/handlers/xml_upload.go:1047.4,1048.25 2 0
fb_apu04/handlers/xml_upload.go:1048.25,1051.5 2 0
fb_apu04/handlers/xml_upload.go:1052.4,1052.26 1 0
fb_apu04/handlers/xml_upload.go:1056.3,1066.5 3 0
