mode: set
fb_apu01/handlers/admin.go:19.33,21.2 1 1
fb_apu01/handlers/admin.go:30.59,31.54 1 1
fb_apu01/handlers/admin.go:31.54,32.36 1 1
fb_apu01/handlers/admin.go:32.36,35.4 2 1
fb_apu01/handlers/admin.go:37.3,38.62 2 1
fb_apu01/handlers/admin.go:38.62,41.4 2 1
fb_apu01/handlers/admin.go:43.3,43.26 1 1
fb_apu01/handlers/admin.go:43.26,46.4 2 1
fb_apu01/handlers/admin.go:49.3,50.10 2 1
fb_apu01/handlers/admin.go:50.10,53.4 2 1
fb_apu01/handlers/admin.go:54.3,58.22 3 0
fb_apu01/handlers/admin.go:58.22,72.18 3 0
fb_apu01/handlers/admin.go:72.18,76.5 3 0
fb_apu01/handlers/admin.go:78.4,78.15 1 0
fb_apu01/handlers/admin.go:78.15,81.5 2 0
fb_apu01/handlers/admin.go:84.3,88.21 3 0
fb_apu01/handlers/admin.go:88.21,90.24 2 0
fb_apu01/handlers/admin.go:90.24,92.52 2 0
fb_apu01/handlers/admin.go:92.52,94.68 2 0
fb_apu01/handlers/admin.go:94.68,96.7 1 0
fb_apu01/handlers/admin.go:96.12,96.27 1 0
fb_apu01/handlers/admin.go:96.27,98.7 1 0
fb_apu01/handlers/admin.go:104.3,105.17 2 0
fb_apu01/handlers/admin.go:105.17,109.4 3 0
fb_apu01/handlers/admin.go:111.3,115.13 3 0
fb_apu01/handlers/admin.go:115.13,119.103 2 0
fb_apu01/handlers/admin.go:119.103,122.5 2 0
fb_apu01/handlers/admin.go:125.4,125.100 1 0
fb_apu01/handlers/admin.go:125.100,128.5 2 0
fb_apu01/handlers/admin.go:131.4,131.103 1 0
fb_apu01/handlers/admin.go:131.103,134.5 2 0
fb_apu01/handlers/admin.go:136.4,136.90 1 0
fb_apu01/handlers/admin.go:139.3,143.5 2 0
fb_apu01/handlers/admin.go:148.55,149.54 1 1
fb_apu01/handlers/admin.go:149.54,150.34 1 1
fb_apu01/handlers/admin.go:150.34,153.4 2 1
fb_apu01/handlers/admin.go:156.3,157.10 2 0
fb_apu01/handlers/admin.go:157.10,160.4 2 0
fb_apu01/handlers/admin.go:161.3,170.17 5 0
fb_apu01/handlers/admin.go:170.17,173.18 3 0
fb_apu01/handlers/admin.go:173.18,177.5 3 0
fb_apu01/handlers/admin.go:181.3,182.17 2 0
fb_apu01/handlers/admin.go:182.17,185.18 3 0
fb_apu01/handlers/admin.go:185.18,189.5 3 0
fb_apu01/handlers/admin.go:193.3,194.17 2 0
fb_apu01/handlers/admin.go:194.17,197.18 3 0
fb_apu01/handlers/admin.go:197.18,201.5 3 0
fb_apu01/handlers/admin.go:204.3,211.5 4 0
fb_apu01/handlers/admin.go:217.56,218.54 1 1
fb_apu01/handlers/admin.go:218.54,221.36 2 1
fb_apu01/handlers/admin.go:221.36,224.4 2 1
fb_apu01/handlers/admin.go:227.3,228.10 2 0
fb_apu01/handlers/admin.go:228.10,231.4 2 0
fb_apu01/handlers/admin.go:232.3,238.67 5 0
fb_apu01/handlers/admin.go:238.67,249.4 2 0
fb_apu01/handlers/admin.go:254.3,254.22 1 0
fb_apu01/handlers/admin.go:254.22,258.4 2 0
fb_apu01/handlers/admin.go:261.3,264.93 2 0
fb_apu01/handlers/admin.go:264.93,268.4 2 0
fb_apu01/handlers/admin.go:269.3,269.45 1 0
fb_apu01/handlers/admin.go:269.45,273.4 2 0
fb_apu01/handlers/admin.go:276.3,276.40 1 0
fb_apu01/handlers/admin.go:276.40,289.4 3 0
fb_apu01/handlers/admin.go:293.3,294.15 2 0
fb_apu01/handlers/admin.go:294.15,301.4 3 0
fb_apu01/handlers/admin.go:304.3,309.17 3 0
fb_apu01/handlers/admin.go:309.17,324.4 3 0
fb_apu01/handlers/admin.go:327.3,330.17 3 0
fb_apu01/handlers/admin.go:330.17,345.4 3 0
fb_apu01/handlers/admin.go:346.3,359.33 3 0
fb_apu01/handlers/admin.go:359.33,360.39 1 0
fb_apu01/handlers/admin.go:360.39,375.5 3 0
fb_apu01/handlers/admin.go:378.3,378.37 1 0
fb_apu01/handlers/admin.go:378.37,393.4 3 0
fb_apu01/handlers/admin.go:396.3,420.5 5 0
fb_apu01/handlers/admin.go:425.39,426.108 1 0
fb_apu01/handlers/admin.go:426.108,427.71 1 0
fb_apu01/handlers/admin.go:427.71,429.4 1 0
fb_apu01/handlers/admin.go:429.9,431.4 1 0
fb_apu01/handlers/admin.go:448.53,449.54 1 1
fb_apu01/handlers/admin.go:449.54,451.62 2 1
fb_apu01/handlers/admin.go:451.62,454.4 2 1
fb_apu01/handlers/admin.go:456.3,456.66 1 1
fb_apu01/handlers/admin.go:456.66,459.4 2 1
fb_apu01/handlers/admin.go:462.3,463.17 2 0
fb_apu01/handlers/admin.go:463.17,466.4 2 0
fb_apu01/handlers/admin.go:469.3,469.21 1 0
fb_apu01/handlers/admin.go:469.21,471.4 1 0
fb_apu01/handlers/admin.go:474.3,482.17 4 0
fb_apu01/handlers/admin.go:482.17,486.4 3 0
fb_apu01/handlers/admin.go:488.3,488.30 1 0
fb_apu01/handlers/admin.go:488.30,491.18 2 0
fb_apu01/handlers/admin.go:491.18,493.5 1 0
fb_apu01/handlers/admin.go:496.4,496.27 1 0
fb_apu01/handlers/admin.go:496.27,498.19 2 0
fb_apu01/handlers/admin.go:498.19,500.6 1 0
fb_apu01/handlers/admin.go:502.9,506.18 3 0
fb_apu01/handlers/admin.go:506.18,510.22 4 0
fb_apu01/handlers/admin.go:510.22,512.6 1 0
fb_apu01/handlers/admin.go:516.3,517.101 2 0
fb_apu01/handlers/admin.go:539.52,540.54 1 0
fb_apu01/handlers/admin.go:540.54,554.17 2 0
fb_apu01/handlers/admin.go:554.17,558.4 3 0
fb_apu01/handlers/admin.go:559.3,562.19 3 0
fb_apu01/handlers/admin.go:562.19,567.47 2 0
fb_apu01/handlers/admin.go:567.47,569.13 2 0
fb_apu01/handlers/admin.go:571.4,571.28 1 0
fb_apu01/handlers/admin.go:574.3,574.19 1 0
fb_apu01/handlers/admin.go:574.19,576.4 1 0
fb_apu01/handlers/admin.go:578.3,579.35 2 0
fb_apu01/handlers/admin.go:591.54,592.54 1 1
fb_apu01/handlers/admin.go:592.54,594.43 2 1
fb_apu01/handlers/admin.go:594.43,597.4 2 1
fb_apu01/handlers/admin.go:599.3,600.62 2 1
fb_apu01/handlers/admin.go:600.62,603.4 2 1
fb_apu01/handlers/admin.go:606.3,606.21 1 1
fb_apu01/handlers/admin.go:606.21,608.18 2 1
fb_apu01/handlers/admin.go:608.18,611.5 2 0
fb_apu01/handlers/admin.go:614.3,614.21 1 0
fb_apu01/handlers/admin.go:614.21,618.18 3 0
fb_apu01/handlers/admin.go:618.18,621.5 2 0
fb_apu01/handlers/admin.go:622.9,622.32 1 0
fb_apu01/handlers/admin.go:622.32,626.18 3 0
fb_apu01/handlers/admin.go:626.18,629.5 2 0
fb_apu01/handlers/admin.go:632.4,632.37 1 0
fb_apu01/handlers/admin.go:632.37,634.5 1 0
fb_apu01/handlers/admin.go:635.4,638.18 3 0
fb_apu01/handlers/admin.go:638.18,641.5 2 0
fb_apu01/handlers/admin.go:644.3,645.87 2 0
fb_apu01/handlers/admin.go:658.55,659.54 1 1
fb_apu01/handlers/admin.go:659.54,660.34 1 1
fb_apu01/handlers/admin.go:660.34,663.4 2 1
fb_apu01/handlers/admin.go:665.3,666.62 2 1
fb_apu01/handlers/admin.go:666.62,669.4 2 1
fb_apu01/handlers/admin.go:671.3,671.50 1 1
fb_apu01/handlers/admin.go:671.50,674.4 2 1
fb_apu01/handlers/admin.go:676.3,677.17 2 0
fb_apu01/handlers/admin.go:677.17,680.4 2 0
fb_apu01/handlers/admin.go:681.3,688.17 3 0
fb_apu01/handlers/admin.go:688.17,690.4 1 0
fb_apu01/handlers/admin.go:693.3,694.17 2 0
fb_apu01/handlers/admin.go:694.17,698.4 3 0
fb_apu01/handlers/admin.go:701.3,701.26 1 0
fb_apu01/handlers/admin.go:701.26,706.4 1 0
fb_apu01/handlers/admin.go:706.9,708.4 1 0
fb_apu01/handlers/admin.go:709.3,709.17 1 0
fb_apu01/handlers/admin.go:709.17,713.4 3 0
fb_apu01/handlers/admin.go:715.3,715.37 1 0
fb_apu01/handlers/admin.go:715.37,718.4 2 0
fb_apu01/handlers/admin.go:720.3,723.90 3 0
fb_apu01/handlers/admin.go:728.53,729.54 1 1
fb_apu01/handlers/admin.go:729.54,731.43 2 1
fb_apu01/handlers/admin.go:731.43,734.4 2 1
fb_apu01/handlers/admin.go:736.3,737.17 2 0
fb_apu01/handlers/admin.go:737.17,740.4 2 0
fb_apu01/handlers/admin.go:742.3,743.87 2 0
fb_apu01/handlers/admin_reset_helpers.go:35.25,36.47 1 1
fb_apu01/handlers/admin_reset_helpers.go:36.47,38.3 1 0
fb_apu01/handlers/admin_reset_helpers.go:39.2,39.20 1 1
fb_apu01/handlers/admin_reset_helpers.go:43.71,47.2 3 0
fb_apu01/handlers/admin_reset_helpers.go:51.76,53.16 2 0
fb_apu01/handlers/admin_reset_helpers.go:53.16,55.3 1 0
fb_apu01/handlers/admin_reset_helpers.go:56.2,57.15 2 0
fb_apu01/handlers/admin_reset_helpers.go:57.15,59.3 1 0
fb_apu01/handlers/admin_reset_helpers.go:60.2,61.23 2 0
fb_apu01/handlers/admin_reset_helpers.go:61.23,63.3 1 0
fb_apu01/handlers/admin_reset_helpers.go:64.2,64.26 1 0
fb_apu01/handlers/admin_reset_helpers.go:64.26,65.18 1 0
fb_apu01/handlers/admin_reset_helpers.go:65.18,67.4 1 0
fb_apu01/handlers/admin_reset_helpers.go:69.2,69.29 1 0
fb_apu01/handlers/admin_reset_helpers.go:73.93,75.27 2 1
fb_apu01/handlers/admin_reset_helpers.go:75.27,78.85 2 0
fb_apu01/handlers/admin_reset_helpers.go:78.85,81.12 2 0
fb_apu01/handlers/admin_reset_helpers.go:83.3,83.16 1 0
fb_apu01/handlers/admin_reset_helpers.go:85.2,85.20 1 1
fb_apu01/handlers/admin_reset_helpers.go:90.76,92.15 2 1
fb_apu01/handlers/admin_reset_helpers.go:92.15,94.3 1 1
fb_apu01/handlers/admin_reset_helpers.go:95.2,96.16 2 1
fb_apu01/handlers/admin_reset_helpers.go:96.16,98.3 1 1
fb_apu01/handlers/admin_reset_helpers.go:99.2,101.16 3 1
fb_apu01/handlers/admin_reset_helpers.go:101.16,103.3 1 1
fb_apu01/handlers/admin_reset_helpers.go:104.2,107.18 4 1
fb_apu01/handlers/admin_reset_helpers.go:107.18,109.3 1 1
fb_apu01/handlers/admin_reset_helpers.go:111.2,112.48 2 1
fb_apu01/handlers/admin_reset_helpers.go:112.48,114.3 1 0
fb_apu01/handlers/admin_reset_helpers.go:115.2,126.27 4 1
fb_apu01/handlers/admin_reset_helpers.go:126.27,128.3 1 1
fb_apu01/handlers/admin_reset_helpers.go:130.2,135.34 5 1
fb_apu01/handlers/admin_reset_helpers.go:135.34,139.3 2 1
fb_apu01/handlers/admin_reset_helpers.go:141.2,142.16 2 0
fb_apu01/handlers/admin_reset_helpers.go:142.16,144.3 1 0
fb_apu01/handlers/admin_reset_helpers.go:145.2,145.20 1 0
fb_apu01/handlers/admin_reset_helpers.go:145.20,148.3 2 0
fb_apu01/handlers/admin_reset_helpers.go:149.2,149.21 1 0
fb_apu01/handlers/admin_reset_helpers.go:168.69,171.50 3 0
fb_apu01/handlers/admin_reset_helpers.go:171.50,173.3 1 0
fb_apu01/handlers/admin_reset_helpers.go:174.2,180.16 2 0
fb_apu01/handlers/admin_reset_helpers.go:180.16,182.3 1 0
fb_apu01/handlers/admin_reset_helpers.go:186.40,187.18 1 1
fb_apu01/handlers/admin_reset_helpers.go:187.18,189.3 1 1
fb_apu01/handlers/admin_reset_helpers.go:190.2,191.23 2 1
fb_apu01/handlers/admin_reset_helpers.go:191.23,196.3 3 1
fb_apu01/handlers/admin_reset_helpers.go:197.2,197.46 1 1
fb_apu01/handlers/admin_reset_helpers.go:201.57,202.42 1 1
fb_apu01/handlers/admin_reset_helpers.go:202.42,204.3 1 1
fb_apu01/handlers/admin_reset_helpers.go:205.2,207.14 3 0
fb_apu01/handlers/ai_query.go:29.47,30.37 1 1
fb_apu01/handlers/ai_query.go:30.37,31.29 1 1
fb_apu01/handlers/ai_query.go:31.29,33.4 1 1
fb_apu01/handlers/ai_query.go:35.2,35.12 1 1
fb_apu01/handlers/ai_query.go:55.89,59.26 4 1
fb_apu01/handlers/ai_query.go:59.26,60.23 1 1
fb_apu01/handlers/ai_query.go:60.23,62.4 1 1
fb_apu01/handlers/ai_query.go:64.2,64.32 1 1
fb_apu01/handlers/ai_query.go:69.50,70.54 1 1
fb_apu01/handlers/ai_query.go:70.54,73.34 2 1
fb_apu01/handlers/ai_query.go:73.34,76.4 2 1
fb_apu01/handlers/ai_query.go:78.3,79.10 2 1
fb_apu01/handlers/ai_query.go:79.10,82.4 2 1
fb_apu01/handlers/ai_query.go:83.3,86.17 3 1
fb_apu01/handlers/ai_query.go:86.17,89.4 2 0
fb_apu01/handlers/ai_query.go:91.3,92.103 2 0
fb_apu01/handlers/ai_query.go:92.103,95.4 2 0
fb_apu01/handlers/ai_query.go:97.3,98.30 2 0
fb_apu01/handlers/ai_query.go:98.30,101.4 2 0
fb_apu01/handlers/ai_query.go:104.3,106.17 3 0
fb_apu01/handlers/ai_query.go:106.17,109.4 2 0
fb_apu01/handlers/ai_query.go:112.3,113.17 2 0
fb_apu01/handlers/ai_query.go:113.17,119.4 3 0
fb_apu01/handlers/ai_query.go:122.3,122.59 1 0
fb_apu01/handlers/ai_query.go:122.59,126.4 3 0
fb_apu01/handlers/ai_query.go:130.3,133.46 2 0
fb_apu01/handlers/ai_query.go:133.46,139.4 2 0
fb_apu01/handlers/ai_query.go:142.3,142.60 1 0
fb_apu01/handlers/ai_query.go:142.60,144.4 1 0
fb_apu01/handlers/ai_query.go:147.3,148.17 2 0
fb_apu01/handlers/ai_query.go:148.17,152.4 3 0
fb_apu01/handlers/ai_query.go:153.3,158.19 4 0
fb_apu01/handlers/ai_query.go:158.19,161.24 3 0
fb_apu01/handlers/ai_query.go:161.24,163.5 1 0
fb_apu01/handlers/ai_query.go:164.4,164.45 1 0
fb_apu01/handlers/ai_query.go:164.45,165.13 1 0
fb_apu01/handlers/ai_query.go:167.4,168.29 2 0
fb_apu01/handlers/ai_query.go:168.29,171.38 1 0
fb_apu01/handlers/ai_query.go:171.38,173.6 1 0
fb_apu01/handlers/ai_query.go:173.11,175.6 1 0
fb_apu01/handlers/ai_query.go:177.4,177.40 1 0
fb_apu01/handlers/ai_query.go:180.3,180.24 1 0
fb_apu01/handlers/ai_query.go:180.24,182.4 1 0
fb_apu01/handlers/ai_query.go:184.3,191.5 1 0
fb_apu01/handlers/ai_reports.go:89.79,90.23 1 1
fb_apu01/handlers/ai_reports.go:90.23,92.3 1 1
fb_apu01/handlers/ai_reports.go:93.2,95.28 3 1
fb_apu01/handlers/ai_reports.go:95.28,98.3 2 1
fb_apu01/handlers/ai_reports.go:99.2,99.79 1 1
fb_apu01/handlers/ai_reports.go:104.106,112.40 3 0
fb_apu01/handlers/ai_reports.go:112.40,114.3 1 0
fb_apu01/handlers/ai_reports.go:117.2,129.16 4 0
fb_apu01/handlers/ai_reports.go:129.16,131.3 1 0
fb_apu01/handlers/ai_reports.go:132.2,134.18 2 0
fb_apu01/handlers/ai_reports.go:134.18,136.84 2 0
fb_apu01/handlers/ai_reports.go:136.84,138.4 1 0
fb_apu01/handlers/ai_reports.go:139.3,140.27 2 0
fb_apu01/handlers/ai_reports.go:140.27,143.4 2 0
fb_apu01/handlers/ai_reports.go:143.9,146.4 2 0
fb_apu01/handlers/ai_reports.go:148.2,150.27 3 0
fb_apu01/handlers/ai_reports.go:150.27,152.3 1 0
fb_apu01/handlers/ai_reports.go:155.2,178.16 10 0
fb_apu01/handlers/ai_reports.go:178.16,180.23 2 0
fb_apu01/handlers/ai_reports.go:180.23,183.62 3 0
fb_apu01/handlers/ai_reports.go:183.62,184.26 1 0
fb_apu01/handlers/ai_reports.go:184.26,187.6 2 0
fb_apu01/handlers/ai_reports.go:187.11,190.6 2 0
fb_apu01/handlers/ai_reports.go:194.2,196.35 3 0
fb_apu01/handlers/ai_reports.go:196.35,198.3 1 0
fb_apu01/handlers/ai_reports.go:199.2,220.16 6 0
fb_apu01/handlers/ai_reports.go:220.16,226.21 4 0
fb_apu01/handlers/ai_reports.go:226.21,232.4 4 0
fb_apu01/handlers/ai_reports.go:233.3,236.25 4 0
fb_apu01/handlers/ai_reports.go:236.25,239.68 3 0
fb_apu01/handlers/ai_reports.go:239.68,240.13 1 0
fb_apu01/handlers/ai_reports.go:242.4,244.23 3 0
fb_apu01/handlers/ai_reports.go:244.23,247.5 2 0
fb_apu01/handlers/ai_reports.go:247.10,250.5 2 0
fb_apu01/handlers/ai_reports.go:252.3,254.30 3 0
fb_apu01/handlers/ai_reports.go:254.30,256.4 1 0
fb_apu01/handlers/ai_reports.go:257.3,257.30 1 0
fb_apu01/handlers/ai_reports.go:257.30,259.4 1 0
fb_apu01/handlers/ai_reports.go:263.2,263.33 1 0
fb_apu01/handlers/ai_reports.go:263.33,268.3 4 0
fb_apu01/handlers/ai_reports.go:269.2,269.36 1 0
fb_apu01/handlers/ai_reports.go:269.36,271.3 1 0
fb_apu01/handlers/ai_reports.go:273.2,273.20 1 0
fb_apu01/handlers/ai_reports.go:276.48,279.21 2 1
fb_apu01/handlers/ai_reports.go:279.21,281.3 1 1
fb_apu01/handlers/ai_reports.go:282.2,286.15 5 1
fb_apu01/handlers/ai_reports.go:286.15,289.3 2 1
fb_apu01/handlers/ai_reports.go:290.2,290.46 1 1
fb_apu01/handlers/ai_reports.go:293.65,311.33 16 1
fb_apu01/handlers/ai_reports.go:311.33,317.45 6 1
fb_apu01/handlers/ai_reports.go:317.45,320.4 2 1
fb_apu01/handlers/ai_reports.go:323.2,323.36 1 1
fb_apu01/handlers/ai_reports.go:323.36,326.36 3 1
fb_apu01/handlers/ai_reports.go:326.36,328.4 1 1
fb_apu01/handlers/ai_reports.go:329.3,331.126 3 1
fb_apu01/handlers/ai_reports.go:334.2,334.31 1 1
fb_apu01/handlers/ai_reports.go:334.31,336.39 2 1
fb_apu01/handlers/ai_reports.go:336.39,338.4 1 1
fb_apu01/handlers/ai_reports.go:341.2,345.20 4 1
fb_apu01/handlers/ai_reports.go:394.62,397.54 2 1
fb_apu01/handlers/ai_reports.go:397.54,402.10 4 1
fb_apu01/handlers/ai_reports.go:402.10,405.4 2 1
fb_apu01/handlers/ai_reports.go:406.3,409.17 3 1
fb_apu01/handlers/ai_reports.go:409.17,412.4 2 0
fb_apu01/handlers/ai_reports.go:414.3,415.20 2 0
fb_apu01/handlers/ai_reports.go:415.20,419.4 2 0
fb_apu01/handlers/ai_reports.go:422.3,426.51 3 0
fb_apu01/handlers/ai_reports.go:426.51,427.45 1 0
fb_apu01/handlers/ai_reports.go:427.45,428.43 1 0
fb_apu01/handlers/ai_reports.go:428.43,430.6 1 0
fb_apu01/handlers/ai_reports.go:435.3,439.18 4 0
fb_apu01/handlers/ai_reports.go:439.18,447.4 1 0
fb_apu01/handlers/ai_reports.go:450.3,450.42 1 0
fb_apu01/handlers/ai_reports.go:450.42,452.18 2 0
fb_apu01/handlers/ai_reports.go:452.18,455.5 2 0
fb_apu01/handlers/ai_reports.go:457.4,465.10 3 0
fb_apu01/handlers/ai_reports.go:470.3,471.17 2 0
fb_apu01/handlers/ai_reports.go:471.17,474.4 2 0
fb_apu01/handlers/ai_reports.go:476.3,483.64 2 0
fb_apu01/handlers/ai_reports.go:483.64,487.4 3 0
fb_apu01/handlers/ai_reports.go:491.3,491.43 1 0
fb_apu01/handlers/ai_reports.go:491.43,492.38 1 0
fb_apu01/handlers/ai_reports.go:492.38,494.5 1 0
fb_apu01/handlers/ai_reports.go:495.4,495.14 1 0
fb_apu01/handlers/ai_reports.go:495.14,502.23 4 0
fb_apu01/handlers/ai_reports.go:502.23,504.6 1 0
fb_apu01/handlers/ai_reports.go:506.5,508.22 3 0
fb_apu01/handlers/ai_reports.go:508.22,510.22 2 0
fb_apu01/handlers/ai_reports.go:510.22,512.37 2 0
fb_apu01/handlers/ai_reports.go:512.37,514.8 1 0
fb_apu01/handlers/ai_reports.go:517.5,517.27 1 0
fb_apu01/handlers/ai_reports.go:517.27,520.6 2 0
fb_apu01/handlers/ai_reports.go:521.5,522.32 2 0
fb_apu01/handlers/ai_reports.go:522.32,524.6 1 0
fb_apu01/handlers/ai_reports.go:526.5,528.21 3 0
fb_apu01/handlers/ai_reports.go:528.21,528.39 1 0
fb_apu01/handlers/ai_reports.go:529.5,529.21 1 0
fb_apu01/handlers/ai_reports.go:529.21,529.38 1 0
fb_apu01/handlers/ai_reports.go:530.5,562.24 10 0
fb_apu01/handlers/ai_reports.go:562.24,564.6 1 0
fb_apu01/handlers/ai_reports.go:564.11,566.6 1 0
fb_apu01/handlers/ai_reports.go:571.3,571.49 1 0
fb_apu01/handlers/ai_reports.go:571.49,577.4 5 0
fb_apu01/handlers/ai_reports.go:579.3,582.17 3 0
fb_apu01/handlers/ai_reports.go:582.17,591.50 4 0
fb_apu01/handlers/ai_reports.go:591.50,595.5 3 0
fb_apu01/handlers/ai_reports.go:595.10,597.5 1 0
fb_apu01/handlers/ai_reports.go:598.4,600.10 3 0
fb_apu01/handlers/ai_reports.go:603.3,606.38 4 0
fb_apu01/handlers/ai_reports.go:611.53,630.2 3 1
fb_apu01/handlers/ai_reports.go:633.58,636.54 2 1
fb_apu01/handlers/ai_reports.go:636.54,641.10 4 1
fb_apu01/handlers/ai_reports.go:641.10,644.4 2 1
fb_apu01/handlers/ai_reports.go:645.3,648.17 3 1
fb_apu01/handlers/ai_reports.go:648.17,651.4 2 0
fb_apu01/handlers/ai_reports.go:654.3,655.90 2 0
fb_apu01/handlers/ai_reports.go:655.90,661.4 5 0
fb_apu01/handlers/ai_reports.go:662.3,673.34 4 0
fb_apu01/handlers/ai_reports.go:673.34,681.4 2 0
fb_apu01/handlers/ai_reports.go:683.3,684.17 2 0
fb_apu01/handlers/ai_reports.go:684.17,687.4 2 0
fb_apu01/handlers/ai_reports.go:690.3,690.49 1 0
fb_apu01/handlers/ai_reports.go:690.49,697.4 6 0
fb_apu01/handlers/ai_reports.go:699.3,701.17 3 0
fb_apu01/handlers/ai_reports.go:701.17,709.4 7 0
fb_apu01/handlers/ai_reports.go:712.3,715.21 4 0
fb_apu01/handlers/ai_reports.go:715.21,717.55 2 0
fb_apu01/handlers/ai_reports.go:717.55,719.5 1 0
fb_apu01/handlers/ai_reports.go:722.3,727.34 5 0
fb_apu01/handlers/ai_reports.go:732.55,747.31 12 1
fb_apu01/handlers/ai_reports.go:747.31,750.17 3 1
fb_apu01/handlers/ai_reports.go:750.17,752.4 1 1
fb_apu01/handlers/ai_reports.go:753.3,753.136 1 1
fb_apu01/handlers/ai_reports.go:756.2,757.20 2 1
fb_apu01/handlers/ai_reports.go:761.62,763.31 1 1
fb_apu01/handlers/ai_reports.go:763.31,765.28 2 1
fb_apu01/handlers/ai_reports.go:765.28,768.18 3 1
fb_apu01/handlers/ai_reports.go:768.18,771.5 2 1
fb_apu01/handlers/ai_reports.go:771.10,773.5 1 1
fb_apu01/handlers/ai_reports.go:774.4,778.5 1 1
fb_apu01/handlers/ai_reports.go:783.2,783.22 1 1
fb_apu01/handlers/ai_reports.go:783.22,789.3 1 1
fb_apu01/handlers/ai_reports.go:792.2,795.3 1 1
fb_apu01/handlers/ai_reports.go:798.38,800.16 1 1
fb_apu01/handlers/ai_reports.go:800.16,802.3 1 1
fb_apu01/handlers/ai_reports.go:803.2,804.14 2 1
fb_apu01/handlers/ai_reports.go:804.14,806.3 1 1
fb_apu01/handlers/ai_reports.go:807.2,813.38 5 1
fb_apu01/handlers/ai_reports.go:813.38,815.16 2 1
fb_apu01/handlers/ai_reports.go:815.16,817.4 1 1
fb_apu01/handlers/ai_reports.go:818.3,818.54 1 1
fb_apu01/handlers/ai_reports.go:820.2,821.14 2 1
fb_apu01/handlers/ai_reports.go:821.14,823.3 1 1
fb_apu01/handlers/ai_reports.go:824.2,824.15 1 1
fb_apu01/handlers/ai_reports.go:828.62,829.54 1 1
fb_apu01/handlers/ai_reports.go:829.54,834.10 4 1
fb_apu01/handlers/ai_reports.go:834.10,837.4 2 1
fb_apu01/handlers/ai_reports.go:838.3,841.17 3 1
fb_apu01/handlers/ai_reports.go:841.17,844.4 2 0
fb_apu01/handlers/ai_reports.go:846.3,852.17 2 0
fb_apu01/handlers/ai_reports.go:852.17,855.4 2 0
fb_apu01/handlers/ai_reports.go:856.3,859.19 3 0
fb_apu01/handlers/ai_reports.go:859.19,861.40 2 0
fb_apu01/handlers/ai_reports.go:861.40,863.5 1 0
fb_apu01/handlers/ai_reports.go:866.3,868.29 1 0
fb_apu01/handlers/ai_reports.go:868.29,868.51 1 0
fb_apu01/handlers/ai_reports.go:868.51,868.72 1 0
fb_apu01/handlers/ai_reports.go:868.74,868.83 1 0
fb_apu01/handlers/ai_reports.go:886.61,887.54 1 1
fb_apu01/handlers/ai_reports.go:887.54,892.10 4 1
fb_apu01/handlers/ai_reports.go:892.10,895.4 2 1
fb_apu01/handlers/ai_reports.go:896.3,899.17 3 1
fb_apu01/handlers/ai_reports.go:899.17,902.4 2 0
fb_apu01/handlers/ai_reports.go:904.3,911.17 2 0
fb_apu01/handlers/ai_reports.go:911.17,914.4 2 0
fb_apu01/handlers/ai_reports.go:915.3,918.19 3 0
fb_apu01/handlers/ai_reports.go:918.19,920.141 2 0
fb_apu01/handlers/ai_reports.go:920.141,923.5 2 0
fb_apu01/handlers/ai_reports.go:924.4,924.32 1 0
fb_apu01/handlers/ai_reports.go:927.3,930.5 1 0
fb_apu01/handlers/ai_reports.go:935.59,936.54 1 1
fb_apu01/handlers/ai_reports.go:936.54,941.10 4 1
fb_apu01/handlers/ai_reports.go:941.10,944.4 2 1
fb_apu01/handlers/ai_reports.go:945.3,948.17 3 1
fb_apu01/handlers/ai_reports.go:948.17,951.4 2 0
fb_apu01/handlers/ai_reports.go:954.3,956.39 3 0
fb_apu01/handlers/ai_reports.go:956.39,958.4 1 0
fb_apu01/handlers/ai_reports.go:959.3,959.21 1 0
fb_apu01/handlers/ai_reports.go:959.21,962.4 2 0
fb_apu01/handlers/ai_reports.go:965.3,971.27 3 0
fb_apu01/handlers/ai_reports.go:971.27,974.4 2 0
fb_apu01/handlers/ai_reports.go:975.3,975.17 1 0
fb_apu01/handlers/ai_reports.go:975.17,978.4 2 0
fb_apu01/handlers/ai_reports.go:980.3,980.36 1 0
fb_apu01/handlers/apuracao_painel.go:52.57,53.54 1 1
fb_apu01/handlers/apuracao_painel.go:53.54,56.33 2 1
fb_apu01/handlers/apuracao_painel.go:56.33,59.4 2 1
fb_apu01/handlers/apuracao_painel.go:61.3,62.10 2 1
fb_apu01/handlers/apuracao_painel.go:62.10,65.4 2 1
fb_apu01/handlers/apuracao_painel.go:66.3,69.17 3 1
fb_apu01/handlers/apuracao_painel.go:69.17,72.4 2 0
fb_apu01/handlers/apuracao_painel.go:75.3,84.17 2 0
fb_apu01/handlers/apuracao_painel.go:84.17,87.4 2 0
fb_apu01/handlers/apuracao_painel.go:88.3,91.19 3 0
fb_apu01/handlers/apuracao_painel.go:91.19,93.40 2 0
fb_apu01/handlers/apuracao_painel.go:93.40,95.5 1 0
fb_apu01/handlers/apuracao_painel.go:97.3,97.19 1 0
fb_apu01/handlers/apuracao_painel.go:97.19,99.4 1 0
fb_apu01/handlers/apuracao_painel.go:102.3,103.37 2 0
fb_apu01/handlers/apuracao_painel.go:103.37,105.4 1 0
fb_apu01/handlers/apuracao_painel.go:107.3,111.19 4 0
fb_apu01/handlers/apuracao_painel.go:111.19,116.4 3 0
fb_apu01/handlers/apuracao_painel.go:119.3,131.41 4 0
fb_apu01/handlers/apuracao_painel.go:131.41,134.4 2 0
fb_apu01/handlers/apuracao_painel.go:137.3,149.41 4 0
fb_apu01/handlers/apuracao_painel.go:149.41,152.4 2 0
fb_apu01/handlers/apuracao_painel.go:155.3,165.41 4 0
fb_apu01/handlers/apuracao_painel.go:165.41,168.4 2 0
fb_apu01/handlers/apuracao_painel.go:171.3,197.34 4 0
fb_apu01/handlers/auth.go:64.28,66.18 2 1
fb_apu01/handlers/auth.go:66.18,68.3 1 1
fb_apu01/handlers/auth.go:69.2,69.23 1 1
fb_apu01/handlers/auth.go:73.26,74.35 1 1
fb_apu01/handlers/auth.go:74.35,75.38 1 1
fb_apu01/handlers/auth.go:75.38,77.4 1 0
fb_apu01/handlers/auth.go:78.3,78.97 1 1
fb_apu01/handlers/auth.go:95.13,97.12 1 1
fb_apu01/handlers/auth.go:97.12,99.22 2 1
fb_apu01/handlers/auth.go:99.22,101.56 2 0
fb_apu01/handlers/auth.go:101.56,102.68 1 0
fb_apu01/handlers/auth.go:102.68,104.6 1 0
fb_apu01/handlers/auth.go:105.5,105.16 1 0
fb_apu01/handlers/auth.go:107.4,107.53 1 0
fb_apu01/handlers/auth.go:107.53,108.55 1 0
fb_apu01/handlers/auth.go:108.55,110.6 1 0
fb_apu01/handlers/auth.go:111.5,111.16 1 0
fb_apu01/handlers/auth.go:119.42,120.40 1 1
fb_apu01/handlers/auth.go:120.40,122.3 1 1
fb_apu01/handlers/auth.go:123.2,123.17 1 1
fb_apu01/handlers/auth.go:126.52,129.2 2 1
fb_apu01/handlers/auth.go:131.52,134.2 2 1
fb_apu01/handlers/auth.go:136.57,144.2 3 1
fb_apu01/handlers/auth.go:146.42,150.2 3 1
fb_apu01/handlers/auth.go:152.43,155.2 1 1
fb_apu01/handlers/auth.go:157.77,167.2 1 1
fb_apu01/handlers/auth.go:169.65,179.2 1 1
fb_apu01/handlers/auth.go:184.48,185.54 1 1
fb_apu01/handlers/auth.go:185.54,187.10 2 1
fb_apu01/handlers/auth.go:187.10,190.4 2 1
fb_apu01/handlers/auth.go:191.3,199.17 4 1
fb_apu01/handlers/auth.go:199.17,202.4 2 0
fb_apu01/handlers/auth.go:204.3,205.34 2 0
fb_apu01/handlers/auth.go:209.82,210.54 1 1
fb_apu01/handlers/auth.go:210.54,212.23 2 1
fb_apu01/handlers/auth.go:212.23,215.4 2 1
fb_apu01/handlers/auth.go:217.3,218.57 2 1
fb_apu01/handlers/auth.go:218.57,220.4 1 1
fb_apu01/handlers/auth.go:220.9,223.4 2 1
fb_apu01/handlers/auth.go:226.3,226.62 1 1
fb_apu01/handlers/auth.go:226.62,229.4 2 1
fb_apu01/handlers/auth.go:231.3,231.84 1 1
fb_apu01/handlers/auth.go:231.84,233.4 1 1
fb_apu01/handlers/auth.go:235.3,235.33 1 1
fb_apu01/handlers/auth.go:235.33,238.4 2 1
fb_apu01/handlers/auth.go:240.3,241.26 2 1
fb_apu01/handlers/auth.go:241.26,244.4 2 0
fb_apu01/handlers/auth.go:247.3,248.10 2 1
fb_apu01/handlers/auth.go:248.10,251.4 2 0
fb_apu01/handlers/auth.go:253.3,253.76 1 1
fb_apu01/handlers/auth.go:253.76,256.4 2 1
fb_apu01/handlers/auth.go:258.3,259.30 2 1
fb_apu01/handlers/auth.go:263.51,265.9 2 1
fb_apu01/handlers/auth.go:265.9,267.3 1 1
fb_apu01/handlers/auth.go:268.2,269.9 2 1
fb_apu01/handlers/auth.go:269.9,271.3 1 1
fb_apu01/handlers/auth.go:272.2,272.15 1 1
fb_apu01/handlers/auth.go:276.91,280.30 3 1
fb_apu01/handlers/auth.go:280.30,293.27 3 0
fb_apu01/handlers/auth.go:293.27,295.4 1 0
fb_apu01/handlers/auth.go:296.3,296.120 1 0
fb_apu01/handlers/auth.go:299.2,309.16 3 1
fb_apu01/handlers/auth.go:309.16,311.3 1 0
fb_apu01/handlers/auth.go:313.2,313.26 1 0
fb_apu01/handlers/auth.go:313.26,315.3 1 0
fb_apu01/handlers/auth.go:317.2,329.16 2 0
fb_apu01/handlers/auth.go:329.16,331.3 1 0
fb_apu01/handlers/auth.go:333.2,333.23 1 0
fb_apu01/handlers/auth.go:337.66,339.2 1 1
fb_apu01/handlers/auth.go:351.59,352.54 1 1
fb_apu01/handlers/auth.go:352.54,354.19 2 1
fb_apu01/handlers/auth.go:354.19,357.4 2 1
fb_apu01/handlers/auth.go:359.3,374.17 2 1
fb_apu01/handlers/auth.go:374.17,378.4 3 0
fb_apu01/handlers/auth.go:379.3,382.19 3 0
fb_apu01/handlers/auth.go:382.19,384.104 2 0
fb_apu01/handlers/auth.go:384.104,385.13 1 0
fb_apu01/handlers/auth.go:387.4,387.36 1 0
fb_apu01/handlers/auth.go:390.3,391.39 2 0
fb_apu01/handlers/auth.go:395.51,396.54 1 1
fb_apu01/handlers/auth.go:396.54,398.40 1 1
fb_apu01/handlers/auth.go:398.40,403.4 4 1
fb_apu01/handlers/auth.go:405.3,406.62 2 1
fb_apu01/handlers/auth.go:406.62,409.4 2 1
fb_apu01/handlers/auth.go:411.3,411.91 1 1
fb_apu01/handlers/auth.go:411.91,414.4 2 1
fb_apu01/handlers/auth.go:416.3,416.28 1 1
fb_apu01/handlers/auth.go:416.28,419.4 2 1
fb_apu01/handlers/auth.go:422.3,423.17 2 1
fb_apu01/handlers/auth.go:423.17,427.4 3 0
fb_apu01/handlers/auth.go:430.3,431.17 2 1
fb_apu01/handlers/auth.go:431.17,435.4 3 0
fb_apu01/handlers/auth.go:436.3,448.17 6 0
fb_apu01/handlers/auth.go:448.17,455.4 6 0
fb_apu01/handlers/auth.go:458.3,462.17 4 0
fb_apu01/handlers/auth.go:462.17,467.4 4 0
fb_apu01/handlers/auth.go:469.3,471.17 3 0
fb_apu01/handlers/auth.go:471.17,476.4 4 0
fb_apu01/handlers/auth.go:479.3,480.17 2 0
fb_apu01/handlers/auth.go:480.17,484.4 3 0
fb_apu01/handlers/auth.go:487.3,493.17 3 0
fb_apu01/handlers/auth.go:493.17,497.4 3 0
fb_apu01/handlers/auth.go:499.3,499.37 1 0
fb_apu01/handlers/auth.go:499.37,503.4 3 0
fb_apu01/handlers/auth.go:506.3,533.5 6 0
fb_apu01/handlers/auth.go:537.48,538.54 1 1
fb_apu01/handlers/auth.go:538.54,541.62 3 1
fb_apu01/handlers/auth.go:541.62,544.4 2 1
fb_apu01/handlers/auth.go:546.3,549.28 2 1
fb_apu01/handlers/auth.go:549.28,554.4 4 1
fb_apu01/handlers/auth.go:556.3,566.27 5 1
fb_apu01/handlers/auth.go:566.27,573.4 6 0
fb_apu01/handlers/auth.go:573.9,573.24 1 0
fb_apu01/handlers/auth.go:573.24,579.4 5 0
fb_apu01/handlers/auth.go:581.3,581.45 1 0
fb_apu01/handlers/auth.go:581.45,588.4 6 0
fb_apu01/handlers/auth.go:590.3,590.66 1 0
fb_apu01/handlers/auth.go:590.66,596.4 5 0
fb_apu01/handlers/auth.go:599.3,603.17 3 0
fb_apu01/handlers/auth.go:603.17,607.4 3 0
fb_apu01/handlers/auth.go:610.3,635.27 8 0
fb_apu01/handlers/auth.go:635.27,650.4 2 0
fb_apu01/handlers/auth.go:652.3,652.27 1 0
fb_apu01/handlers/auth.go:652.27,657.31 4 0
fb_apu01/handlers/auth.go:657.31,659.5 1 0
fb_apu01/handlers/auth.go:661.4,661.21 1 0
fb_apu01/handlers/auth.go:661.21,667.5 5 0
fb_apu01/handlers/auth.go:667.10,670.34 3 0
fb_apu01/handlers/auth.go:670.34,672.6 1 0
fb_apu01/handlers/auth.go:674.5,674.24 1 0
fb_apu01/handlers/auth.go:674.24,679.6 4 0
fb_apu01/handlers/auth.go:679.11,683.29 3 0
fb_apu01/handlers/auth.go:683.29,685.7 1 0
fb_apu01/handlers/auth.go:687.6,693.24 2 0
fb_apu01/handlers/auth.go:693.24,697.7 3 0
fb_apu01/handlers/auth.go:697.12,699.7 1 0
fb_apu01/handlers/auth.go:702.4,702.13 1 0
fb_apu01/handlers/auth.go:704.9,704.24 1 0
fb_apu01/handlers/auth.go:704.24,710.4 5 0
fb_apu01/handlers/auth.go:712.3,723.5 3 0
fb_apu01/handlers/auth.go:731.57,732.54 1 1
fb_apu01/handlers/auth.go:732.54,734.62 2 1
fb_apu01/handlers/auth.go:734.62,739.4 4 1
fb_apu01/handlers/auth.go:742.3,742.41 1 1
fb_apu01/handlers/auth.go:742.41,747.4 4 1
fb_apu01/handlers/auth.go:749.3,751.27 3 1
fb_apu01/handlers/auth.go:751.27,758.4 3 0
fb_apu01/handlers/auth.go:758.9,758.24 1 0
fb_apu01/handlers/auth.go:758.24,763.4 4 0
fb_apu01/handlers/auth.go:766.3,773.17 6 0
fb_apu01/handlers/auth.go:773.17,778.4 4 0
fb_apu01/handlers/auth.go:780.3,781.17 2 0
fb_apu01/handlers/auth.go:781.17,787.4 5 0
fb_apu01/handlers/auth.go:789.3,792.5 2 0
fb_apu01/handlers/auth.go:802.56,803.54 1 1
fb_apu01/handlers/auth.go:803.54,805.62 2 1
fb_apu01/handlers/auth.go:805.62,810.4 4 1
fb_apu01/handlers/auth.go:812.3,812.42 1 1
fb_apu01/handlers/auth.go:812.42,817.4 4 1
fb_apu01/handlers/auth.go:819.3,819.28 1 1
fb_apu01/handlers/auth.go:819.28,824.4 4 1
fb_apu01/handlers/auth.go:826.3,836.27 5 1
fb_apu01/handlers/auth.go:836.27,841.4 4 0
fb_apu01/handlers/auth.go:841.9,841.24 1 0
fb_apu01/handlers/auth.go:841.24,847.4 5 0
fb_apu01/handlers/auth.go:849.3,849.36 1 0
fb_apu01/handlers/auth.go:849.36,854.4 4 0
fb_apu01/handlers/auth.go:856.3,856.34 1 0
fb_apu01/handlers/auth.go:856.34,861.4 4 0
fb_apu01/handlers/auth.go:863.3,864.17 2 0
fb_apu01/handlers/auth.go:864.17,870.4 5 0
fb_apu01/handlers/auth.go:872.3,873.17 2 0
fb_apu01/handlers/auth.go:873.17,879.4 5 0
fb_apu01/handlers/auth.go:880.3,883.17 3 0
fb_apu01/handlers/auth.go:883.17,889.4 5 0
fb_apu01/handlers/auth.go:891.3,892.17 2 0
fb_apu01/handlers/auth.go:892.17,894.4 1 0
fb_apu01/handlers/auth.go:896.3,896.37 1 0
fb_apu01/handlers/auth.go:896.37,902.4 5 0
fb_apu01/handlers/auth.go:904.3,909.5 3 0
fb_apu01/handlers/auth.go:914.57,915.54 1 1
fb_apu01/handlers/auth.go:915.54,919.10 3 1
fb_apu01/handlers/auth.go:919.10,923.4 3 1
fb_apu01/handlers/auth.go:924.3,930.62 3 1
fb_apu01/handlers/auth.go:930.62,934.4 3 1
fb_apu01/handlers/auth.go:936.3,936.31 1 1
fb_apu01/handlers/auth.go:936.31,940.4 3 1
fb_apu01/handlers/auth.go:942.3,944.17 3 1
fb_apu01/handlers/auth.go:944.17,948.4 3 0
fb_apu01/handlers/auth.go:950.3,950.52 1 0
fb_apu01/handlers/auth.go:950.52,954.4 3 0
fb_apu01/handlers/auth.go:956.3,957.17 2 0
fb_apu01/handlers/auth.go:957.17,961.4 3 0
fb_apu01/handlers/auth.go:963.3,964.17 2 0
fb_apu01/handlers/auth.go:964.17,968.4 3 0
fb_apu01/handlers/auth.go:970.3,971.88 2 0
fb_apu01/handlers/auth.go:976.50,977.54 1 1
fb_apu01/handlers/auth.go:977.54,978.34 1 1
fb_apu01/handlers/auth.go:978.34,981.4 2 1
fb_apu01/handlers/auth.go:983.3,984.17 2 1
fb_apu01/handlers/auth.go:984.17,987.4 2 1
fb_apu01/handlers/auth.go:989.3,990.10 2 0
fb_apu01/handlers/auth.go:990.10,993.4 2 0
fb_apu01/handlers/auth.go:995.3,996.39 2 0
fb_apu01/handlers/auth.go:996.39,1001.4 4 0
fb_apu01/handlers/auth.go:1004.3,1015.17 6 0
fb_apu01/handlers/auth.go:1015.17,1018.4 2 0
fb_apu01/handlers/auth.go:1020.3,1021.69 2 0
fb_apu01/handlers/auth.go:1026.49,1027.54 1 1
fb_apu01/handlers/auth.go:1027.54,1028.34 1 1
fb_apu01/handlers/auth.go:1028.34,1031.4 2 1
fb_apu01/handlers/auth.go:1034.3,1035.57 2 1
fb_apu01/handlers/auth.go:1035.57,1037.77 2 0
fb_apu01/handlers/auth.go:1037.77,1039.5 1 0
fb_apu01/handlers/auth.go:1040.4,1040.18 1 0
fb_apu01/handlers/auth.go:1040.18,1041.53 1 0
fb_apu01/handlers/auth.go:1041.53,1042.48 1 0
fb_apu01/handlers/auth.go:1042.48,1044.7 1 0
fb_apu01/handlers/auth.go:1050.3,1050.59 1 1
fb_apu01/handlers/auth.go:1050.59,1052.4 1 0
fb_apu01/handlers/auth.go:1054.3,1056.91 3 1
fb_apu01/handlers/cfop.go:18.52,19.54 1 1
fb_apu01/handlers/cfop.go:19.54,24.17 4 0
fb_apu01/handlers/cfop.go:24.17,27.4 2 0
fb_apu01/handlers/cfop.go:28.3,31.19 3 0
fb_apu01/handlers/cfop.go:31.19,33.72 2 0
fb_apu01/handlers/cfop.go:33.72,36.5 2 0
fb_apu01/handlers/cfop.go:37.4,37.28 1 0
fb_apu01/handlers/cfop.go:40.3,40.19 1 0
fb_apu01/handlers/cfop.go:40.19,42.4 1 0
fb_apu01/handlers/cfop.go:44.3,44.35 1 0
fb_apu01/handlers/cfop.go:48.54,49.54 1 1
fb_apu01/handlers/cfop.go:49.54,52.28 2 1
fb_apu01/handlers/cfop.go:52.28,55.4 2 1
fb_apu01/handlers/cfop.go:57.3,57.25 1 1
fb_apu01/handlers/cfop.go:57.25,60.4 2 1
fb_apu01/handlers/cfop.go:62.3,63.17 2 1
fb_apu01/handlers/cfop.go:63.17,66.4 2 1
fb_apu01/handlers/cfop.go:67.3,74.36 4 0
fb_apu01/handlers/cfop.go:74.36,75.42 1 0
fb_apu01/handlers/cfop.go:75.42,77.5 1 0
fb_apu01/handlers/cfop.go:78.4,85.76 5 0
fb_apu01/handlers/cfop.go:85.76,86.43 1 0
fb_apu01/handlers/cfop.go:86.43,88.6 1 0
fb_apu01/handlers/cfop.go:89.5,92.10 4 0
fb_apu01/handlers/cfop.go:97.3,97.20 1 0
fb_apu01/handlers/cfop.go:97.20,98.42 1 0
fb_apu01/handlers/cfop.go:98.42,100.5 1 0
fb_apu01/handlers/cfop.go:101.4,103.28 3 0
fb_apu01/handlers/cfop.go:106.3,107.17 2 0
fb_apu01/handlers/cfop.go:107.17,110.4 2 0
fb_apu01/handlers/cfop.go:113.3,118.17 2 0
fb_apu01/handlers/cfop.go:118.17,122.4 3 0
fb_apu01/handlers/cfop.go:124.3,125.17 2 0
fb_apu01/handlers/cfop.go:125.17,129.4 3 0
fb_apu01/handlers/cfop.go:130.3,132.7 2 0
fb_apu01/handlers/cfop.go:132.7,134.21 2 0
fb_apu01/handlers/cfop.go:134.21,135.10 1 0
fb_apu01/handlers/cfop.go:137.4,137.18 1 0
fb_apu01/handlers/cfop.go:137.18,141.5 3 0
fb_apu01/handlers/cfop.go:143.4,143.23 1 0
fb_apu01/handlers/cfop.go:143.23,144.13 1 0
fb_apu01/handlers/cfop.go:148.4,148.44 1 0
fb_apu01/handlers/cfop.go:148.44,149.13 1 0
fb_apu01/handlers/cfop.go:152.4,162.24 7 0
fb_apu01/handlers/cfop.go:162.24,164.5 1 0
fb_apu01/handlers/cfop.go:167.4,167.21 1 0
fb_apu01/handlers/cfop.go:167.21,171.5 3 0
fb_apu01/handlers/cfop.go:173.4,174.18 2 0
fb_apu01/handlers/cfop.go:174.18,178.5 3 0
fb_apu01/handlers/cfop.go:181.3,181.37 1 0
fb_apu01/handlers/cfop.go:181.37,184.4 2 0
fb_apu01/handlers/cfop.go:186.3,187.79 2 0
fb_apu01/handlers/config.go:18.54,19.54 1 1
fb_apu01/handlers/config.go:19.54,30.17 5 0
fb_apu01/handlers/config.go:30.17,33.4 2 0
fb_apu01/handlers/config.go:34.3,37.19 3 0
fb_apu01/handlers/config.go:37.19,39.128 2 0
fb_apu01/handlers/config.go:39.128,42.5 2 0
fb_apu01/handlers/config.go:43.4,43.28 1 0
fb_apu01/handlers/config.go:46.3,46.35 1 0
fb_apu01/handlers/creditos_perdidos.go:93.59,94.54 1 1
fb_apu01/handlers/creditos_perdidos.go:94.54,97.33 2 1
fb_apu01/handlers/creditos_perdidos.go:97.33,100.4 2 1
fb_apu01/handlers/creditos_perdidos.go:102.3,103.10 2 1
fb_apu01/handlers/creditos_perdidos.go:103.10,106.4 2 1
fb_apu01/handlers/creditos_perdidos.go:107.3,110.17 3 0
fb_apu01/handlers/creditos_perdidos.go:110.17,113.4 2 0
fb_apu01/handlers/creditos_perdidos.go:116.3,121.17 3 0
fb_apu01/handlers/creditos_perdidos.go:121.17,124.4 2 0
fb_apu01/handlers/creditos_perdidos.go:126.3,159.17 5 0
fb_apu01/handlers/creditos_perdidos.go:159.17,163.4 3 0
fb_apu01/handlers/creditos_perdidos.go:164.3,170.19 5 0
fb_apu01/handlers/creditos_perdidos.go:170.19,172.90 2 0
fb_apu01/handlers/creditos_perdidos.go:172.90,173.13 1 0
fb_apu01/handlers/creditos_perdidos.go:175.4,180.33 6 0
fb_apu01/handlers/creditos_perdidos.go:183.3,183.25 1 0
fb_apu01/handlers/creditos_perdidos.go:183.25,185.4 1 0
fb_apu01/handlers/creditos_perdidos.go:187.3,188.24 2 0
fb_apu01/handlers/creditos_perdidos.go:188.24,190.4 1 0
fb_apu01/handlers/creditos_perdidos.go:191.3,217.17 5 0
fb_apu01/handlers/creditos_perdidos.go:217.17,220.4 1 0
fb_apu01/handlers/creditos_perdidos.go:222.3,225.25 3 0
fb_apu01/handlers/creditos_perdidos.go:225.25,227.27 2 0
fb_apu01/handlers/creditos_perdidos.go:227.27,229.85 2 0
fb_apu01/handlers/creditos_perdidos.go:229.85,230.14 1 0
fb_apu01/handlers/creditos_perdidos.go:232.5,238.31 7 0
fb_apu01/handlers/creditos_perdidos.go:241.3,241.29 1 0
fb_apu01/handlers/creditos_perdidos.go:241.29,243.4 1 0
fb_apu01/handlers/creditos_perdidos.go:245.3,272.17 5 0
fb_apu01/handlers/creditos_perdidos.go:272.17,274.4 1 0
fb_apu01/handlers/creditos_perdidos.go:276.3,280.21 4 0
fb_apu01/handlers/creditos_perdidos.go:280.21,282.23 2 0
fb_apu01/handlers/creditos_perdidos.go:282.23,284.93 2 0
fb_apu01/handlers/creditos_perdidos.go:284.93,285.14 1 0
fb_apu01/handlers/creditos_perdidos.go:287.5,292.34 6 0
fb_apu01/handlers/creditos_perdidos.go:295.3,295.27 1 0
fb_apu01/handlers/creditos_perdidos.go:295.27,297.4 1 0
fb_apu01/handlers/creditos_perdidos.go:299.3,300.27 2 0
fb_apu01/handlers/creditos_perdidos.go:300.27,302.4 1 0
fb_apu01/handlers/creditos_perdidos.go:303.3,322.34 5 0
fb_apu01/handlers/crypto.go:16.32,18.15 2 1
fb_apu01/handlers/crypto.go:18.15,19.38 1 1
fb_apu01/handlers/crypto.go:19.38,22.61 1 1
fb_apu01/handlers/crypto.go:22.61,25.5 1 1
fb_apu01/handlers/crypto.go:25.10,27.5 1 1
fb_apu01/handlers/crypto.go:28.9,30.4 1 1
fb_apu01/handlers/crypto.go:32.2,33.13 2 1
fb_apu01/handlers/crypto.go:37.30,38.74 1 1
fb_apu01/handlers/crypto.go:38.74,42.3 1 1
fb_apu01/handlers/crypto.go:47.53,50.16 3 1
fb_apu01/handlers/crypto.go:50.16,52.3 1 0
fb_apu01/handlers/crypto.go:53.2,54.16 2 1
fb_apu01/handlers/crypto.go:54.16,56.3 1 0
fb_apu01/handlers/crypto.go:57.2,58.59 2 1
fb_apu01/handlers/crypto.go:58.59,60.3 1 0
fb_apu01/handlers/crypto.go:61.2,62.59 2 1
fb_apu01/handlers/crypto.go:66.51,69.16 3 1
fb_apu01/handlers/crypto.go:69.16,71.3 1 1
fb_apu01/handlers/crypto.go:72.2,73.16 2 1
fb_apu01/handlers/crypto.go:73.16,75.3 1 0
fb_apu01/handlers/crypto.go:76.2,77.16 2 1
fb_apu01/handlers/crypto.go:77.16,79.3 1 0
fb_apu01/handlers/crypto.go:80.2,81.27 2 1
fb_apu01/handlers/crypto.go:81.27,83.3 1 1
fb_apu01/handlers/crypto.go:84.2,86.16 3 1
fb_apu01/handlers/crypto.go:86.16,88.3 1 1
fb_apu01/handlers/crypto.go:89.2,89.31 1 1
fb_apu01/handlers/crypto.go:94.54,96.16 2 1
fb_apu01/handlers/crypto.go:96.16,98.3 1 1
fb_apu01/handlers/crypto.go:99.2,99.18 1 1
fb_apu01/handlers/cte_entradas.go:137.49,148.42 6 1
fb_apu01/handlers/cte_entradas.go:148.42,150.3 1 1
fb_apu01/handlers/cte_entradas.go:151.2,151.19 1 1
fb_apu01/handlers/cte_entradas.go:155.44,158.19 2 1
fb_apu01/handlers/cte_entradas.go:158.19,160.3 1 1
fb_apu01/handlers/cte_entradas.go:162.2,163.51 2 1
fb_apu01/handlers/cte_entradas.go:163.51,165.3 1 1
fb_apu01/handlers/cte_entradas.go:166.2,166.11 1 1
fb_apu01/handlers/cte_entradas.go:170.58,171.89 1 1
fb_apu01/handlers/cte_entradas.go:171.89,172.35 1 1
fb_apu01/handlers/cte_entradas.go:172.35,174.4 1 1
fb_apu01/handlers/cte_entradas.go:176.2,176.13 1 1
fb_apu01/handlers/cte_entradas.go:233.60,234.54 1 1
fb_apu01/handlers/cte_entradas.go:234.54,238.37 3 1
fb_apu01/handlers/cte_entradas.go:238.37,241.4 2 1
fb_apu01/handlers/cte_entradas.go:243.3,243.34 1 1
fb_apu01/handlers/cte_entradas.go:243.34,246.4 2 1
fb_apu01/handlers/cte_entradas.go:248.3,249.10 2 1
fb_apu01/handlers/cte_entradas.go:249.10,252.4 2 1
fb_apu01/handlers/cte_entradas.go:253.3,256.17 3 0
fb_apu01/handlers/cte_entradas.go:256.17,259.4 2 0
fb_apu01/handlers/cte_entradas.go:261.3,261.57 1 0
fb_apu01/handlers/cte_entradas.go:261.57,264.4 2 0
fb_apu01/handlers/cte_entradas.go:266.3,267.22 2 0
fb_apu01/handlers/cte_entradas.go:267.22,270.4 2 0
fb_apu01/handlers/cte_entradas.go:272.3,274.28 2 0
fb_apu01/handlers/cte_entradas.go:274.28,278.18 3 0
fb_apu01/handlers/cte_entradas.go:278.18,280.13 2 0
fb_apu01/handlers/cte_entradas.go:283.4,285.18 3 0
fb_apu01/handlers/cte_entradas.go:285.18,287.13 2 0
fb_apu01/handlers/cte_entradas.go:290.4,291.18 2 0
fb_apu01/handlers/cte_entradas.go:291.18,293.13 2 0
fb_apu01/handlers/cte_entradas.go:296.4,300.19 3 0
fb_apu01/handlers/cte_entradas.go:300.19,302.13 2 0
fb_apu01/handlers/cte_entradas.go:306.4,307.24 2 0
fb_apu01/handlers/cte_entradas.go:307.24,309.13 2 0
fb_apu01/handlers/cte_entradas.go:313.4,314.18 2 0
fb_apu01/handlers/cte_entradas.go:314.18,316.13 2 0
fb_apu01/handlers/cte_entradas.go:320.4,321.24 2 0
fb_apu01/handlers/cte_entradas.go:321.24,323.5 1 0
fb_apu01/handlers/cte_entradas.go:326.4,327.25 2 0
fb_apu01/handlers/cte_entradas.go:327.25,329.5 1 0
fb_apu01/handlers/cte_entradas.go:332.4,373.18 7 0
fb_apu01/handlers/cte_entradas.go:373.18,376.13 3 0
fb_apu01/handlers/cte_entradas.go:379.4,379.23 1 0
fb_apu01/handlers/cte_entradas.go:382.3,383.27 2 0
fb_apu01/handlers/cte_entradas.go:383.27,385.4 1 0
fb_apu01/handlers/cte_entradas.go:387.3,388.36 2 0
fb_apu01/handlers/cte_entradas.go:396.58,397.54 1 1
fb_apu01/handlers/cte_entradas.go:397.54,401.37 3 1
fb_apu01/handlers/cte_entradas.go:401.37,404.4 2 1
fb_apu01/handlers/cte_entradas.go:406.3,406.33 1 1
fb_apu01/handlers/cte_entradas.go:406.33,409.4 2 1
fb_apu01/handlers/cte_entradas.go:411.3,412.10 2 1
fb_apu01/handlers/cte_entradas.go:412.10,415.4 2 1
fb_apu01/handlers/cte_entradas.go:416.3,419.17 3 0
fb_apu01/handlers/cte_entradas.go:419.17,422.4 2 0
fb_apu01/handlers/cte_entradas.go:424.3,444.19 7 0
fb_apu01/handlers/cte_entradas.go:444.19,448.4 3 0
fb_apu01/handlers/cte_entradas.go:449.3,449.21 1 0
fb_apu01/handlers/cte_entradas.go:449.21,453.4 3 0
fb_apu01/handlers/cte_entradas.go:455.3,458.17 3 0
fb_apu01/handlers/cte_entradas.go:458.17,462.4 3 0
fb_apu01/handlers/cte_entradas.go:463.3,466.19 3 0
fb_apu01/handlers/cte_entradas.go:466.19,477.18 3 0
fb_apu01/handlers/cte_entradas.go:477.18,479.13 2 0
fb_apu01/handlers/cte_entradas.go:481.4,481.28 1 0
fb_apu01/handlers/cte_entradas.go:484.3,487.5 1 0
fb_apu01/handlers/dashboard.go:23.65,24.54 1 1
fb_apu01/handlers/dashboard.go:24.54,30.10 4 1
fb_apu01/handlers/dashboard.go:30.10,33.4 2 1
fb_apu01/handlers/dashboard.go:34.3,37.17 3 0
fb_apu01/handlers/dashboard.go:37.17,40.4 2 0
fb_apu01/handlers/dashboard.go:42.3,50.19 5 0
fb_apu01/handlers/dashboard.go:50.19,61.4 2 0
fb_apu01/handlers/dashboard.go:61.9,72.4 2 0
fb_apu01/handlers/dashboard.go:75.3,75.25 1 0
fb_apu01/handlers/dashboard.go:75.25,77.55 2 0
fb_apu01/handlers/dashboard.go:77.55,78.43 1 0
fb_apu01/handlers/dashboard.go:78.43,80.6 1 0
fb_apu01/handlers/dashboard.go:82.4,82.22 1 0
fb_apu01/handlers/dashboard.go:82.22,84.29 2 0
fb_apu01/handlers/dashboard.go:84.29,87.6 2 0
fb_apu01/handlers/dashboard.go:88.5,88.91 1 0
fb_apu01/handlers/dashboard.go:91.3,94.17 3 0
fb_apu01/handlers/dashboard.go:94.17,97.4 2 0
fb_apu01/handlers/dashboard.go:98.3,107.23 3 0
fb_apu01/handlers/dashboard.go:107.23,110.79 3 0
fb_apu01/handlers/dashboard.go:110.79,111.13 1 0
fb_apu01/handlers/dashboard.go:113.4,113.23 1 0
fb_apu01/handlers/dashboard.go:113.23,118.5 4 0
fb_apu01/handlers/dashboard.go:118.10,118.32 1 0
fb_apu01/handlers/dashboard.go:118.32,123.5 4 0
fb_apu01/handlers/dashboard.go:127.3,133.17 2 0
fb_apu01/handlers/dashboard.go:133.17,136.4 2 0
fb_apu01/handlers/dashboard.go:137.3,140.19 3 0
fb_apu01/handlers/dashboard.go:140.19,144.77 3 0
fb_apu01/handlers/dashboard.go:144.77,145.13 1 0
fb_apu01/handlers/dashboard.go:151.4,182.6 13 0
fb_apu01/handlers/dashboard.go:185.3,185.36 1 0
fb_apu01/handlers/environment.go:39.58,40.54 1 1
fb_apu01/handlers/environment.go:40.54,42.10 2 1
fb_apu01/handlers/environment.go:42.10,45.4 2 1
fb_apu01/handlers/environment.go:46.3,54.22 6 0
fb_apu01/handlers/environment.go:54.22,57.4 1 0
fb_apu01/handlers/environment.go:57.9,66.4 1 0
fb_apu01/handlers/environment.go:68.3,68.17 1 0
fb_apu01/handlers/environment.go:68.17,71.4 2 0
fb_apu01/handlers/environment.go:72.3,75.19 3 0
fb_apu01/handlers/environment.go:75.19,77.82 2 0
fb_apu01/handlers/environment.go:77.82,80.5 2 0
fb_apu01/handlers/environment.go:81.4,81.26 1 0
fb_apu01/handlers/environment.go:84.3,84.18 1 0
fb_apu01/handlers/environment.go:84.18,86.4 1 0
fb_apu01/handlers/environment.go:87.3,87.34 1 0
fb_apu01/handlers/environment.go:91.60,92.54 1 1
fb_apu01/handlers/environment.go:92.54,94.60 2 1
fb_apu01/handlers/environment.go:94.60,97.4 2 1
fb_apu01/handlers/environment.go:99.3,104.17 2 1
fb_apu01/handlers/environment.go:104.17,107.4 2 0
fb_apu01/handlers/environment.go:109.3,109.31 1 0
fb_apu01/handlers/environment.go:113.60,114.54 1 1
fb_apu01/handlers/environment.go:114.54,117.60 2 1
fb_apu01/handlers/environment.go:117.60,120.4 2 1
fb_apu01/handlers/environment.go:122.3,127.17 2 1
fb_apu01/handlers/environment.go:127.17,130.4 2 0
fb_apu01/handlers/environment.go:132.3,133.31 2 0
fb_apu01/handlers/environment.go:137.60,138.54 1 1
fb_apu01/handlers/environment.go:138.54,140.15 2 1
fb_apu01/handlers/environment.go:140.15,143.4 2 1
fb_apu01/handlers/environment.go:145.3,146.17 2 0
fb_apu01/handlers/environment.go:146.17,149.4 2 0
fb_apu01/handlers/environment.go:150.3,150.31 1 0
fb_apu01/handlers/environment.go:156.52,157.54 1 0
fb_apu01/handlers/environment.go:157.54,162.18 4 0
fb_apu01/handlers/environment.go:162.18,165.4 2 0
fb_apu01/handlers/environment.go:166.3,169.17 3 0
fb_apu01/handlers/environment.go:169.17,172.4 2 0
fb_apu01/handlers/environment.go:173.3,176.19 3 0
fb_apu01/handlers/environment.go:176.19,178.100 2 0
fb_apu01/handlers/environment.go:178.100,181.5 2 0
fb_apu01/handlers/environment.go:182.4,182.30 1 0
fb_apu01/handlers/environment.go:185.3,185.20 1 0
fb_apu01/handlers/environment.go:185.20,187.4 1 0
fb_apu01/handlers/environment.go:188.3,188.36 1 0
fb_apu01/handlers/environment.go:192.54,193.54 1 1
fb_apu01/handlers/environment.go:193.54,195.60 2 1
fb_apu01/handlers/environment.go:195.60,198.4 2 1
fb_apu01/handlers/environment.go:200.3,205.17 2 1
fb_apu01/handlers/environment.go:205.17,208.4 2 0
fb_apu01/handlers/environment.go:210.3,210.31 1 0
fb_apu01/handlers/environment.go:214.54,215.54 1 1
fb_apu01/handlers/environment.go:215.54,217.15 2 1
fb_apu01/handlers/environment.go:217.15,220.4 2 1
fb_apu01/handlers/environment.go:222.3,223.17 2 1
fb_apu01/handlers/environment.go:223.17,226.4 2 0
fb_apu01/handlers/environment.go:227.3,227.31 1 0
fb_apu01/handlers/environment.go:233.55,234.54 1 0
fb_apu01/handlers/environment.go:234.54,239.20 4 0
fb_apu01/handlers/environment.go:239.20,242.4 2 0
fb_apu01/handlers/environment.go:243.3,246.17 3 0
fb_apu01/handlers/environment.go:246.17,249.4 2 0
fb_apu01/handlers/environment.go:250.3,253.19 3 0
fb_apu01/handlers/environment.go:253.19,255.92 2 0
fb_apu01/handlers/environment.go:255.92,258.5 2 0
fb_apu01/handlers/environment.go:259.4,259.36 1 0
fb_apu01/handlers/environment.go:262.3,262.23 1 0
fb_apu01/handlers/environment.go:262.23,264.4 1 0
fb_apu01/handlers/environment.go:265.3,265.39 1 0
fb_apu01/handlers/environment.go:269.56,270.54 1 1
fb_apu01/handlers/environment.go:270.54,272.60 2 1
fb_apu01/handlers/environment.go:272.60,275.4 2 1
fb_apu01/handlers/environment.go:278.3,278.38 1 1
fb_apu01/handlers/environment.go:278.38,281.4 2 1
fb_apu01/handlers/environment.go:284.3,293.17 3 1
fb_apu01/handlers/environment.go:293.17,295.4 1 0
fb_apu01/handlers/environment.go:297.3,302.17 2 0
fb_apu01/handlers/environment.go:302.17,305.4 2 0
fb_apu01/handlers/environment.go:307.3,307.31 1 0
fb_apu01/handlers/environment.go:311.56,312.54 1 1
fb_apu01/handlers/environment.go:312.54,314.15 2 1
fb_apu01/handlers/environment.go:314.15,317.4 2 1
fb_apu01/handlers/environment.go:319.3,320.17 2 1
fb_apu01/handlers/environment.go:320.17,323.4 2 0
fb_apu01/handlers/environment.go:324.3,324.31 1 0
fb_apu01/handlers/erp_bridge.go:68.71,70.9 2 1
fb_apu01/handlers/erp_bridge.go:70.9,72.3 1 1
fb_apu01/handlers/erp_bridge.go:73.2,74.72 2 0
fb_apu01/handlers/erp_bridge.go:79.58,80.54 1 1
fb_apu01/handlers/erp_bridge.go:80.54,84.17 3 1
fb_apu01/handlers/erp_bridge.go:84.17,87.4 2 1
fb_apu01/handlers/erp_bridge.go:89.3,89.19 1 0
fb_apu01/handlers/erp_bridge.go:90.23,105.28 5 0
fb_apu01/handlers/erp_bridge.go:105.28,115.5 1 0
fb_apu01/handlers/erp_bridge.go:115.10,115.25 1 0
fb_apu01/handlers/erp_bridge.go:115.25,118.5 2 0
fb_apu01/handlers/erp_bridge.go:118.10,120.22 2 0
fb_apu01/handlers/erp_bridge.go:120.22,122.6 1 0
fb_apu01/handlers/erp_bridge.go:122.11,124.6 1 0
fb_apu01/handlers/erp_bridge.go:125.5,125.25 1 0
fb_apu01/handlers/erp_bridge.go:125.25,127.6 1 0
fb_apu01/handlers/erp_bridge.go:128.5,129.24 2 0
fb_apu01/handlers/erp_bridge.go:129.24,131.6 1 0
fb_apu01/handlers/erp_bridge.go:132.5,132.28 1 0
fb_apu01/handlers/erp_bridge.go:132.28,134.6 1 0
fb_apu01/handlers/erp_bridge.go:135.5,136.44 2 0
fb_apu01/handlers/erp_bridge.go:136.44,138.6 1 0
fb_apu01/handlers/erp_bridge.go:140.5,140.34 1 0
fb_apu01/handlers/erp_bridge.go:140.34,142.6 1 0
fb_apu01/handlers/erp_bridge.go:144.4,144.34 1 0
fb_apu01/handlers/erp_bridge.go:146.25,159.63 2 0
fb_apu01/handlers/erp_bridge.go:159.63,162.5 2 0
fb_apu01/handlers/erp_bridge.go:163.4,173.18 2 0
fb_apu01/handlers/erp_bridge.go:173.18,176.5 2 0
fb_apu01/handlers/erp_bridge.go:178.4,178.29 1 0
fb_apu01/handlers/erp_bridge.go:178.29,180.5 1 0
fb_apu01/handlers/erp_bridge.go:181.4,181.60 1 0
fb_apu01/handlers/erp_bridge.go:181.60,182.71 1 0
fb_apu01/handlers/erp_bridge.go:182.71,184.6 1 0
fb_apu01/handlers/erp_bridge.go:186.4,186.32 1 0
fb_apu01/handlers/erp_bridge.go:186.32,187.71 1 0
fb_apu01/handlers/erp_bridge.go:187.71,189.6 1 0
fb_apu01/handlers/erp_bridge.go:191.4,191.56 1 0
fb_apu01/handlers/erp_bridge.go:191.56,192.69 1 0
fb_apu01/handlers/erp_bridge.go:192.69,194.6 1 0
fb_apu01/handlers/erp_bridge.go:196.4,196.26 1 0
fb_apu01/handlers/erp_bridge.go:196.26,198.5 1 0
fb_apu01/handlers/erp_bridge.go:199.4,199.28 1 0
fb_apu01/handlers/erp_bridge.go:199.28,201.5 1 0
fb_apu01/handlers/erp_bridge.go:202.4,202.39 1 0
fb_apu01/handlers/erp_bridge.go:204.11,205.68 1 0
fb_apu01/handlers/erp_bridge.go:213.56,214.54 1 1
fb_apu01/handlers/erp_bridge.go:214.54,218.17 3 1
fb_apu01/handlers/erp_bridge.go:218.17,221.4 2 1
fb_apu01/handlers/erp_bridge.go:223.3,223.19 1 0
fb_apu01/handlers/erp_bridge.go:224.23,233.18 2 0
fb_apu01/handlers/erp_bridge.go:233.18,236.5 2 0
fb_apu01/handlers/erp_bridge.go:237.4,239.20 3 0
fb_apu01/handlers/erp_bridge.go:239.20,245.49 3 0
fb_apu01/handlers/erp_bridge.go:245.49,246.14 1 0
fb_apu01/handlers/erp_bridge.go:248.5,248.29 1 0
fb_apu01/handlers/erp_bridge.go:250.4,250.19 1 0
fb_apu01/handlers/erp_bridge.go:250.19,252.5 1 0
fb_apu01/handlers/erp_bridge.go:253.4,253.88 1 0
fb_apu01/handlers/erp_bridge.go:255.24,261.63 2 0
fb_apu01/handlers/erp_bridge.go:261.63,264.5 2 0
fb_apu01/handlers/erp_bridge.go:265.4,266.20 2 0
fb_apu01/handlers/erp_bridge.go:266.20,268.5 1 0
fb_apu01/handlers/erp_bridge.go:269.4,275.18 3 0
fb_apu01/handlers/erp_bridge.go:275.18,278.5 2 0
fb_apu01/handlers/erp_bridge.go:280.4,286.58 3 0
fb_apu01/handlers/erp_bridge.go:288.26,294.39 2 0
fb_apu01/handlers/erp_bridge.go:296.11,297.68 1 0
fb_apu01/handlers/erp_bridge.go:306.55,307.54 1 1
fb_apu01/handlers/erp_bridge.go:307.54,311.17 3 1
fb_apu01/handlers/erp_bridge.go:311.17,314.4 2 1
fb_apu01/handlers/erp_bridge.go:317.3,321.21 5 0
fb_apu01/handlers/erp_bridge.go:321.21,323.4 1 0
fb_apu01/handlers/erp_bridge.go:325.3,325.18 1 0
fb_apu01/handlers/erp_bridge.go:325.18,328.4 2 0
fb_apu01/handlers/erp_bridge.go:331.3,334.14 3 0
fb_apu01/handlers/erp_bridge.go:334.14,337.4 2 0
fb_apu01/handlers/erp_bridge.go:339.3,339.10 1 0
fb_apu01/handlers/erp_bridge.go:342.58,344.65 2 0
fb_apu01/handlers/erp_bridge.go:344.65,347.5 2 0
fb_apu01/handlers/erp_bridge.go:348.4,348.31 1 0
fb_apu01/handlers/erp_bridge.go:348.31,350.21 2 0
fb_apu01/handlers/erp_bridge.go:350.21,352.6 1 0
fb_apu01/handlers/erp_bridge.go:353.5,358.55 1 0
fb_apu01/handlers/erp_bridge.go:360.4,360.37 1 0
fb_apu01/handlers/erp_bridge.go:363.54,371.63 2 0
fb_apu01/handlers/erp_bridge.go:371.63,374.5 2 0
fb_apu01/handlers/erp_bridge.go:375.4,376.31 2 0
fb_apu01/handlers/erp_bridge.go:376.31,381.5 1 0
fb_apu01/handlers/erp_bridge.go:381.10,381.40 1 0
fb_apu01/handlers/erp_bridge.go:381.40,387.5 1 0
fb_apu01/handlers/erp_bridge.go:387.10,388.25 1 0
fb_apu01/handlers/erp_bridge.go:388.25,390.6 1 0
fb_apu01/handlers/erp_bridge.go:391.5,401.34 1 0
fb_apu01/handlers/erp_bridge.go:403.4,403.22 1 0
fb_apu01/handlers/erp_bridge.go:403.22,406.5 2 0
fb_apu01/handlers/erp_bridge.go:408.4,408.29 1 0
fb_apu01/handlers/erp_bridge.go:408.29,410.5 1 0
fb_apu01/handlers/erp_bridge.go:411.4,411.39 1 0
fb_apu01/handlers/erp_bridge.go:414.52,424.18 4 0
fb_apu01/handlers/erp_bridge.go:424.18,427.5 2 0
fb_apu01/handlers/erp_bridge.go:428.4,434.20 2 0
fb_apu01/handlers/erp_bridge.go:434.20,436.22 2 0
fb_apu01/handlers/erp_bridge.go:436.22,443.6 4 0
fb_apu01/handlers/erp_bridge.go:445.4,445.24 1 0
fb_apu01/handlers/erp_bridge.go:445.24,447.5 1 0
fb_apu01/handlers/erp_bridge.go:448.4,448.34 1 0
fb_apu01/handlers/erp_bridge.go:450.11,451.68 1 0
fb_apu01/handlers/erp_bridge.go:459.62,460.54 1 1
fb_apu01/handlers/erp_bridge.go:460.54,463.17 3 1
fb_apu01/handlers/erp_bridge.go:463.17,466.4 2 1
fb_apu01/handlers/erp_bridge.go:467.3,481.17 2 0
fb_apu01/handlers/erp_bridge.go:481.17,484.4 2 0
fb_apu01/handlers/erp_bridge.go:485.3,487.19 3 0
fb_apu01/handlers/erp_bridge.go:487.19,489.28 2 0
fb_apu01/handlers/erp_bridge.go:489.28,491.5 1 0
fb_apu01/handlers/erp_bridge.go:493.3,493.24 1 0
fb_apu01/handlers/erp_bridge.go:493.24,495.4 1 0
fb_apu01/handlers/erp_bridge.go:496.3,496.73 1 0
fb_apu01/handlers/erp_bridge.go:504.71,505.54 1 1
fb_apu01/handlers/erp_bridge.go:505.54,506.34 1 1
fb_apu01/handlers/erp_bridge.go:506.34,509.4 2 1
fb_apu01/handlers/erp_bridge.go:510.3,511.17 2 1
fb_apu01/handlers/erp_bridge.go:511.17,514.4 2 1
fb_apu01/handlers/erp_bridge.go:515.3,518.87 2 0
fb_apu01/handlers/erp_bridge.go:518.87,521.4 2 0
fb_apu01/handlers/erp_bridge.go:522.3,522.35 1 0
fb_apu01/handlers/erp_bridge.go:522.35,528.4 1 0
fb_apu01/handlers/erp_bridge.go:529.3,529.38 1 0
fb_apu01/handlers/erp_bridge.go:537.66,538.54 1 1
fb_apu01/handlers/erp_bridge.go:538.54,539.34 1 1
fb_apu01/handlers/erp_bridge.go:539.34,542.4 2 1
fb_apu01/handlers/erp_bridge.go:543.3,545.17 3 1
fb_apu01/handlers/erp_bridge.go:545.17,548.4 2 1
fb_apu01/handlers/erp_bridge.go:550.3,551.43 2 0
fb_apu01/handlers/erp_bridge.go:551.43,554.4 2 0
fb_apu01/handlers/erp_bridge.go:555.3,559.20 5 0
fb_apu01/handlers/erp_bridge.go:559.20,562.4 2 0
fb_apu01/handlers/erp_bridge.go:563.3,568.63 2 0
fb_apu01/handlers/erp_bridge.go:576.59,577.71 1 1
fb_apu01/handlers/erp_bridge.go:577.71,578.33 1 1
fb_apu01/handlers/erp_bridge.go:578.33,581.4 2 1
fb_apu01/handlers/erp_bridge.go:582.3,584.19 3 1
fb_apu01/handlers/erp_bridge.go:584.19,587.4 2 1
fb_apu01/handlers/erp_bridge.go:588.3,596.27 5 0
fb_apu01/handlers/erp_bridge.go:596.27,599.4 2 0
fb_apu01/handlers/erp_bridge.go:600.3,600.17 1 0
fb_apu01/handlers/erp_bridge.go:600.17,603.4 2 0
fb_apu01/handlers/erp_bridge.go:604.3,612.23 2 0
fb_apu01/handlers/erp_bridge.go:612.23,614.4 1 0
fb_apu01/handlers/erp_bridge.go:615.3,615.56 1 0
fb_apu01/handlers/erp_bridge.go:615.56,617.4 1 0
fb_apu01/handlers/erp_bridge.go:618.3,618.56 1 0
fb_apu01/handlers/erp_bridge.go:618.56,620.4 1 0
fb_apu01/handlers/erp_bridge.go:621.3,621.52 1 0
fb_apu01/handlers/erp_bridge.go:621.52,623.4 1 0
fb_apu01/handlers/erp_bridge.go:624.3,624.20 1 0
fb_apu01/handlers/erp_bridge.go:624.20,626.4 1 0
fb_apu01/handlers/erp_bridge.go:627.3,627.48 1 0
fb_apu01/handlers/erp_bridge.go:627.48,629.4 1 0
fb_apu01/handlers/erp_bridge.go:630.3,630.36 1 0
fb_apu01/handlers/erp_bridge.go:638.59,639.54 1 1
fb_apu01/handlers/erp_bridge.go:639.54,641.34 2 1
fb_apu01/handlers/erp_bridge.go:641.34,644.4 2 1
fb_apu01/handlers/erp_bridge.go:645.3,646.17 2 1
fb_apu01/handlers/erp_bridge.go:646.17,649.4 2 1
fb_apu01/handlers/erp_bridge.go:650.3,657.104 2 0
fb_apu01/handlers/erp_bridge.go:657.104,660.4 2 0
fb_apu01/handlers/erp_bridge.go:661.3,668.14 3 0
fb_apu01/handlers/erp_bridge.go:668.14,671.4 2 0
fb_apu01/handlers/erp_bridge.go:672.3,673.33 2 0
fb_apu01/handlers/erp_bridge.go:673.33,677.4 3 0
fb_apu01/handlers/erp_bridge.go:678.3,685.17 3 0
fb_apu01/handlers/erp_bridge.go:685.17,689.4 3 0
fb_apu01/handlers/erp_bridge.go:690.3,691.78 2 0
fb_apu01/handlers/erp_bridge.go:698.59,699.54 1 1
fb_apu01/handlers/erp_bridge.go:699.54,702.17 3 1
fb_apu01/handlers/erp_bridge.go:702.17,705.4 2 1
fb_apu01/handlers/erp_bridge.go:706.3,714.17 2 0
fb_apu01/handlers/erp_bridge.go:714.17,717.4 2 0
fb_apu01/handlers/erp_bridge.go:718.3,728.19 4 0
fb_apu01/handlers/erp_bridge.go:728.19,730.111 2 0
fb_apu01/handlers/erp_bridge.go:730.111,732.5 1 0
fb_apu01/handlers/erp_bridge.go:734.3,734.19 1 0
fb_apu01/handlers/erp_bridge.go:734.19,736.4 1 0
fb_apu01/handlers/erp_bridge.go:737.3,737.68 1 0
fb_apu01/handlers/erp_bridge.go:745.57,746.71 1 1
fb_apu01/handlers/erp_bridge.go:746.71,748.34 2 1
fb_apu01/handlers/erp_bridge.go:748.34,751.4 2 1
fb_apu01/handlers/erp_bridge.go:754.3,755.19 2 1
fb_apu01/handlers/erp_bridge.go:755.19,758.4 2 1
fb_apu01/handlers/erp_bridge.go:759.3,766.27 5 0
fb_apu01/handlers/erp_bridge.go:766.27,769.4 2 0
fb_apu01/handlers/erp_bridge.go:770.3,770.17 1 0
fb_apu01/handlers/erp_bridge.go:770.17,773.4 2 0
fb_apu01/handlers/erp_bridge.go:776.3,791.63 3 0
fb_apu01/handlers/erp_bridge_batch.go:77.63,78.54 1 1
fb_apu01/handlers/erp_bridge_batch.go:78.54,81.37 2 1
fb_apu01/handlers/erp_bridge_batch.go:81.37,84.4 2 0
fb_apu01/handlers/erp_bridge_batch.go:86.3,86.34 1 1
fb_apu01/handlers/erp_bridge_batch.go:86.34,89.4 2 1
fb_apu01/handlers/erp_bridge_batch.go:92.3,93.19 2 1
fb_apu01/handlers/erp_bridge_batch.go:93.19,96.4 2 1
fb_apu01/handlers/erp_bridge_batch.go:97.3,104.27 5 0
fb_apu01/handlers/erp_bridge_batch.go:104.27,107.4 2 0
fb_apu01/handlers/erp_bridge_batch.go:108.3,108.17 1 0
fb_apu01/handlers/erp_bridge_batch.go:108.17,112.4 3 0
fb_apu01/handlers/erp_bridge_batch.go:115.3,116.62 2 0
fb_apu01/handlers/erp_bridge_batch.go:116.62,119.4 2 0
fb_apu01/handlers/erp_bridge_batch.go:121.3,121.30 1 0
fb_apu01/handlers/erp_bridge_batch.go:121.30,124.4 2 0
fb_apu01/handlers/erp_bridge_batch.go:126.3,128.37 2 0
fb_apu01/handlers/erp_bridge_batch.go:128.37,129.28 1 0
fb_apu01/handlers/erp_bridge_batch.go:129.28,133.13 3 0
fb_apu01/handlers/erp_bridge_batch.go:136.4,142.11 5 0
fb_apu01/handlers/erp_bridge_batch.go:143.23,144.28 1 0
fb_apu01/handlers/erp_bridge_batch.go:144.28,146.14 2 0
fb_apu01/handlers/erp_bridge_batch.go:149.5,149.74 1 0
fb_apu01/handlers/erp_bridge_batch.go:151.52,153.90 1 0
fb_apu01/handlers/erp_bridge_batch.go:153.90,155.14 2 0
fb_apu01/handlers/erp_bridge_batch.go:158.5,158.76 1 0
fb_apu01/handlers/erp_bridge_batch.go:160.52,162.76 1 0
fb_apu01/handlers/erp_bridge_batch.go:164.12,168.13 3 0
fb_apu01/handlers/erp_bridge_batch.go:171.4,171.24 1 0
fb_apu01/handlers/erp_bridge_batch.go:171.24,176.5 3 0
fb_apu01/handlers/erp_bridge_batch.go:176.10,177.17 1 0
fb_apu01/handlers/erp_bridge_batch.go:177.17,179.6 1 0
fb_apu01/handlers/erp_bridge_batch.go:179.11,181.6 1 0
fb_apu01/handlers/erp_bridge_batch.go:183.5,183.31 1 0
fb_apu01/handlers/erp_bridge_batch.go:183.31,184.23 1 0
fb_apu01/handlers/erp_bridge_batch.go:184.23,186.7 1 0
fb_apu01/handlers/erp_bridge_batch.go:186.12,188.7 1 0
fb_apu01/handlers/erp_bridge_batch.go:193.3,195.36 2 0
fb_apu01/handlers/erp_bridge_batch.go:199.99,202.22 3 0
fb_apu01/handlers/erp_bridge_batch.go:202.22,202.41 1 0
fb_apu01/handlers/erp_bridge_batch.go:203.2,271.16 4 0
fb_apu01/handlers/erp_bridge_batch.go:271.16,273.3 1 0
fb_apu01/handlers/erp_bridge_batch.go:274.2,275.19 2 0
fb_apu01/handlers/erp_bridge_batch.go:278.101,281.22 3 0
fb_apu01/handlers/erp_bridge_batch.go:281.22,281.41 1 0
fb_apu01/handlers/erp_bridge_batch.go:283.2,351.16 4 0
fb_apu01/handlers/erp_bridge_batch.go:351.16,353.3 1 0
fb_apu01/handlers/erp_bridge_batch.go:354.2,355.19 2 0
fb_apu01/handlers/erp_bridge_batch.go:358.101,361.22 3 0
fb_apu01/handlers/erp_bridge_batch.go:361.22,361.41 1 0
fb_apu01/handlers/erp_bridge_batch.go:362.2,387.16 2 0
fb_apu01/handlers/erp_bridge_batch.go:387.16,389.3 1 0
fb_apu01/handlers/erp_bridge_batch.go:390.2,391.19 2 0
fb_apu01/handlers/erp_bridge_batch.go:395.63,396.68 1 0
fb_apu01/handlers/erp_bridge_batch.go:396.68,398.3 1 0
fb_apu01/handlers/erp_bridge_batch.go:399.2,404.65 1 0
fb_apu01/handlers/erp_bridge_batch.go:408.37,410.13 2 1
fb_apu01/handlers/erp_bridge_batch.go:410.13,412.3 1 1
fb_apu01/handlers/erp_bridge_batch.go:413.2,413.10 1 1
fb_apu01/handlers/erp_bridge_batch.go:417.36,419.13 2 1
fb_apu01/handlers/erp_bridge_batch.go:419.13,421.3 1 1
fb_apu01/handlers/erp_bridge_batch.go:422.2,422.10 1 1
fb_apu01/handlers/erp_bridge_parceiros.go:34.65,35.54 1 1
fb_apu01/handlers/erp_bridge_parceiros.go:35.54,38.37 2 1
fb_apu01/handlers/erp_bridge_parceiros.go:38.37,41.4 2 1
fb_apu01/handlers/erp_bridge_parceiros.go:42.3,42.34 1 1
fb_apu01/handlers/erp_bridge_parceiros.go:42.34,45.4 2 1
fb_apu01/handlers/erp_bridge_parceiros.go:48.3,49.19 2 1
fb_apu01/handlers/erp_bridge_parceiros.go:49.19,52.4 2 1
fb_apu01/handlers/erp_bridge_parceiros.go:53.3,60.27 5 0
fb_apu01/handlers/erp_bridge_parceiros.go:60.27,63.4 2 0
fb_apu01/handlers/erp_bridge_parceiros.go:64.3,64.17 1 0
fb_apu01/handlers/erp_bridge_parceiros.go:64.17,68.4 3 0
fb_apu01/handlers/erp_bridge_parceiros.go:71.3,72.62 2 0
fb_apu01/handlers/erp_bridge_parceiros.go:72.62,75.4 2 0
fb_apu01/handlers/erp_bridge_parceiros.go:77.3,78.35 2 0
fb_apu01/handlers/erp_bridge_parceiros.go:78.35,81.18 3 0
fb_apu01/handlers/erp_bridge_parceiros.go:81.18,82.13 1 0
fb_apu01/handlers/erp_bridge_parceiros.go:84.4,88.18 2 0
fb_apu01/handlers/erp_bridge_parceiros.go:88.18,90.13 2 0
fb_apu01/handlers/erp_bridge_parceiros.go:92.4,92.14 1 0
fb_apu01/handlers/erp_bridge_parceiros.go:95.3,96.69 2 0
fb_apu01/handlers/filiais.go:20.53,21.54 1 1
fb_apu01/handlers/filiais.go:21.54,26.10 4 1
fb_apu01/handlers/filiais.go:26.10,29.4 2 1
fb_apu01/handlers/filiais.go:30.3,33.17 3 1
fb_apu01/handlers/filiais.go:33.17,36.4 2 0
fb_apu01/handlers/filiais.go:38.3,47.17 2 0
fb_apu01/handlers/filiais.go:47.17,50.4 2 0
fb_apu01/handlers/filiais.go:51.3,54.19 3 0
fb_apu01/handlers/filiais.go:54.19,56.66 2 0
fb_apu01/handlers/filiais.go:56.66,57.13 1 0
fb_apu01/handlers/filiais.go:59.4,59.32 1 0
fb_apu01/handlers/filiais.go:62.3,62.37 1 0
fb_apu01/handlers/filial_apelidos.go:22.57,23.54 1 1
fb_apu01/handlers/filial_apelidos.go:23.54,28.10 4 1
fb_apu01/handlers/filial_apelidos.go:28.10,31.4 2 1
fb_apu01/handlers/filial_apelidos.go:32.3,35.17 3 0
fb_apu01/handlers/filial_apelidos.go:35.17,38.4 2 0
fb_apu01/handlers/filial_apelidos.go:40.3,40.19 1 0
fb_apu01/handlers/filial_apelidos.go:41.23,46.18 2 0
fb_apu01/handlers/filial_apelidos.go:46.18,50.5 3 0
fb_apu01/handlers/filial_apelidos.go:51.4,54.20 3 0
fb_apu01/handlers/filial_apelidos.go:54.20,56.60 2 0
fb_apu01/handlers/filial_apelidos.go:56.60,58.14 2 0
fb_apu01/handlers/filial_apelidos.go:60.5,60.28 1 0
fb_apu01/handlers/filial_apelidos.go:63.4,63.35 1 0
fb_apu01/handlers/filial_apelidos.go:65.26,67.18 2 0
fb_apu01/handlers/filial_apelidos.go:67.18,71.5 3 0
fb_apu01/handlers/filial_apelidos.go:72.4,72.93 1 0
fb_apu01/handlers/filial_apelidos.go:74.11,75.68 1 0
fb_apu01/handlers/filial_apelidos.go:82.63,83.54 1 1
fb_apu01/handlers/filial_apelidos.go:83.54,87.34 3 1
fb_apu01/handlers/filial_apelidos.go:87.34,90.4 2 1
fb_apu01/handlers/filial_apelidos.go:92.3,93.10 2 1
fb_apu01/handlers/filial_apelidos.go:93.10,96.4 2 1
fb_apu01/handlers/filial_apelidos.go:97.3,100.17 3 1
fb_apu01/handlers/filial_apelidos.go:100.17,103.4 2 0
fb_apu01/handlers/filial_apelidos.go:105.3,106.17 2 0
fb_apu01/handlers/filial_apelidos.go:106.17,109.4 2 0
fb_apu01/handlers/filial_apelidos.go:110.3,114.17 3 0
fb_apu01/handlers/filial_apelidos.go:114.17,117.4 2 0
fb_apu01/handlers/filial_apelidos.go:120.3,129.30 7 0
fb_apu01/handlers/filial_apelidos.go:129.30,131.18 2 0
fb_apu01/handlers/filial_apelidos.go:131.18,132.13 1 0
fb_apu01/handlers/filial_apelidos.go:135.4,136.22 2 0
fb_apu01/handlers/filial_apelidos.go:136.22,139.13 3 0
fb_apu01/handlers/filial_apelidos.go:142.4,146.42 3 0
fb_apu01/handlers/filial_apelidos.go:146.42,147.13 1 0
fb_apu01/handlers/filial_apelidos.go:151.4,151.42 1 0
fb_apu01/handlers/filial_apelidos.go:151.42,152.27 1 0
fb_apu01/handlers/filial_apelidos.go:152.27,154.6 1 0
fb_apu01/handlers/filial_apelidos.go:155.5,155.14 1 0
fb_apu01/handlers/filial_apelidos.go:158.4,158.23 1 0
fb_apu01/handlers/filial_apelidos.go:158.23,161.13 3 0
fb_apu01/handlers/filial_apelidos.go:164.4,165.45 2 0
fb_apu01/handlers/filial_apelidos.go:165.45,168.13 3 0
fb_apu01/handlers/filial_apelidos.go:171.4,177.18 2 0
fb_apu01/handlers/filial_apelidos.go:177.18,180.13 3 0
fb_apu01/handlers/filial_apelidos.go:182.4,182.14 1 0
fb_apu01/handlers/filial_apelidos.go:185.3,190.5 2 0
fb_apu01/handlers/forn_simples.go:16.58,17.54 1 1
fb_apu01/handlers/forn_simples.go:17.54,22.17 4 0
fb_apu01/handlers/forn_simples.go:22.17,25.4 2 0
fb_apu01/handlers/forn_simples.go:26.3,29.19 3 0
fb_apu01/handlers/forn_simples.go:29.19,31.45 2 0
fb_apu01/handlers/forn_simples.go:31.45,34.5 2 0
fb_apu01/handlers/forn_simples.go:35.4,35.26 1 0
fb_apu01/handlers/forn_simples.go:38.3,38.18 1 0
fb_apu01/handlers/forn_simples.go:38.18,40.4 1 0
fb_apu01/handlers/forn_simples.go:42.3,42.34 1 0
fb_apu01/handlers/forn_simples.go:46.60,47.54 1 1
fb_apu01/handlers/forn_simples.go:47.54,51.25 3 1
fb_apu01/handlers/forn_simples.go:51.25,54.4 2 1
fb_apu01/handlers/forn_simples.go:56.3,57.60 2 1
fb_apu01/handlers/forn_simples.go:57.60,60.4 2 1
fb_apu01/handlers/forn_simples.go:63.3,63.41 1 1
fb_apu01/handlers/forn_simples.go:63.41,64.28 1 1
fb_apu01/handlers/forn_simples.go:64.28,66.5 1 1
fb_apu01/handlers/forn_simples.go:67.4,67.13 1 0
fb_apu01/handlers/forn_simples.go:70.3,70.22 1 1
fb_apu01/handlers/forn_simples.go:70.22,73.4 2 1
fb_apu01/handlers/forn_simples.go:75.3,76.17 2 0
fb_apu01/handlers/forn_simples.go:76.17,79.4 2 0
fb_apu01/handlers/forn_simples.go:81.3,82.99 2 0
fb_apu01/handlers/forn_simples.go:86.60,87.54 1 1
fb_apu01/handlers/forn_simples.go:87.54,91.27 3 1
fb_apu01/handlers/forn_simples.go:91.27,94.4 2 1
fb_apu01/handlers/forn_simples.go:96.3,97.17 2 1
fb_apu01/handlers/forn_simples.go:97.17,100.4 2 1
fb_apu01/handlers/forn_simples.go:103.3,103.40 1 0
fb_apu01/handlers/forn_simples.go:103.40,104.28 1 0
fb_apu01/handlers/forn_simples.go:104.28,106.5 1 0
fb_apu01/handlers/forn_simples.go:107.4,107.13 1 0
fb_apu01/handlers/forn_simples.go:110.3,111.17 2 0
fb_apu01/handlers/forn_simples.go:111.17,114.4 2 0
fb_apu01/handlers/forn_simples.go:116.3,117.24 2 0
fb_apu01/handlers/forn_simples.go:117.24,120.4 2 0
fb_apu01/handlers/forn_simples.go:122.3,123.87 2 0
fb_apu01/handlers/forn_simples.go:127.60,128.54 1 1
fb_apu01/handlers/forn_simples.go:128.54,132.25 3 1
fb_apu01/handlers/forn_simples.go:132.25,135.4 2 1
fb_apu01/handlers/forn_simples.go:137.3,138.17 2 1
fb_apu01/handlers/forn_simples.go:138.17,141.4 2 1
fb_apu01/handlers/forn_simples.go:142.3,149.17 6 0
fb_apu01/handlers/forn_simples.go:149.17,152.4 2 0
fb_apu01/handlers/forn_simples.go:154.3,155.17 2 0
fb_apu01/handlers/forn_simples.go:155.17,159.4 3 0
fb_apu01/handlers/forn_simples.go:160.3,163.7 3 0
fb_apu01/handlers/forn_simples.go:163.7,165.21 2 0
fb_apu01/handlers/forn_simples.go:165.21,166.10 1 0
fb_apu01/handlers/forn_simples.go:168.4,168.18 1 0
fb_apu01/handlers/forn_simples.go:168.18,172.5 3 0
fb_apu01/handlers/forn_simples.go:174.4,174.23 1 0
fb_apu01/handlers/forn_simples.go:174.23,175.13 1 0
fb_apu01/handlers/forn_simples.go:178.4,180.42 2 0
fb_apu01/handlers/forn_simples.go:180.42,181.13 1 0
fb_apu01/handlers/forn_simples.go:185.4,185.42 1 0
fb_apu01/handlers/forn_simples.go:185.42,186.29 1 0
fb_apu01/handlers/forn_simples.go:186.29,188.6 1 0
fb_apu01/handlers/forn_simples.go:189.5,189.14 1 0
fb_apu01/handlers/forn_simples.go:192.4,192.23 1 0
fb_apu01/handlers/forn_simples.go:192.23,194.13 1 0
fb_apu01/handlers/forn_simples.go:197.4,198.18 2 0
fb_apu01/handlers/forn_simples.go:198.18,202.5 3 0
fb_apu01/handlers/forn_simples.go:203.4,203.11 1 0
fb_apu01/handlers/forn_simples.go:206.3,206.37 1 0
fb_apu01/handlers/forn_simples.go:206.37,209.4 2 0
fb_apu01/handlers/forn_simples.go:211.3,215.5 2 0
fb_apu01/handlers/hierarchy.go:21.59,22.54 1 1
fb_apu01/handlers/hierarchy.go:22.54,24.19 2 1
fb_apu01/handlers/hierarchy.go:24.19,27.4 2 1
fb_apu01/handlers/hierarchy.go:30.3,32.17 3 1
fb_apu01/handlers/hierarchy.go:32.17,33.28 1 0
fb_apu01/handlers/hierarchy.go:33.28,36.5 2 0
fb_apu01/handlers/hierarchy.go:37.4,38.10 2 0
fb_apu01/handlers/hierarchy.go:42.3,44.17 3 0
fb_apu01/handlers/hierarchy.go:44.17,47.4 2 0
fb_apu01/handlers/hierarchy.go:50.3,52.41 3 0
fb_apu01/handlers/hierarchy.go:52.42,54.4 0 0
fb_apu01/handlers/hierarchy.go:57.3,59.21 2 0
fb_apu01/handlers/hierarchy.go:59.21,70.42 2 0
fb_apu01/handlers/hierarchy.go:70.43,72.5 0 0
fb_apu01/handlers/hierarchy.go:76.3,77.23 2 0
fb_apu01/handlers/hierarchy.go:77.23,86.18 2 0
fb_apu01/handlers/hierarchy.go:86.18,88.21 2 0
fb_apu01/handlers/hierarchy.go:88.21,92.54 4 0
fb_apu01/handlers/hierarchy.go:92.54,93.22 1 0
fb_apu01/handlers/hierarchy.go:93.22,97.8 3 0
fb_apu01/handlers/hierarchy.go:103.3,109.27 2 0
fb_apu01/handlers/hierarchy.go:109.27,111.4 1 0
fb_apu01/handlers/hierarchy.go:113.3,114.34 2 0
fb_apu01/handlers/job.go:33.61,34.54 1 1
fb_apu01/handlers/job.go:34.54,38.24 3 1
fb_apu01/handlers/job.go:38.24,41.4 2 1
fb_apu01/handlers/job.go:44.3,45.10 2 1
fb_apu01/handlers/job.go:45.10,48.4 2 1
fb_apu01/handlers/job.go:49.3,52.17 3 0
fb_apu01/handlers/job.go:52.17,55.4 2 0
fb_apu01/handlers/job.go:57.3,59.25 2 0
fb_apu01/handlers/job.go:59.25,62.4 2 0
fb_apu01/handlers/job.go:63.3,72.17 6 0
fb_apu01/handlers/job.go:72.17,75.4 2 0
fb_apu01/handlers/job.go:76.3,76.14 1 0
fb_apu01/handlers/job.go:76.14,79.4 2 0
fb_apu01/handlers/job.go:81.3,87.17 2 0
fb_apu01/handlers/job.go:87.17,90.4 2 0
fb_apu01/handlers/job.go:91.3,94.19 3 0
fb_apu01/handlers/job.go:94.19,96.88 2 0
fb_apu01/handlers/job.go:96.88,97.13 1 0
fb_apu01/handlers/job.go:99.4,99.42 1 0
fb_apu01/handlers/job.go:102.3,102.42 1 0
fb_apu01/handlers/job.go:106.51,107.54 1 1
fb_apu01/handlers/job.go:107.54,111.24 3 1
fb_apu01/handlers/job.go:111.24,114.4 2 1
fb_apu01/handlers/job.go:117.3,118.10 2 1
fb_apu01/handlers/job.go:118.10,121.4 2 1
fb_apu01/handlers/job.go:122.3,125.17 3 0
fb_apu01/handlers/job.go:125.17,128.4 2 0
fb_apu01/handlers/job.go:131.3,141.17 4 0
fb_apu01/handlers/job.go:141.17,144.4 2 0
fb_apu01/handlers/job.go:145.3,148.19 3 0
fb_apu01/handlers/job.go:148.19,150.119 2 0
fb_apu01/handlers/job.go:150.119,151.13 1 0
fb_apu01/handlers/job.go:153.4,153.28 1 0
fb_apu01/handlers/job.go:156.3,156.34 1 0
fb_apu01/handlers/job.go:160.55,161.54 1 1
fb_apu01/handlers/job.go:161.54,166.24 3 1
fb_apu01/handlers/job.go:166.24,169.4 2 1
fb_apu01/handlers/job.go:172.3,173.10 2 1
fb_apu01/handlers/job.go:173.10,176.4 2 1
fb_apu01/handlers/job.go:177.3,180.17 3 0
fb_apu01/handlers/job.go:180.17,183.4 2 0
fb_apu01/handlers/job.go:187.3,188.25 2 0
fb_apu01/handlers/job.go:188.25,191.4 2 0
fb_apu01/handlers/job.go:192.3,202.27 7 0
fb_apu01/handlers/job.go:202.27,205.4 2 0
fb_apu01/handlers/job.go:205.9,205.24 1 0
fb_apu01/handlers/job.go:205.24,208.4 2 0
fb_apu01/handlers/job.go:210.3,211.33 2 0
fb_apu01/handlers/job.go:215.52,216.54 1 1
fb_apu01/handlers/job.go:216.54,221.28 4 1
fb_apu01/handlers/job.go:221.28,224.4 2 1
fb_apu01/handlers/job.go:225.3,225.25 1 1
fb_apu01/handlers/job.go:225.25,228.4 2 1
fb_apu01/handlers/job.go:230.3,231.10 2 1
fb_apu01/handlers/job.go:231.10,234.4 2 1
fb_apu01/handlers/job.go:235.3,238.17 3 0
fb_apu01/handlers/job.go:238.17,241.4 2 0
fb_apu01/handlers/job.go:244.3,245.25 2 0
fb_apu01/handlers/job.go:245.25,248.4 2 0
fb_apu01/handlers/job.go:249.3,256.17 3 0
fb_apu01/handlers/job.go:256.17,259.4 2 0
fb_apu01/handlers/job.go:261.3,262.16 2 0
fb_apu01/handlers/job.go:262.16,265.4 2 0
fb_apu01/handlers/job.go:267.3,268.112 2 0
fb_apu01/handlers/managers.go:27.55,28.54 1 1
fb_apu01/handlers/managers.go:28.54,33.10 4 1
fb_apu01/handlers/managers.go:33.10,36.4 2 1
fb_apu01/handlers/managers.go:37.3,40.17 3 1
fb_apu01/handlers/managers.go:40.17,43.4 2 0
fb_apu01/handlers/managers.go:45.3,51.17 2 0
fb_apu01/handlers/managers.go:51.17,54.4 2 0
fb_apu01/handlers/managers.go:55.3,58.19 3 0
fb_apu01/handlers/managers.go:58.19,60.132 2 0
fb_apu01/handlers/managers.go:60.132,63.5 2 0
fb_apu01/handlers/managers.go:64.4,64.34 1 0
fb_apu01/handlers/managers.go:67.3,70.5 1 0
fb_apu01/handlers/managers.go:75.56,76.54 1 1
fb_apu01/handlers/managers.go:76.54,80.34 3 1
fb_apu01/handlers/managers.go:80.34,83.4 2 1
fb_apu01/handlers/managers.go:85.3,86.10 2 1
fb_apu01/handlers/managers.go:86.10,89.4 2 1
fb_apu01/handlers/managers.go:90.3,93.17 3 0
fb_apu01/handlers/managers.go:93.17,96.4 2 0
fb_apu01/handlers/managers.go:98.3,103.62 2 0
fb_apu01/handlers/managers.go:103.62,106.4 2 0
fb_apu01/handlers/managers.go:109.3,113.29 4 0
fb_apu01/handlers/managers.go:113.29,115.4 1 0
fb_apu01/handlers/managers.go:115.9,115.29 1 0
fb_apu01/handlers/managers.go:115.29,118.4 2 0
fb_apu01/handlers/managers.go:119.3,119.59 1 0
fb_apu01/handlers/managers.go:119.59,122.4 2 0
fb_apu01/handlers/managers.go:125.3,127.27 3 0
fb_apu01/handlers/managers.go:127.27,130.4 2 0
fb_apu01/handlers/managers.go:133.3,139.17 3 0
fb_apu01/handlers/managers.go:139.17,142.4 2 0
fb_apu01/handlers/managers.go:145.3,150.17 3 0
fb_apu01/handlers/managers.go:150.17,153.4 2 0
fb_apu01/handlers/managers.go:155.3,156.31 2 0
fb_apu01/handlers/managers.go:161.56,162.54 1 1
fb_apu01/handlers/managers.go:162.54,166.65 3 1
fb_apu01/handlers/managers.go:166.65,169.4 2 1
fb_apu01/handlers/managers.go:171.3,172.10 2 1
fb_apu01/handlers/managers.go:172.10,175.4 2 1
fb_apu01/handlers/managers.go:176.3,179.17 3 1
fb_apu01/handlers/managers.go:179.17,182.4 2 0
fb_apu01/handlers/managers.go:185.3,187.22 3 0
fb_apu01/handlers/managers.go:187.22,190.4 2 0
fb_apu01/handlers/managers.go:192.3,198.62 2 0
fb_apu01/handlers/managers.go:198.62,201.4 2 0
fb_apu01/handlers/managers.go:204.3,206.27 3 0
fb_apu01/handlers/managers.go:206.27,209.4 2 0
fb_apu01/handlers/managers.go:210.3,210.17 1 0
fb_apu01/handlers/managers.go:210.17,213.4 2 0
fb_apu01/handlers/managers.go:214.3,214.37 1 0
fb_apu01/handlers/managers.go:214.37,217.4 2 0
fb_apu01/handlers/managers.go:220.3,224.29 4 0
fb_apu01/handlers/managers.go:224.29,229.4 4 0
fb_apu01/handlers/managers.go:230.3,230.22 1 0
fb_apu01/handlers/managers.go:230.22,235.4 4 0
fb_apu01/handlers/managers.go:236.3,236.22 1 0
fb_apu01/handlers/managers.go:236.22,238.41 2 0
fb_apu01/handlers/managers.go:238.41,241.5 2 0
fb_apu01/handlers/managers.go:242.4,244.12 3 0
fb_apu01/handlers/managers.go:246.3,246.23 1 0
fb_apu01/handlers/managers.go:246.23,250.4 3 0
fb_apu01/handlers/managers.go:252.3,252.24 1 0
fb_apu01/handlers/managers.go:252.24,255.4 2 0
fb_apu01/handlers/managers.go:257.3,261.17 4 0
fb_apu01/handlers/managers.go:261.17,264.4 2 0
fb_apu01/handlers/managers.go:267.3,272.17 3 0
fb_apu01/handlers/managers.go:272.17,275.4 2 0
fb_apu01/handlers/managers.go:277.3,277.31 1 0
fb_apu01/handlers/managers.go:282.56,283.54 1 1
fb_apu01/handlers/managers.go:283.54,287.36 3 1
fb_apu01/handlers/managers.go:287.36,290.4 2 1
fb_apu01/handlers/managers.go:292.3,293.10 2 1
fb_apu01/handlers/managers.go:293.10,296.4 2 1
fb_apu01/handlers/managers.go:297.3,300.17 3 0
fb_apu01/handlers/managers.go:300.17,303.4 2 0
fb_apu01/handlers/managers.go:306.3,308.22 3 0
fb_apu01/handlers/managers.go:308.22,311.4 2 0
fb_apu01/handlers/managers.go:314.3,316.27 3 0
fb_apu01/handlers/managers.go:316.27,319.4 2 0
fb_apu01/handlers/managers.go:320.3,320.17 1 0
fb_apu01/handlers/managers.go:320.17,323.4 2 0
fb_apu01/handlers/managers.go:324.3,324.37 1 0
fb_apu01/handlers/managers.go:324.37,327.4 2 0
fb_apu01/handlers/managers.go:330.3,331.17 2 0
fb_apu01/handlers/managers.go:331.17,334.4 2 0
fb_apu01/handlers/managers.go:336.3,336.38 1 0
fb_apu01/handlers/managers.go:341.82,348.16 2 0
fb_apu01/handlers/managers.go:348.16,350.3 1 0
fb_apu01/handlers/managers.go:351.2,354.18 3 0
fb_apu01/handlers/managers.go:354.18,356.131 2 0
fb_apu01/handlers/managers.go:356.131,358.4 1 0
fb_apu01/handlers/managers.go:359.3,359.33 1 0
fb_apu01/handlers/managers.go:362.2,362.22 1 0
fb_apu01/handlers/metrics.go:32.40,37.71 2 1
fb_apu01/handlers/metrics.go:37.71,38.32 1 1
fb_apu01/handlers/metrics.go:38.32,40.4 1 1
fb_apu01/handlers/metrics.go:41.3,41.15 1 1
fb_apu01/handlers/metrics.go:45.2,45.51 1 1
fb_apu01/handlers/metrics.go:45.51,47.3 1 1
fb_apu01/handlers/metrics.go:49.2,49.13 1 1
fb_apu01/handlers/metrics.go:104.49,107.2 2 1
fb_apu01/handlers/metrics.go:118.56,119.71 1 1
fb_apu01/handlers/metrics.go:119.71,136.3 9 1
fb_apu01/handlers/middleware.go:13.42,16.22 3 1
fb_apu01/handlers/middleware.go:16.22,18.3 1 1
fb_apu01/handlers/middleware.go:18.8,28.3 1 1
fb_apu01/handlers/middleware.go:29.2,30.25 2 1
fb_apu01/handlers/middleware.go:30.25,32.3 1 1
fb_apu01/handlers/middleware.go:33.2,33.10 1 1
fb_apu01/handlers/middleware.go:46.47,47.19 1 1
fb_apu01/handlers/middleware.go:47.19,49.3 1 1
fb_apu01/handlers/middleware.go:50.2,57.20 6 1
fb_apu01/handlers/middleware.go:57.20,61.3 3 1
fb_apu01/handlers/middleware.go:64.2,70.44 7 1
fb_apu01/handlers/middleware.go:70.44,78.3 1 1
fb_apu01/handlers/middleware.go:81.54,84.2 2 1
fb_apu01/handlers/middleware.go:86.61,89.2 2 1
fb_apu01/handlers/middleware.go:94.89,95.71 1 1
fb_apu01/handlers/middleware.go:95.71,98.45 3 1
fb_apu01/handlers/middleware.go:98.45,100.4 1 1
fb_apu01/handlers/middleware.go:102.3,108.37 2 1
fb_apu01/handlers/middleware.go:108.37,116.4 7 1
fb_apu01/handlers/middleware.go:118.3,118.25 1 1
fb_apu01/handlers/middleware.go:131.65,137.2 1 1
fb_apu01/handlers/middleware.go:149.47,156.29 6 1
fb_apu01/handlers/middleware.go:156.29,157.29 1 1
fb_apu01/handlers/middleware.go:157.29,159.4 1 1
fb_apu01/handlers/middleware.go:161.2,163.26 2 1
fb_apu01/handlers/middleware.go:163.26,165.3 1 1
fb_apu01/handlers/middleware.go:166.2,167.13 2 1
fb_apu01/handlers/middleware.go:171.51,178.29 6 1
fb_apu01/handlers/middleware.go:178.29,179.29 1 1
fb_apu01/handlers/middleware.go:179.29,181.4 1 1
fb_apu01/handlers/middleware.go:183.2,184.29 2 1
fb_apu01/handlers/middleware.go:188.50,192.2 3 1
fb_apu01/handlers/middleware.go:195.42,199.2 3 1
fb_apu01/handlers/middleware.go:203.42,204.55 1 1
fb_apu01/handlers/middleware.go:204.55,208.3 2 1
fb_apu01/handlers/middleware.go:209.2,209.49 1 1
fb_apu01/handlers/middleware.go:209.49,211.3 1 1
fb_apu01/handlers/middleware.go:212.2,213.50 2 1
fb_apu01/handlers/middleware.go:213.50,215.3 1 1
fb_apu01/handlers/middleware.go:216.2,216.13 1 0
fb_apu01/handlers/nfe_entradas.go:90.60,91.54 1 1
fb_apu01/handlers/nfe_entradas.go:91.54,95.37 3 1
fb_apu01/handlers/nfe_entradas.go:95.37,98.4 2 1
fb_apu01/handlers/nfe_entradas.go:100.3,100.34 1 1
fb_apu01/handlers/nfe_entradas.go:100.34,103.4 2 1
fb_apu01/handlers/nfe_entradas.go:105.3,106.10 2 1
fb_apu01/handlers/nfe_entradas.go:106.10,109.4 2 1
fb_apu01/handlers/nfe_entradas.go:110.3,113.17 3 0
fb_apu01/handlers/nfe_entradas.go:113.17,116.4 2 0
fb_apu01/handlers/nfe_entradas.go:118.3,118.57 1 0
fb_apu01/handlers/nfe_entradas.go:118.57,121.4 2 0
fb_apu01/handlers/nfe_entradas.go:123.3,124.22 2 0
fb_apu01/handlers/nfe_entradas.go:124.22,127.4 2 0
fb_apu01/handlers/nfe_entradas.go:129.3,131.28 2 0
fb_apu01/handlers/nfe_entradas.go:131.28,135.18 3 0
fb_apu01/handlers/nfe_entradas.go:135.18,137.13 2 0
fb_apu01/handlers/nfe_entradas.go:140.4,142.18 3 0
fb_apu01/handlers/nfe_entradas.go:142.18,144.13 2 0
fb_apu01/handlers/nfe_entradas.go:147.4,148.18 2 0
fb_apu01/handlers/nfe_entradas.go:148.18,150.13 2 0
fb_apu01/handlers/nfe_entradas.go:153.4,159.34 3 0
fb_apu01/handlers/nfe_entradas.go:159.34,161.13 2 0
fb_apu01/handlers/nfe_entradas.go:165.4,166.24 2 0
fb_apu01/handlers/nfe_entradas.go:166.24,168.13 2 0
fb_apu01/handlers/nfe_entradas.go:172.4,173.18 2 0
fb_apu01/handlers/nfe_entradas.go:173.18,175.13 2 0
fb_apu01/handlers/nfe_entradas.go:179.4,180.25 2 0
[...]
fb_apu01/handlers/upload.go:82.3,91.16 8 0
fb_apu01/handlers/upload.go:91.16,93.22 1 0
fb_apu01/handlers/upload.go:93.22,96.5 2 0
fb_apu01/handlers/upload.go:97.4,102.25 4 0
fb_apu01/handlers/upload.go:102.25,104.5 1 0
fb_apu01/handlers/upload.go:106.4,107.18 2 0
fb_apu01/handlers/upload.go:107.18,111.5 3 0
fb_apu01/handlers/upload.go:114.4,116.18 3 0
fb_apu01/handlers/upload.go:116.18,119.5 2 0
fb_apu01/handlers/upload.go:120.4,123.60 2 0
fb_apu01/handlers/upload.go:123.60,127.5 3 0
fb_apu01/handlers/upload.go:130.4,130.61 1 0
fb_apu01/handlers/upload.go:132.9,140.55 5 0
fb_apu01/handlers/upload.go:140.55,143.5 2 0
fb_apu01/handlers/upload.go:146.4,147.18 2 0
fb_apu01/handlers/upload.go:147.18,150.5 2 0
fb_apu01/handlers/upload.go:152.4,154.18 3 0
fb_apu01/handlers/upload.go:154.18,157.5 2 0
fb_apu01/handlers/upload.go:158.4,158.20 1 0
fb_apu01/handlers/upload.go:162.3,163.29 2 0
fb_apu01/handlers/upload.go:163.29,165.4 1 0
fb_apu01/handlers/upload.go:168.3,173.47 4 0
fb_apu01/handlers/upload.go:173.47,177.23 4 0
fb_apu01/handlers/upload.go:177.23,179.5 1 0
fb_apu01/handlers/upload.go:181.4,181.52 1 0
fb_apu01/handlers/upload.go:181.52,191.42 5 0
fb_apu01/handlers/upload.go:191.42,194.46 2 0
fb_apu01/handlers/upload.go:194.46,198.48 2 0
fb_apu01/handlers/upload.go:198.48,200.81 1 0
fb_apu01/handlers/upload.go:200.81,202.14 2 0
fb_apu01/handlers/upload.go:208.5,212.67 4 0
fb_apu01/handlers/upload.go:212.67,214.6 1 0
fb_apu01/handlers/upload.go:220.3,222.88 3 0
fb_apu01/handlers/upload.go:222.88,224.4 1 0
fb_apu01/handlers/upload.go:225.3,227.17 3 0
fb_apu01/handlers/upload.go:227.17,233.4 4 0
fb_apu01/handlers/upload.go:234.3,246.38 5 0
fb_apu01/handlers/upload.go:257.57,258.54 1 1
fb_apu01/handlers/upload.go:258.54,264.28 4 1
fb_apu01/handlers/upload.go:264.28,267.4 2 1
fb_apu01/handlers/upload.go:270.3,271.19 2 1
fb_apu01/handlers/upload.go:271.19,274.4 2 1
fb_apu01/handlers/upload.go:276.3,277.17 2 0
fb_apu01/handlers/upload.go:277.17,280.4 2 0
fb_apu01/handlers/upload.go:282.3,285.35 3 0
fb_apu01/handlers/upload.go:285.35,288.4 2 0
fb_apu01/handlers/upload.go:291.3,295.25 3 0
fb_apu01/handlers/upload.go:295.25,297.4 1 0
fb_apu01/handlers/upload.go:297.9,299.4 1 0
fb_apu01/handlers/upload.go:301.3,301.17 1 0
fb_apu01/handlers/upload.go:301.17,304.4 2 0
fb_apu01/handlers/upload.go:310.3,325.17 5 0
fb_apu01/handlers/upload.go:325.17,330.4 4 0
fb_apu01/handlers/upload.go:330.9,330.34 1 0
fb_apu01/handlers/upload.go:330.34,334.4 3 0
fb_apu01/handlers/upload.go:336.3,337.34 2 0
fb_apu01/handlers/xml_conciliacao.go:67.102,72.18 4 0
fb_apu01/handlers/xml_conciliacao.go:72.18,76.3 3 0
fb_apu01/handlers/xml_conciliacao.go:78.2,122.16 4 0
fb_apu01/handlers/xml_conciliacao.go:122.16,124.3 1 0
fb_apu01/handlers/xml_conciliacao.go:125.2,128.18 3 0
fb_apu01/handlers/xml_conciliacao.go:128.18,135.17 2 0
fb_apu01/handlers/xml_conciliacao.go:135.17,137.12 2 0
fb_apu01/handlers/xml_conciliacao.go:139.3,139.31 1 0
fb_apu01/handlers/xml_conciliacao.go:141.2,141.35 1 0
fb_apu01/handlers/xml_conciliacao.go:141.35,143.3 1 0
fb_apu01/handlers/xml_conciliacao.go:144.2,144.19 1 0
fb_apu01/handlers/xml_conciliacao.go:144.19,146.3 1 0
fb_apu01/handlers/xml_conciliacao.go:147.2,147.20 1 0
fb_apu01/handlers/xml_conciliacao.go:152.90,171.16 3 0
fb_apu01/handlers/xml_conciliacao.go:171.16,173.3 1 0
fb_apu01/handlers/xml_conciliacao.go:174.2,177.18 3 0
fb_apu01/handlers/xml_conciliacao.go:177.18,181.17 2 0
fb_apu01/handlers/xml_conciliacao.go:181.17,183.12 2 0
fb_apu01/handlers/xml_conciliacao.go:185.3,185.31 1 0
fb_apu01/handlers/xml_conciliacao.go:187.2,187.35 1 0
fb_apu01/handlers/xml_conciliacao.go:187.35,189.3 1 0
fb_apu01/handlers/xml_conciliacao.go:190.2,190.19 1 0
fb_apu01/handlers/xml_conciliacao.go:190.19,192.3 1 0
fb_apu01/handlers/xml_conciliacao.go:193.2,193.20 1 0
fb_apu01/handlers/xml_conciliacao.go:201.54,202.54 1 1
fb_apu01/handlers/xml_conciliacao.go:202.54,205.33 2 1
fb_apu01/handlers/xml_conciliacao.go:205.33,208.4 2 1
fb_apu01/handlers/xml_conciliacao.go:210.3,211.10 2 1
fb_apu01/handlers/xml_conciliacao.go:211.10,214.4 2 1
fb_apu01/handlers/xml_conciliacao.go:215.3,218.17 3 0
fb_apu01/handlers/xml_conciliacao.go:218.17,221.4 2 0
fb_apu01/handlers/xml_conciliacao.go:223.3,225.17 3 0
fb_apu01/handlers/xml_conciliacao.go:225.17,227.4 1 0
fb_apu01/handlers/xml_conciliacao.go:229.3,230.23 2 0
fb_apu01/handlers/xml_conciliacao.go:230.23,232.4 1 0
fb_apu01/handlers/xml_conciliacao.go:234.3,235.17 2 0
fb_apu01/handlers/xml_conciliacao.go:235.17,239.4 3 0
fb_apu01/handlers/xml_conciliacao.go:241.3,241.18 1 0
fb_apu01/handlers/xml_conciliacao.go:241.18,243.4 1 0
fb_apu01/handlers/xml_conciliacao.go:245.3,245.63 1 0
fb_apu01/handlers/xml_conciliacao.go:245.63,247.4 1 0
fb_apu01/handlers/xml_conciliacao.go:256.52,257.54 1 1
fb_apu01/handlers/xml_conciliacao.go:257.54,260.33 2 1
fb_apu01/handlers/xml_conciliacao.go:260.33,263.4 2 1
fb_apu01/handlers/xml_conciliacao.go:265.3,266.10 2 1
fb_apu01/handlers/xml_conciliacao.go:266.10,269.4 2 1
fb_apu01/handlers/xml_conciliacao.go:270.3,273.17 3 0
fb_apu01/handlers/xml_conciliacao.go:273.17,276.4 2 0
fb_apu01/handlers/xml_conciliacao.go:278.3,279.17 2 0
fb_apu01/handlers/xml_conciliacao.go:279.17,281.4 1 0
fb_apu01/handlers/xml_conciliacao.go:283.3,284.23 2 0
fb_apu01/handlers/xml_conciliacao.go:284.23,286.4 1 0
fb_apu01/handlers/xml_conciliacao.go:288.3,289.17 2 0
fb_apu01/handlers/xml_conciliacao.go:289.17,293.4 3 0
fb_apu01/handlers/xml_conciliacao.go:295.3,295.18 1 0
fb_apu01/handlers/xml_conciliacao.go:295.18,297.4 1 0
fb_apu01/handlers/xml_conciliacao.go:299.3,299.63 1 0
fb_apu01/handlers/xml_conciliacao.go:299.63,301.4 1 0
fb_apu01/handlers/xml_conciliacao.go:310.57,311.54 1 1
fb_apu01/handlers/xml_conciliacao.go:311.54,312.33 1 1
fb_apu01/handlers/xml_conciliacao.go:312.33,315.4 2 1
fb_apu01/handlers/xml_conciliacao.go:317.3,318.10 2 1
fb_apu01/handlers/xml_conciliacao.go:318.10,321.4 2 1
fb_apu01/handlers/xml_conciliacao.go:322.3,325.17 3 0
fb_apu01/handlers/xml_conciliacao.go:325.17,328.4 2 0
fb_apu01/handlers/xml_conciliacao.go:330.3,332.17 3 0
fb_apu01/handlers/xml_conciliacao.go:332.17,334.4 1 0
fb_apu01/handlers/xml_conciliacao.go:336.3,337.23 2 0
fb_apu01/handlers/xml_conciliacao.go:337.23,339.4 1 0
fb_apu01/handlers/xml_conciliacao.go:341.3,342.17 2 0
fb_apu01/handlers/xml_conciliacao.go:342.17,346.4 3 0
fb_apu01/handlers/xml_conciliacao.go:348.3,361.42 5 0
fb_apu01/handlers/xml_conciliacao.go:361.42,364.4 2 0
fb_apu01/handlers/xml_conciliacao.go:366.3,366.28 1 0
fb_apu01/handlers/xml_conciliacao.go:366.28,375.43 2 0
fb_apu01/handlers/xml_conciliacao.go:375.43,378.5 2 0
fb_apu01/handlers/xml_conciliacao.go:381.3,382.36 2 0
fb_apu01/handlers/xml_conciliacao.go:382.36,384.4 1 0
fb_apu01/handlers/xml_notas.go:52.51,53.54 1 1
fb_apu01/handlers/xml_notas.go:53.54,56.33 2 1
fb_apu01/handlers/xml_notas.go:56.33,59.4 2 1
fb_apu01/handlers/xml_notas.go:61.3,62.10 2 1
fb_apu01/handlers/xml_notas.go:62.10,65.4 2 1
fb_apu01/handlers/xml_notas.go:66.3,69.17 3 1
fb_apu01/handlers/xml_notas.go:69.17,72.4 2 0
fb_apu01/handlers/xml_notas.go:74.3,83.78 9 0
fb_apu01/handlers/xml_notas.go:83.78,85.4 1 0
fb_apu01/handlers/xml_notas.go:86.3,86.68 1 0
fb_apu01/handlers/xml_notas.go:86.68,88.4 1 0
fb_apu01/handlers/xml_notas.go:90.3,92.15 2 0
fb_apu01/handlers/xml_notas.go:93.19,106.50 4 0
fb_apu01/handlers/xml_notas.go:108.17,121.50 4 0
fb_apu01/handlers/xml_notas.go:123.15,136.50 4 0
fb_apu01/handlers/xml_notas.go:138.11,140.10 2 0
fb_apu01/handlers/xml_notas.go:143.3,147.23 4 0
fb_apu01/handlers/xml_notas.go:147.23,151.4 3 0
fb_apu01/handlers/xml_notas.go:152.3,152.20 1 0
fb_apu01/handlers/xml_notas.go:152.20,156.4 3 0
fb_apu01/handlers/xml_notas.go:157.3,157.17 1 0
fb_apu01/handlers/xml_notas.go:157.17,161.4 3 0
fb_apu01/handlers/xml_notas.go:163.3,172.17 6 0
fb_apu01/handlers/xml_notas.go:172.17,176.4 3 0
fb_apu01/handlers/xml_notas.go:177.3,180.19 3 0
fb_apu01/handlers/xml_notas.go:180.19,190.18 2 0
fb_apu01/handlers/xml_notas.go:190.18,192.13 2 0
fb_apu01/handlers/xml_notas.go:194.4,194.28 1 0
fb_apu01/handlers/xml_notas.go:197.3,209.5 3 0
fb_apu01/handlers/xml_painel.go:23.52,24.54 1 1
fb_apu01/handlers/xml_painel.go:24.54,27.33 2 1
fb_apu01/handlers/xml_painel.go:27.33,30.4 2 1
fb_apu01/handlers/xml_painel.go:32.3,33.10 2 1
fb_apu01/handlers/xml_painel.go:33.10,36.4 2 1
fb_apu01/handlers/xml_painel.go:37.3,40.17 3 1
fb_apu01/handlers/xml_painel.go:40.17,43.4 2 0
fb_apu01/handlers/xml_painel.go:46.3,55.10 5 0
fb_apu01/handlers/xml_painel.go:55.10,58.4 2 0
fb_apu01/handlers/xml_painel.go:61.3,65.78 5 0
fb_apu01/handlers/xml_painel.go:65.78,67.4 1 0
fb_apu01/handlers/xml_painel.go:68.3,68.68 1 0
fb_apu01/handlers/xml_painel.go:68.68,70.4 1 0
fb_apu01/handlers/xml_painel.go:72.3,76.25 4 0
fb_apu01/handlers/xml_painel.go:76.25,80.4 3 0
fb_apu01/handlers/xml_painel.go:82.3,96.17 4 0
fb_apu01/handlers/xml_painel.go:96.17,100.4 3 0
fb_apu01/handlers/xml_painel.go:101.3,120.19 4 0
fb_apu01/handlers/xml_painel.go:120.19,126.18 2 0
fb_apu01/handlers/xml_painel.go:126.18,128.13 2 0
fb_apu01/handlers/xml_painel.go:130.4,130.28 1 0
fb_apu01/handlers/xml_painel.go:134.3,144.5 4 0
fb_apu01/handlers/xml_reports.go:49.45,50.16 1 1
fb_apu01/handlers/xml_reports.go:50.16,52.3 1 1
fb_apu01/handlers/xml_reports.go:53.2,54.25 2 1
fb_apu01/handlers/xml_reports.go:55.14,56.10 1 1
fb_apu01/handlers/xml_reports.go:57.14,58.18 1 1
fb_apu01/handlers/xml_reports.go:59.10,60.20 1 1
fb_apu01/handlers/xml_reports.go:62.2,64.15 3 1
fb_apu01/handlers/xml_reports.go:64.15,66.3 1 1
fb_apu01/handlers/xml_reports.go:67.2,67.32 1 1
fb_apu01/handlers/xml_reports.go:73.92,78.18 4 0
fb_apu01/handlers/xml_reports.go:78.18,84.3 2 0
fb_apu01/handlers/xml_reports.go:88.2,136.16 3 0
fb_apu01/handlers/xml_reports.go:136.16,138.3 1 0
fb_apu01/handlers/xml_reports.go:139.2,142.18 3 0
fb_apu01/handlers/xml_reports.go:142.18,162.17 4 0
fb_apu01/handlers/xml_reports.go:162.17,164.12 2 0
fb_apu01/handlers/xml_reports.go:166.3,168.31 3 0
fb_apu01/handlers/xml_reports.go:170.2,170.35 1 0
fb_apu01/handlers/xml_reports.go:170.35,172.3 1 0
fb_apu01/handlers/xml_reports.go:173.2,173.20 1 0
fb_apu01/handlers/xml_reports.go:180.66,181.54 1 1
fb_apu01/handlers/xml_reports.go:181.54,184.33 2 1
fb_apu01/handlers/xml_reports.go:184.33,187.4 2 1
fb_apu01/handlers/xml_reports.go:189.3,190.10 2 1
fb_apu01/handlers/xml_reports.go:190.10,193.4 2 1
fb_apu01/handlers/xml_reports.go:194.3,197.17 3 0
fb_apu01/handlers/xml_reports.go:197.17,200.4 2 0
fb_apu01/handlers/xml_reports.go:202.3,205.17 3 0
fb_apu01/handlers/xml_reports.go:205.17,209.4 3 0
fb_apu01/handlers/xml_reports.go:212.3,212.18 1 0
fb_apu01/handlers/xml_reports.go:212.18,214.4 1 0
fb_apu01/handlers/xml_reports.go:216.3,216.63 1 0
fb_apu01/handlers/xml_reports.go:216.63,218.4 1 0
fb_apu01/handlers/xml_reports.go:227.59,228.54 1 1
fb_apu01/handlers/xml_reports.go:228.54,229.33 1 1
fb_apu01/handlers/xml_reports.go:229.33,232.4 2 1
fb_apu01/handlers/xml_reports.go:234.3,235.10 2 1
fb_apu01/handlers/xml_reports.go:235.10,238.4 2 1
fb_apu01/handlers/xml_reports.go:239.3,242.17 3 0
fb_apu01/handlers/xml_reports.go:242.17,245.4 2 0
fb_apu01/handlers/xml_reports.go:247.3,250.17 3 0
fb_apu01/handlers/xml_reports.go:250.17,254.4 3 0
fb_apu01/handlers/xml_reports.go:256.3,279.42 5 0
fb_apu01/handlers/xml_reports.go:279.42,282.4 2 0
fb_apu01/handlers/xml_reports.go:284.3,284.28 1 0
fb_apu01/handlers/xml_reports.go:284.28,286.29 2 0
fb_apu01/handlers/xml_reports.go:286.29,288.5 1 0
fb_apu01/handlers/xml_reports.go:289.4,290.36 2 0
fb_apu01/handlers/xml_reports.go:290.36,292.5 1 0
fb_apu01/handlers/xml_reports.go:293.4,294.35 2 0
fb_apu01/handlers/xml_reports.go:294.35,296.5 1 0
fb_apu01/handlers/xml_reports.go:297.4,298.32 2 0
fb_apu01/handlers/xml_reports.go:298.32,300.5 1 0
fb_apu01/handlers/xml_reports.go:301.4,302.32 2 0
fb_apu01/handlers/xml_reports.go:302.32,304.5 1 0
fb_apu01/handlers/xml_reports.go:305.4,306.31 2 0
fb_apu01/handlers/xml_reports.go:306.31,308.5 1 0
fb_apu01/handlers/xml_reports.go:309.4,326.43 2 0
fb_apu01/handlers/xml_reports.go:326.43,329.5 2 0
fb_apu01/handlers/xml_reports.go:332.3,333.36 2 0
fb_apu01/handlers/xml_reports.go:333.36,335.4 1 0
fb_apu01/handlers/xml_reports.go:344.68,345.54 1 1
fb_apu01/handlers/xml_reports.go:345.54,348.33 2 1
fb_apu01/handlers/xml_reports.go:348.33,351.4 2 1
fb_apu01/handlers/xml_reports.go:353.3,354.10 2 1
fb_apu01/handlers/xml_reports.go:354.10,357.4 2 1
fb_apu01/handlers/xml_reports.go:358.3,361.17 3 0
fb_apu01/handlers/xml_reports.go:361.17,364.4 2 0
fb_apu01/handlers/xml_reports.go:366.3,371.19 5 0
fb_apu01/handlers/xml_reports.go:371.19,374.4 2 0
fb_apu01/handlers/xml_reports.go:376.3,394.17 3 0
fb_apu01/handlers/xml_reports.go:394.17,398.4 3 0
fb_apu01/handlers/xml_reports.go:399.3,411.19 4 0
fb_apu01/handlers/xml_reports.go:411.19,420.18 2 0
fb_apu01/handlers/xml_reports.go:420.18,422.13 2 0
fb_apu01/handlers/xml_reports.go:424.4,424.28 1 0
fb_apu01/handlers/xml_reports.go:426.3,426.36 1 0
fb_apu01/handlers/xml_reports.go:426.36,430.4 3 0
fb_apu01/handlers/xml_reports.go:432.3,432.18 1 0
fb_apu01/handlers/xml_reports.go:432.18,434.4 1 0
fb_apu01/handlers/xml_reports.go:436.3,436.63 1 0
fb_apu01/handlers/xml_reports.go:436.63,438.4 1 0
fb_apu01/handlers/xml_upload.go:40.58,42.16 2 1
fb_apu01/handlers/xml_upload.go:42.16,44.3 1 1
fb_apu01/handlers/xml_upload.go:46.2,49.27 3 1
fb_apu01/handlers/xml_upload.go:49.27,51.37 1 1
fb_apu01/handlers/xml_upload.go:51.37,52.12 1 1
fb_apu01/handlers/xml_upload.go:55.3,56.57 2 1
fb_apu01/handlers/xml_upload.go:56.57,57.12 1 1
fb_apu01/handlers/xml_upload.go:61.3,62.41 2 1
fb_apu01/handlers/xml_upload.go:62.41,64.4 1 0
fb_apu01/handlers/xml_upload.go:66.3,67.17 2 1
fb_apu01/handlers/xml_upload.go:67.17,69.4 1 0
fb_apu01/handlers/xml_upload.go:70.3,72.17 3 1
fb_apu01/handlers/xml_upload.go:72.17,74.4 1 0
fb_apu01/handlers/xml_upload.go:76.3,76.71 1 1
fb_apu01/handlers/xml_upload.go:79.2,79.22 1 1
fb_apu01/handlers/xml_upload.go:97.102,99.2 1 1
fb_apu01/handlers/xml_upload.go:101.102,106.30 4 1
fb_apu01/handlers/xml_upload.go:106.30,108.25 1 1
fb_apu01/handlers/xml_upload.go:108.25,113.4 1 1
fb_apu01/handlers/xml_upload.go:115.3,115.67 1 1
fb_apu01/handlers/xml_upload.go:115.67,122.4 3 1
fb_apu01/handlers/xml_upload.go:122.9,124.4 1 0
fb_apu01/handlers/xml_upload.go:128.2,142.18 3 1
fb_apu01/handlers/xml_upload.go:142.18,144.3 1 0
fb_apu01/handlers/xml_upload.go:145.2,145.101 1 0
fb_apu01/handlers/xml_upload.go:149.85,154.16 3 1
fb_apu01/handlers/xml_upload.go:154.16,156.3 1 1
fb_apu01/handlers/xml_upload.go:158.2,162.32 3 1
fb_apu01/handlers/xml_upload.go:162.32,164.3 1 1
fb_apu01/handlers/xml_upload.go:166.2,167.22 2 1
fb_apu01/handlers/xml_upload.go:167.22,169.3 1 1
fb_apu01/handlers/xml_upload.go:171.2,172.16 2 1
fb_apu01/handlers/xml_upload.go:172.16,174.3 1 1
fb_apu01/handlers/xml_upload.go:176.2,177.23 2 1
fb_apu01/handlers/xml_upload.go:177.23,179.3 1 0
fb_apu01/handlers/xml_upload.go:181.2,186.16 5 1
fb_apu01/handlers/xml_upload.go:186.16,188.3 1 0
fb_apu01/handlers/xml_upload.go:189.2,193.14 3 0
fb_apu01/handlers/xml_upload.go:194.18,259.17 2 0
fb_apu01/handlers/xml_upload.go:259.17,261.4 1 0
fb_apu01/handlers/xml_upload.go:262.3,262.23 1 0
fb_apu01/handlers/xml_upload.go:262.23,264.4 1 0
fb_apu01/handlers/xml_upload.go:266.16,268.45 1 0
fb_apu01/handlers/xml_upload.go:268.45,270.4 1 0
fb_apu01/handlers/xml_upload.go:271.3,330.17 2 0
fb_apu01/handlers/xml_upload.go:330.17,332.4 1 0
fb_apu01/handlers/xml_upload.go:333.3,333.23 1 0
fb_apu01/handlers/xml_upload.go:333.23,335.4 1 0
fb_apu01/handlers/xml_upload.go:337.10,338.51 1 0
fb_apu01/handlers/xml_upload.go:342.2,342.44 1 0
fb_apu01/handlers/xml_upload.go:342.44,344.21 2 0
fb_apu01/handlers/xml_upload.go:344.21,346.4 1 0
fb_apu01/handlers/xml_upload.go:349.2,349.20 1 0
fb_apu01/handlers/xml_upload.go:358.52,359.54 1 1
fb_apu01/handlers/xml_upload.go:359.54,362.34 2 1
fb_apu01/handlers/xml_upload.go:362.34,365.4 2 1
fb_apu01/handlers/xml_upload.go:368.3,369.10 2 1
fb_apu01/handlers/xml_upload.go:369.10,372.4 2 1
fb_apu01/handlers/xml_upload.go:373.3,376.17 3 0
fb_apu01/handlers/xml_upload.go:376.17,379.4 2 0
fb_apu01/handlers/xml_upload.go:382.3,382.39 1 0
fb_apu01/handlers/xml_upload.go:382.39,385.4 2 0
fb_apu01/handlers/xml_upload.go:388.3,388.62 1 0
fb_apu01/handlers/xml_upload.go:388.62,391.4 2 0
fb_apu01/handlers/xml_upload.go:394.3,395.63 2 0
fb_apu01/handlers/xml_upload.go:395.63,398.4 2 0
fb_apu01/handlers/xml_upload.go:401.3,402.28 2 0
fb_apu01/handlers/xml_upload.go:402.28,405.4 2 0
fb_apu01/handlers/xml_upload.go:407.3,410.36 3 0
fb_apu01/handlers/xml_upload.go:410.36,412.18 2 0
fb_apu01/handlers/xml_upload.go:412.18,415.5 2 0
fb_apu01/handlers/xml_upload.go:416.4,418.18 3 0
fb_apu01/handlers/xml_upload.go:418.18,421.5 2 0
fb_apu01/handlers/xml_upload.go:422.4,422.44 1 0
fb_apu01/handlers/xml_upload.go:422.44,425.5 2 0
fb_apu01/handlers/xml_upload.go:427.4,428.21 2 0
fb_apu01/handlers/xml_upload.go:428.21,430.19 2 0
fb_apu01/handlers/xml_upload.go:430.19,433.6 2 0
fb_apu01/handlers/xml_upload.go:434.5,434.46 1 0
fb_apu01/handlers/xml_upload.go:435.10,435.28 1 0
fb_apu01/handlers/xml_upload.go:435.28,437.5 1 0
fb_apu01/handlers/xml_upload.go:437.10,440.5 2 0
fb_apu01/handlers/xml_upload.go:443.3,443.38 1 0
fb_apu01/handlers/xml_upload.go:443.38,447.4 2 0
fb_apu01/handlers/xml_upload.go:449.3,451.25 2 0
fb_apu01/handlers/xml_upload.go:451.25,454.4 2 0
fb_apu01/handlers/xml_upload.go:457.3,464.17 3 0
fb_apu01/handlers/xml_upload.go:464.17,468.4 3 0
fb_apu01/handlers/xml_upload.go:471.3,471.43 1 0
fb_apu01/handlers/xml_upload.go:471.43,483.20 6 0
fb_apu01/handlers/xml_upload.go:483.20,485.5 1 0
fb_apu01/handlers/xml_upload.go:487.4,494.6 2 0
fb_apu01/handlers/xml_upload.go:495.9,500.32 3 0
fb_apu01/handlers/xml_upload.go:500.32,502.19 2 0
fb_apu01/handlers/xml_upload.go:502.19,503.14 1 0
fb_apu01/handlers/xml_upload.go:505.5,505.22 1 0
fb_apu01/handlers/xml_upload.go:507.4,519.6 4 0
fb_apu01/handlers/xml_upload.go:528.63,529.54 1 1
fb_apu01/handlers/xml_upload.go:529.54,532.33 2 1
fb_apu01/handlers/xml_upload.go:532.33,535.4 2 1
fb_apu01/handlers/xml_upload.go:537.3,538.10 2 1
fb_apu01/handlers/xml_upload.go:538.10,541.4 2 1
fb_apu01/handlers/xml_upload.go:542.3,545.17 3 0
fb_apu01/handlers/xml_upload.go:545.17,548.4 2 0
fb_apu01/handlers/xml_upload.go:551.3,554.20 4 0
fb_apu01/handlers/xml_upload.go:554.20,557.4 2 0
fb_apu01/handlers/xml_upload.go:559.3,580.27 3 0
fb_apu01/handlers/xml_upload.go:580.27,583.4 2 0
fb_apu01/handlers/xml_upload.go:584.3,584.17 1 0
fb_apu01/handlers/xml_upload.go:584.17,588.4 3 0
fb_apu01/handlers/xml_upload.go:590.3,601.24 2 0
fb_apu01/handlers/xml_upload.go:601.24,603.4 1 0
fb_apu01/handlers/xml_upload.go:605.3,605.56 1 0
fb_apu01/handlers/xml_upload.go:605.56,607.4 1 0
fb_apu01/handlers/xml_upload.go:609.3,609.34 1 0
fb_apu01/handlers/xml_upload.go:618.59,619.54 1 1
fb_apu01/handlers/xml_upload.go:619.54,622.33 2 1
fb_apu01/handlers/xml_upload.go:622.33,625.4 2 1
fb_apu01/handlers/xml_upload.go:627.3,628.10 2 1
fb_apu01/handlers/xml_upload.go:628.10,631.4 2 1
fb_apu01/handlers/xml_upload.go:632.3,635.17 3 0
fb_apu01/handlers/xml_upload.go:635.17,638.4 2 0
fb_apu01/handlers/xml_upload.go:640.3,644.78 5 0
fb_apu01/handlers/xml_upload.go:644.78,646.4 1 0
fb_apu01/handlers/xml_upload.go:647.3,647.68 1 0
fb_apu01/handlers/xml_upload.go:647.68,649.4 1 0
fb_apu01/handlers/xml_upload.go:651.3,655.103 4 0
fb_apu01/handlers/xml_upload.go:655.103,659.4 3 0
fb_apu01/handlers/xml_upload.go:661.3,675.17 3 0
fb_apu01/handlers/xml_upload.go:675.17,679.4 3 0
fb_apu01/handlers/xml_upload.go:680.3,697.19 4 0
fb_apu01/handlers/xml_upload.go:697.19,705.18 4 0
fb_apu01/handlers/xml_upload.go:705.18,707.13 2 0
fb_apu01/handlers/xml_upload.go:709.4,710.25 2 0
fb_apu01/handlers/xml_upload.go:710.25,713.5 2 0
fb_apu01/handlers/xml_upload.go:714.4,714.26 1 0
fb_apu01/handlers/xml_upload.go:718.3,728.5 3 0
